2024-10-01 
오후 04:38

$PROBLEM SB15 VIT AQ FOCE like 2 comp by MID
$INPUT IDD	TIME	AMT	DV	MDV	LEFT	CMT	SITE	DRUG	DAY	WEEK	BLQ	TYPE	DOSE	GROUP	ROWC	ROWD	ROWNN	NID	ID	
$DATA SB15_VAROIS_COMBID_DOSE_SERUM_NEW.csv IGNORE=@  IGNORE(TYPE.EQ.3) 

$SUBROUTINE ADVAN13 TOL=3

$MODEL
  NCOMP=6
  COMP=(VIT)        
  COMP=(AQ)         
  COMP=(RET)        
  COMP=(SERUM)      
  COMP=(OPT)        
  COMP=(IRIS)       

$PK

  CL1 = THETA(1) * EXP(ETA(1))   
  V1  = THETA(2) * EXP(ETA(2))   
  Q12 = THETA(3) * EXP(ETA(3))   
  V2  = THETA(4) * EXP(ETA(4))   
  Q13 = THETA(5) * EXP(ETA(5))   
  V3  = THETA(6) * EXP(ETA(6))   
  Q24 = THETA(7) * EXP(ETA(7))   
  V4  = THETA(8) * EXP(ETA(8))   
  Q34 = THETA(9) * EXP(ETA(9))   
  CL4 = THETA(10) * EXP(ETA(10)) 
  Q14 = THETA(11) * EXP(ETA(11)) 
  
  Q41 = THETA(12) * EXP(ETA(12)) 
  
  Q15 = THETA(13) * EXP(ETA(13)) 
  V5  = THETA(14) * EXP(ETA(14)) 
  Q54 = THETA(15) * EXP(ETA(15)) 
  
  Q16 = THETA(16) * EXP(ETA(16)) 
  V6  = THETA(17) * EXP(ETA(17)) 
  Q26 = THETA(18) * EXP(ETA(18)) 
  Q62 = THETA(19) * EXP(ETA(19)) 
  
  Q42 = THETA(20) * EXP(ETA(20)) 

  S1 = V1 / 1000   
  S2 = V2 / 1000   
  S3 = V3 / 1000   
  S4 = V4 / 1000   
  S5 = V5 / 1000   
  S6 = V6 / 1000   


$DES
  K10 = CL1 / V1   
  K12 = Q12 / V1   
  K21 = Q12 / V2   
  K13 = Q13 / V1   
  K31 = Q13 / V3   
  K24 = Q24 / V2   
  K42 = Q42 / V4   
  K34 = Q34 / V3
  K40 = CL4 / V4   
  
  K14 = Q14/ V1    
  K41 = Q41/ V4    
  
  K15 = Q15/ V1    
  K51 = Q15/ V5    
  
  K54 = Q54/ V5    

  K16 = Q16 / V1   
  K61 = Q16 / V6   
    
  K26 = Q26 / V2   
  K62 = Q62 / V6   
  
 

  DADT(1) = - (K10 + K12 + K13 + K14 + K15 + K16) * A(1) + K21 * A(2) + K31 * A(3) + K41 * A(4) + K51 * A(5) + K61 * A(6)
  DADT(2) = K12 * A(1) - (K21 + K24 + K26) * A(2) + K42 * A(4) + K62 * A(6)
  DADT(3) = K13 * A(1) - K31 * A(3) - K34 * A(3)
  DADT(4) = (K24 * A(2) + K34 * A(3) + K14 * A(1)) - (K40 * A(4) + K42 * A(4)) + K54 * A(5) 

  DADT(5) = K15 * A(1) - (K51 * A(5) + K54 * A(5))

  DADT(6) = K16 * A(1) + K26 * A(2) - (K61 + K62) * A(6)


  
  

$ERROR
  IF (CMT.EQ.1) THEN
    IPRED  = F                
    W      = SQRT(THETA(21)**2 + (THETA(22) * IPRED)**2)
    IRES   = DV - IPRED         
    IWRES  = IRES / W           
    Y      = IPRED + W * EPS(1) 
  ENDIF

  IF (CMT.EQ.2) THEN
    IPRED  = F                 
    W      = SQRT(THETA(23)**2 + (THETA(24) * IPRED)**2)  
    IRES   = DV - IPRED         
    IWRES  = IRES / W           
    Y      = IPRED + W * EPS(2) 
  ENDIF

  IF (CMT.EQ.3) THEN
    IPRED  = F                  
    W      = SQRT(THETA(25)**2 + (THETA(26) * IPRED)**2)  
    IRES   = DV - IPRED         
    IWRES  = IRES / W          
    Y      = IPRED + W * EPS(3) 
  ENDIF

  IF (CMT.EQ.4) THEN
    IPRED  = F                  
    W      = SQRT(THETA(27)**2 + (THETA(28) * IPRED)**2)  
    IRES   = DV - IPRED         
    IWRES  = IRES / W           
    Y      = IPRED + W * EPS(4) 
  ENDIF

  IF (CMT.EQ.5) THEN
    IPRED  = F                  
    W      = SQRT(THETA(29)**2 + (THETA(30) * IPRED)**2)  
    IRES   = DV - IPRED         
    IWRES  = IRES / W           
    Y      = IPRED + W * EPS(5) 
  ENDIF
  
  
  IF (CMT.EQ.6) THEN
  IPRED  = F              
  W      = SQRT(THETA(31)**2 + (THETA(32) * IPRED)**2)  
  IRES   = DV - IPRED         
  IWRES  = IRES / W           
  Y      = IPRED + W * EPS(6) 
 ENDIF

$THETA
0 FIX         
0.0015   FIX    
6.00E-06 FIX  
0.000287 FIX  
6.06E-07 FIX  
              
6.86E-05  FIX 
(0, 0.0001)   
1.3 FIX       
1.84E-06 FIX  
8.81E-03 FIX 
1.94E-06    
        
 1.24E-07 
 
 (0, 0.000001)                                                                   
 0.0002 FIX    
 (0, 0.00001)  
 
 (0, 0.00000001)
 (0, 0.00001)    
 (0, 0.0000005) 
 (0, 0.000001)  
 
 (0, 0.00005)       
        
              
 10 
 (0, 0.3)   
 10
 (0, 0.3)   
 10
 (0, 0.3)   
 5  
 (0, 0.3)    
 
 10
 (0, 0.3)   
 
 10
 (0, 0.3)    
 


 


$OMEGA
  0 FIX 
  0 FIX 
  0 FIX 
  0 FIX 
  0 FIX 
  
  0 FIX 
  0 FIX 
  0 FIX 
  0 FIX
  0 FIX
  
  0 FIX
  0 FIX
  0 FIX
  0 FIX
  0 FIX
  
  0 FIX
  0 FIX
  0 FIX
  0 FIX
  0 FIX

$SIGMA
  0.2
  0.2
  0.2
  0.2
  0.2
  0.2


$ESTIMATION  MAXEVAL=9999 PRINT=10 SIGDIGITS=2  METHOD=1 INTER ;METHOD=0 


$TABLE ID	TIME	AMT	DV	MDV	LEFT	CMT	SITE	DRUG	DAY	WEEK	BLQ	TYPE	DOSE	GROUP	ROWC	ROWD	ROWNN	NID	IDD	PRED IPRED CWRES IWRES     ONEHEADER NOPRINT FILE = sdtab190
  
NM-TRAN MESSAGES 
  
 WARNINGS AND ERRORS (IF ANY) FOR PROBLEM    1
             
 (WARNING  2) NM-TRAN INFERS THAT THE DATA ARE POPULATION.
             
 (WARNING  3) THERE MAY BE AN ERROR IN THE ABBREVIATED CODE. THE FOLLOWING
 ONE OR MORE RANDOM VARIABLES ARE DEFINED WITH "IF" STATEMENTS THAT DO NOT
 PROVIDE DEFINITIONS FOR BOTH THE "THEN" AND "ELSE" CASES. IF ALL
 CONDITIONS FAIL, THE VALUES OF THESE VARIABLES WILL BE ZERO.
  
   IPRED W IRES IWRES Y

  
Note: Analytical 2nd Derivatives are constructed in FSUBS but are never used.
      You may insert $ABBR DERIV2=NO after the first $PROB to save FSUBS construction and compilation time
  
  
License Registered to: AIMS BioScience Co
Expiration Date:    14 MAY 2025
Current Date:        1 OCT 2024
Days until program expires : 228
1NONLINEAR MIXED EFFECTS MODEL PROGRAM (NONMEM) VERSION 7.5.1
 ORIGINALLY DEVELOPED BY STUART BEAL, LEWIS SHEINER, AND ALISON BOECKMANN
 CURRENT DEVELOPERS ARE ROBERT BAUER, ICON DEVELOPMENT SOLUTIONS,
 AND ALISON BOECKMANN. IMPLEMENTATION, EFFICIENCY, AND STANDARDIZATION
 PERFORMED BY NOUS INFOSYSTEMS.

 PROBLEM NO.:         1
 SB15 VIT AQ FOCE like 2 comp by MID
0DATA CHECKOUT RUN:              NO
 DATA SET LOCATED ON UNIT NO.:    2
 THIS UNIT TO BE REWOUND:        NO
 NO. OF DATA RECS IN DATA SET:      280
 NO. OF DATA ITEMS IN DATA SET:  21
 ID DATA ITEM IS DATA ITEM NO.:  20
 DEP VARIABLE IS DATA ITEM NO.:   4
 MDV DATA ITEM IS DATA ITEM NO.:  5
0INDICES PASSED TO SUBROUTINE PRED:
  21   2   3   0   0   0   7   0   0   0   0
0LABELS FOR DATA ITEMS:
 IDD TIME AMT DV MDV LEFT CMT SITE DRUG DAY WEEK BLQ TYPE DOSE GROUP ROWC ROWD ROWNN NID ID EVID
0(NONBLANK) LABELS FOR PRED-DEFINED ITEMS:
 IPRED IWRES
0FORMAT FOR DATA:
 (3(6E12.0/),2E12.0,1F2.0)

 TOT. NO. OF OBS RECS:      162
 TOT. NO. OF INDIVIDUALS:       60
0LENGTH OF THETA:  32
0DEFAULT THETA BOUNDARY TEST OMITTED:    NO
0OMEGA HAS SIMPLE DIAGONAL FORM WITH DIMENSION:  20
0DEFAULT OMEGA BOUNDARY TEST OMITTED:    NO
0SIGMA HAS SIMPLE DIAGONAL FORM WITH DIMENSION:   6
0DEFAULT SIGMA BOUNDARY TEST OMITTED:    NO
0INITIAL ESTIMATE OF THETA:
 LOWER BOUND    INITIAL EST    UPPER BOUND
  0.0000E+00     0.0000E+00     0.0000E+00
  0.1500E-02     0.1500E-02     0.1500E-02
  0.6000E-05     0.6000E-05     0.6000E-05
  0.2870E-03     0.2870E-03     0.2870E-03
  0.6060E-06     0.6060E-06     0.6060E-06
  0.6860E-04     0.6860E-04     0.6860E-04
  0.0000E+00     0.1000E-03     0.1000E+07
  0.1300E+01     0.1300E+01     0.1300E+01
  0.1840E-05     0.1840E-05     0.1840E-05
  0.8810E-02     0.8810E-02     0.8810E-02
 -0.1000E+07     0.1940E-05     0.1000E+07
 -0.1000E+07     0.1240E-06     0.1000E+07
  0.0000E+00     0.1000E-05     0.1000E+07
  0.2000E-03     0.2000E-03     0.2000E-03
  0.0000E+00     0.1000E-04     0.1000E+07
  0.0000E+00     0.1000E-07     0.1000E+07
  0.0000E+00     0.1000E-04     0.1000E+07
  0.0000E+00     0.5000E-06     0.1000E+07
  0.0000E+00     0.1000E-05     0.1000E+07
  0.0000E+00     0.5000E-04     0.1000E+07
 -0.1000E+07     0.1000E+02     0.1000E+07
  0.0000E+00     0.3000E+00     0.1000E+07
 -0.1000E+07     0.1000E+02     0.1000E+07
  0.0000E+00     0.3000E+00     0.1000E+07
 -0.1000E+07     0.1000E+02     0.1000E+07
  0.0000E+00     0.3000E+00     0.1000E+07
 -0.1000E+07     0.5000E+01     0.1000E+07
  0.0000E+00     0.3000E+00     0.1000E+07
 -0.1000E+07     0.1000E+02     0.1000E+07
  0.0000E+00     0.3000E+00     0.1000E+07
 -0.1000E+07     0.1000E+02     0.1000E+07
  0.0000E+00     0.3000E+00     0.1000E+07
0INITIAL ESTIMATE OF OMEGA:
 0.0000E+00
 0.0000E+00   0.0000E+00
 0.0000E+00   0.0000E+00   0.0000E+00
 0.0000E+00   0.0000E+00   0.0000E+00   0.0000E+00
 0.0000E+00   0.0000E+00   0.0000E+00   0.0000E+00   0.0000E+00
 0.0000E+00   0.0000E+00   0.0000E+00   0.0000E+00   0.0000E+00   0.0000E+00
 0.0000E+00   0.0000E+00   0.0000E+00   0.0000E+00   0.0000E+00   0.0000E+00   0.0000E+00
 0.0000E+00   0.0000E+00   0.0000E+00   0.0000E+00   0.0000E+00   0.0000E+00   0.0000E+00   0.0000E+00
 0.0000E+00   0.0000E+00   0.0000E+00   0.0000E+00   0.0000E+00   0.0000E+00   0.0000E+00   0.0000E+00   0.0000E+00
 0.0000E+00   0.0000E+00   0.0000E+00   0.0000E+00   0.0000E+00   0.0000E+00   0.0000E+00   0.0000E+00   0.0000E+00   0.0000E+00
 0.0000E+00   0.0000E+00   0.0000E+00   0.0000E+00   0.0000E+00   0.0000E+00   0.0000E+00   0.0000E+00   0.0000E+00   0.0000E+00
 0.0000E+00
 0.0000E+00   0.0000E+00   0.0000E+00   0.0000E+00   0.0000E+00   0.0000E+00   0.0000E+00   0.0000E+00   0.0000E+00   0.0000E+00
 0.0000E+00   0.0000E+00
 0.0000E+00   0.0000E+00   0.0000E+00   0.0000E+00   0.0000E+00   0.0000E+00   0.0000E+00   0.0000E+00   0.0000E+00   0.0000E+00
 0.0000E+00   0.0000E+00   0.0000E+00
 0.0000E+00   0.0000E+00   0.0000E+00   0.0000E+00   0.0000E+00   0.0000E+00   0.0000E+00   0.0000E+00   0.0000E+00   0.0000E+00
 0.0000E+00   0.0000E+00   0.0000E+00   0.0000E+00
 0.0000E+00   0.0000E+00   0.0000E+00   0.0000E+00   0.0000E+00   0.0000E+00   0.0000E+00   0.0000E+00   0.0000E+00   0.0000E+00
 0.0000E+00   0.0000E+00   0.0000E+00   0.0000E+00   0.0000E+00
 0.0000E+00   0.0000E+00   0.0000E+00   0.0000E+00   0.0000E+00   0.0000E+00   0.0000E+00   0.0000E+00   0.0000E+00   0.0000E+00
 0.0000E+00   0.0000E+00   0.0000E+00   0.0000E+00   0.0000E+00   0.0000E+00
 0.0000E+00   0.0000E+00   0.0000E+00   0.0000E+00   0.0000E+00   0.0000E+00   0.0000E+00   0.0000E+00   0.0000E+00   0.0000E+00
 0.0000E+00   0.0000E+00   0.0000E+00   0.0000E+00   0.0000E+00   0.0000E+00   0.0000E+00
 0.0000E+00   0.0000E+00   0.0000E+00   0.0000E+00   0.0000E+00   0.0000E+00   0.0000E+00   0.0000E+00   0.0000E+00   0.0000E+00
 0.0000E+00   0.0000E+00   0.0000E+00   0.0000E+00   0.0000E+00   0.0000E+00   0.0000E+00   0.0000E+00
 0.0000E+00   0.0000E+00   0.0000E+00   0.0000E+00   0.0000E+00   0.0000E+00   0.0000E+00   0.0000E+00   0.0000E+00   0.0000E+00
 0.0000E+00   0.0000E+00   0.0000E+00   0.0000E+00   0.0000E+00   0.0000E+00   0.0000E+00   0.0000E+00   0.0000E+00
 0.0000E+00   0.0000E+00   0.0000E+00   0.0000E+00   0.0000E+00   0.0000E+00   0.0000E+00   0.0000E+00   0.0000E+00   0.0000E+00
 0.0000E+00   0.0000E+00   0.0000E+00   0.0000E+00   0.0000E+00   0.0000E+00   0.0000E+00   0.0000E+00   0.0000E+00   0.0000E+00
0OMEGA CONSTRAINED TO BE THIS INITIAL ESTIMATE
0INITIAL ESTIMATE OF SIGMA:
 0.2000E+00
 0.0000E+00   0.2000E+00
 0.0000E+00   0.0000E+00   0.2000E+00
 0.0000E+00   0.0000E+00   0.0000E+00   0.2000E+00
 0.0000E+00   0.0000E+00   0.0000E+00   0.0000E+00   0.2000E+00
 0.0000E+00   0.0000E+00   0.0000E+00   0.0000E+00   0.0000E+00   0.2000E+00
0TABLES STEP OMITTED:    NO
 NO. OF TABLES:           1
 SEED NUMBER (SEED):    11456
 NPDTYPE:    0
 INTERPTYPE:    0
 RANMETHOD:             3U
 MC SAMPLES (ESAMPLE):    300
 WRES SQUARE ROOT TYPE (WRESCHOL): EIGENVALUE
0-- TABLE   1 --
0RECORDS ONLY:    ALL
04 COLUMNS APPENDED:    YES
 PRINTED:                NO
 HEADER:                YES
 FILE TO BE FORWARDED:   NO
 FORMAT:                S1PE11.4
 IDFORMAT:
 LFORMAT:
 RFORMAT:
 FIXED_EFFECT_ETAS:
0USER-CHOSEN ITEMS:
 ID TIME AMT DV MDV LEFT CMT SITE DRUG DAY WEEK BLQ TYPE DOSE GROUP ROWC ROWD ROWNN NID IDD IPRED CWRES IWRES
1DOUBLE PRECISION PREDPP VERSION 7.5.1

 GENERAL NONLINEAR KINETICS MODEL WITH STIFF/NONSTIFF EQUATIONS (LSODA, ADVAN13)
0MODEL SUBROUTINE USER-SUPPLIED - ID NO. 9999
0MAXIMUM NO. OF BASIC PK PARAMETERS:  20
0COMPARTMENT ATTRIBUTES
 COMPT. NO.   FUNCTION   INITIAL    ON/OFF      DOSE      DEFAULT    DEFAULT
                         STATUS     ALLOWED    ALLOWED    FOR DOSE   FOR OBS.
    1         VIT          ON         YES        YES        YES        YES
    2         AQ           ON         YES        YES        NO         NO
    3         RET          ON         YES        YES        NO         NO
    4         SERUM        ON         YES        YES        NO         NO
    5         OPT          ON         YES        YES        NO         NO
    6         IRIS         ON         YES        YES        NO         NO
    7         OUTPUT       OFF        YES        NO         NO         NO
 INITIAL (BASE) TOLERANCE SETTINGS:
 NRD (RELATIVE) VALUE(S) OF TOLERANCE:   3
 ANRD (ABSOLUTE) VALUE(S) OF TOLERANCE:  12
1
 ADDITIONAL PK PARAMETERS - ASSIGNMENT OF ROWS IN GG
 COMPT. NO.                             INDICES
              SCALE      BIOAVAIL.   ZERO-ORDER  ZERO-ORDER  ABSORB
                         FRACTION    RATE        DURATION    LAG
    1           21           *           *           *           *
    2           22           *           *           *           *
    3           23           *           *           *           *
    4           24           *           *           *           *
    5           25           *           *           *           *
    6           26           *           *           *           *
    7            *           -           -           -           -
             - PARAMETER IS NOT ALLOWED FOR THIS MODEL
             * PARAMETER IS NOT SUPPLIED BY PK SUBROUTINE;
               WILL DEFAULT TO ONE IF APPLICABLE
0DATA ITEM INDICES USED BY PRED ARE:
   EVENT ID DATA ITEM IS DATA ITEM NO.:     21
   TIME DATA ITEM IS DATA ITEM NO.:          2
   DOSE AMOUNT DATA ITEM IS DATA ITEM NO.:   3
   COMPT. NO. DATA ITEM IS DATA ITEM NO.:    7

0PK SUBROUTINE CALLED WITH EVERY EVENT RECORD.
 PK SUBROUTINE NOT CALLED AT NONEVENT (ADDITIONAL OR LAGGED) DOSE TIMES.
0ERROR SUBROUTINE CALLED WITH EVERY EVENT RECORD.
0DES SUBROUTINE USES COMPACT STORAGE MODE.
1


 #TBLN:      1
 #METH: First Order Conditional Estimation with Interaction

 ESTIMATION STEP OMITTED:                 NO
 ANALYSIS TYPE:                           POPULATION
 NUMBER OF SADDLE POINT RESET ITERATIONS:      0
 GRADIENT METHOD USED:               NOSLOW
 CONDITIONAL ESTIMATES USED:              YES
 CENTERED ETA:                            NO
 EPS-ETA INTERACTION:                     YES
 LAPLACIAN OBJ. FUNC.:                    NO
 NO. OF FUNCT. EVALS. ALLOWED:            9999
 NO. OF SIG. FIGURES REQUIRED:            2
 INTERMEDIATE PRINTOUT:                   YES
 ESTIMATE OUTPUT TO MSF:                  NO
 IND. OBJ. FUNC. VALUES SORTED:           NO
 NUMERICAL DERIVATIVE
       FILE REQUEST (NUMDER):               NONE
 MAP (ETAHAT) ESTIMATION METHOD (OPTMAP):   0
 ETA HESSIAN EVALUATION METHOD (ETADER):    0
 INITIAL ETA FOR MAP ESTIMATION (MCETA):    0
 SIGDIGITS FOR MAP ESTIMATION (SIGLO):      100
 GRADIENT SIGDIGITS OF
       FIXED EFFECTS PARAMETERS (SIGL):     100
 NOPRIOR SETTING (NOPRIOR):                 0
 NOCOV SETTING (NOCOV):                     OFF
 DERCONT SETTING (DERCONT):                 OFF
 FINAL ETA RE-EVALUATION (FNLETA):          1
 EXCLUDE NON-INFLUENTIAL (NON-INFL.) ETAS
       IN SHRINKAGE (ETASTYPE):             NO
 NON-INFL. ETA CORRECTION (NONINFETA):      0
 RAW OUTPUT FILE (FILE): OI_190.ext
 EXCLUDE TITLE (NOTITLE):                   NO
 EXCLUDE COLUMN LABELS (NOLABEL):           NO
 FORMAT FOR ADDITIONAL FILES (FORMAT):      S1PE12.5
 PARAMETER ORDER FOR OUTPUTS (ORDER):       TSOL
 KNUTHSUMOFF:                               0
 INCLUDE LNTWOPI:                           NO
 INCLUDE CONSTANT TERM TO PRIOR (PRIORC):   NO
 INCLUDE CONSTANT TERM TO OMEGA (ETA) (OLNTWOPI):NO
 ADDITIONAL CONVERGENCE TEST (CTYPE=4)?:    NO
 EM OR BAYESIAN METHOD USED:                 NONE

 TOLERANCES FOR ESTIMATION/EVALUATION STEP:
 NRD (RELATIVE) VALUE(S) OF TOLERANCE:   3
 ANRD (ABSOLUTE) VALUE(S) OF TOLERANCE:  12
 TOLERANCES FOR COVARIANCE STEP:
 NRD (RELATIVE) VALUE(S) OF TOLERANCE:   3
 ANRD (ABSOLUTE) VALUE(S) OF TOLERANCE:  12
 TOLERANCES FOR TABLE/SCATTER STEP:
 NRD (RELATIVE) VALUE(S) OF TOLERANCE:   3
 ANRD (ABSOLUTE) VALUE(S) OF TOLERANCE:  12

 THE FOLLOWING LABELS ARE EQUIVALENT
 PRED=PREDI
 RES=RESI
 WRES=WRESI
 IWRS=IWRESI
 IPRD=IPREDI
 IRS=IRESI

 MONITORING OF SEARCH:


0ITERATION NO.:    0    OBJECTIVE VALUE:   4142.75851990166        NO. OF FUNC. EVALS.:  30
 CUMULATIVE NO. OF FUNC. EVALS.:       30
 NPARAMETR:  1.0000E-04  1.9400E-06  1.2400E-07  1.0000E-06  1.0000E-05  1.0000E-08  1.0000E-05  5.0000E-07  1.0000E-06  5.0000E-05
             1.0000E+01  3.0000E-01  1.0000E+01  3.0000E-01  1.0000E+01  3.0000E-01  5.0000E+00  3.0000E-01  1.0000E+01  3.0000E-01
             1.0000E+01  3.0000E-01  2.0000E-01  2.0000E-01  2.0000E-01  2.0000E-01  2.0000E-01  2.0000E-01
 PARAMETER:  1.0000E-01  1.0000E-01  1.0000E-01  1.0000E-01  1.0000E-01  1.0000E-01  1.0000E-01  1.0000E-01  1.0000E-01  1.0000E-01
             1.0000E-01  1.0000E-01  1.0000E-01  1.0000E-01  1.0000E-01  1.0000E-01  1.0000E-01  1.0000E-01  1.0000E-01  1.0000E-01
             1.0000E-01  1.0000E-01  1.0000E-01  1.0000E-01  1.0000E-01  1.0000E-01  1.0000E-01  1.0000E-01
 GRADIENT:   3.5780E+02  2.3293E+04 -4.3714E+00  8.4108E+02  2.2046E+02  7.2845E+01  4.8096E+01  2.1664E+02 -3.1191E+02 -1.0939E+01
            -9.6671E+01 -1.1961E+03 -1.2388E+02 -5.0194E+02 -6.3580E+02 -6.3412E+02 -1.5384E+02 -1.2055E+02 -3.9938E+03 -1.3000E+03
            -2.0471E+02 -6.0920E+02 -1.2057E+03 -5.1442E+02 -6.9773E+02 -1.3610E+02 -1.7014E+03 -6.2967E+02

0ITERATION NO.:   10    OBJECTIVE VALUE:   2096.06573175324        NO. OF FUNC. EVALS.: 518
 CUMULATIVE NO. OF FUNC. EVALS.:      548
 NPARAMETR:  1.3063E-04  1.8914E-06  1.1464E-07  7.3246E-07  2.0121E-05  8.2848E-09  9.4744E-06  3.3397E-07  8.5626E-07  5.0431E-05
             1.2086E+01  5.1978E-01 -1.0340E+00  5.8231E-01  2.6023E+01  4.3816E-01  2.3179E+00  4.5889E-01  3.5864E+01  5.8399E-01
             1.5234E+01  4.1228E-01  6.0362E-01  6.4204E-01  4.6200E-01  4.5972E-01  9.7437E-01  3.8257E-01
 PARAMETER:  3.6717E-01  9.7496E-02  9.2455E-02 -2.1135E-01  7.9918E-01 -8.8159E-02  4.6010E-02 -3.0355E-01 -5.5180E-02  1.0858E-01
             1.2086E-01  6.4962E-01 -1.0340E-02  7.6322E-01  2.6023E-01  4.7880E-01  4.6358E-02  5.2503E-01  3.5864E-01  7.6611E-01
             1.5234E-01  4.1791E-01  6.5231E-01  6.8316E-01  5.1862E-01  5.1615E-01  8.9174E-01  4.2429E-01
 GRADIENT:  -3.4775E+01  3.6600E+02 -6.7915E-02  4.8461E+01 -4.2169E+00  1.2179E+01 -1.5019E+00  2.1956E+01 -3.2570E+01 -1.8743E+00
            -1.6520E+00 -5.0335E+01  4.5360E+01 -1.6686E+01 -1.8074E+01 -5.1855E+01 -1.7416E+02 -1.5456E+01 -5.6526E+01  5.1563E+00
            -9.8557E+01 -1.0003E+02 -5.0535E+01 -1.7155E+01 -5.6559E+01 -2.3527E+01 -1.5114E+01 -1.1504E+02

0ITERATION NO.:   20    OBJECTIVE VALUE:   2046.64049091990        NO. OF FUNC. EVALS.: 804
 CUMULATIVE NO. OF FUNC. EVALS.:     1352
 NPARAMETR:  1.2372E-04  1.8851E-06  7.7975E-07  5.7454E-07  3.7164E-05  4.4350E-09  9.6513E-06  3.1321E-07  8.6120E-07  1.2375E-04
            -4.7864E+01  5.4092E-01 -2.6101E-01  8.7363E-01 -2.7576E+01  4.1597E-01  6.7398E+00  5.7552E-01  1.4917E+01  8.0221E-02
             3.8643E+01  4.4578E-01  5.8919E-01  2.1062E-01  6.5274E-01  3.5420E-01  6.3409E+01  4.7499E-01
 PARAMETER:  3.1287E-01  9.7172E-02  6.2883E-01 -4.5418E-01  1.4128E+00 -7.1305E-01  6.4504E-02 -3.6775E-01 -4.9425E-02  1.0062E+00
            -4.7864E-01  6.8949E-01 -2.6101E-03  1.1689E+00 -2.7576E-01  4.2684E-01  1.3480E-01  7.5149E-01  1.4917E-01 -1.2190E+00
             3.8643E-01  4.9603E-01  6.4022E-01  1.2587E-01  6.9143E-01  3.8578E-01  2.9795E+00  5.3249E-01
 GRADIENT:  -8.5216E+01 -1.7800E+03  3.0842E-01 -6.7076E+01  4.0802E+01  7.8607E+00  2.3502E+00  2.8014E+01 -3.8763E+01  5.0357E+00
             3.8815E+00 -3.1427E+01 -1.5799E+00 -1.1343E+01  3.1490E+00 -2.3235E+01  1.6247E+01 -4.8773E+00 -1.5158E+01  1.5809E+00
             1.2537E+00 -4.2745E+01 -3.3285E+01 -1.1331E+01 -2.4105E+01 -2.6865E+00 -7.0003E-01 -4.2260E+01

0ITERATION NO.:   30    OBJECTIVE VALUE:   2014.44851949363        NO. OF FUNC. EVALS.: 622
 CUMULATIVE NO. OF FUNC. EVALS.:     1974
 NPARAMETR:  1.1700E-04  2.0798E-06 -2.8017E-05  6.0857E-07  3.0504E-05  2.6519E-09  9.3429E-06  2.9199E-07  8.4641E-07  1.6616E-04
             7.7243E+01  1.7035E+00 -2.2092E-01  1.2441E+00 -2.0640E+01  3.3613E-01  7.7623E+00  9.4131E-01  3.8612E+01  1.2679E-01
             3.9344E+01  6.9762E-01  9.8413E-02  1.2983E-01  1.5033E+00  1.8047E-01  1.2306E+01  5.5314E-01
 PARAMETER:  2.5702E-01  1.0721E-01 -2.2594E+01 -3.9664E-01  1.2153E+00 -1.2273E+00  3.2028E-02 -4.3788E-01 -6.6751E-02  1.3009E+00
             7.7243E-01  1.8366E+00 -2.2092E-03  1.5224E+00 -2.0640E-01  2.1372E-01  1.5525E-01  1.2435E+00  3.8612E-01 -7.6129E-01
             3.9344E-01  9.4389E-01 -2.5457E-01 -1.1604E-01  1.1086E+00  4.8630E-02  2.1598E+00  6.0864E-01
 GRADIENT:  -8.1206E+01 -2.2939E+02  7.1681E-02 -1.5067E+01  6.5374E+00 -9.7086E+00 -7.1086E+01 -9.7321E-01 -1.5627E+02  6.8847E-01
             4.5576E-01  3.0625E+00  4.3804E-01 -8.4557E-01  3.0098E+00 -1.0178E+00  2.0056E+00  4.8318E-01  1.0899E+00 -8.7352E-01
             1.1972E+00  5.0527E+00  2.2603E+00 -1.9319E+00 -9.7521E-01  5.6205E-01  7.4259E-02  5.4164E+00

0ITERATION NO.:   40    OBJECTIVE VALUE:   2011.73051539626        NO. OF FUNC. EVALS.: 317
 CUMULATIVE NO. OF FUNC. EVALS.:     2291
 NPARAMETR:  1.1700E-04  2.0969E-06 -6.0805E-05  6.0900E-07  3.0469E-05  2.6455E-09  9.3506E-06  2.9202E-07  8.4629E-07  1.6458E-04
             6.5191E+00  1.6570E+00 -8.0812E+00  1.1891E+00 -2.5764E+01  3.5498E-01  7.4694E+00  9.1603E-01  3.8751E+01  1.3954E-01
             4.2731E+01  6.7083E-01  1.0618E-01  1.4300E-01  1.4863E+00  1.8476E-01  1.1200E+01  5.3088E-01
 PARAMETER:  2.5698E-01  1.0809E-01 -4.9036E+01 -3.9594E-01  1.2141E+00 -1.2297E+00  3.2852E-02 -4.3777E-01 -6.6893E-02  1.2914E+00
             6.5191E-02  1.8090E+00 -8.0812E-02  1.4772E+00 -2.5764E-01  2.6827E-01  1.4939E-01  1.2163E+00  3.8751E-01 -6.6546E-01
             4.2731E-01  9.0474E-01 -2.1658E-01 -6.7740E-02  1.1029E+00  6.0360E-02  2.1127E+00  5.8811E-01
 GRADIENT:   3.4502E+02  5.4804E+02  2.0584E-02 -5.0487E+00  4.5058E+01  6.6830E+01  6.3115E+02  9.4911E+01  7.9812E+02 -4.4887E-01
             6.6630E-02 -5.8420E-01 -1.0933E+01  7.5893E-01 -3.9587E+00  1.2635E+00 -2.2793E+00 -3.7164E-01 -2.1704E+00 -9.1925E-03
             8.8251E-01  3.0645E-01 -1.8366E+00  8.0564E-01  2.8801E+00 -9.5495E-01 -3.1328E-01  5.6970E-01

0ITERATION NO.:   44    OBJECTIVE VALUE:   2011.71991369357        NO. OF FUNC. EVALS.: 314
 CUMULATIVE NO. OF FUNC. EVALS.:     2605
 NPARAMETR:  1.1699E-04  2.0969E-06 -6.1262E-05  6.0902E-07  3.0469E-05  2.6447E-09  9.3505E-06  2.9204E-07  8.4626E-07  1.6453E-04
             5.4858E+00  1.6556E+00 -8.0443E+00  1.1884E+00 -2.5571E+01  3.5546E-01  7.4692E+00  9.1547E-01  3.8871E+01  1.3971E-01
             4.2629E+01  6.7124E-01  1.0638E-01  1.4310E-01  1.4845E+00  1.8506E-01  1.1199E+01  5.3155E-01
 PARAMETER:  2.5689E-01  1.0809E-01 -4.9336E+01 -3.9589E-01  1.2141E+00 -1.2300E+00  3.2844E-02 -4.3773E-01 -6.6933E-02  1.2910E+00
             5.5858E-02  1.8080E+00 -8.0620E-02  1.4765E+00 -2.5618E-01  2.6982E-01  1.4929E-01  1.2154E+00  3.8845E-01 -6.6422E-01
             4.2642E-01  9.0535E-01 -2.1586E-01 -6.7322E-02  1.1025E+00  6.0816E-02  2.1125E+00  5.8878E-01
 GRADIENT:   4.8610E+01  4.0302E+02  1.6943E-02  4.4335E+01 -8.5568E+00  1.1246E+01 -8.3020E+01 -5.2431E+01  8.0441E+01 -5.4778E+00
             5.6752E-02 -1.4246E+00 -1.0737E+01 -3.0868E-01 -3.8030E+00  1.0976E+00 -2.5062E+00 -4.9818E-01 -2.1842E+00 -8.1063E-02
             5.6890E-01  7.6496E-02 -2.0420E+00  5.4933E-01  1.8148E+00 -9.9274E-01 -6.0549E-01  2.2830E-01

 #TERM:
0MINIMIZATION TERMINATED
 DUE TO ROUNDING ERRORS (ERROR=134)
 NO. OF FUNCTION EVALUATIONS USED:     2605
 NO. OF SIG. DIGITS UNREPORTABLE

 ETABAR IS THE ARITHMETIC MEAN OF THE ETA-ESTIMATES,
 AND THE P-VALUE IS GIVEN FOR THE NULL HYPOTHESIS THAT THE TRUE MEAN IS 0.

 ETABAR:         0.0000E+00  0.0000E+00  0.0000E+00  0.0000E+00  0.0000E+00  0.0000E+00  0.0000E+00  0.0000E+00  0.0000E+00  0.0000E+00
                 0.0000E+00  0.0000E+00  0.0000E+00  0.0000E+00  0.0000E+00  0.0000E+00  0.0000E+00  0.0000E+00  0.0000E+00  0.0000E+00
 SE:             0.0000E+00  0.0000E+00  0.0000E+00  0.0000E+00  0.0000E+00  0.0000E+00  0.0000E+00  0.0000E+00  0.0000E+00  0.0000E+00
                 0.0000E+00  0.0000E+00  0.0000E+00  0.0000E+00  0.0000E+00  0.0000E+00  0.0000E+00  0.0000E+00  0.0000E+00  0.0000E+00
 N:                      51          51          51          51          51          51          51          51          51          51
                         51          51          51          51          51          51          51          51          51          51

 P VAL.:         1.0000E+00  1.0000E+00  1.0000E+00  1.0000E+00  1.0000E+00  1.0000E+00  1.0000E+00  1.0000E+00  1.0000E+00  1.0000E+00
                 1.0000E+00  1.0000E+00  1.0000E+00  1.0000E+00  1.0000E+00  1.0000E+00  1.0000E+00  1.0000E+00  1.0000E+00  1.0000E+00

 ETASHRINKSD(%)  0.0000E+00  0.0000E+00  0.0000E+00  0.0000E+00  0.0000E+00  0.0000E+00  0.0000E+00  0.0000E+00  0.0000E+00  0.0000E+00
                 0.0000E+00  0.0000E+00  0.0000E+00  0.0000E+00  0.0000E+00  0.0000E+00  0.0000E+00  0.0000E+00  0.0000E+00  0.0000E+00
 ETASHRINKVR(%)  0.0000E+00  0.0000E+00  0.0000E+00  0.0000E+00  0.0000E+00  0.0000E+00  0.0000E+00  0.0000E+00  0.0000E+00  0.0000E+00
                 0.0000E+00  0.0000E+00  0.0000E+00  0.0000E+00  0.0000E+00  0.0000E+00  0.0000E+00  0.0000E+00  0.0000E+00  0.0000E+00
 EBVSHRINKSD(%)  0.0000E+00  0.0000E+00  0.0000E+00  0.0000E+00  0.0000E+00  0.0000E+00  0.0000E+00  0.0000E+00  0.0000E+00  0.0000E+00
                 0.0000E+00  0.0000E+00  0.0000E+00  0.0000E+00  0.0000E+00  0.0000E+00  0.0000E+00  0.0000E+00  0.0000E+00  0.0000E+00
 EBVSHRINKVR(%)  0.0000E+00  0.0000E+00  0.0000E+00  0.0000E+00  0.0000E+00  0.0000E+00  0.0000E+00  0.0000E+00  0.0000E+00  0.0000E+00
                 0.0000E+00  0.0000E+00  0.0000E+00  0.0000E+00  0.0000E+00  0.0000E+00  0.0000E+00  0.0000E+00  0.0000E+00  0.0000E+00
 RELATIVEINF(%)  0.0000E+00  0.0000E+00  0.0000E+00  0.0000E+00  0.0000E+00  0.0000E+00  0.0000E+00  0.0000E+00  0.0000E+00  0.0000E+00
                 0.0000E+00  0.0000E+00  0.0000E+00  0.0000E+00  0.0000E+00  0.0000E+00  0.0000E+00  0.0000E+00  0.0000E+00  0.0000E+00
 EPSSHRINKSD(%)  1.0000E-10  1.0000E-10  1.0000E-10  1.0000E-10  1.0000E-10  1.0000E-10
 EPSSHRINKVR(%)  1.0000E-10  1.0000E-10  1.0000E-10  1.0000E-10  1.0000E-10  1.0000E-10

  
 TOTAL DATA POINTS NORMALLY DISTRIBUTED (N):           51
 N*LOG(2PI) CONSTANT TO OBJECTIVE FUNCTION:    93.731730386876606     
 OBJECTIVE FUNCTION VALUE WITHOUT CONSTANT:    2011.7199136935660     
 OBJECTIVE FUNCTION VALUE WITH CONSTANT:       2105.4516440804427     
 REPORTED OBJECTIVE FUNCTION DOES NOT CONTAIN CONSTANT
  
 TOTAL EFFECTIVE ETAS (NIND*NETA):                             0
  
 #TERE:
 Elapsed estimation  time in seconds:    13.56
 Elapsed postprocess time in seconds:     0.05
1
 
 
 
 
 
 
 
 
 
 
 
 
 
 
 
 
 
 
 
 
 ************************************************************************************************************************
 ********************                                                                                ********************
 ********************               FIRST ORDER CONDITIONAL ESTIMATION WITH INTERACTION              ********************
 #OBJT:**************                       MINIMUM VALUE OF OBJECTIVE FUNCTION                      ********************
 ********************                                                                                ********************
 ************************************************************************************************************************
 





 #OBJV:********************************************     2011.720       **************************************************
1
 ************************************************************************************************************************
 ********************                                                                                ********************
 ********************               FIRST ORDER CONDITIONAL ESTIMATION WITH INTERACTION              ********************
 ********************                             FINAL PARAMETER ESTIMATE                           ********************
 ********************                                                                                ********************
 ************************************************************************************************************************
 


 THETA - VECTOR OF FIXED EFFECTS PARAMETERS   *********


         TH 1      TH 2      TH 3      TH 4      TH 5      TH 6      TH 7      TH 8      TH 9      TH10      TH11      TH12     
          TH13      TH14      TH15      TH16      TH17      TH18      TH19      TH20      TH21      TH22      TH23      TH24     
         TH25      TH26      TH27      TH28      TH29      TH30      TH31      TH32     
 
         0.00E+00  1.50E-03  6.00E-06  2.87E-04  6.06E-07  6.86E-05  1.17E-04  1.30E+00  1.84E-06  8.81E-03  2.10E-06 -6.12E-05
          6.09E-07  2.00E-04  3.05E-05  2.64E-09  9.35E-06  2.92E-07  8.46E-07  1.65E-04  5.59E+00  1.66E+00 -8.06E+00  1.19E+00
        -2.56E+01  3.56E-01  7.46E+00  9.15E-01  3.88E+01  1.40E-01  4.26E+01  6.71E-01
 


 OMEGA - COV MATRIX FOR RANDOM EFFECTS - ETAS  ********


         ETA1      ETA2      ETA3      ETA4      ETA5      ETA6      ETA7      ETA8      ETA9      ET10      ET11      ET12     
          ET13      ET14      ET15      ET16      ET17      ET18      ET19      ET20     
 
 ETA1
+        0.00E+00
 
 ETA2
+        0.00E+00  0.00E+00
 
 ETA3
+        0.00E+00  0.00E+00  0.00E+00
 
 ETA4
+        0.00E+00  0.00E+00  0.00E+00  0.00E+00
 
 ETA5
+        0.00E+00  0.00E+00  0.00E+00  0.00E+00  0.00E+00
 
 ETA6
+        0.00E+00  0.00E+00  0.00E+00  0.00E+00  0.00E+00  0.00E+00
 
 ETA7
+        0.00E+00  0.00E+00  0.00E+00  0.00E+00  0.00E+00  0.00E+00  0.00E+00
 
 ETA8
+        0.00E+00  0.00E+00  0.00E+00  0.00E+00  0.00E+00  0.00E+00  0.00E+00  0.00E+00
 
 ETA9
+        0.00E+00  0.00E+00  0.00E+00  0.00E+00  0.00E+00  0.00E+00  0.00E+00  0.00E+00  0.00E+00
 
 ET10
+        0.00E+00  0.00E+00  0.00E+00  0.00E+00  0.00E+00  0.00E+00  0.00E+00  0.00E+00  0.00E+00  0.00E+00
 
 ET11
+        0.00E+00  0.00E+00  0.00E+00  0.00E+00  0.00E+00  0.00E+00  0.00E+00  0.00E+00  0.00E+00  0.00E+00  0.00E+00
 
 ET12
+        0.00E+00  0.00E+00  0.00E+00  0.00E+00  0.00E+00  0.00E+00  0.00E+00  0.00E+00  0.00E+00  0.00E+00  0.00E+00  0.00E+00
 
 ET13
+        0.00E+00  0.00E+00  0.00E+00  0.00E+00  0.00E+00  0.00E+00  0.00E+00  0.00E+00  0.00E+00  0.00E+00  0.00E+00  0.00E+00
          0.00E+00
 
 ET14
+        0.00E+00  0.00E+00  0.00E+00  0.00E+00  0.00E+00  0.00E+00  0.00E+00  0.00E+00  0.00E+00  0.00E+00  0.00E+00  0.00E+00
          0.00E+00  0.00E+00
 
1

         ETA1      ETA2      ETA3      ETA4      ETA5      ETA6      ETA7      ETA8      ETA9      ET10      ET11      ET12     
          ET13      ET14      ET15      ET16      ET17      ET18      ET19      ET20     
 
 ET15
+        0.00E+00  0.00E+00  0.00E+00  0.00E+00  0.00E+00  0.00E+00  0.00E+00  0.00E+00  0.00E+00  0.00E+00  0.00E+00  0.00E+00
          0.00E+00  0.00E+00  0.00E+00
 
 ET16
+        0.00E+00  0.00E+00  0.00E+00  0.00E+00  0.00E+00  0.00E+00  0.00E+00  0.00E+00  0.00E+00  0.00E+00  0.00E+00  0.00E+00
          0.00E+00  0.00E+00  0.00E+00  0.00E+00
 
 ET17
+        0.00E+00  0.00E+00  0.00E+00  0.00E+00  0.00E+00  0.00E+00  0.00E+00  0.00E+00  0.00E+00  0.00E+00  0.00E+00  0.00E+00
          0.00E+00  0.00E+00  0.00E+00  0.00E+00  0.00E+00
 
 ET18
+        0.00E+00  0.00E+00  0.00E+00  0.00E+00  0.00E+00  0.00E+00  0.00E+00  0.00E+00  0.00E+00  0.00E+00  0.00E+00  0.00E+00
          0.00E+00  0.00E+00  0.00E+00  0.00E+00  0.00E+00  0.00E+00
 
 ET19
+        0.00E+00  0.00E+00  0.00E+00  0.00E+00  0.00E+00  0.00E+00  0.00E+00  0.00E+00  0.00E+00  0.00E+00  0.00E+00  0.00E+00
          0.00E+00  0.00E+00  0.00E+00  0.00E+00  0.00E+00  0.00E+00  0.00E+00
 
 ET20
+        0.00E+00  0.00E+00  0.00E+00  0.00E+00  0.00E+00  0.00E+00  0.00E+00  0.00E+00  0.00E+00  0.00E+00  0.00E+00  0.00E+00
          0.00E+00  0.00E+00  0.00E+00  0.00E+00  0.00E+00  0.00E+00  0.00E+00  0.00E+00
 


 SIGMA - COV MATRIX FOR RANDOM EFFECTS - EPSILONS  ****


         EPS1      EPS2      EPS3      EPS4      EPS5      EPS6     
 
 EPS1
+        1.06E-01
 
 EPS2
+        0.00E+00  1.43E-01
 
 EPS3
+        0.00E+00  0.00E+00  1.49E+00
 
 EPS4
+        0.00E+00  0.00E+00  0.00E+00  1.85E-01
 
 EPS5
+        0.00E+00  0.00E+00  0.00E+00  0.00E+00  1.12E+01
 
 EPS6
+        0.00E+00  0.00E+00  0.00E+00  0.00E+00  0.00E+00  5.32E-01
 
1


 OMEGA - CORR MATRIX FOR RANDOM EFFECTS - ETAS  *******


         ETA1      ETA2      ETA3      ETA4      ETA5      ETA6      ETA7      ETA8      ETA9      ET10      ET11      ET12     
          ET13      ET14      ET15      ET16      ET17      ET18      ET19      ET20     
 
 ETA1
+        0.00E+00
 
 ETA2
+        0.00E+00  0.00E+00
 
 ETA3
+        0.00E+00  0.00E+00  0.00E+00
 
 ETA4
+        0.00E+00  0.00E+00  0.00E+00  0.00E+00
 
 ETA5
+        0.00E+00  0.00E+00  0.00E+00  0.00E+00  0.00E+00
 
 ETA6
+        0.00E+00  0.00E+00  0.00E+00  0.00E+00  0.00E+00  0.00E+00
 
 ETA7
+        0.00E+00  0.00E+00  0.00E+00  0.00E+00  0.00E+00  0.00E+00  0.00E+00
 
 ETA8
+        0.00E+00  0.00E+00  0.00E+00  0.00E+00  0.00E+00  0.00E+00  0.00E+00  0.00E+00
 
 ETA9
+        0.00E+00  0.00E+00  0.00E+00  0.00E+00  0.00E+00  0.00E+00  0.00E+00  0.00E+00  0.00E+00
 
 ET10
+        0.00E+00  0.00E+00  0.00E+00  0.00E+00  0.00E+00  0.00E+00  0.00E+00  0.00E+00  0.00E+00  0.00E+00
 
 ET11
+        0.00E+00  0.00E+00  0.00E+00  0.00E+00  0.00E+00  0.00E+00  0.00E+00  0.00E+00  0.00E+00  0.00E+00  0.00E+00
 
 ET12
+        0.00E+00  0.00E+00  0.00E+00  0.00E+00  0.00E+00  0.00E+00  0.00E+00  0.00E+00  0.00E+00  0.00E+00  0.00E+00  0.00E+00
 
 ET13
+        0.00E+00  0.00E+00  0.00E+00  0.00E+00  0.00E+00  0.00E+00  0.00E+00  0.00E+00  0.00E+00  0.00E+00  0.00E+00  0.00E+00
          0.00E+00
 
 ET14
+        0.00E+00  0.00E+00  0.00E+00  0.00E+00  0.00E+00  0.00E+00  0.00E+00  0.00E+00  0.00E+00  0.00E+00  0.00E+00  0.00E+00
          0.00E+00  0.00E+00
 
 ET15
+        0.00E+00  0.00E+00  0.00E+00  0.00E+00  0.00E+00  0.00E+00  0.00E+00  0.00E+00  0.00E+00  0.00E+00  0.00E+00  0.00E+00
          0.00E+00  0.00E+00  0.00E+00
 
 ET16
+        0.00E+00  0.00E+00  0.00E+00  0.00E+00  0.00E+00  0.00E+00  0.00E+00  0.00E+00  0.00E+00  0.00E+00  0.00E+00  0.00E+00
          0.00E+00  0.00E+00  0.00E+00  0.00E+00
 
 ET17
+        0.00E+00  0.00E+00  0.00E+00  0.00E+00  0.00E+00  0.00E+00  0.00E+00  0.00E+00  0.00E+00  0.00E+00  0.00E+00  0.00E+00
          0.00E+00  0.00E+00  0.00E+00  0.00E+00  0.00E+00
 
 ET18
+        0.00E+00  0.00E+00  0.00E+00  0.00E+00  0.00E+00  0.00E+00  0.00E+00  0.00E+00  0.00E+00  0.00E+00  0.00E+00  0.00E+00
          0.00E+00  0.00E+00  0.00E+00  0.00E+00  0.00E+00  0.00E+00
 
 ET19
+        0.00E+00  0.00E+00  0.00E+00  0.00E+00  0.00E+00  0.00E+00  0.00E+00  0.00E+00  0.00E+00  0.00E+00  0.00E+00  0.00E+00
          0.00E+00  0.00E+00  0.00E+00  0.00E+00  0.00E+00  0.00E+00  0.00E+00
 
 ET20
+        0.00E+00  0.00E+00  0.00E+00  0.00E+00  0.00E+00  0.00E+00  0.00E+00  0.00E+00  0.00E+00  0.00E+00  0.00E+00  0.00E+00
          0.00E+00  0.00E+00  0.00E+00  0.00E+00  0.00E+00  0.00E+00  0.00E+00  0.00E+00
 


 SIGMA - CORR MATRIX FOR RANDOM EFFECTS - EPSILONS  ***

1

         EPS1      EPS2      EPS3      EPS4      EPS5      EPS6     
 
 EPS1
+        3.26E-01
 
 EPS2
+        0.00E+00  3.78E-01
 
 EPS3
+        0.00E+00  0.00E+00  1.22E+00
 
 EPS4
+        0.00E+00  0.00E+00  0.00E+00  4.30E-01
 
 EPS5
+        0.00E+00  0.00E+00  0.00E+00  0.00E+00  3.35E+00
 
 EPS6
+        0.00E+00  0.00E+00  0.00E+00  0.00E+00  0.00E+00  7.29E-01
 
 Elapsed finaloutput time in seconds:     0.14
 #CPUT: Total CPU Time in Seconds,       14.063
Stop Time: 
2024-10-01 
오후 04:46
