2024-10-18 
오전 11:41
;; 1. Based on: final_backward
;; 2. Description: FINAL!! LENAL5.CSV/ 49.MOD/ PROP-KA FIX, ALLO6-bsa
;; x1. Author: user
$PROBLEM    LENAL MODEL
$INPUT      ID TIME TSLD NOMT AMT DV MDV EVID SS II BSA BMI WT HTCM
            SCR=DROP GFR CRP=DROP ALB PLT=DROP WBC=DROP ANC=DROP
            AGE=DROP SEXF=DROP PTN=DROP HL=DROP
$DATA      lenal5.csv IGNORE=@
$SUBROUTINE ADVAN2 TRANS2
$PK
;;; CLGFR-DEFINITION START
   CLGFR = EXP(THETA(7)*(GFR - 43.57))
;;; CLGFR-DEFINITION END


;;; CLALB-DEFINITION START
IF(ALB.LE.4.20) CLALB = ( 1 + THETA(5)*(ALB - 4.2))
IF(ALB.GT.4.20) CLALB = ( 1 + THETA(6)*(ALB - 4.2))
;;; CLALB-DEFINITION END

;;; CL-RELATION START
CLCOV=CLALB*CLGFR
;;; CL-RELATION END


TVCL = THETA(1)

TVCL = CLCOV*TVCL
CL = TVCL*EXP(ETA(1))*(BSA/1.64)**1
TVV = THETA(2)
V = TVV*EXP(ETA(2))*(BSA/1.64)**THETA(4)
TVKA = THETA(3)
KA = TVKA*EXP(ETA(3))
S2 = V/1000

$ERROR
IPRED=F
IRES=DV-IPRED
IWRES=IRES/IPRED
Y=F*(1+EPS(1))+EPS(2)

$THETA  (0,4.59039) ; CL
 (0,46.0637) ; V
 (0,4.01193) ; KA
 (0,1.2407) ; BSA exp
$THETA  (-100000,-0.229451,0.833) ; CLALB1
 (-1.000,0.628734,100000) ; CLALB2
$THETA  (-0.115417799147571,0.0155277,0.115417799147571) ; CLGFR1
$OMEGA  0.0216622
 0.00770662
 0  FIX
$SIGMA  0.0607424  ;       ERR1
 0  FIX
$ESTIMATION METHOD=COND INTER MAX=9999 NOABORT
$COVARIANCE PRINT=E
$SCATTER    PRED VS DV UNIT
$SCATTER    TIME VS CWRES
$SCATTER    PRED VS WRES

  
NM-TRAN MESSAGES 
  
 WARNINGS AND ERRORS (IF ANY) FOR PROBLEM    1
             
 (WARNING  2) NM-TRAN INFERS THAT THE DATA ARE POPULATION.
  
Note: Analytical 2nd Derivatives are constructed in FSUBS but are never used.
      You may insert $ABBR DERIV2=NO after the first $PROB to save FSUBS construction and compilation time
  
  
License Registered to: AIMS BioScience Co
Expiration Date:    14 MAY 2025
Current Date:       18 OCT 2024
Days until program expires : 211
1NONLINEAR MIXED EFFECTS MODEL PROGRAM (NONMEM) VERSION 7.5.1
 ORIGINALLY DEVELOPED BY STUART BEAL, LEWIS SHEINER, AND ALISON BOECKMANN
 CURRENT DEVELOPERS ARE ROBERT BAUER, ICON DEVELOPMENT SOLUTIONS,
 AND ALISON BOECKMANN. IMPLEMENTATION, EFFICIENCY, AND STANDARDIZATION
 PERFORMED BY NOUS INFOSYSTEMS.

 PROBLEM NO.:         1
 LENAL MODEL
0DATA CHECKOUT RUN:              NO
 DATA SET LOCATED ON UNIT NO.:    2
 THIS UNIT TO BE REWOUND:        NO
 NO. OF DATA RECS IN DATA SET:      270
 NO. OF DATA ITEMS IN DATA SET:  16
 ID DATA ITEM IS DATA ITEM NO.:   1
 DEP VARIABLE IS DATA ITEM NO.:   6
 MDV DATA ITEM IS DATA ITEM NO.:  7
0INDICES PASSED TO SUBROUTINE PRED:
   8   2   5   0   9  10   0   0   0   0   0
0LABELS FOR DATA ITEMS:
 ID TIME TSLD NOMT AMT DV MDV EVID SS II BSA BMI WT HTCM GFR ALB
0FORMAT FOR DATA:
 (E2.0,2E11.0,E4.0,E3.0,E7.0,3E1.0,E2.0,3E4.0,2E5.0,E3.0)

 TOT. NO. OF OBS RECS:      175
 TOT. NO. OF INDIVIDUALS:       30
0LENGTH OF THETA:   7
0DEFAULT THETA BOUNDARY TEST OMITTED:    NO
0OMEGA HAS BLOCK FORM:
  1
  0  2
  0  0  3
0DEFAULT OMEGA BOUNDARY TEST OMITTED:    NO
0SIGMA HAS BLOCK FORM:
  1
  0  2
0DEFAULT SIGMA BOUNDARY TEST OMITTED:    NO
0INITIAL ESTIMATE OF THETA:
 LOWER BOUND    INITIAL EST    UPPER BOUND
  0.0000E+00     0.4590E+01     0.1000E+07
  0.0000E+00     0.4606E+02     0.1000E+07
  0.0000E+00     0.4012E+01     0.1000E+07
  0.0000E+00     0.1241E+01     0.1000E+07
 -0.1000E+06    -0.2295E+00     0.8330E+00
 -0.1000E+01     0.6287E+00     0.1000E+06
 -0.1154E+00     0.1553E-01     0.1154E+00
0INITIAL ESTIMATE OF OMEGA:
 BLOCK SET NO.   BLOCK                                                                    FIXED
        1                                                                                   NO
                  0.2166E-01
        2                                                                                   NO
                  0.7707E-02
        3                                                                                  YES
                  0.0000E+00
0INITIAL ESTIMATE OF SIGMA:
 BLOCK SET NO.   BLOCK                                                                    FIXED
        1                                                                                   NO
                  0.6074E-01
        2                                                                                  YES
                  0.0000E+00
0COVARIANCE STEP OMITTED:        NO
 EIGENVLS. PRINTED:             YES
 SPECIAL COMPUTATION:            NO
 COMPRESSED FORMAT:              NO
 GRADIENT METHOD USED:     NOSLOW
 SIGDIGITS ETAHAT (SIGLO):                  -1
 SIGDIGITS GRADIENTS (SIGL):                -1
 EXCLUDE COV FOR FOCE (NOFCOV):              NO
 Cholesky Transposition of R Matrix (CHOLROFF):0
 KNUTHSUMOFF:                                -1
 RESUME COV ANALYSIS (RESUME):               NO
 SIR SAMPLE SIZE (SIRSAMPLE):
 NON-LINEARLY TRANSFORM THETAS DURING COV (THBND): 1
 PRECONDTIONING CYCLES (PRECOND):        0
 PRECONDTIONING TYPES (PRECONDS):        TOS
 FORCED PRECONDTIONING CYCLES (PFCOND):0
 PRECONDTIONING TYPE (PRETYPE):        0
 FORCED POS. DEFINITE SETTING DURING PRECONDITIONING: (FPOSDEF):0
 SIMPLE POS. DEFINITE SETTING: (POSDEF):-1
0SCATTERPLOT STEP OMITTED:    NO
 FAMILIES OF SCATTERPLOTS:     3
0-- SCATTERPLOT   1 --
 UNIT SLOPE LINE:            YES
0ITEMS TO BE SCATTERED:    DV    PRED
0-- SCATTERPLOT   2 --
 UNIT SLOPE LINE:             NO
0ITEMS TO BE SCATTERED:    CWRES    TIME
0-- SCATTERPLOT   3 --
 UNIT SLOPE LINE:             NO
0ITEMS TO BE SCATTERED:    WRES    PRED
1DOUBLE PRECISION PREDPP VERSION 7.5.1

 ONE COMPARTMENT MODEL WITH FIRST-ORDER ABSORPTION (ADVAN2)
0MAXIMUM NO. OF BASIC PK PARAMETERS:   3
0BASIC PK PARAMETERS (AFTER TRANSLATION):
   ELIMINATION RATE (K) IS BASIC PK PARAMETER NO.:  1
   ABSORPTION RATE (KA) IS BASIC PK PARAMETER NO.:  3

 TRANSLATOR WILL CONVERT PARAMETERS
 CLEARANCE (CL) AND VOLUME (V) TO K (TRANS2)
0COMPARTMENT ATTRIBUTES
 COMPT. NO.   FUNCTION   INITIAL    ON/OFF      DOSE      DEFAULT    DEFAULT
                         STATUS     ALLOWED    ALLOWED    FOR DOSE   FOR OBS.
    1         DEPOT        OFF        YES        YES        YES        NO
    2         CENTRAL      ON         NO         YES        NO         YES
    3         OUTPUT       OFF        YES        NO         NO         NO
1
 ADDITIONAL PK PARAMETERS - ASSIGNMENT OF ROWS IN GG
 COMPT. NO.                             INDICES
              SCALE      BIOAVAIL.   ZERO-ORDER  ZERO-ORDER  ABSORB
                         FRACTION    RATE        DURATION    LAG
    1            *           *           *           *           *
    2            4           *           *           *           *
    3            *           -           -           -           -
             - PARAMETER IS NOT ALLOWED FOR THIS MODEL
             * PARAMETER IS NOT SUPPLIED BY PK SUBROUTINE;
               WILL DEFAULT TO ONE IF APPLICABLE
0DATA ITEM INDICES USED BY PRED ARE:
   EVENT ID DATA ITEM IS DATA ITEM NO.:      8
   TIME DATA ITEM IS DATA ITEM NO.:          2
   DOSE AMOUNT DATA ITEM IS DATA ITEM NO.:   5
   STEADY STATE DATA ITEM IS DATA ITEM NO.:  9
   INTERVAL DATA ITEM IS DATA ITEM NO.:     10

0PK SUBROUTINE CALLED WITH EVERY EVENT RECORD.
 PK SUBROUTINE NOT CALLED AT NONEVENT (ADDITIONAL OR LAGGED) DOSE TIMES.
0ERROR SUBROUTINE CALLED WITH EVERY EVENT RECORD.
1


 #TBLN:      1
 #METH: First Order Conditional Estimation with Interaction

 ESTIMATION STEP OMITTED:                 NO
 ANALYSIS TYPE:                           POPULATION
 NUMBER OF SADDLE POINT RESET ITERATIONS:      0
 GRADIENT METHOD USED:               NOSLOW
 CONDITIONAL ESTIMATES USED:              YES
 CENTERED ETA:                            NO
 EPS-ETA INTERACTION:                     YES
 LAPLACIAN OBJ. FUNC.:                    NO
 NO. OF FUNCT. EVALS. ALLOWED:            9999
 NO. OF SIG. FIGURES REQUIRED:            3
 INTERMEDIATE PRINTOUT:                   YES
 ESTIMATE OUTPUT TO MSF:                  NO
 ABORT WITH PRED EXIT CODE 1:             NO
 IND. OBJ. FUNC. VALUES SORTED:           NO
 NUMERICAL DERIVATIVE
       FILE REQUEST (NUMDER):               NONE
 MAP (ETAHAT) ESTIMATION METHOD (OPTMAP):   0
 ETA HESSIAN EVALUATION METHOD (ETADER):    0
 INITIAL ETA FOR MAP ESTIMATION (MCETA):    0
 SIGDIGITS FOR MAP ESTIMATION (SIGLO):      100
 GRADIENT SIGDIGITS OF
       FIXED EFFECTS PARAMETERS (SIGL):     100
 NOPRIOR SETTING (NOPRIOR):                 0
 NOCOV SETTING (NOCOV):                     OFF
 DERCONT SETTING (DERCONT):                 OFF
 FINAL ETA RE-EVALUATION (FNLETA):          1
 EXCLUDE NON-INFLUENTIAL (NON-INFL.) ETAS
       IN SHRINKAGE (ETASTYPE):             NO
 NON-INFL. ETA CORRECTION (NONINFETA):      0
 RAW OUTPUT FILE (FILE): FINAL.ext
 EXCLUDE TITLE (NOTITLE):                   NO
 EXCLUDE COLUMN LABELS (NOLABEL):           NO
 FORMAT FOR ADDITIONAL FILES (FORMAT):      S1PE12.5
 PARAMETER ORDER FOR OUTPUTS (ORDER):       TSOL
 KNUTHSUMOFF:                               0
 INCLUDE LNTWOPI:                           NO
 INCLUDE CONSTANT TERM TO PRIOR (PRIORC):   NO
 INCLUDE CONSTANT TERM TO OMEGA (ETA) (OLNTWOPI):NO
 ADDITIONAL CONVERGENCE TEST (CTYPE=4)?:    NO
 EM OR BAYESIAN METHOD USED:                 NONE


 THE FOLLOWING LABELS ARE EQUIVALENT
 PRED=PREDI
 RES=RESI
 WRES=WRESI
 IWRS=IWRESI
 IPRD=IPREDI
 IRS=IRESI

 MONITORING OF SEARCH:


0ITERATION NO.:    0    OBJECTIVE VALUE:   1171.99489095639        NO. OF FUNC. EVALS.:  10
 CUMULATIVE NO. OF FUNC. EVALS.:       10
 NPARAMETR:  4.5904E+00  4.6064E+01  4.0119E+00  1.2407E+00 -2.2945E-01  6.2873E-01  1.5528E-02  2.1662E-02  7.7066E-03  6.0742E-02

 PARAMETER:  1.0000E-01  1.0000E-01  1.0000E-01  1.0000E-01  1.0000E-01  1.0000E-01  1.0000E-01  1.0000E-01  1.0000E-01  1.0000E-01

 GRADIENT:   1.1223E+00  4.2130E-01  3.5555E-04  6.1921E-03  1.3264E-01  1.1643E-01  1.2824E+00 -6.8016E-04 -9.5086E-05  3.4599E-02


0ITERATION NO.:    2    OBJECTIVE VALUE:   1171.99489095639        NO. OF FUNC. EVALS.:  54
 CUMULATIVE NO. OF FUNC. EVALS.:       64
 NPARAMETR:  4.5904E+00  4.6064E+01  4.0119E+00  1.2407E+00 -2.2945E-01  6.2873E-01  1.5528E-02  2.1662E-02  7.7066E-03  6.0742E-02

 PARAMETER:  1.0000E-01  1.0000E-01  1.0000E-01  1.0000E-01  1.0000E-01  1.0000E-01  1.0000E-01  1.0000E-01  1.0000E-01  1.0000E-01

 GRADIENT:   2.5249E-03  3.4627E-04 -2.3900E-04 -3.8006E-06 -1.4801E-03  3.5922E-04  1.2975E-03 -5.7080E-04 -1.5818E-04 -3.7880E-04


 #TERM:
0MINIMIZATION SUCCESSFUL
 HOWEVER, PROBLEMS OCCURRED WITH THE MINIMIZATION.
 REGARD THE RESULTS OF THE ESTIMATION STEP CAREFULLY, AND ACCEPT THEM ONLY
 AFTER CHECKING THAT THE COVARIANCE STEP PRODUCES REASONABLE OUTPUT.
 NO. OF FUNCTION EVALUATIONS USED:       64
 NO. OF SIG. DIGITS IN FINAL EST.:  3.4

 ETABAR IS THE ARITHMETIC MEAN OF THE ETA-ESTIMATES,
 AND THE P-VALUE IS GIVEN FOR THE NULL HYPOTHESIS THAT THE TRUE MEAN IS 0.

 ETABAR:         7.6224E-04 -2.1152E-03  0.0000E+00
 SE:             2.4390E-02  7.4359E-03  0.0000E+00
 N:                      30          30          30

 P VAL.:         9.7507E-01  7.7607E-01  1.0000E+00

 ETASHRINKSD(%)  9.2334E+00  5.3606E+01  0.0000E+00
 ETASHRINKVR(%)  1.7614E+01  7.8476E+01  0.0000E+00
 EBVSHRINKSD(%)  9.3685E+00  5.3936E+01  0.0000E+00
 EBVSHRINKVR(%)  1.7859E+01  7.8781E+01  0.0000E+00
 RELATIVEINF(%)  6.1579E+01  1.5907E+01  0.0000E+00
 EPSSHRINKSD(%)  8.0206E+00  1.0000E+02
 EPSSHRINKVR(%)  1.5398E+01  1.0000E+02

  
 TOTAL DATA POINTS NORMALLY DISTRIBUTED (N):          175
 N*LOG(2PI) CONSTANT TO OBJECTIVE FUNCTION:    321.62848662163543     
 OBJECTIVE FUNCTION VALUE WITHOUT CONSTANT:    1171.9948909563909     
 OBJECTIVE FUNCTION VALUE WITH CONSTANT:       1493.6233775780263     
 REPORTED OBJECTIVE FUNCTION DOES NOT CONTAIN CONSTANT
  
 TOTAL EFFECTIVE ETAS (NIND*NETA):                            60
  
 #TERE:
 Elapsed estimation  time in seconds:     0.27
 Elapsed covariance  time in seconds:     0.97
 Elapsed postprocess time in seconds:     0.01
1
 
 
 
 
 
 
 
 
 
 
 
 
 
 
 
 
 
 
 
 
 ************************************************************************************************************************
 ********************                                                                                ********************
 ********************               FIRST ORDER CONDITIONAL ESTIMATION WITH INTERACTION              ********************
 #OBJT:**************                       MINIMUM VALUE OF OBJECTIVE FUNCTION                      ********************
 ********************                                                                                ********************
 ************************************************************************************************************************
 





 #OBJV:********************************************     1171.995       **************************************************
1
 ************************************************************************************************************************
 ********************                                                                                ********************
 ********************               FIRST ORDER CONDITIONAL ESTIMATION WITH INTERACTION              ********************
 ********************                             FINAL PARAMETER ESTIMATE                           ********************
 ********************                                                                                ********************
 ************************************************************************************************************************
 


 THETA - VECTOR OF FIXED EFFECTS PARAMETERS   *********


         TH 1      TH 2      TH 3      TH 4      TH 5      TH 6      TH 7     
 
         4.59E+00  4.61E+01  4.01E+00  1.24E+00 -2.29E-01  6.29E-01  1.55E-02
 


 OMEGA - COV MATRIX FOR RANDOM EFFECTS - ETAS  ********


         ETA1      ETA2      ETA3     
 
 ETA1
+        2.17E-02
 
 ETA2
+        0.00E+00  7.71E-03
 
 ETA3
+        0.00E+00  0.00E+00  0.00E+00
 


 SIGMA - COV MATRIX FOR RANDOM EFFECTS - EPSILONS  ****


         EPS1      EPS2     
 
 EPS1
+        6.07E-02
 
 EPS2
+        0.00E+00  0.00E+00
 
1


 OMEGA - CORR MATRIX FOR RANDOM EFFECTS - ETAS  *******


         ETA1      ETA2      ETA3     
 
 ETA1
+        1.47E-01
 
 ETA2
+        0.00E+00  8.78E-02
 
 ETA3
+        0.00E+00  0.00E+00  0.00E+00
 


 SIGMA - CORR MATRIX FOR RANDOM EFFECTS - EPSILONS  ***


         EPS1      EPS2     
 
 EPS1
+        2.46E-01
 
 EPS2
+        0.00E+00  0.00E+00
 
1
 ************************************************************************************************************************
 ********************                                                                                ********************
 ********************               FIRST ORDER CONDITIONAL ESTIMATION WITH INTERACTION              ********************
 ********************                            STANDARD ERROR OF ESTIMATE                          ********************
 ********************                                                                                ********************
 ************************************************************************************************************************
 


 THETA - VECTOR OF FIXED EFFECTS PARAMETERS   *********


         TH 1      TH 2      TH 3      TH 4      TH 5      TH 6      TH 7     
 
         2.60E-01  1.94E+00  6.72E-01  3.10E-01  1.21E-01  1.46E-01  1.78E-03
 


 OMEGA - COV MATRIX FOR RANDOM EFFECTS - ETAS  ********


         ETA1      ETA2      ETA3     
 
 ETA1
+        1.02E-02
 
 ETA2
+       .........  6.90E-03
 
 ETA3
+       ......... ......... .........
 


 SIGMA - COV MATRIX FOR RANDOM EFFECTS - EPSILONS  ****


         EPS1      EPS2     
 
 EPS1
+        1.78E-02
 
 EPS2
+       ......... .........
 
1


 OMEGA - CORR MATRIX FOR RANDOM EFFECTS - ETAS  *******


         ETA1      ETA2      ETA3     
 
 ETA1
+        3.48E-02
 
 ETA2
+       .........  3.93E-02
 
 ETA3
+       ......... ......... .........
 


 SIGMA - CORR MATRIX FOR RANDOM EFFECTS - EPSILONS  ***


         EPS1      EPS2     
 
 EPS1
+        3.61E-02
 
 EPS2
+       ......... .........
 
1
 ************************************************************************************************************************
 ********************                                                                                ********************
 ********************               FIRST ORDER CONDITIONAL ESTIMATION WITH INTERACTION              ********************
 ********************                          COVARIANCE MATRIX OF ESTIMATE                         ********************
 ********************                                                                                ********************
 ************************************************************************************************************************
 

            TH 1      TH 2      TH 3      TH 4      TH 5      TH 6      TH 7      OM11      OM12      OM13      OM22      OM23  
             OM33      SG11      SG12      SG22  
 
 TH 1
+        6.75E-02
 
 TH 2
+        2.33E-01  3.78E+00
 
 TH 3
+       -2.08E-02 -1.11E-01  4.52E-01
 
 TH 4
+       -1.84E-02 -2.18E-01 -9.09E-02  9.59E-02
 
 TH 5
+        2.03E-02  4.61E-04  1.87E-02 -1.60E-02  1.46E-02
 
 TH 6
+       -2.27E-02 -4.00E-02 -2.50E-02  1.09E-02 -9.58E-03  2.12E-02
 
 TH 7
+        9.26E-05  4.66E-06 -1.54E-04  6.24E-05  1.06E-05  8.23E-05  3.18E-06
 
 OM11
+       -1.45E-03 -4.02E-03  4.03E-04  7.24E-04 -4.36E-04 -5.48E-05 -9.32E-06  1.05E-04
 
 OM12
+       ......... ......... ......... ......... ......... ......... ......... ......... .........
 
 OM13
+       ......... ......... ......... ......... ......... ......... ......... ......... ......... .........
 
 OM22
+        7.97E-04  4.93E-03 -1.71E-03 -5.77E-04  1.87E-04 -2.20E-04 -2.69E-06 -1.40E-05 ......... .........  4.76E-05
 
 OM23
+       ......... ......... ......... ......... ......... ......... ......... ......... ......... ......... ......... .........
 
 OM33
+       ......... ......... ......... ......... ......... ......... ......... ......... ......... ......... ......... .........
         .........
 
 SG11
+        8.46E-04  4.40E-03 -9.04E-03  1.94E-04 -1.09E-04  3.68E-04  4.28E-06 -1.37E-05 ......... .........  5.91E-05 .........
         .........  3.16E-04
 
 SG12
+       ......... ......... ......... ......... ......... ......... ......... ......... ......... ......... ......... .........
         ......... ......... .........
 
 SG22
+       ......... ......... ......... ......... ......... ......... ......... ......... ......... ......... ......... .........
         ......... ......... ......... .........
 
1
 ************************************************************************************************************************
 ********************                                                                                ********************
 ********************               FIRST ORDER CONDITIONAL ESTIMATION WITH INTERACTION              ********************
 ********************                          CORRELATION MATRIX OF ESTIMATE                        ********************
 ********************                                                                                ********************
 ************************************************************************************************************************
 

            TH 1      TH 2      TH 3      TH 4      TH 5      TH 6      TH 7      OM11      OM12      OM13      OM22      OM23  
             OM33      SG11      SG12      SG22  
 
 TH 1
+        2.60E-01
 
 TH 2
+        4.61E-01  1.94E+00
 
 TH 3
+       -1.19E-01 -8.48E-02  6.72E-01
 
 TH 4
+       -2.28E-01 -3.62E-01 -4.37E-01  3.10E-01
 
 TH 5
+        6.47E-01  1.96E-03  2.30E-01 -4.27E-01  1.21E-01
 
 TH 6
+       -6.02E-01 -1.41E-01 -2.56E-01  2.42E-01 -5.45E-01  1.46E-01
 
 TH 7
+        2.00E-01  1.34E-03 -1.28E-01  1.13E-01  4.90E-02  3.17E-01  1.78E-03
 
 OM11
+       -5.45E-01 -2.02E-01  5.84E-02  2.28E-01 -3.52E-01 -3.67E-02 -5.10E-01  1.02E-02
 
 OM12
+       ......... ......... ......... ......... ......... ......... ......... ......... .........
 
 OM13
+       ......... ......... ......... ......... ......... ......... ......... ......... ......... .........
 
 OM22
+        4.45E-01  3.67E-01 -3.69E-01 -2.70E-01  2.25E-01 -2.20E-01 -2.19E-01 -1.98E-01 ......... .........  6.90E-03
 
 OM23
+       ......... ......... ......... ......... ......... ......... ......... ......... ......... ......... ......... .........
 
 OM33
+       ......... ......... ......... ......... ......... ......... ......... ......... ......... ......... ......... .........
         .........
 
 SG11
+        1.83E-01  1.27E-01 -7.56E-01  3.53E-02 -5.07E-02  1.42E-01  1.35E-01 -7.49E-02 ......... .........  4.82E-01 .........
         .........  1.78E-02
 
 SG12
+       ......... ......... ......... ......... ......... ......... ......... ......... ......... ......... ......... .........
         ......... ......... .........
 
 SG22
+       ......... ......... ......... ......... ......... ......... ......... ......... ......... ......... ......... .........
         ......... ......... ......... .........
 
1
 ************************************************************************************************************************
 ********************                                                                                ********************
 ********************               FIRST ORDER CONDITIONAL ESTIMATION WITH INTERACTION              ********************
 ********************                      INVERSE COVARIANCE MATRIX OF ESTIMATE                     ********************
 ********************                                                                                ********************
 ************************************************************************************************************************
 

            TH 1      TH 2      TH 3      TH 4      TH 5      TH 6      TH 7      OM11      OM12      OM13      OM22      OM23  
             OM33      SG11      SG12      SG22  
 
 TH 1
+        1.46E+02
 
 TH 2
+       -7.02E+00  7.51E-01
 
 TH 3
+        4.05E+00  3.17E-01  1.08E+01
 
 TH 4
+       -2.66E+01  2.78E+00  1.12E+01  3.43E+01
 
 TH 5
+       -1.15E+02  8.34E+00 -1.44E+00  4.26E+01  2.45E+02
 
 TH 6
+        1.22E+02 -4.22E+00  9.62E+00 -1.02E+01 -2.73E+01  1.95E+02
 
 TH 7
+       -3.29E+03  7.70E+01 -4.16E+02 -3.57E+02  9.20E+02 -4.78E+03  7.08E+05
 
 OM11
+        1.11E+03 -4.71E+01 -3.88E+01 -3.25E+02 -4.33E+02  1.08E+03  3.34E+04  2.71E+04
 
 OM12
+       ......... ......... ......... ......... ......... ......... ......... ......... .........
 
 OM13
+       ......... ......... ......... ......... ......... ......... ......... ......... ......... .........
 
 OM22
+       -5.46E+02 -2.98E+00  1.20E+02  2.75E+02  1.32E+02 -2.49E+02  7.77E+04  3.02E+03 ......... .........  4.76E+04
 
 OM23
+       ......... ......... ......... ......... ......... ......... ......... ......... ......... ......... ......... .........
 
 OM33
+       ......... ......... ......... ......... ......... ......... ......... ......... ......... ......... ......... .........
         .........
 
 SG11
+       -1.47E+02  2.10E+01  2.56E+02  2.97E+02  1.85E+02 -6.49E+01 -2.07E+04 -4.49E+03 ......... ......... -4.70E+03 .........
         .........  1.15E+04
 
 SG12
+       ......... ......... ......... ......... ......... ......... ......... ......... ......... ......... ......... .........
         ......... ......... .........
 
 SG22
+       ......... ......... ......... ......... ......... ......... ......... ......... ......... ......... ......... .........
         ......... ......... ......... .........
 
1
 
 
 
 
 
 
 
 
 
 
 
 
 
 
 
 
 
 
 
 
 ************************************************************************************************************************
 ********************                                                                                ********************
 ********************               FIRST ORDER CONDITIONAL ESTIMATION WITH INTERACTION              ********************
 ********************                      EIGENVALUES OF COR MATRIX OF ESTIMATE                     ********************
 ********************                                                                                ********************
 ************************************************************************************************************************
 

             1         2         3         4         5         6         7         8         9        10
 
         5.87E-02  1.09E-01  2.55E-01  2.66E-01  4.84E-01  7.80E-01  1.10E+00  1.62E+00  2.30E+00  3.03E+00
 
1
 
 
 
 
 
 
 
 
 
 
 
 
 
 
 
 
 
 
 
 
 ************************************************************************************************************************
 ********************                                                                                ********************
 ********************               FIRST ORDER CONDITIONAL ESTIMATION WITH INTERACTION              ********************
 ********************                                     SCATTERS                                   ********************
 ********************                                                                                ********************
 ************************************************************************************************************************
 
1       PRED VS. DV
+                                                                                                   DATA RECS.       1 THROUGH     270
  -1.00E+01            4.20E+01            9.40E+01 PRED       1.46E+02            1.98E+02            2.50E+02
          .                   .                   .                   .                   .                   .
          .         .         .         .         .         .         .         .         .         .         .
 -1.00E+01... . . . . . . . . . . . . . . . . . . . . . . . . . . . . . . . . . . . . . . . . . . . . . . . . .
          .   2                                                                                               .
          .    34*23                                                                                          .
          .      34 **2*   *                                                                                  .
          .     *   2* 2 *2                                                                                   .
          .           2*3 * **     *                                                                          .
          .     *        ***3.2* 2*                                                                           .
          .            ** *  * 2.* *  *                                                                       .
          .                * *     .           *                                                              .
          .           *       *  *    .  *         *                                                          .
  6.60E+01.                 *      * 2  *.  2 *                                                               ..
          .                    *            .** *                           *                                 .
          .                                * * *    **         *                                              .
          .                                 2 *  .  2  **                                                     .
          .                  *             *        .  *  *                                                   .
          .                                            .  * * *                                               .
          .                                              *.         *           *                             .
          .                                    *    **   **  *  *   *                                         .
          .                                                 *   .*                                            .
          .                                          *         *   **         *           *               *   .
  1.42E+02.                                                   *       .      2                                ..
          .                               *      *     *              *  .            *                       .
          .                                                                 .         2                       .
          .                                                           *        .                 *            .
          .                                                       2 **           *. *    *                    .
DV        .                                                                **      * . *                      .
          .                                                                     **     .          *           .
          .                                                                               .      *            .
          .                                                                       *          .                .
          .                                                                      *             *.             .
  2.18E+02.                                                                       *     *          .          ..
          .                                                                                 *         .       .
          .                                                                                              .    .
          .                                                                                                 . .
          .                                                                          **                       .
          .                                                                                                   .
          .                                                            *                 *       *            .
          .                                                                                   *  *            .
          .                                                                               *                   .
          .                                                                           *                       .
  2.94E+02.                                                                                                   ..
          .                                                                                                   .
          .                                                                                                   .
          .                                                                                       *           .
          .                                                                                                   .
          .                                                                                                   .
          .                                                                                                   .
          .                                                                                                 * .
          .                                                                                   *               .
          .                                                                                                   .
  3.70E+02. . . . . . . . . . . . . . . . . . . . . . . . . . . . . . . . . . . . . . . . . . . . . . . . . . .
          .         .         .         .         .         .         .         .         .         .         .
1       TIME VS. CWRES
+                                                                                                   DATA RECS.       1 THROUGH     270
  -1.00E+00            1.38E+01            2.86E+01 TIME       4.34E+01            5.82E+01            7.30E+01
          .                   .                   .                   .                   .                   .
          .         .         .         .         .         .         .         .         .         .         .
 -2.60E+00. . . . . . . . . . . . . . . . . . . . . . . . . . . . . . . . . . . . . . . . . . . . . . . . . . .
          .                                                                                                *  .
          .                                                                *                                  .
          .                                                                   *                               .
          .                                                                                                   .
          .                                                                                                   .
          .                                                                                 *                 .
          .                                                                                                   .
          .                                                                    *                              .
          .                                                                                *               *  .
 -1.32E+00.                                                                      *    *                    *  ..
          .                                                                           *    **                 .
          .                                                                   *                            *3 .
          .                                                                           *     *                 .
          .                                                                 *  *       2   **               * .
          .                                                                    * *     *   33                 .
          .                                                                   *  4    *2   2*              2* .
          .                                                                   ** *     *   22              *  .
          .                                                                *  **      *2    *               * .
          .                                                                *  *  **   22   **              ** .
 -4.00E-02.U                                U                              2W    *     2                   *2 ..
          .                                                                   ** 2    *2   *2              22 .
          .                                                                   *  4    *2    2              *2 .
          .                                                                 *    2     *  *                   .
          .                                                                 3 *  2*    *                   *  .
CWRES     .                                                                ** ** 2*    *   *                * .
          .                                                                2*  * 2                            .
          .                                                                ** *2 *                         *  .
          .                                                                *2  *                              .
          .                                                                                                 * .
  1.24E+00.                                                                 * ** **        *                  ..
          .                                                                 * 2*                              .
          .                                                                **          *                      .
          .                                                                                                   .
          .                                                                      *                         *  .
          .                                                                *                                  .
          .                                                                   *                               .
          .                                                                    *                              .
          .                                                                 *                                 .
          .                                                                   *                               .
  2.52E+00.                                                                 *                                 ..
          .                                                                                                   .
          .                                                                                                   .
          .                                                                                                   .
          .                                                                                                   .
          .                                                                                                   .
          .                                                                                                   .
          .                                                                                                   .
          .                                                                                                   .
          .                                                                 *                                 .
  3.80E+00. . . . . . . . . . . . . . . . . . . . . . . . . . . . . . . . . . . . . . . . . . . . . . . . . . .
          .         .         .         .         .         .         .         .         .         .         .
1       PRED VS. WRES
+                                                                                                   DATA RECS.       1 THROUGH     270
  -1.00E+01            4.20E+01            9.40E+01 PRED       1.46E+02            1.98E+02            2.50E+02
          .                   .                   .                   .                   .                   .
          .         .         .         .         .         .         .         .         .         .         .
 -3.00E+00. . . . . . . . . . . . . . . . . . . . . . . . . . . . . . . . . . . . . . . . . . . . . . . . . . .
          .                                                                                                   .
          .                                                                                                   .
          .            *                                                    *                                 .
          .                                                                                                   .
          .                                                                                               *   .
          .               **                                                                                  .
          .   *          *         *           *               *                *                             .
          .   * *  2  *            *  *            *                                      *                   .
          .      *** * *  * * *  3*           2**    *    *         *        **       2          *            .
 -4.00E-01.     * * *  *     *           *  **      3  **   * *     *        *        *  *        *           ..
          .         2 * 2 *  ***        *   *          *  *     ** *                *  *         *            .
          ...........**.**..*.*2.....*.....****.....**...2*.**......2.*..........2.*...........*...............
          .    2* 2     * 2**    *   *                        **      *     *           *                     .
          .     *           *  *   *        *          *          2  *     *    * 2         *                 .
          .       *   **   *               *                                     *   *        *  2            .
          .    **2*                                                                   *                       .
          .      *           2                 *     *                                   **       *         * .
          .                 *                                                                                 .
          .                               *                                                                   .
  2.20E+00.                                                            *              *                       ..
          .            *                         *                                            *               .
          .                                                                                                   .
          .                                                                                                   .
          .                                                                                                   .
WRES      .                                                                                                   .
          .                                                                                                   .
          .                                                                                                   .
          .                                                                                                   .
          .                                                                                                   .
  4.80E+00.                                                                                                   ..
          .                                                                                                   .
          .                                                                                                   .
          .           *                                                                                       .
          .                                                                                                   .
          .                                                                                                   .
          .                                                                                                   .
          .                                                                                                   .
          .                                                                                                   .
          .                                                                                                   .
  7.40E+00.                                                                                                   ..
          .                                                                                                   .
          .                                                                                                   .
          .                                                                                                   .
          .                                                                                                   .
          .                                                                                                   .
          .                                                                                                   .
          .                                                                                                   .
          .     *                                                                                             .
          .                                                                                                   .
  1.00E+01. . . . . . . . . . . . . . . . . . . . . . . . . . . . . . . . . . . . . . . . . . . . . . . . . . .
          .         .         .         .         .         .         .         .         .         .         .
 Elapsed finaloutput time in seconds:     0.06
 Elapsed postprocess time in seconds:     0.01
 Elapsed finaloutput time in seconds:     0.00
 #CPUT: Total CPU Time in Seconds,        1.406
Stop Time: 
2024-10-18 
오전 11:41
