2024-09-23 
오전 10:48
;; 1. Based on: 1
;; 2. Description: SB aqueous 1comp with IIV V
$PROBLEM SB aqueous 1comp with IIV CL

$INPUT ID	TIME	DV	MDV	CMT	AMT	GROUP=SKIP	LEFT	SITE	DAY	WEEK IDD=SKIP


$DATA aqueous.csv IGNORE=@

$SUBROUTINES ADVAN1 TRANS2

$PK
 CL   = THETA(1)*EXP(ETA(1))
 V    = THETA(2)*EXP(ETA(2))
 
 S1   = V/1000   ; dose: mg   V: ng/mL  
 
$ERROR

  IPRED   = F
  W       = SQRT(THETA(3)**2 + THETA(4)**2 * IPRED**2)
  IRES    = DV - IPRED
  IWRES   = IRES / W
  Y       = IPRED + W * EPS(1)

  
$THETA
 (0,0.0003)      ; CL
 (0,0.03)        ; V
 0.000001  FIX  ; Additive Residual Variability
 (0,0.1)        ; Proportional Residual Variability
$OMEGA 
0.01
0.01

$SIGMA 1 FIX 

$COVARIANCE PRINT = E

$ESTIMATION NOABORT MAXEVALS=9999 METHOD=1 INTER PRINT = 10


$TABLE ID TIME DV MDV CMT AMT LEFT SITE DAY WEEK IWRES IRES IPRED CWRES                                          NOPRINT ONEHEADER          FILE=sdtab5
$TABLE ID CL V ETA1 ETA2                                                                                         NOPRINT ONEHEADER NOAPPEND FILE=patab5

  
NM-TRAN MESSAGES 
  
 WARNINGS AND ERRORS (IF ANY) FOR PROBLEM    1
             
 (WARNING  2) NM-TRAN INFERS THAT THE DATA ARE POPULATION.
  
Note: Analytical 2nd Derivatives are constructed in FSUBS but are never used.
      You may insert $ABBR DERIV2=NO after the first $PROB to save FSUBS construction and compilation time
  
  
License Registered to: AIMS BioScience Co
Expiration Date:    14 MAY 2025
Current Date:       23 SEP 2024
Days until program expires : 236
1NONLINEAR MIXED EFFECTS MODEL PROGRAM (NONMEM) VERSION 7.5.1
 ORIGINALLY DEVELOPED BY STUART BEAL, LEWIS SHEINER, AND ALISON BOECKMANN
 CURRENT DEVELOPERS ARE ROBERT BAUER, ICON DEVELOPMENT SOLUTIONS,
 AND ALISON BOECKMANN. IMPLEMENTATION, EFFICIENCY, AND STANDARDIZATION
 PERFORMED BY NOUS INFOSYSTEMS.

 PROBLEM NO.:         1
 SB aqueous 1comp with IIV CL
0DATA CHECKOUT RUN:              NO
 DATA SET LOCATED ON UNIT NO.:    2
 THIS UNIT TO BE REWOUND:        NO
 NO. OF DATA RECS IN DATA SET:       80
 NO. OF DATA ITEMS IN DATA SET:  11
 ID DATA ITEM IS DATA ITEM NO.:   1
 DEP VARIABLE IS DATA ITEM NO.:   3
 MDV DATA ITEM IS DATA ITEM NO.:  4
0INDICES PASSED TO SUBROUTINE PRED:
  11   2   6   0   0   0   5   0   0   0   0
0LABELS FOR DATA ITEMS:
 ID TIME DV MDV CMT AMT LEFT SITE DAY WEEK EVID
0(NONBLANK) LABELS FOR PRED-DEFINED ITEMS:
 CL V IPRED IRES IWRES
0FORMAT FOR DATA:
 (E4.0,E5.0,E12.0,2E2.0,E4.0,2E2.0,E3.0,E2.0,1F2.0)

 TOT. NO. OF OBS RECS:       38
 TOT. NO. OF INDIVIDUALS:       40
0LENGTH OF THETA:   4
0DEFAULT THETA BOUNDARY TEST OMITTED:    NO
0OMEGA HAS SIMPLE DIAGONAL FORM WITH DIMENSION:   2
0DEFAULT OMEGA BOUNDARY TEST OMITTED:    NO
0SIGMA HAS SIMPLE DIAGONAL FORM WITH DIMENSION:   1
0DEFAULT SIGMA BOUNDARY TEST OMITTED:    NO
0INITIAL ESTIMATE OF THETA:
 LOWER BOUND    INITIAL EST    UPPER BOUND
  0.0000E+00     0.3000E-03     0.1000E+07
  0.0000E+00     0.3000E-01     0.1000E+07
  0.1000E-05     0.1000E-05     0.1000E-05
  0.0000E+00     0.1000E+00     0.1000E+07
0INITIAL ESTIMATE OF OMEGA:
 0.1000E-01
 0.0000E+00   0.1000E-01
0INITIAL ESTIMATE OF SIGMA:
 0.1000E+01
0SIGMA CONSTRAINED TO BE THIS INITIAL ESTIMATE
0COVARIANCE STEP OMITTED:        NO
 EIGENVLS. PRINTED:             YES
 SPECIAL COMPUTATION:            NO
 COMPRESSED FORMAT:              NO
 GRADIENT METHOD USED:     NOSLOW
 SIGDIGITS ETAHAT (SIGLO):                  -1
 SIGDIGITS GRADIENTS (SIGL):                -1
 EXCLUDE COV FOR FOCE (NOFCOV):              NO
 Cholesky Transposition of R Matrix (CHOLROFF):0
 KNUTHSUMOFF:                                -1
 RESUME COV ANALYSIS (RESUME):               NO
 SIR SAMPLE SIZE (SIRSAMPLE):
 NON-LINEARLY TRANSFORM THETAS DURING COV (THBND): 1
 PRECONDTIONING CYCLES (PRECOND):        0
 PRECONDTIONING TYPES (PRECONDS):        TOS
 FORCED PRECONDTIONING CYCLES (PFCOND):0
 PRECONDTIONING TYPE (PRETYPE):        0
 FORCED POS. DEFINITE SETTING DURING PRECONDITIONING: (FPOSDEF):0
 SIMPLE POS. DEFINITE SETTING: (POSDEF):-1
0TABLES STEP OMITTED:    NO
 NO. OF TABLES:           2
 SEED NUMBER (SEED):    11456
 NPDTYPE:    0
 INTERPTYPE:    0
 RANMETHOD:             3U
 MC SAMPLES (ESAMPLE):    300
 WRES SQUARE ROOT TYPE (WRESCHOL): EIGENVALUE
0-- TABLE   1 --
0RECORDS ONLY:    ALL
04 COLUMNS APPENDED:    YES
 PRINTED:                NO
 HEADER:                YES
 FILE TO BE FORWARDED:   NO
 FORMAT:                S1PE11.4
 IDFORMAT:
 LFORMAT:
 RFORMAT:
 FIXED_EFFECT_ETAS:
0USER-CHOSEN ITEMS:
 ID TIME DV MDV CMT AMT LEFT SITE DAY WEEK IWRES IRES IPRED CWRES
0-- TABLE   2 --
0RECORDS ONLY:    ALL
04 COLUMNS APPENDED:    NO
 PRINTED:                NO
 HEADER:                YES
 FILE TO BE FORWARDED:   NO
 FORMAT:                S1PE11.4
 IDFORMAT:
 LFORMAT:
 RFORMAT:
 FIXED_EFFECT_ETAS:
0USER-CHOSEN ITEMS:
 ID CL V ETA1 ETA2
1DOUBLE PRECISION PREDPP VERSION 7.5.1

 ONE COMPARTMENT MODEL (ADVAN1)
0MAXIMUM NO. OF BASIC PK PARAMETERS:   2
0BASIC PK PARAMETERS (AFTER TRANSLATION):
   ELIMINATION RATE (K) IS BASIC PK PARAMETER NO.:  1

 TRANSLATOR WILL CONVERT PARAMETERS
 CLEARANCE (CL) AND VOLUME (V) TO K (TRANS2)
0COMPARTMENT ATTRIBUTES
 COMPT. NO.   FUNCTION   INITIAL    ON/OFF      DOSE      DEFAULT    DEFAULT
                         STATUS     ALLOWED    ALLOWED    FOR DOSE   FOR OBS.
    1         CENTRAL      ON         NO         YES        YES        YES
    2         OUTPUT       OFF        YES        NO         NO         NO
1
 ADDITIONAL PK PARAMETERS - ASSIGNMENT OF ROWS IN GG
 COMPT. NO.                             INDICES
              SCALE      BIOAVAIL.   ZERO-ORDER  ZERO-ORDER  ABSORB
                         FRACTION    RATE        DURATION    LAG
    1            3           *           *           *           *
    2            *           -           -           -           -
             - PARAMETER IS NOT ALLOWED FOR THIS MODEL
             * PARAMETER IS NOT SUPPLIED BY PK SUBROUTINE;
               WILL DEFAULT TO ONE IF APPLICABLE
0DATA ITEM INDICES USED BY PRED ARE:
   EVENT ID DATA ITEM IS DATA ITEM NO.:     11
   TIME DATA ITEM IS DATA ITEM NO.:          2
   DOSE AMOUNT DATA ITEM IS DATA ITEM NO.:   6
   COMPT. NO. DATA ITEM IS DATA ITEM NO.:    5

0PK SUBROUTINE CALLED WITH EVERY EVENT RECORD.
 PK SUBROUTINE NOT CALLED AT NONEVENT (ADDITIONAL OR LAGGED) DOSE TIMES.
0ERROR SUBROUTINE CALLED WITH EVERY EVENT RECORD.
1


 #TBLN:      1
 #METH: First Order Conditional Estimation with Interaction

 ESTIMATION STEP OMITTED:                 NO
 ANALYSIS TYPE:                           POPULATION
 NUMBER OF SADDLE POINT RESET ITERATIONS:      0
 GRADIENT METHOD USED:               NOSLOW
 CONDITIONAL ESTIMATES USED:              YES
 CENTERED ETA:                            NO
 EPS-ETA INTERACTION:                     YES
 LAPLACIAN OBJ. FUNC.:                    NO
 NO. OF FUNCT. EVALS. ALLOWED:            9999
 NO. OF SIG. FIGURES REQUIRED:            3
 INTERMEDIATE PRINTOUT:                   YES
 ESTIMATE OUTPUT TO MSF:                  NO
 ABORT WITH PRED EXIT CODE 1:             NO
 IND. OBJ. FUNC. VALUES SORTED:           NO
 NUMERICAL DERIVATIVE
       FILE REQUEST (NUMDER):               NONE
 MAP (ETAHAT) ESTIMATION METHOD (OPTMAP):   0
 ETA HESSIAN EVALUATION METHOD (ETADER):    0
 INITIAL ETA FOR MAP ESTIMATION (MCETA):    0
 SIGDIGITS FOR MAP ESTIMATION (SIGLO):      100
 GRADIENT SIGDIGITS OF
       FIXED EFFECTS PARAMETERS (SIGL):     100
 NOPRIOR SETTING (NOPRIOR):                 0
 NOCOV SETTING (NOCOV):                     OFF
 DERCONT SETTING (DERCONT):                 OFF
 FINAL ETA RE-EVALUATION (FNLETA):          1
 EXCLUDE NON-INFLUENTIAL (NON-INFL.) ETAS
       IN SHRINKAGE (ETASTYPE):             NO
 NON-INFL. ETA CORRECTION (NONINFETA):      0
 RAW OUTPUT FILE (FILE): 1_5.ext
 EXCLUDE TITLE (NOTITLE):                   NO
 EXCLUDE COLUMN LABELS (NOLABEL):           NO
 FORMAT FOR ADDITIONAL FILES (FORMAT):      S1PE12.5
 PARAMETER ORDER FOR OUTPUTS (ORDER):       TSOL
 KNUTHSUMOFF:                               0
 INCLUDE LNTWOPI:                           NO
 INCLUDE CONSTANT TERM TO PRIOR (PRIORC):   NO
 INCLUDE CONSTANT TERM TO OMEGA (ETA) (OLNTWOPI):NO
 ADDITIONAL CONVERGENCE TEST (CTYPE=4)?:    NO
 EM OR BAYESIAN METHOD USED:                 NONE


 THE FOLLOWING LABELS ARE EQUIVALENT
 PRED=PREDI
 RES=RESI
 WRES=WRESI
 IWRS=IWRESI
 IPRD=IPREDI
 IRS=IRESI

 MONITORING OF SEARCH:


0ITERATION NO.:    0    OBJECTIVE VALUE:   999.225934614508        NO. OF FUNC. EVALS.:   5
 CUMULATIVE NO. OF FUNC. EVALS.:        5
 NPARAMETR:  3.0000E-04  3.0000E-02  1.0000E-01  1.0000E-02  1.0000E-02
 PARAMETER:  1.0000E-01  1.0000E-01  1.0000E-01  1.0000E-01  1.0000E-01
 GRADIENT:   2.2695E+03 -1.6821E+03 -6.0154E+01 -7.6549E+02 -4.2978E+02

0ITERATION NO.:   10    OBJECTIVE VALUE:   415.413204717237        NO. OF FUNC. EVALS.: 104
 CUMULATIVE NO. OF FUNC. EVALS.:      109
 NPARAMETR:  2.3427E-04  4.1837E-02  2.7301E-02  3.5329E-02  3.2721E-02
 PARAMETER: -1.4730E-01  4.3258E-01 -1.1982E+00  7.3106E-01  6.9271E-01
 GRADIENT:  -1.8359E+00  1.4287E+00  7.1318E-02 -2.8815E-01  8.0144E-01

0ITERATION NO.:   20    OBJECTIVE VALUE:   415.184884202247        NO. OF FUNC. EVALS.: 144
 CUMULATIVE NO. OF FUNC. EVALS.:      253
 NPARAMETR:  2.4526E-04  4.4244E-02  2.8800E-03  4.4153E-02  1.8560E-02
 PARAMETER: -1.0145E-01  4.8852E-01 -3.4474E+00  8.4253E-01  4.0922E-01
 GRADIENT:   1.2155E+01 -1.5050E+02  8.1327E-05 -7.4472E-01  7.3869E-01

0ITERATION NO.:   30    OBJECTIVE VALUE:   414.987325614608        NO. OF FUNC. EVALS.: 159
 CUMULATIVE NO. OF FUNC. EVALS.:      412
 NPARAMETR:  2.4295E-04  4.3661E-02  1.0000E-03  4.8209E-02  1.0635E-02
 PARAMETER: -1.1092E-01  4.7527E-01 -5.1742E+00  8.8648E-01  1.3079E-01
 GRADIENT:   1.0161E+02 -1.1909E+03  0.0000E+00  7.7930E-02  5.0261E-01

0ITERATION NO.:   40    OBJECTIVE VALUE:   414.761129563564        NO. OF FUNC. EVALS.: 181
 CUMULATIVE NO. OF FUNC. EVALS.:      593
 NPARAMETR:  2.4313E-04  4.3695E-02  1.0000E-03  5.2470E-02  1.3837E-03
 PARAMETER: -1.1019E-01  4.7605E-01 -5.1742E+00  9.2883E-01 -8.8892E-01
 GRADIENT:   9.8389E+01 -1.1922E+03  0.0000E+00 -3.2293E-01  6.7854E-02

0ITERATION NO.:   50    OBJECTIVE VALUE:   414.719983269574        NO. OF FUNC. EVALS.: 150
 CUMULATIVE NO. OF FUNC. EVALS.:      743
 NPARAMETR:  2.4396E-04  4.3834E-02  1.0000E-03  5.3436E-02  1.3531E-05
 PARAMETER: -1.0679E-01  4.7921E-01 -5.1742E+00  9.3795E-01 -3.2027E+00
 GRADIENT:   9.3480E+01 -1.2070E+03  0.0000E+00 -2.3353E-02  7.2739E-04

0ITERATION NO.:   60    OBJECTIVE VALUE:   414.716002921008        NO. OF FUNC. EVALS.: 170
 CUMULATIVE NO. OF FUNC. EVALS.:      913
 NPARAMETR:  2.4458E-04  4.3986E-02  1.0000E-03  5.3532E-02  1.0000E-06
 PARAMETER: -1.0423E-01  4.8267E-01 -5.1742E+00  9.3885E-01 -4.7069E+00
 GRADIENT:   8.8937E+01 -1.2222E+03  0.0000E+00 -2.8651E-02  0.0000E+00

0ITERATION NO.:   70    OBJECTIVE VALUE:   414.713204447886        NO. OF FUNC. EVALS.: 170
 CUMULATIVE NO. OF FUNC. EVALS.:     1083
 NPARAMETR:  2.4513E-04  4.4119E-02  1.0000E-03  5.3618E-02  1.0000E-06
 PARAMETER: -1.0198E-01  4.8570E-01 -5.1742E+00  9.3965E-01 -4.7069E+00
 GRADIENT:   8.5060E+01 -1.2357E+03  0.0000E+00 -2.5083E-02  0.0000E+00

0ITERATION NO.:   80    OBJECTIVE VALUE:   414.711057969427        NO. OF FUNC. EVALS.: 170
 CUMULATIVE NO. OF FUNC. EVALS.:     1253
 NPARAMETR:  2.4561E-04  4.4236E-02  1.0000E-03  5.3693E-02  1.0000E-06
 PARAMETER: -1.0002E-01  4.8835E-01 -5.1742E+00  9.4034E-01 -4.7069E+00
 GRADIENT:   8.1742E+01 -1.2474E+03  0.0000E+00 -2.2620E-02  0.0000E+00

0ITERATION NO.:   90    OBJECTIVE VALUE:   414.709419800541        NO. OF FUNC. EVALS.: 166
 CUMULATIVE NO. OF FUNC. EVALS.:     1419
 NPARAMETR:  2.4603E-04  4.4339E-02  1.0000E-03  5.3759E-02  1.0000E-06
 PARAMETER: -9.8323E-02  4.9066E-01 -5.1742E+00  9.4096E-01 -4.7069E+00
 GRADIENT:   8.1628E+01 -1.2577E+03  0.0000E+00 -2.0189E-02  0.0000E+00

0ITERATION NO.:  100    OBJECTIVE VALUE:   414.708035265900        NO. OF FUNC. EVALS.: 159
 CUMULATIVE NO. OF FUNC. EVALS.:     1578
 NPARAMETR:  2.4648E-04  4.4438E-02  1.0000E-03  5.3826E-02  1.0000E-06
 PARAMETER: -9.6491E-02  4.9290E-01 -5.1742E+00  9.4158E-01 -4.7069E+00
 GRADIENT:   8.1821E+01 -1.2679E+03  0.0000E+00 -1.3579E-02  0.0000E+00

0ITERATION NO.:  110    OBJECTIVE VALUE:   414.706510704781        NO. OF FUNC. EVALS.: 172
 CUMULATIVE NO. OF FUNC. EVALS.:     1750
 NPARAMETR:  2.4706E-04  4.4574E-02  1.0000E-03  5.3914E-02  1.0000E-06
 PARAMETER: -9.4134E-02  4.9595E-01 -5.1742E+00  9.4240E-01 -4.7069E+00
 GRADIENT:   8.1890E+01 -1.2817E+03  0.0000E+00 -1.0263E-02  0.0000E+00

0ITERATION NO.:  120    OBJECTIVE VALUE:   414.705272725798        NO. OF FUNC. EVALS.: 170
 CUMULATIVE NO. OF FUNC. EVALS.:     1920             RESET HESSIAN, TYPE I
 NPARAMETR:  2.4765E-04  4.4776E-02  1.0000E-03  5.4022E-02  1.0000E-06
 PARAMETER: -9.1767E-02  5.0048E-01 -5.1742E+00  9.4340E-01 -4.7069E+00
 GRADIENT:   1.0956E+05  3.7832E+05  0.0000E+00 -4.1133E-02  0.0000E+00

0ITERATION NO.:  130    OBJECTIVE VALUE:   414.704708656451        NO. OF FUNC. EVALS.: 167
 CUMULATIVE NO. OF FUNC. EVALS.:     2087
 NPARAMETR:  2.4797E-04  4.4807E-02  1.0000E-03  5.4068E-02  1.0000E-06
 PARAMETER: -9.0482E-02  5.0116E-01 -5.1742E+00  9.4383E-01 -4.7069E+00
 GRADIENT:   8.1475E+01 -1.3049E+03  0.0000E+00 -2.8611E-03  0.0000E+00

0ITERATION NO.:  140    OBJECTIVE VALUE:   414.704130879916        NO. OF FUNC. EVALS.: 185
 CUMULATIVE NO. OF FUNC. EVALS.:     2272             RESET HESSIAN, TYPE I
 NPARAMETR:  2.4862E-04  4.4968E-02  1.0000E-03  5.4165E-02  1.0000E-06
 PARAMETER: -8.7845E-02  5.0476E-01 -5.1742E+00  9.4473E-01 -4.7069E+00
 GRADIENT:   1.0940E+05  3.8091E+05  0.0000E+00 -1.2914E-02  0.0000E+00

0ITERATION NO.:  142    OBJECTIVE VALUE:   414.704130879916        NO. OF FUNC. EVALS.:  35
 CUMULATIVE NO. OF FUNC. EVALS.:     2307
 NPARAMETR:  2.4860E-04  4.4984E-02  1.0000E-03  5.4186E-02  1.0000E-06
 PARAMETER: -8.7845E-02  5.0476E-01 -5.1742E+00  9.4473E-01 -4.7069E+00
 GRADIENT:   6.4022E-02 -1.3023E-01  0.0000E+00 -1.2960E-02  0.0000E+00

 #TERM:
0MINIMIZATION TERMINATED
 DUE TO ROUNDING ERRORS (ERROR=134)
 NO. OF FUNCTION EVALUATIONS USED:     2307
 NO. OF SIG. DIGITS UNREPORTABLE
0PARAMETER ESTIMATE IS NEAR ITS BOUNDARY

 ETABAR IS THE ARITHMETIC MEAN OF THE ETA-ESTIMATES,
 AND THE P-VALUE IS GIVEN FOR THE NULL HYPOTHESIS THAT THE TRUE MEAN IS 0.

 ETABAR:        -4.5693E-05 -2.6782E-07
 SE:             3.7757E-02  4.9943E-07
 N:                      38          38

 P VAL.:         9.9903E-01  5.9179E-01

 ETASHRINKSD(%)  1.0000E-10  9.9692E+01
 ETASHRINKVR(%)  1.0000E-10  9.9999E+01
 EBVSHRINKSD(%)  6.1487E-04  9.9677E+01
 EBVSHRINKVR(%)  1.2297E-03  9.9999E+01
 RELATIVEINF(%)  5.3115E+00  5.5259E-05
 EPSSHRINKSD(%)  9.9807E+01
 EPSSHRINKVR(%)  1.0000E+02

  
 TOTAL DATA POINTS NORMALLY DISTRIBUTED (N):           38
 N*LOG(2PI) CONSTANT TO OBJECTIVE FUNCTION:    69.839328523555125     
 OBJECTIVE FUNCTION VALUE WITHOUT CONSTANT:    414.70413087991631     
 OBJECTIVE FUNCTION VALUE WITH CONSTANT:       484.54345940347145     
 REPORTED OBJECTIVE FUNCTION DOES NOT CONTAIN CONSTANT
  
 TOTAL EFFECTIVE ETAS (NIND*NETA):                            76
  
 #TERE:
 Elapsed estimation  time in seconds:     1.11
 Elapsed postprocess time in seconds:     0.02
1
 
 
 
 
 
 
 
 
 
 
 
 
 
 
 
 
 
 
 
 
 ************************************************************************************************************************
 ********************                                                                                ********************
 ********************               FIRST ORDER CONDITIONAL ESTIMATION WITH INTERACTION              ********************
 #OBJT:**************                       MINIMUM VALUE OF OBJECTIVE FUNCTION                      ********************
 ********************                                                                                ********************
 ************************************************************************************************************************
 





 #OBJV:********************************************      414.704       **************************************************
1
 ************************************************************************************************************************
 ********************                                                                                ********************
 ********************               FIRST ORDER CONDITIONAL ESTIMATION WITH INTERACTION              ********************
 ********************                             FINAL PARAMETER ESTIMATE                           ********************
 ********************                                                                                ********************
 ************************************************************************************************************************
 


 THETA - VECTOR OF FIXED EFFECTS PARAMETERS   *********


         TH 1      TH 2      TH 3      TH 4     
 
         2.49E-04  4.50E-02  1.00E-06  1.00E-03
 


 OMEGA - COV MATRIX FOR RANDOM EFFECTS - ETAS  ********


         ETA1      ETA2     
 
 ETA1
+        5.42E-02
 
 ETA2
+        0.00E+00  1.00E-06
 


 SIGMA - COV MATRIX FOR RANDOM EFFECTS - EPSILONS  ****


         EPS1     
 
 EPS1
+        1.00E+00
 
1


 OMEGA - CORR MATRIX FOR RANDOM EFFECTS - ETAS  *******


         ETA1      ETA2     
 
 ETA1
+        2.33E-01
 
 ETA2
+        0.00E+00  1.00E-03
 


 SIGMA - CORR MATRIX FOR RANDOM EFFECTS - EPSILONS  ***


         EPS1     
 
 EPS1
+        1.00E+00
 
 Elapsed finaloutput time in seconds:     0.02
 #CPUT: Total CPU Time in Seconds,        1.172
Stop Time: 
2024-09-23 
오전 10:48
