2024-09-20 
오후 01:39
;; 1. Based on: 1
$PROBLEM SB vitreous 2comp with no error model 

$INPUT ID	TIME	DV	MDV	CMT	AMT	GROUP=SKIP	LEFT	SITE	DAY	WEEK	ID2=SKIP	IDD=SKIP

$DATA SB.csv IGNORE=@

$SUBROUTINES ADVAN3 TRANS4


$PK
 CL   = THETA(1)*EXP(ETA(1))
 V1   = THETA(2)*EXP(ETA(2))
 Q    = THETA(3)*EXP(ETA(3))
 V2   = THETA(4)*EXP(ETA(4))
 
 S1   = V1/1000   ; dose: mg   V: ng/mL  
 
$ERROR

  IPRED   = F
  W       = SQRT(THETA(5)**2 + THETA(6)**2 * IPRED**2)
  IRES    = DV - IPRED
  IWRES   = IRES / W
  Y       = IPRED + W * EPS(1)

  
$THETA
 (0,0.000002)      ; CL
 (0,0.0007)        ; V1
 (0,0.000001)      ; Q
 (0,0.0001)       ; V2
 0.000001  FIX  ; Additive Residual Variability
 0.000001 FIX        ; Proportional Residual Variability
$OMEGA 
0 FIX
0 FIX
0 FIX
0 FIX
$SIGMA 
1 FIX 

$COVARIANCE PRINT = E

$ESTIMATION NOABORT MAXEVALS=9999 METHOD=1 INTER PRINT = 10


$TABLE ID TIME DV MDV CMT AMT LEFT SITE DAY WEEK IWRES IRES IPRED CWRES                                          NOPRINT ONEHEADER          FILE=sdtab25
$TABLE ID CL V1 V2 Q ETA1 ETA2 ETA3 ETA4                                                                                         NOPRINT ONEHEADER NOAPPEND FILE=patab25
  
NM-TRAN MESSAGES 
  
 WARNINGS AND ERRORS (IF ANY) FOR PROBLEM    1
             
 (WARNING  2) NM-TRAN INFERS THAT THE DATA ARE POPULATION.
  
Note: Analytical 2nd Derivatives are constructed in FSUBS but are never used.
      You may insert $ABBR DERIV2=NO after the first $PROB to save FSUBS construction and compilation time
  
  
License Registered to: AIMS BioScience Co
Expiration Date:    14 MAY 2025
Current Date:       20 SEP 2024
Days until program expires : 239
1NONLINEAR MIXED EFFECTS MODEL PROGRAM (NONMEM) VERSION 7.5.1
 ORIGINALLY DEVELOPED BY STUART BEAL, LEWIS SHEINER, AND ALISON BOECKMANN
 CURRENT DEVELOPERS ARE ROBERT BAUER, ICON DEVELOPMENT SOLUTIONS,
 AND ALISON BOECKMANN. IMPLEMENTATION, EFFICIENCY, AND STANDARDIZATION
 PERFORMED BY NOUS INFOSYSTEMS.

 PROBLEM NO.:         1
 SB vitreous 2comp with no error model
0DATA CHECKOUT RUN:              NO
 DATA SET LOCATED ON UNIT NO.:    2
 THIS UNIT TO BE REWOUND:        NO
 NO. OF DATA RECS IN DATA SET:       80
 NO. OF DATA ITEMS IN DATA SET:  11
 ID DATA ITEM IS DATA ITEM NO.:   1
 DEP VARIABLE IS DATA ITEM NO.:   3
 MDV DATA ITEM IS DATA ITEM NO.:  4
0INDICES PASSED TO SUBROUTINE PRED:
  11   2   6   0   0   0   5   0   0   0   0
0LABELS FOR DATA ITEMS:
 ID TIME DV MDV CMT AMT LEFT SITE DAY WEEK EVID
0(NONBLANK) LABELS FOR PRED-DEFINED ITEMS:
 CL V1 Q V2 IPRED IRES IWRES
0FORMAT FOR DATA:
 (E4.0,E5.0,E12.0,2E2.0,E4.0,2E2.0,E3.0,E2.0,1F2.0)

 TOT. NO. OF OBS RECS:       39
 TOT. NO. OF INDIVIDUALS:       40
0LENGTH OF THETA:   6
0DEFAULT THETA BOUNDARY TEST OMITTED:    NO
0OMEGA HAS SIMPLE DIAGONAL FORM WITH DIMENSION:   4
0DEFAULT OMEGA BOUNDARY TEST OMITTED:    NO
0SIGMA HAS SIMPLE DIAGONAL FORM WITH DIMENSION:   1
0DEFAULT SIGMA BOUNDARY TEST OMITTED:    NO
0INITIAL ESTIMATE OF THETA:
 LOWER BOUND    INITIAL EST    UPPER BOUND
  0.0000E+00     0.2000E-05     0.1000E+07
  0.0000E+00     0.7000E-03     0.1000E+07
  0.0000E+00     0.1000E-05     0.1000E+07
  0.0000E+00     0.1000E-03     0.1000E+07
  0.1000E-05     0.1000E-05     0.1000E-05
  0.1000E-05     0.1000E-05     0.1000E-05
0INITIAL ESTIMATE OF OMEGA:
 0.0000E+00
 0.0000E+00   0.0000E+00
 0.0000E+00   0.0000E+00   0.0000E+00
 0.0000E+00   0.0000E+00   0.0000E+00   0.0000E+00
0OMEGA CONSTRAINED TO BE THIS INITIAL ESTIMATE
0INITIAL ESTIMATE OF SIGMA:
 0.1000E+01
0SIGMA CONSTRAINED TO BE THIS INITIAL ESTIMATE
0COVARIANCE STEP OMITTED:        NO
 EIGENVLS. PRINTED:             YES
 SPECIAL COMPUTATION:            NO
 COMPRESSED FORMAT:              NO
 GRADIENT METHOD USED:     NOSLOW
 SIGDIGITS ETAHAT (SIGLO):                  -1
 SIGDIGITS GRADIENTS (SIGL):                -1
 EXCLUDE COV FOR FOCE (NOFCOV):              NO
 Cholesky Transposition of R Matrix (CHOLROFF):0
 KNUTHSUMOFF:                                -1
 RESUME COV ANALYSIS (RESUME):               NO
 SIR SAMPLE SIZE (SIRSAMPLE):
 NON-LINEARLY TRANSFORM THETAS DURING COV (THBND): 1
 PRECONDTIONING CYCLES (PRECOND):        0
 PRECONDTIONING TYPES (PRECONDS):        TOS
 FORCED PRECONDTIONING CYCLES (PFCOND):0
 PRECONDTIONING TYPE (PRETYPE):        0
 FORCED POS. DEFINITE SETTING DURING PRECONDITIONING: (FPOSDEF):0
 SIMPLE POS. DEFINITE SETTING: (POSDEF):-1
0TABLES STEP OMITTED:    NO
 NO. OF TABLES:           2
 SEED NUMBER (SEED):    11456
 NPDTYPE:    0
 INTERPTYPE:    0
 RANMETHOD:             3U
 MC SAMPLES (ESAMPLE):    300
 WRES SQUARE ROOT TYPE (WRESCHOL): EIGENVALUE
0-- TABLE   1 --
0RECORDS ONLY:    ALL
04 COLUMNS APPENDED:    YES
 PRINTED:                NO
 HEADER:                YES
 FILE TO BE FORWARDED:   NO
 FORMAT:                S1PE11.4
 IDFORMAT:
 LFORMAT:
 RFORMAT:
 FIXED_EFFECT_ETAS:
0USER-CHOSEN ITEMS:
 ID TIME DV MDV CMT AMT LEFT SITE DAY WEEK IWRES IRES IPRED CWRES
0-- TABLE   2 --
0RECORDS ONLY:    ALL
04 COLUMNS APPENDED:    NO
 PRINTED:                NO
 HEADER:                YES
 FILE TO BE FORWARDED:   NO
 FORMAT:                S1PE11.4
 IDFORMAT:
 LFORMAT:
 RFORMAT:
 FIXED_EFFECT_ETAS:
0USER-CHOSEN ITEMS:
 ID CL V1 V2 Q ETA1 ETA2 ETA3 ETA4
1DOUBLE PRECISION PREDPP VERSION 7.5.1

 TWO COMPARTMENT MODEL (ADVAN3)
0MAXIMUM NO. OF BASIC PK PARAMETERS:   4
0BASIC PK PARAMETERS (AFTER TRANSLATION):
   BASIC PK PARAMETER NO.  1: ELIMINATION RATE (K)
   BASIC PK PARAMETER NO.  2: CENTRAL-TO-PERIPH. RATE (K12)
   BASIC PK PARAMETER NO.  3: PERIPH.-TO-CENTRAL RATE (K21)
 TRANSLATOR WILL CONVERT PARAMETERS
 CL, V1, Q, V2 TO K, K12, K21 (TRANS4)
0COMPARTMENT ATTRIBUTES
 COMPT. NO.   FUNCTION   INITIAL    ON/OFF      DOSE      DEFAULT    DEFAULT
                         STATUS     ALLOWED    ALLOWED    FOR DOSE   FOR OBS.
    1         CENTRAL      ON         NO         YES        YES        YES
    2         PERIPH.      ON         NO         YES        NO         NO
    3         OUTPUT       OFF        YES        NO         NO         NO
1
 ADDITIONAL PK PARAMETERS - ASSIGNMENT OF ROWS IN GG
 COMPT. NO.                             INDICES
              SCALE      BIOAVAIL.   ZERO-ORDER  ZERO-ORDER  ABSORB
                         FRACTION    RATE        DURATION    LAG
    1            5           *           *           *           *
    2            *           *           *           *           *
    3            *           -           -           -           -
             - PARAMETER IS NOT ALLOWED FOR THIS MODEL
             * PARAMETER IS NOT SUPPLIED BY PK SUBROUTINE;
               WILL DEFAULT TO ONE IF APPLICABLE
0DATA ITEM INDICES USED BY PRED ARE:
   EVENT ID DATA ITEM IS DATA ITEM NO.:     11
   TIME DATA ITEM IS DATA ITEM NO.:          2
   DOSE AMOUNT DATA ITEM IS DATA ITEM NO.:   6
   COMPT. NO. DATA ITEM IS DATA ITEM NO.:    5

0PK SUBROUTINE CALLED WITH EVERY EVENT RECORD.
 PK SUBROUTINE NOT CALLED AT NONEVENT (ADDITIONAL OR LAGGED) DOSE TIMES.
0ERROR SUBROUTINE CALLED WITH EVERY EVENT RECORD.
1


 #TBLN:      1
 #METH: First Order Conditional Estimation with Interaction

 ESTIMATION STEP OMITTED:                 NO
 ANALYSIS TYPE:                           POPULATION
 NUMBER OF SADDLE POINT RESET ITERATIONS:      0
 GRADIENT METHOD USED:               NOSLOW
 CONDITIONAL ESTIMATES USED:              YES
 CENTERED ETA:                            NO
 EPS-ETA INTERACTION:                     YES
 LAPLACIAN OBJ. FUNC.:                    NO
 NO. OF FUNCT. EVALS. ALLOWED:            9999
 NO. OF SIG. FIGURES REQUIRED:            3
 INTERMEDIATE PRINTOUT:                   YES
 ESTIMATE OUTPUT TO MSF:                  NO
 ABORT WITH PRED EXIT CODE 1:             NO
 IND. OBJ. FUNC. VALUES SORTED:           NO
 NUMERICAL DERIVATIVE
       FILE REQUEST (NUMDER):               NONE
 MAP (ETAHAT) ESTIMATION METHOD (OPTMAP):   0
 ETA HESSIAN EVALUATION METHOD (ETADER):    0
 INITIAL ETA FOR MAP ESTIMATION (MCETA):    0
 SIGDIGITS FOR MAP ESTIMATION (SIGLO):      100
 GRADIENT SIGDIGITS OF
       FIXED EFFECTS PARAMETERS (SIGL):     100
 NOPRIOR SETTING (NOPRIOR):                 0
 NOCOV SETTING (NOCOV):                     OFF
 DERCONT SETTING (DERCONT):                 OFF
 FINAL ETA RE-EVALUATION (FNLETA):          1
 EXCLUDE NON-INFLUENTIAL (NON-INFL.) ETAS
       IN SHRINKAGE (ETASTYPE):             NO
 NON-INFL. ETA CORRECTION (NONINFETA):      0
 RAW OUTPUT FILE (FILE): 2_5.ext
 EXCLUDE TITLE (NOTITLE):                   NO
 EXCLUDE COLUMN LABELS (NOLABEL):           NO
 FORMAT FOR ADDITIONAL FILES (FORMAT):      S1PE12.5
 PARAMETER ORDER FOR OUTPUTS (ORDER):       TSOL
 KNUTHSUMOFF:                               0
 INCLUDE LNTWOPI:                           NO
 INCLUDE CONSTANT TERM TO PRIOR (PRIORC):   NO
 INCLUDE CONSTANT TERM TO OMEGA (ETA) (OLNTWOPI):NO
 ADDITIONAL CONVERGENCE TEST (CTYPE=4)?:    NO
 EM OR BAYESIAN METHOD USED:                 NONE


 THE FOLLOWING LABELS ARE EQUIVALENT
 PRED=PREDI
 RES=RESI
 WRES=WRESI
 IWRS=IWRESI
 IPRD=IPREDI
 IRS=IRESI

 MONITORING OF SEARCH:


0ITERATION NO.:    0    OBJECTIVE VALUE:   34318329057540.5        NO. OF FUNC. EVALS.:   6
 CUMULATIVE NO. OF FUNC. EVALS.:        6
 NPARAMETR:  2.0000E-06  7.0000E-04  1.0000E-06  1.0000E-04
 PARAMETER:  1.0000E-01  1.0000E-01  1.0000E-01  1.0000E-01
 GRADIENT:  -5.1956E+12  9.8543E+11  1.4229E+11 -1.4602E+11

0ITERATION NO.:   10    OBJECTIVE VALUE:   9081994615210.60        NO. OF FUNC. EVALS.:  95
 CUMULATIVE NO. OF FUNC. EVALS.:      101
 NPARAMETR:  3.8765E-06  3.8456E-04  1.1187E-06  1.0232E-04
 PARAMETER:  7.6179E-01 -4.9899E-01  2.1215E-01  1.2293E-01
 GRADIENT:  -3.8820E+12  2.0778E+12 -7.5994E+11  1.6520E+12

0ITERATION NO.:   20    OBJECTIVE VALUE:   9051357144896.82        NO. OF FUNC. EVALS.: 141
 CUMULATIVE NO. OF FUNC. EVALS.:      242
 NPARAMETR:  4.9346E-06  5.9198E-04  1.6906E-06  1.1507E-04
 PARAMETER:  1.0031E+00 -6.7613E-02  6.2508E-01  2.4040E-01
 GRADIENT:  -2.1985E+12  1.4191E+12 -2.5270E+11  6.6790E+11

0ITERATION NO.:   30    OBJECTIVE VALUE:   9043488756010.37        NO. OF FUNC. EVALS.: 142
 CUMULATIVE NO. OF FUNC. EVALS.:      384
 NPARAMETR:  5.3479E-06  6.7332E-04  2.8923E-06  1.3071E-04
 PARAMETER:  1.0836E+00  6.1138E-02  1.1621E+00  3.6779E-01
 GRADIENT:  -5.6902E+11  3.8565E+11 -3.0341E+10  1.2716E+11

0ITERATION NO.:   36    OBJECTIVE VALUE:   9043200755948.47        NO. OF FUNC. EVALS.:  83
 CUMULATIVE NO. OF FUNC. EVALS.:      467
 NPARAMETR:  5.4140E-06  6.8100E-04  3.5521E-06  1.3926E-04
 PARAMETER:  1.0958E+00  7.2488E-02  1.3675E+00  4.3115E-01
 GRADIENT:  -1.6977E+10  1.4767E+10 -1.2297E+09  4.7568E+09

 #TERM:
0MINIMIZATION SUCCESSFUL
 HOWEVER, PROBLEMS OCCURRED WITH THE MINIMIZATION.
 REGARD THE RESULTS OF THE ESTIMATION STEP CAREFULLY, AND ACCEPT THEM ONLY
 AFTER CHECKING THAT THE COVARIANCE STEP PRODUCES REASONABLE OUTPUT.
 NO. OF FUNCTION EVALUATIONS USED:      467
 NO. OF SIG. DIGITS IN FINAL EST.:  3.4

 ETABAR IS THE ARITHMETIC MEAN OF THE ETA-ESTIMATES,
 AND THE P-VALUE IS GIVEN FOR THE NULL HYPOTHESIS THAT THE TRUE MEAN IS 0.

 ETABAR:         0.0000E+00  0.0000E+00  0.0000E+00  0.0000E+00
 SE:             0.0000E+00  0.0000E+00  0.0000E+00  0.0000E+00
 N:                      39          39          39          39

 P VAL.:         1.0000E+00  1.0000E+00  1.0000E+00  1.0000E+00

 ETASHRINKSD(%)  0.0000E+00  0.0000E+00  0.0000E+00  0.0000E+00
 ETASHRINKVR(%)  0.0000E+00  0.0000E+00  0.0000E+00  0.0000E+00
 EBVSHRINKSD(%)  0.0000E+00  0.0000E+00  0.0000E+00  0.0000E+00
 EBVSHRINKVR(%)  0.0000E+00  0.0000E+00  0.0000E+00  0.0000E+00
 RELATIVEINF(%)  0.0000E+00  0.0000E+00  0.0000E+00  0.0000E+00
 EPSSHRINKSD(%)  1.0000E-10
 EPSSHRINKVR(%)  1.0000E-10

  
 TOTAL DATA POINTS NORMALLY DISTRIBUTED (N):           39
 N*LOG(2PI) CONSTANT TO OBJECTIVE FUNCTION:    71.677205589964473     
 OBJECTIVE FUNCTION VALUE WITHOUT CONSTANT:    9043200755948.4668     
 OBJECTIVE FUNCTION VALUE WITH CONSTANT:       9043200756020.1445     
 REPORTED OBJECTIVE FUNCTION DOES NOT CONTAIN CONSTANT
  
 TOTAL EFFECTIVE ETAS (NIND*NETA):                             0
  
 #TERE:
 Elapsed estimation  time in seconds:     0.06
0S MATRIX UNOBTAINABLE
0COVARIANCE STEP ABORTED
 Elapsed covariance  time in seconds:     0.02
 Elapsed postprocess time in seconds:     0.00
1
 
 
 
 
 
 
 
 
 
 
 
 
 
 
 
 
 
 
 
 
 ************************************************************************************************************************
 ********************                                                                                ********************
 ********************               FIRST ORDER CONDITIONAL ESTIMATION WITH INTERACTION              ********************
 #OBJT:**************                       MINIMUM VALUE OF OBJECTIVE FUNCTION                      ********************
 ********************                                                                                ********************
 ************************************************************************************************************************
 





 #OBJV:*********************************************************       **************************************************
1
 ************************************************************************************************************************
 ********************                                                                                ********************
 ********************               FIRST ORDER CONDITIONAL ESTIMATION WITH INTERACTION              ********************
 ********************                             FINAL PARAMETER ESTIMATE                           ********************
 ********************                                                                                ********************
 ************************************************************************************************************************
 


 THETA - VECTOR OF FIXED EFFECTS PARAMETERS   *********


         TH 1      TH 2      TH 3      TH 4      TH 5      TH 6     
 
         5.41E-06  6.81E-04  3.55E-06  1.39E-04  1.00E-06  1.00E-06
 


 OMEGA - COV MATRIX FOR RANDOM EFFECTS - ETAS  ********


         ETA1      ETA2      ETA3      ETA4     
 
 ETA1
+        0.00E+00
 
 ETA2
+        0.00E+00  0.00E+00
 
 ETA3
+        0.00E+00  0.00E+00  0.00E+00
 
 ETA4
+        0.00E+00  0.00E+00  0.00E+00  0.00E+00
 


 SIGMA - COV MATRIX FOR RANDOM EFFECTS - EPSILONS  ****


         EPS1     
 
 EPS1
+        1.00E+00
 
1


 OMEGA - CORR MATRIX FOR RANDOM EFFECTS - ETAS  *******


         ETA1      ETA2      ETA3      ETA4     
 
 ETA1
+        0.00E+00
 
 ETA2
+        0.00E+00  0.00E+00
 
 ETA3
+        0.00E+00  0.00E+00  0.00E+00
 
 ETA4
+        0.00E+00  0.00E+00  0.00E+00  0.00E+00
 


 SIGMA - CORR MATRIX FOR RANDOM EFFECTS - EPSILONS  ***


         EPS1     
 
 EPS1
+        1.00E+00
 
 Elapsed finaloutput time in seconds:     0.03
 #CPUT: Total CPU Time in Seconds,        0.172
Stop Time: 
2024-09-20 
오후 01:39
