2024-10-15 
오후 04:20
;; 1. Based on: run25
;; 2. Description: SCM FINAL
;; x1. Author: user
;; 1. Base model
$PROBLEM    SELINEXOR 2 compt with RATE
$DATA      SEL.csv IGNORE=#
$INPUT      ID TIME AMT RATE DV TYPE MDV AGE SEX WT HT SCR GFR ALB AST
            ALT WBC ALC ANC PLT HB CRP LDH PTN IGG IGA IGM IGD IGE
$SUBROUTINE ADVAN4 TRANS4
$PK
;;; CLPTN-DEFINITION START
IF(PTN.LE.6.50) CLPTN = ( 1 + THETA(7)*(PTN - 6.5))
IF(PTN.GT.6.50) CLPTN = ( 1 + THETA(8)*(PTN - 6.5))
;;; CLPTN-DEFINITION END

;;; CL-RELATION START
CLCOV=CLPTN
;;; CL-RELATION END

  TVCL = THETA(1)* (WT/63.3)**0.75  ; L/hr

TVCL = CLCOV*TVCL
  TVV2 = THETA(2) * (WT/63.3)**1 ; L
  TVQ  = THETA(3)  ; L/hr
  TVV3 = THETA(4) * (WT/63.3)**1  ; V2with allometry ; L
  TVKA = THETA(5)  ; 1/hr 
  ALAG1 =THETA(6) 

  CL = TVCL * EXP(ETA(1))
  V2 = TVV2 * EXP(ETA(2))
  Q = TVQ * EXP(ETA(3))
  V3= TVV3 * EXP(ETA(4))
  KA = TVKA * EXP(ETA(5))

  S2 = V2 / 1000
  
$ERROR
  IPRED = F
  IRES = DV - IPRED
  IWRES = IRES / IPRED
  Y = F * (1 + EPS(1)) + EPS(2)

$THETA  (0,17) ; CL
 (0,93) ; V2 (CENTRAL)
 (0,4.6) ; Q
 (0,32.5) ; V3  (PERIPHERAL)
 (0,1.39) ; KA
 (0,1.29) ; ALAG1
 0.47 FIX ; CLPTN1
 -0.0138 FIX ; CLPTN2
$OMEGA  BLOCK(2)
 0.0167  ;        CL_
 0.025 0.07  ;         V2
$OMEGA  0  FIX  ;         Q_
 0  FIX  ;         V3
 0.5  ;        KA_
$SIGMA  0.0186296  ;       ERR1
 0  FIX  ;       ERR2
$COVARIANCE PRINT=E UNCONDITIONAL
$COVARIANCE PRINT=E UNCONDITIONAL
$ESTIMATION NOABORT NOOBT NOSBT NOTBT MAXEVAL=9999 METHOD=1 INTER
            SIGDIGITS=3
$TABLE      ID AMT TIME DV MDV IPRED PRED CWRES IWRES ONEHEADER
            NOPRINT FILE=sdtab0033
$TABLE      ID AMT TIME DV CL V2 V3 Q ETA(1) ETA(2) ETA(3) ETA(4)
            ETA(5) CWRES IWRES ONEHEADER NOPRINT NOAPPEND
            FILE=patab0033
$TABLE      ID SEX ONEHEADER NOPRINT NOAPPEND FILE=Catab0033
$TABLE      ID WT SCR ONEHEADER NOPRINT NOAPPEND FILE=Cotab0033

  
NM-TRAN MESSAGES 
  
 WARNINGS AND ERRORS (IF ANY) FOR PROBLEM    1
             
 (WARNING  2) NM-TRAN INFERS THAT THE DATA ARE POPULATION.
  
Note: Analytical 2nd Derivatives are constructed in FSUBS but are never used.
      You may insert $ABBR DERIV2=NO after the first $PROB to save FSUBS construction and compilation time
  
  
License Registered to: Kyung Hee University College of Pharmacy Clinical Pharmacy Laboratory
Expiration Date:    14 JUN 2025
Current Date:       15 OCT 2024
Days until program expires : 244
1NONLINEAR MIXED EFFECTS MODEL PROGRAM (NONMEM) VERSION 7.5.1
 ORIGINALLY DEVELOPED BY STUART BEAL, LEWIS SHEINER, AND ALISON BOECKMANN
 CURRENT DEVELOPERS ARE ROBERT BAUER, ICON DEVELOPMENT SOLUTIONS,
 AND ALISON BOECKMANN. IMPLEMENTATION, EFFICIENCY, AND STANDARDIZATION
 PERFORMED BY NOUS INFOSYSTEMS.

 PROBLEM NO.:         1
 SELINEXOR 2 compt with RATE
0DATA CHECKOUT RUN:              NO
 DATA SET LOCATED ON UNIT NO.:    2
 THIS UNIT TO BE REWOUND:        NO
 NO. OF DATA RECS IN DATA SET:       72
 NO. OF DATA ITEMS IN DATA SET:  30
 ID DATA ITEM IS DATA ITEM NO.:   1
 DEP VARIABLE IS DATA ITEM NO.:   5
 MDV DATA ITEM IS DATA ITEM NO.:  7
0INDICES PASSED TO SUBROUTINE PRED:
  30   2   3   4   0   0   0   0   0   0   0
0LABELS FOR DATA ITEMS:
 ID TIME AMT RATE DV TYPE MDV AGE SEX WT HT SCR GFR ALB AST ALT WBC ALC ANC PLT HB CRP LDH PTN IGG IGA IGM IGD IGE EVID
0(NONBLANK) LABELS FOR PRED-DEFINED ITEMS:
 CL V2 Q V3 IPRED IWRES
0FORMAT FOR DATA:
 (4(6E12.0/),5E12.0,1F2.0)

 TOT. NO. OF OBS RECS:       60
 TOT. NO. OF INDIVIDUALS:       12
0LENGTH OF THETA:   8
0DEFAULT THETA BOUNDARY TEST OMITTED:   YES
0OMEGA HAS BLOCK FORM:
  1
  1  1
  0  0  2
  0  0  0  3
  0  0  0  0  4
0DEFAULT OMEGA BOUNDARY TEST OMITTED:   YES
0SIGMA HAS BLOCK FORM:
  1
  0  2
0DEFAULT SIGMA BOUNDARY TEST OMITTED:   YES
0INITIAL ESTIMATE OF THETA:
 LOWER BOUND    INITIAL EST    UPPER BOUND
  0.0000E+00     0.1700E+02     0.1000E+07
  0.0000E+00     0.9300E+02     0.1000E+07
  0.0000E+00     0.4600E+01     0.1000E+07
  0.0000E+00     0.3250E+02     0.1000E+07
  0.0000E+00     0.1390E+01     0.1000E+07
  0.0000E+00     0.1290E+01     0.1000E+07
  0.4700E+00     0.4700E+00     0.4700E+00
 -0.1380E-01    -0.1380E-01    -0.1380E-01
0INITIAL ESTIMATE OF OMEGA:
 BLOCK SET NO.   BLOCK                                                                    FIXED
        1                                                                                   NO
                  0.1670E-01
                  0.2500E-01   0.7000E-01
        2                                                                                  YES
                  0.0000E+00
        3                                                                                  YES
                  0.0000E+00
        4                                                                                   NO
                  0.5000E+00
0INITIAL ESTIMATE OF SIGMA:
 BLOCK SET NO.   BLOCK                                                                    FIXED
        1                                                                                   NO
                  0.1863E-01
        2                                                                                  YES
                  0.0000E+00
0COVARIANCE STEP OMITTED:        NO
 EIGENVLS. PRINTED:             YES
 SPECIAL COMPUTATION:            NO
 COMPRESSED FORMAT:              NO
 GRADIENT METHOD USED:     NOSLOW
 SIGDIGITS ETAHAT (SIGLO):                  -1
 SIGDIGITS GRADIENTS (SIGL):                -1
 EXCLUDE COV FOR FOCE (NOFCOV):              NO
 Cholesky Transposition of R Matrix (CHOLROFF):0
 KNUTHSUMOFF:                                -1
 RESUME COV ANALYSIS (RESUME):               NO
 SIR SAMPLE SIZE (SIRSAMPLE):
 NON-LINEARLY TRANSFORM THETAS DURING COV (THBND): 1
 PRECONDTIONING CYCLES (PRECOND):        0
 PRECONDTIONING TYPES (PRECONDS):        TOS
 FORCED PRECONDTIONING CYCLES (PFCOND):0
 PRECONDTIONING TYPE (PRETYPE):        0
 FORCED POS. DEFINITE SETTING DURING PRECONDITIONING: (FPOSDEF):0
 SIMPLE POS. DEFINITE SETTING: (POSDEF):-1
0TABLES STEP OMITTED:    NO
 NO. OF TABLES:           4
 SEED NUMBER (SEED):    11456
 NPDTYPE:    0
 INTERPTYPE:    0
 RANMETHOD:             3U
 MC SAMPLES (ESAMPLE):    300
 WRES SQUARE ROOT TYPE (WRESCHOL): EIGENVALUE
0-- TABLE   1 --
0RECORDS ONLY:    ALL
04 COLUMNS APPENDED:    YES
 PRINTED:                NO
 HEADER:                YES
 FILE TO BE FORWARDED:   NO
 FORMAT:                S1PE11.4
 IDFORMAT:
 LFORMAT:
 RFORMAT:
 FIXED_EFFECT_ETAS:
0USER-CHOSEN ITEMS:
 ID AMT TIME DV MDV IPRED CWRES IWRES
0-- TABLE   2 --
0RECORDS ONLY:    ALL
04 COLUMNS APPENDED:    NO
 PRINTED:                NO
 HEADER:                YES
 FILE TO BE FORWARDED:   NO
 FORMAT:                S1PE11.4
 IDFORMAT:
 LFORMAT:
 RFORMAT:
 FIXED_EFFECT_ETAS:
0USER-CHOSEN ITEMS:
 ID AMT TIME DV CL V2 V3 Q ETA1 ETA2 ETA3 ETA4 ETA5 CWRES IWRES
0-- TABLE   3 --
0RECORDS ONLY:    ALL
04 COLUMNS APPENDED:    NO
 PRINTED:                NO
 HEADER:                YES
 FILE TO BE FORWARDED:   NO
 FORMAT:                S1PE11.4
 IDFORMAT:
 LFORMAT:
 RFORMAT:
 FIXED_EFFECT_ETAS:
0USER-CHOSEN ITEMS:
 ID SEX
0-- TABLE   4 --
0RECORDS ONLY:    ALL
04 COLUMNS APPENDED:    NO
 PRINTED:                NO
 HEADER:                YES
 FILE TO BE FORWARDED:   NO
 FORMAT:                S1PE11.4
 IDFORMAT:
 LFORMAT:
 RFORMAT:
 FIXED_EFFECT_ETAS:
0USER-CHOSEN ITEMS:
 ID WT SCR
1DOUBLE PRECISION PREDPP VERSION 7.5.1

 TWO COMPARTMENT MODEL WITH FIRST-ORDER ABSORPTION (ADVAN4)
0MAXIMUM NO. OF BASIC PK PARAMETERS:   5
0BASIC PK PARAMETERS (AFTER TRANSLATION):
   BASIC PK PARAMETER NO.  1: ELIMINATION RATE (K)
   BASIC PK PARAMETER NO.  2: CENTRAL-TO-PERIPH. RATE (K23)
   BASIC PK PARAMETER NO.  3: PERIPH.-TO-CENTRAL RATE (K32)
   BASIC PK PARAMETER NO.  5: ABSORPTION RATE (KA)
 TRANSLATOR WILL CONVERT PARAMETERS
 CL, V2, Q, V3 TO K, K23, K32 (TRANS4)
0COMPARTMENT ATTRIBUTES
 COMPT. NO.   FUNCTION   INITIAL    ON/OFF      DOSE      DEFAULT    DEFAULT
                         STATUS     ALLOWED    ALLOWED    FOR DOSE   FOR OBS.
    1         DEPOT        OFF        YES        YES        YES        NO
    2         CENTRAL      ON         NO         YES        NO         YES
    3         PERIPH.      ON         NO         YES        NO         NO
    4         OUTPUT       OFF        YES        NO         NO         NO
1
 ADDITIONAL PK PARAMETERS - ASSIGNMENT OF ROWS IN GG
 COMPT. NO.                             INDICES
              SCALE      BIOAVAIL.   ZERO-ORDER  ZERO-ORDER  ABSORB
                         FRACTION    RATE        DURATION    LAG
    1            *           *           *           *           6
    2            7           *           *           *           *
    3            *           *           *           *           *
    4            *           -           -           -           -
             - PARAMETER IS NOT ALLOWED FOR THIS MODEL
             * PARAMETER IS NOT SUPPLIED BY PK SUBROUTINE;
               WILL DEFAULT TO ONE IF APPLICABLE
0DATA ITEM INDICES USED BY PRED ARE:
   EVENT ID DATA ITEM IS DATA ITEM NO.:     30
   TIME DATA ITEM IS DATA ITEM NO.:          2
   DOSE AMOUNT DATA ITEM IS DATA ITEM NO.:   3
   DOSE RATE DATA ITEM IS DATA ITEM NO.:     4

0PK SUBROUTINE CALLED WITH EVERY EVENT RECORD.
 PK SUBROUTINE NOT CALLED AT NONEVENT (ADDITIONAL OR LAGGED) DOSE TIMES.
0ERROR SUBROUTINE CALLED WITH EVERY EVENT RECORD.
1


 #TBLN:      1
 #METH: First Order Conditional Estimation with Interaction

 ESTIMATION STEP OMITTED:                 NO
 ANALYSIS TYPE:                           POPULATION
 NUMBER OF SADDLE POINT RESET ITERATIONS:      0
 GRADIENT METHOD USED:               NOSLOW
 CONDITIONAL ESTIMATES USED:              YES
 CENTERED ETA:                            NO
 EPS-ETA INTERACTION:                     YES
 LAPLACIAN OBJ. FUNC.:                    NO
 NO. OF FUNCT. EVALS. ALLOWED:            9999
 NO. OF SIG. FIGURES REQUIRED:            3
 INTERMEDIATE PRINTOUT:                   YES
 ESTIMATE OUTPUT TO MSF:                  NO
 ABORT WITH PRED EXIT CODE 1:             NO
 IND. OBJ. FUNC. VALUES SORTED:           NO
 NUMERICAL DERIVATIVE
       FILE REQUEST (NUMDER):               NONE
 MAP (ETAHAT) ESTIMATION METHOD (OPTMAP):   0
 ETA HESSIAN EVALUATION METHOD (ETADER):    0
 INITIAL ETA FOR MAP ESTIMATION (MCETA):    0
 SIGDIGITS FOR MAP ESTIMATION (SIGLO):      100
 GRADIENT SIGDIGITS OF
       FIXED EFFECTS PARAMETERS (SIGL):     100
 NOPRIOR SETTING (NOPRIOR):                 0
 NOCOV SETTING (NOCOV):                     OFF
 DERCONT SETTING (DERCONT):                 OFF
 FINAL ETA RE-EVALUATION (FNLETA):          1
 EXCLUDE NON-INFLUENTIAL (NON-INFL.) ETAS
       IN SHRINKAGE (ETASTYPE):             NO
 NON-INFL. ETA CORRECTION (NONINFETA):      0
 RAW OUTPUT FILE (FILE): psn.ext
 EXCLUDE TITLE (NOTITLE):                   NO
 EXCLUDE COLUMN LABELS (NOLABEL):           NO
 FORMAT FOR ADDITIONAL FILES (FORMAT):      S1PE12.5
 PARAMETER ORDER FOR OUTPUTS (ORDER):       TSOL
 KNUTHSUMOFF:                               0
 INCLUDE LNTWOPI:                           NO
 INCLUDE CONSTANT TERM TO PRIOR (PRIORC):   NO
 INCLUDE CONSTANT TERM TO OMEGA (ETA) (OLNTWOPI):NO
 ADDITIONAL CONVERGENCE TEST (CTYPE=4)?:    NO
 EM OR BAYESIAN METHOD USED:                 NONE


 THE FOLLOWING LABELS ARE EQUIVALENT
 PRED=PREDI
 RES=RESI
 WRES=WRESI
 IWRS=IWRESI
 IPRD=IPREDI
 IRS=IRESI

 MONITORING OF SEARCH:


0ITERATION NO.:    0    OBJECTIVE VALUE:   528.654883591347        NO. OF FUNC. EVALS.:   9
 CUMULATIVE NO. OF FUNC. EVALS.:        9
 NPARAMETR:  1.7000E+01  9.3000E+01  4.6000E+00  3.2500E+01  1.3900E+00  1.2900E+00  1.6700E-02  2.5000E-02  7.0000E-02  5.0000E-01
             1.8630E-02
 PARAMETER:  1.0000E-01  1.0000E-01  1.0000E-01  1.0000E-01  1.0000E-01  1.0000E-01  1.0000E-01  1.0000E-01  1.0000E-01  1.0000E-01
             1.0000E-01
 GRADIENT:   5.0622E+01 -1.5430E+01 -4.2374E+00  1.2516E+00  6.7502E-01  1.4662E+00 -1.0223E+00  4.5129E+00  1.9836E-01 -7.9824E-01
            -7.5497E-01

0ITERATION NO.:   18    OBJECTIVE VALUE:   528.073350183012        NO. OF FUNC. EVALS.: 244
 CUMULATIVE NO. OF FUNC. EVALS.:      253
 NPARAMETR:  1.6608E+01  9.2856E+01  4.5863E+00  3.2413E+01  1.3858E+00  1.2894E+00  1.6710E-02  2.4838E-02  6.7803E-02  5.1561E-01
             1.8633E-02
 PARAMETER:  7.6665E-02  9.8456E-02  9.7007E-02  9.7333E-02  9.6949E-02  9.9517E-02  1.0029E-01  9.9322E-02  7.3340E-02  1.1537E-01
             1.0009E-01
 GRADIENT:  -1.5901E-04 -2.5310E-05  2.0110E-05 -2.5477E-06  5.4342E-05 -1.2877E-04 -8.4441E-06  1.9872E-04  4.5911E-07  1.5301E-05
             3.8404E-05

 #TERM:
0MINIMIZATION SUCCESSFUL
 NO. OF FUNCTION EVALUATIONS USED:      253
 NO. OF SIG. DIGITS IN FINAL EST.:  4.9

 ETABAR IS THE ARITHMETIC MEAN OF THE ETA-ESTIMATES,
 AND THE P-VALUE IS GIVEN FOR THE NULL HYPOTHESIS THAT THE TRUE MEAN IS 0.

 ETABAR:        -7.1622E-04 -6.2417E-03  0.0000E+00  0.0000E+00 -2.4175E-02
 SE:             3.3397E-02  6.4521E-02  0.0000E+00  0.0000E+00  1.8870E-01
 N:                      12          12          12          12          12

 P VAL.:         9.8289E-01  9.2293E-01  1.0000E+00  1.0000E+00  8.9806E-01

 ETASHRINKSD(%)  1.0502E+01  1.4165E+01  0.0000E+00  0.0000E+00  8.9686E+00
 ETASHRINKVR(%)  1.9902E+01  2.6323E+01  0.0000E+00  0.0000E+00  1.7133E+01
 EBVSHRINKSD(%)  1.0464E+01  1.4397E+01  0.0000E+00  0.0000E+00  6.8130E+00
 EBVSHRINKVR(%)  1.9832E+01  2.6722E+01  0.0000E+00  0.0000E+00  1.3162E+01
 RELATIVEINF(%)  7.9975E+01  6.1818E+01  0.0000E+00  0.0000E+00  8.4140E+01
 EPSSHRINKSD(%)  2.4972E+01  1.0000E+02
 EPSSHRINKVR(%)  4.3708E+01  1.0000E+02

  
 TOTAL DATA POINTS NORMALLY DISTRIBUTED (N):           60
 N*LOG(2PI) CONSTANT TO OBJECTIVE FUNCTION:    110.27262398456072     
 OBJECTIVE FUNCTION VALUE WITHOUT CONSTANT:    528.07335018301194     
 OBJECTIVE FUNCTION VALUE WITH CONSTANT:       638.34597416757265     
 REPORTED OBJECTIVE FUNCTION DOES NOT CONTAIN CONSTANT
  
 TOTAL EFFECTIVE ETAS (NIND*NETA):                            36
  
 #TERE:
 Elapsed estimation  time in seconds:     0.23
 Elapsed covariance  time in seconds:     0.29
 Elapsed postprocess time in seconds:     0.01
1
 
 
 
 
 
 
 
 
 
 
 
 
 
 
 
 
 
 
 
 
 ************************************************************************************************************************
 ********************                                                                                ********************
 ********************               FIRST ORDER CONDITIONAL ESTIMATION WITH INTERACTION              ********************
 #OBJT:**************                       MINIMUM VALUE OF OBJECTIVE FUNCTION                      ********************
 ********************                                                                                ********************
 ************************************************************************************************************************
 





 #OBJV:********************************************      528.073       **************************************************
1
 ************************************************************************************************************************
 ********************                                                                                ********************
 ********************               FIRST ORDER CONDITIONAL ESTIMATION WITH INTERACTION              ********************
 ********************                             FINAL PARAMETER ESTIMATE                           ********************
 ********************                                                                                ********************
 ************************************************************************************************************************
 


 THETA - VECTOR OF FIXED EFFECTS PARAMETERS   *********


         TH 1      TH 2      TH 3      TH 4      TH 5      TH 6      TH 7      TH 8     
 
         1.66E+01  9.29E+01  4.59E+00  3.24E+01  1.39E+00  1.29E+00  4.70E-01 -1.38E-02
 


 OMEGA - COV MATRIX FOR RANDOM EFFECTS - ETAS  ********


         ETA1      ETA2      ETA3      ETA4      ETA5     
 
 ETA1
+        1.67E-02
 
 ETA2
+        2.48E-02  6.78E-02
 
 ETA3
+        0.00E+00  0.00E+00  0.00E+00
 
 ETA4
+        0.00E+00  0.00E+00  0.00E+00  0.00E+00
 
 ETA5
+        0.00E+00  0.00E+00  0.00E+00  0.00E+00  5.16E-01
 


 SIGMA - COV MATRIX FOR RANDOM EFFECTS - EPSILONS  ****


         EPS1      EPS2     
 
 EPS1
+        1.86E-02
 
 EPS2
+        0.00E+00  0.00E+00
 
1


 OMEGA - CORR MATRIX FOR RANDOM EFFECTS - ETAS  *******


         ETA1      ETA2      ETA3      ETA4      ETA5     
 
 ETA1
+        1.29E-01
 
 ETA2
+        7.38E-01  2.60E-01
 
 ETA3
+        0.00E+00  0.00E+00  0.00E+00
 
 ETA4
+        0.00E+00  0.00E+00  0.00E+00  0.00E+00
 
 ETA5
+        0.00E+00  0.00E+00  0.00E+00  0.00E+00  7.18E-01
 


 SIGMA - CORR MATRIX FOR RANDOM EFFECTS - EPSILONS  ***


         EPS1      EPS2     
 
 EPS1
+        1.37E-01
 
 EPS2
+        0.00E+00  0.00E+00
 
1
 ************************************************************************************************************************
 ********************                                                                                ********************
 ********************               FIRST ORDER CONDITIONAL ESTIMATION WITH INTERACTION              ********************
 ********************                            STANDARD ERROR OF ESTIMATE                          ********************
 ********************                                                                                ********************
 ************************************************************************************************************************
 


 THETA - VECTOR OF FIXED EFFECTS PARAMETERS   *********


         TH 1      TH 2      TH 3      TH 4      TH 5      TH 6      TH 7      TH 8     
 
         8.32E-01  5.83E+00  1.50E+00  7.05E+00  5.47E-01  1.82E-01 ......... .........
 


 OMEGA - COV MATRIX FOR RANDOM EFFECTS - ETAS  ********


         ETA1      ETA2      ETA3      ETA4      ETA5     
 
 ETA1
+        3.87E-03
 
 ETA2
+        1.34E-02  2.80E-02
 
 ETA3
+       ......... ......... .........
 
 ETA4
+       ......... ......... ......... .........
 
 ETA5
+       ......... ......... ......... .........  2.15E-01
 


 SIGMA - COV MATRIX FOR RANDOM EFFECTS - EPSILONS  ****


         EPS1      EPS2     
 
 EPS1
+        5.08E-03
 
 EPS2
+       ......... .........
 
1


 OMEGA - CORR MATRIX FOR RANDOM EFFECTS - ETAS  *******


         ETA1      ETA2      ETA3      ETA4      ETA5     
 
 ETA1
+        1.50E-02
 
 ETA2
+        2.37E-01  5.38E-02
 
 ETA3
+       ......... ......... .........
 
 ETA4
+       ......... ......... ......... .........
 
 ETA5
+       ......... ......... ......... .........  1.50E-01
 


 SIGMA - CORR MATRIX FOR RANDOM EFFECTS - EPSILONS  ***


         EPS1      EPS2     
 
 EPS1
+        1.86E-02
 
 EPS2
+       ......... .........
 
1
 ************************************************************************************************************************
 ********************                                                                                ********************
 ********************               FIRST ORDER CONDITIONAL ESTIMATION WITH INTERACTION              ********************
 ********************                          COVARIANCE MATRIX OF ESTIMATE                         ********************
 ********************                                                                                ********************
 ************************************************************************************************************************
 

            TH 1      TH 2      TH 3      TH 4      TH 5      TH 6      TH 7      TH 8      OM11      OM12      OM13      OM14  
             OM15      OM22      OM23      OM24      OM25      OM33      OM34      OM35      OM44      OM45      OM55      SG11  
            SG12      SG22  
 
 TH 1
+        6.92E-01
 
 TH 2
+        8.74E-01  3.40E+01
 
 TH 3
+        9.19E-01 -1.05E+00  2.25E+00
 
 TH 4
+       -2.06E+00  1.09E+01 -5.21E+00  4.97E+01
 
 TH 5
+       -2.91E-01  3.09E-01 -5.43E-01  1.35E+00  2.99E-01
 
 TH 6
+       -8.20E-02 -6.83E-02 -6.62E-02  1.34E-01  7.81E-02  3.32E-02
 
 TH 7
+       ......... ......... ......... ......... ......... ......... .........
 
 TH 8
+       ......... ......... ......... ......... ......... ......... ......... .........
 
 OM11
+        9.49E-04 -6.40E-04  1.16E-03 -9.65E-03 -4.26E-04 -4.04E-05 ......... .........  1.49E-05
 
 OM12
+        3.50E-03 -2.26E-02  3.89E-03 -5.65E-02 -4.76E-04 -6.32E-05 ......... .........  4.28E-05  1.79E-04
 
 OM13
+       ......... ......... ......... ......... ......... ......... ......... ......... ......... ......... .........
 
 OM14
+       ......... ......... ......... ......... ......... ......... ......... ......... ......... ......... ......... .........
 
 OM15
+       ......... ......... ......... ......... ......... ......... ......... ......... ......... ......... ......... .........
         .........
 
 OM22
+       -3.77E-04 -1.01E-02 -1.25E-03 -1.04E-01  4.11E-04 -9.83E-05 ......... .........  8.38E-05  2.98E-04 ......... .........
         .........  7.85E-04
 
 OM23
+       ......... ......... ......... ......... ......... ......... ......... ......... ......... ......... ......... .........
         ......... ......... .........
 
 OM24
+       ......... ......... ......... ......... ......... ......... ......... ......... ......... ......... ......... .........
         ......... ......... ......... .........
 
 OM25
+       ......... ......... ......... ......... ......... ......... ......... ......... ......... ......... ......... .........
         ......... ......... ......... ......... .........
 
 OM33
+       ......... ......... ......... ......... ......... ......... ......... ......... ......... ......... ......... .........
         ......... ......... ......... ......... ......... .........
 
 OM34
+       ......... ......... ......... ......... ......... ......... ......... ......... ......... ......... ......... .........
         ......... ......... ......... ......... ......... ......... .........
 
1

            TH 1      TH 2      TH 3      TH 4      TH 5      TH 6      TH 7      TH 8      OM11      OM12      OM13      OM14  
             OM15      OM22      OM23      OM24      OM25      OM33      OM34      OM35      OM44      OM45      OM55      SG11  
            SG12      SG22  
 
 OM35
+       ......... ......... ......... ......... ......... ......... ......... ......... ......... ......... ......... .........
         ......... ......... ......... ......... ......... ......... ......... .........
 
 OM44
+       ......... ......... ......... ......... ......... ......... ......... ......... ......... ......... ......... .........
         ......... ......... ......... ......... ......... ......... ......... ......... .........
 
 OM45
+       ......... ......... ......... ......... ......... ......... ......... ......... ......... ......... ......... .........
         ......... ......... ......... ......... ......... ......... ......... ......... ......... .........
 
 OM55
+       -8.89E-02 -6.77E-01 -6.93E-02  1.56E-01  5.11E-02  2.66E-02 ......... .........  2.00E-05  3.25E-04 ......... .........
         ......... -3.17E-04 ......... ......... ......... ......... ......... ......... ......... .........  4.61E-02
 
 SG11
+        4.28E-04 -1.16E-02  3.20E-03 -1.05E-02 -1.51E-03 -3.86E-05 ......... .........  3.51E-06  4.37E-06 ......... .........
         ......... -1.94E-05 ......... ......... ......... ......... ......... ......... ......... .........  4.62E-04  2.58E-05
 
 SG12
+       ......... ......... ......... ......... ......... ......... ......... ......... ......... ......... ......... .........
         ......... ......... ......... ......... ......... ......... ......... ......... ......... ......... ......... .........
        .........
 
 SG22
+       ......... ......... ......... ......... ......... ......... ......... ......... ......... ......... ......... .........
         ......... ......... ......... ......... ......... ......... ......... ......... ......... ......... ......... .........
        ......... .........
 
1
 ************************************************************************************************************************
 ********************                                                                                ********************
 ********************               FIRST ORDER CONDITIONAL ESTIMATION WITH INTERACTION              ********************
 ********************                          CORRELATION MATRIX OF ESTIMATE                        ********************
 ********************                                                                                ********************
 ************************************************************************************************************************
 

            TH 1      TH 2      TH 3      TH 4      TH 5      TH 6      TH 7      TH 8      OM11      OM12      OM13      OM14  
             OM15      OM22      OM23      OM24      OM25      OM33      OM34      OM35      OM44      OM45      OM55      SG11  
            SG12      SG22  
 
 TH 1
+        8.32E-01
 
 TH 2
+        1.80E-01  5.83E+00
 
 TH 3
+        7.36E-01 -1.20E-01  1.50E+00
 
 TH 4
+       -3.51E-01  2.65E-01 -4.92E-01  7.05E+00
 
 TH 5
+       -6.40E-01  9.67E-02 -6.61E-01  3.51E-01  5.47E-01
 
 TH 6
+       -5.41E-01 -6.42E-02 -2.42E-01  1.04E-01  7.84E-01  1.82E-01
 
 TH 7
+       ......... ......... ......... ......... ......... ......... .........
 
 TH 8
+       ......... ......... ......... ......... ......... ......... ......... .........
 
 OM11
+        2.95E-01 -2.84E-02  2.00E-01 -3.54E-01 -2.02E-01 -5.74E-02 ......... .........  3.87E-03
 
 OM12
+        3.15E-01 -2.89E-01  1.94E-01 -5.99E-01 -6.50E-02 -2.59E-02 ......... .........  8.28E-01  1.34E-02
 
 OM13
+       ......... ......... ......... ......... ......... ......... ......... ......... ......... ......... .........
 
 OM14
+       ......... ......... ......... ......... ......... ......... ......... ......... ......... ......... ......... .........
 
 OM15
+       ......... ......... ......... ......... ......... ......... ......... ......... ......... ......... ......... .........
         .........
 
 OM22
+       -1.62E-02 -6.18E-02 -2.98E-02 -5.25E-01  2.68E-02 -1.92E-02 ......... .........  7.74E-01  7.96E-01 ......... .........
         .........  2.80E-02
 
 OM23
+       ......... ......... ......... ......... ......... ......... ......... ......... ......... ......... ......... .........
         ......... ......... .........
 
 OM24
+       ......... ......... ......... ......... ......... ......... ......... ......... ......... ......... ......... .........
         ......... ......... ......... .........
 
 OM25
+       ......... ......... ......... ......... ......... ......... ......... ......... ......... ......... ......... .........
         ......... ......... ......... ......... .........
 
 OM33
+       ......... ......... ......... ......... ......... ......... ......... ......... ......... ......... ......... .........
         ......... ......... ......... ......... ......... .........
 
 OM34
+       ......... ......... ......... ......... ......... ......... ......... ......... ......... ......... ......... .........
         ......... ......... ......... ......... ......... ......... .........
 
1

            TH 1      TH 2      TH 3      TH 4      TH 5      TH 6      TH 7      TH 8      OM11      OM12      OM13      OM14  
             OM15      OM22      OM23      OM24      OM25      OM33      OM34      OM35      OM44      OM45      OM55      SG11  
            SG12      SG22  
 
 OM35
+       ......... ......... ......... ......... ......... ......... ......... ......... ......... ......... ......... .........
         ......... ......... ......... ......... ......... ......... ......... .........
 
 OM44
+       ......... ......... ......... ......... ......... ......... ......... ......... ......... ......... ......... .........
         ......... ......... ......... ......... ......... ......... ......... ......... .........
 
 OM45
+       ......... ......... ......... ......... ......... ......... ......... ......... ......... ......... ......... .........
         ......... ......... ......... ......... ......... ......... ......... ......... ......... .........
 
 OM55
+       -4.97E-01 -5.40E-01 -2.15E-01  1.03E-01  4.35E-01  6.80E-01 ......... .........  2.41E-02  1.13E-01 ......... .........
         ......... -5.27E-02 ......... ......... ......... ......... ......... ......... ......... .........  2.15E-01
 
 SG11
+        1.01E-01 -3.92E-01  4.20E-01 -2.93E-01 -5.43E-01 -4.17E-02 ......... .........  1.79E-01  6.43E-02 ......... .........
         ......... -1.37E-01 ......... ......... ......... ......... ......... ......... ......... .........  4.23E-01  5.08E-03
 
 SG12
+       ......... ......... ......... ......... ......... ......... ......... ......... ......... ......... ......... .........
         ......... ......... ......... ......... ......... ......... ......... ......... ......... ......... ......... .........
        .........
 
 SG22
+       ......... ......... ......... ......... ......... ......... ......... ......... ......... ......... ......... .........
         ......... ......... ......... ......... ......... ......... ......... ......... ......... ......... ......... .........
        ......... .........
 
1
 ************************************************************************************************************************
 ********************                                                                                ********************
 ********************               FIRST ORDER CONDITIONAL ESTIMATION WITH INTERACTION              ********************
 ********************                      INVERSE COVARIANCE MATRIX OF ESTIMATE                     ********************
 ********************                                                                                ********************
 ************************************************************************************************************************
 

            TH 1      TH 2      TH 3      TH 4      TH 5      TH 6      TH 7      TH 8      OM11      OM12      OM13      OM14  
             OM15      OM22      OM23      OM24      OM25      OM33      OM34      OM35      OM44      OM45      OM55      SG11  
            SG12      SG22  
 
 TH 1
+        6.13E+03
 
 TH 2
+       -3.27E+02  1.75E+01
 
 TH 3
+       -2.02E+03  1.07E+02  6.70E+02
 
 TH 4
+        5.75E+02 -3.06E+01 -1.90E+02  5.44E+01
 
 TH 5
+       -2.68E+03  1.38E+02  9.39E+02 -2.64E+02  1.74E+03
 
 TH 6
+        2.83E+04 -1.50E+03 -9.42E+03  2.68E+03 -1.36E+04  1.33E+05
 
 TH 7
+       ......... ......... ......... ......... ......... ......... .........
 
 TH 8
+       ......... ......... ......... ......... ......... ......... ......... .........
 
 OM11
+       -1.43E+06  7.59E+04  4.74E+05 -1.36E+05  6.67E+05 -6.69E+06 ......... .........  3.38E+08
 
 OM12
+        5.14E+04 -2.63E+03 -1.82E+04  5.23E+03 -3.51E+04  2.67E+05 ......... ......... -1.33E+07  8.24E+05
 
 OM13
+       ......... ......... ......... ......... ......... ......... ......... ......... ......... ......... .........
 
 OM14
+       ......... ......... ......... ......... ......... ......... ......... ......... ......... ......... ......... .........
 
 OM15
+       ......... ......... ......... ......... ......... ......... ......... ......... ......... ......... ......... .........
         .........
 
 OM22
+        2.22E+05 -1.18E+04 -7.32E+04  2.09E+04 -9.85E+04  1.03E+06 ......... ......... -5.20E+07  1.91E+06 ......... .........
         .........  8.07E+06
 
 OM23
+       ......... ......... ......... ......... ......... ......... ......... ......... ......... ......... ......... .........
         ......... ......... .........
 
 OM24
+       ......... ......... ......... ......... ......... ......... ......... ......... ......... ......... ......... .........
         ......... ......... ......... .........
 
 OM25
+       ......... ......... ......... ......... ......... ......... ......... ......... ......... ......... ......... .........
         ......... ......... ......... ......... .........
 
 OM33
+       ......... ......... ......... ......... ......... ......... ......... ......... ......... ......... ......... .........
         ......... ......... ......... ......... ......... .........
 
 OM34
+       ......... ......... ......... ......... ......... ......... ......... ......... ......... ......... ......... .........
         ......... ......... ......... ......... ......... ......... .........
 
1

            TH 1      TH 2      TH 3      TH 4      TH 5      TH 6      TH 7      TH 8      OM11      OM12      OM13      OM14  
             OM15      OM22      OM23      OM24      OM25      OM33      OM34      OM35      OM44      OM45      OM55      SG11  
            SG12      SG22  
 
 OM35
+       ......... ......... ......... ......... ......... ......... ......... ......... ......... ......... ......... .........
         ......... ......... ......... ......... ......... ......... ......... .........
 
 OM44
+       ......... ......... ......... ......... ......... ......... ......... ......... ......... ......... ......... .........
         ......... ......... ......... ......... ......... ......... ......... ......... .........
 
 OM45
+       ......... ......... ......... ......... ......... ......... ......... ......... ......... ......... ......... .........
         ......... ......... ......... ......... ......... ......... ......... ......... ......... .........
 
 OM55
+       -1.74E+04  9.28E+02  5.72E+03 -1.64E+03  7.67E+03 -8.05E+04 ......... .........  4.07E+06 -1.52E+05 ......... .........
         ......... -6.31E+05 ......... ......... ......... ......... ......... ......... ......... .........  4.96E+04
 
 SG11
+        7.85E+05 -4.20E+04 -2.57E+05  7.37E+04 -3.32E+05  3.61E+06 ......... ......... -1.83E+08  6.52E+06 ......... .........
         .........  2.85E+07 ......... ......... ......... ......... ......... ......... ......... ......... -2.24E+06  1.01E+08
 
 SG12
+       ......... ......... ......... ......... ......... ......... ......... ......... ......... ......... ......... .........
         ......... ......... ......... ......... ......... ......... ......... ......... ......... ......... ......... .........
        .........
 
 SG22
+       ......... ......... ......... ......... ......... ......... ......... ......... ......... ......... ......... .........
         ......... ......... ......... ......... ......... ......... ......... ......... ......... ......... ......... .........
        ......... .........
 
1
 
 
 
 
 
 
 
 
 
 
 
 
 
 
 
 
 
 
 
 
 ************************************************************************************************************************
 ********************                                                                                ********************
 ********************               FIRST ORDER CONDITIONAL ESTIMATION WITH INTERACTION              ********************
 ********************                      EIGENVALUES OF COR MATRIX OF ESTIMATE                     ********************
 ********************                                                                                ********************
 ************************************************************************************************************************
 

             1         2         3         4         5         6         7         8         9        10        11
 
         3.32E-05  3.46E-03  2.97E-02  8.04E-02  2.39E-01  5.28E-01  7.18E-01  8.59E-01  2.00E+00  2.73E+00  3.81E+00
 
 Elapsed finaloutput time in seconds:     0.06
 #CPUT: Total CPU Time in Seconds,        0.375
Stop Time: 
2024-10-15 
오후 04:20
