2024-10-02 
오후 06:28
$PROBLEM SB15 VIT AQ FOCE like 2 comp by MID
$INPUT IDD	TIME	AAMT	DV	MDV	LEFT	CMT	SITE	DRUG	DAY	WEEK	BLQ	TYPE	DOSE	GROUP	ROWC	ROWD	ROWNN	NID	ID	LGAMT	LOGDOSE	AMT LNDOSE ROW	;GGROUP
$DATA ..//GC_VROI_1.csv IGNORE=@  IGNORE(SITE.EQ.1) IGNORE(SITE.EQ.5) IGNORE(GROUP.EQ.8)

$SUBROUTINE ADVAN13 TOL=3

$MODEL 
  NCOMP=4
  COMP=(VIT)        ; Compartment 1: Vitreous (Dosing compartment)
  COMP=(RET)        ; Compartment 2: Retina
  COMP=(OPT)        ; Compartment 3: Optic Nerve
  COMP=(IRIS)       ; Compartment 4: Iris

$PK
  ; Inter-compartmental clearances and volumes of distribution
  Q12 = THETA(1) * EXP(ETA(1))  ; Clearance between VIT and RET
  Q13 = THETA(2) * EXP(ETA(2))  ; Clearance between VIT and OPT
  Q14 = THETA(3) * EXP(ETA(3))  ; Clearance between VIT and IRIS
  Q41 = THETA(26) * EXP(ETA(12))  ; Clearance between VIT and IRIS
  Q31 = THETA(27) * EXP(ETA(12))  ; Clearance between VIT and IRIS


  ; Volumes of distribution for each compartment
  V1  = THETA(4) * EXP(ETA(4))  ; Volume of distribution for VIT
  V2  = THETA(5) * EXP(ETA(5))  ; Volume of distribution for RET
  V3  = THETA(6) * EXP(ETA(6))  ; Volume of distribution for OPT
  V4  = THETA(7) * EXP(ETA(7))  ; Volume of distribution for IRIS

  ; Clearance for each compartment
  CL1 = THETA(8) * EXP(ETA(8))  ; Clearance from VIT compartment
  CL2 = THETA(9) * EXP(ETA(9))  ; Clearance from RET compartment
  CL3 = THETA(10) * EXP(ETA(10))  ; Clearance from OPT compartment
  CL4 = THETA(11) * EXP(ETA(11))  ; Clearance from IRIS compartment

; Define bioavailability scaling factors for each dose group
IF(GROUP.EQ.2) F1 = THETA(20)  
IF(GROUP.EQ.3) F1 = THETA(21)   
IF(GROUP.EQ.4) F1 = THETA(22)   
IF(GROUP.EQ.5) F1 = THETA(23)   
IF(GROUP.EQ.6) F1 = THETA(24)   
IF(GROUP.EQ.7) F1 = THETA(25)   

  ; Scaling factors for concentrations in each compartment
  S1 = V1/1000  ; Scaling factor for VIT
  S2 = V2/1000  ; Scaling factor for RET
  S3 = V3/1000  ; Scaling factor for OPT
  S4 = V4/1000  ; Scaling factor for IRIS

  ; Rate constants calculated from inter-compartmental clearances and volumes
  K12 = Q12 / V1
  K21 = Q12 / V2
  K13 = Q13 / V1
  K31 = Q31 / V3
  K14 = Q14 / V1
  K41 = Q41 / V4
  K10 = CL1 / V1
  K20 = CL2 / V2
  K30 = CL3 / V3
  K40 = CL4 / V4

$DES
  ; Differential equations for the compartments
  DADT(1) = - (K10 + K12 + K13 + K14) * A(1) + K21 * A(2) + K31 * A(3) + K41 * A(4)  ; VIT compartment
  DADT(2) = K12 * A(1) - (K20 + K21) * A(2)  ; RET compartment
  DADT(3) = K13 * A(1) - (K30 + K31) * A(3)  ; OPT compartment
  DADT(4) = K14 * A(1) - (K40 + K41) * A(4)  ; IRIS compartment


$ERROR
  IF (CMT.EQ.1) THEN
    IPRED  = F                  ; Individual prediction for VIT
    W      = SQRT(THETA(12)**2 + (THETA(13) * IPRED)**2)  ; Combined error for VIT
    IRES   = DV - IPRED         ; Residuals for VIT
    IWRES  = IRES / W           ; Weighted residuals for VIT
    Y      = IPRED + W * EPS(1) ; Observed value for VIT
  ENDIF

  IF (CMT.EQ.2) THEN
    IPRED  = F                  ; Individual prediction for RET
    W      = SQRT(THETA(14)**2 + (THETA(15) * IPRED)**2)  ; Combined error for RET
    IRES   = DV - IPRED         ; Residuals for RET
    IWRES  = IRES / W           ; Weighted residuals for RET
    Y      = IPRED + W * EPS(2) ; Observed value for RET
  ENDIF

  IF (CMT.EQ.3) THEN
    IPRED  = F                  ; Individual prediction for OPT
    W      = SQRT(THETA(16)**2 + (THETA(17) * IPRED)**2)  ; Combined error for OPT
    IRES   = DV - IPRED         ; Residuals for OPT
    IWRES  = IRES / W           ; Weighted residuals for OPT
    Y      = IPRED + W * EPS(3) ; Observed value for OPT
  ENDIF

  IF (CMT.EQ.4) THEN
    IPRED  = F                  ; Individual prediction for IRIS
    W      = SQRT(THETA(18)**2 + (THETA(19) * IPRED)**2)  ; Combined error for IRIS
    IRES   = DV - IPRED         ; Residuals for IRIS
    IWRES  = IRES / W           ; Weighted residuals for IRIS
    Y      = IPRED + W * EPS(4) ; Observed value for IRIS
  ENDIF

$THETA

(0, 0.00001);Q12
(0, 0.00001);Q13
(0, 0.00001);Q14

0.0015    FIX ;V1 VIT VAROIS_19
0.0000686 FIX ;V2 RET VAROIS_19
0.0002    FIX ;V3 OPT VAROIS_19
0.0000108 FIX ;V4 IRIS VAROIS_19 Est.

(0, 0.00001) ;CL1
(0, 0.000001) ;CL2
(0, 0.0001) ;CL3
(0, 0.0001) ;CL4

 0.0001 FIX  ;add 
 (0, 0.3)    ;prop
 0.0001 FIX  ;add 
 (0, 0.3)    ;prop
 0.0001 FIX  ;add 
 (0, 0.3)    ;prop
 0.0001 FIX  ;add 
 (0, 0.3)    ;prop
 
 
 (0,0.1,1)   ;F1 20
 (0,0.1,1)
 (0,0.1,1)
 (0,0.7)
 (0,0.7)
 (0,0.7)

(0, 0.00001) ;Q41 26
(0, 0.00001) ;Q31 27


;1 no SF
;2 22241 S
;1.06E-05  8.59E-06  1.50E-05' 1.50E-03  6.86E-05  2.00E-04  1.08E-05'  9.30E-06  3.11E-05  4.72E-05  3.07E-06  1.00E-04
;         1.85E+01  1.00E-04  1.97E+00  1.00E-04  1.22E+00  1.00E-04  9.80E-01 
;3 20293 t overestimation
;1.00E-10  1.00E-10  4.74E-09  1.50E-03  6.86E-05  2.00E-04  1.08E-05  1.95E-05  1.04E-06  4.70E-06  1.73E-05  1.00E-04
;          9.89E-01  1.00E-04  1.33E+00  1.00E-04  5.13E+00  1.00E-04  1.41E+00


;4 T 13907 LNAMT => AMT BETTER BUT SITE 2,3 UNDER PRED
;1.00E-07  1.00E-07  1.00E-07  1.50E-03  6.86E-05  2.00E-04  1.08E-05  3.84E-06  5.85E-04  7.37E-04  1.28E-05  1.00E-04
;          1.71E+00  1.00E-04  7.89E+02  1.00E-04  6.49E+01  1.00E-04  4.33E+01
;IGNORE GROUP8
;5 S 11795 SITE 2 UNDERPRED <- Q12 LARGER, CL20 SMALLER
;1.77E-06  5.19E-07  1.10E-07  1.50E-03  6.86E-05  2.00E-04  1.08E-05  1.96E-06  1.45E-01  1.63E-04  5.58E-05  1.00E-04
;          1.68E+00  1.00E-04  1.20E+04  1.00E-04  2.84E+00  1.00E-04  4.67E+01
;6 t large SITE 1,4 UNDEREST
;1.00E-07  1.00E-07  4.65E+06  1.50E-03  6.86E-05  2.00E-04  1.08E-05  3.35E-05  5.94E-08  1.00E-06  4.57E-06  1.00E-04
;          4.79E+05  1.00E-04  3.00E-03  1.00E-04  1.54E+05  1.00E-04  9.10E+05

;7 t 11715 EPSILON ALL SITE1 LOW DOSE OVEREST
;1.12E-06  1.53E-06  1.41E-06  1.50E-03  6.86E-05  2.00E-04  1.08E-05  4.05E-07  1.23E-05  8.02E-04  3.34E-05  1.00E-04
;          3.00E-03  1.00E-04  1.24E+00  1.00E-04  2.68E+00  1.00E-04  8.21E-01

;8 t 11385 RELATIVE F1 PER DOSE <= BEST SO FAR
;5.89E-06  1.46E-06  1.01E-06  1.50E-03  6.86E-05  2.00E-04  1.08E-05  1.00E-07  2.27E-06  1.08E-04  8.09E-05  1.00E-04
;          3.00E-03  1.00E-04  3.00E-03  1.00E-04  3.11E+03  1.00E-04  1.56E+04  3.96E-02  6.78E-02  1.15E-01  8.47E-02  2.43E-01
;         2.34E-01

;9 t 20771 F1 ~ f(DOSE) NOT WORKING -> FIX  <= all off
; 7.18E-06  1.71E-05  6.50E-06  1.50E-03  6.86E-05  2.00E-04  1.08E-05  8.70E-06  4.34E-06  8.08E-05  1.34E-04  1.00E-04
;          5.25E+09  1.00E-04  3.13E+07  1.00E-04  4.96E+12  1.00E-04  8.70E+12  3.43E-02  6.00E-01
;9 T 12805 
; 4.96E-06  1.64E-05  7.89E-06  1.50E-03  6.86E-05  2.00E-04  1.08E-05  4.85E-06  5.73E-06  1.00E-06  1.00E-06  1.00E-04
;          1.52E+00  1.00E-04  2.40E+03  1.00E-04  1.46E+00  1.00E-04  3.00E-03  9.93E-02 -9.53E-01

;8 exp => F1 by SITE
;10 F1 ~ f(SITE) SC3,SC4 t 11385 does not work

;11 k13~f(DOSE) SS11284 <=
;1.69E-02  2.02E-06  1.70E-06  1.50E-03  6.86E-05  2.00E-04  1.08E-05  5.02E-07  1.10E-07  6.54E-05  6.35E-05  1.00E-04
;          3.76E+00  1.00E-04  1.10E+00  1.00E-04  2.38E+00  1.00E-04  6.17E+00  2.95E-02  5.76E-02  1.17E-01  4.99E-02  1.51E-01
;         8.42E-02  2.32E-06  3.43E-06  1.50E-06  1.61E-06  3.15E-07

;12  k14~f(DOSE) t11198
; 4.86E-06  1.89E-06  4.10E-07  1.50E-03  6.86E-05  2.00E-04  1.08E-05  1.00E-07  9.68E-07  3.03E-05  3.14E-04  1.00E-04
;          3.18E+03  1.00E-04  1.11E+00  1.00E-04  3.00E-03  1.00E-04  1.27E+01  2.07E-02  4.63E-02  1.23E-01  9.95E-01  1.59E-01
;         1.45E-01  2.13E-06  3.47E-06  1.63E-07  1.86E-06  3.60E-07  7.87E-07  1.23E-06  6.13E-06  5.02E-07  3.32E-06


;13 t 11372 8 based. q14~f(DOSE) t11503 => totla off..
;4.54E-03  8.87E-04  1.43E-07  1.50E-03  6.86E-05  2.00E-04  1.08E-05  1.16E-06  2.14E-06  1.00E-06  8.56E-05  1.00E-04          
;           3.00E-03  1.00E-04  3.00E-03  1.00E-04  3.00E-03  1.00E-04  1.89E+06  1.00E-03  1.00E-03  1.00E-03  5.00E-03  5.00E-03
;          5.00E-03  4.27E-07  6.47E-07  2.23E-06  2.08E-07  2.76E-06      


;80 8 based. G5,6,7 F1 high est
; 2.09E-04  2.19E-06  7.41E-06  1.50E-03  6.86E-05  2.00E-04  1.08E-05  3.64E-07  8.20E-07  2.11E-05  1.00E-06  1.00E-04
;          6.69E+00  1.00E-04  1.52E+00  1.00E-04  1.83E+00  1.00E-04  1.31E+00  1.30E-02  2.45E-02  3.82E-02  3.09E-02  9.07E-02
;         7.32E-02
;
;70 t11794 sep Q14 Q41
; 1.69E-06  1.43E-06  5.81E-07  1.50E-03  6.86E-05  2.00E-04  1.08E-05  1.10E-06  7.47E-04  2.88E-04  1.50E-03  1.00E-04
;          7.85E+02  1.00E-04  4.06E+01  1.00E-04  1.70E+00  1.00E-04  2.11E+01  1.08E-03
; 2.02E-06  1.07E-06  7.28E-06  1.50E-03  6.86E-05  2.00E-04  1.08E-05  1.00E-07  1.81E-05  2.50E-04  4.28E-05  1.00E-04
;          1.53E+00  1.00E-04  1.22E+00  1.00E-04  1.76E+00  1.00E-04  1.33E+03  1.94E-04

;81 t 11374 70 based. sep Q14 Q41 F1 by DOSE
;1.37E-05  1.57E-06  1.98E-06  1.50E-03  6.86E-05  2.00E-04  1.08E-05  6.41E-07  8.06E-08  5.64E-05  8.28E-05  1.00E-04
;          3.68E+00  1.00E-04  1.11E+00  1.00E-04  2.61E+00  1.00E-04  5.96E+00  2.55E-02  4.70E-02  7.07E-02  5.85E-02  1.68E-01
;         1.61E-01  1.00E-04

;82 t 11802 G5, G6 HIGH F1 0.2 FIX => not reflected..
;1.28E-05  1.96E-06  2.40E-06  1.50E-03  6.86E-05  2.00E-04  1.08E-05  2.58E-06  1.00E-08  5.21E-05  4.29E-05  1.00E-04
;          3.00E-03  1.00E-04  3.57E-03  1.00E-04  3.01E+00  1.00E-04  3.97E-03  4.84E-02  6.91E-02  9.91E-01  2.00E-01  2.00E-01
;         2.00E-01  9.80E-04

;83 t 11335 81.based sep Q13 Q31 <= best
;8.39E-07  2.30E-06  1.92E-06  1.50E-03  6.86E-05  2.00E-04  1.08E-05  4.34E-07  3.99E-06  1.05E-04  9.70E-05  1.00E-04
;          1.64E+00  1.00E-04  1.15E+00  1.00E-04  1.82E+00  1.00E-04  3.54E+00  9.59E-02  1.94E-01  2.91E-01  2.38E-01  6.87E-01
;         5.53E-01  3.87E-05  9.56E-05

;830 param FIX and sim, F1 by DOSE
;not really working need simulation in order to check. 

$OMEGA
  0 FIX ;Q12    
  0 FIX ;Q13    
  0 FIX ;Q14
      
  0 FIX ;V1  
  0 FIX ;V2  
  0 FIX ;V3  
  0 FIX ;V4  
  
  0 FIX ;CL1    
  0 FIX ;CL2    
  0 FIX ;CL3 
  0 FIX ;CL4 

  0 FIX ;Q41

$SIGMA
  0.04;
  0.04;
  0.04;
  0.04;



$ESTIMATION  MAXEVAL=9999 PRINT=10 SIGDIGITS=2  METHOD=1 INTER ;METHOD=0 ;
;$COVARIANCE PRINT=E


$TABLE ID	TIME	AMT	DV	MDV	LEFT	CMT	SITE	DRUG	DAY	WEEK	BLQ	TYPE	DOSE	GROUP	ROWC	ROWD	ROWNN	NID	IDD	LGAMT	LOGDOSE	LNDOSE ROW PRED IPRED CWRES IWRES     ONEHEADER NOPRINT FILE = sdtab831
$TABLE ID CL1 CL2 CL3 CL4 Q12 Q13 Q14 V1 V2 V3 V4 F1 MDV DOSE GROUP TYPE CMT                                                                           ONEHEADER NOPRINT NOAPPEND FILE = patab831


;$TABLE ID TIME PRED AMT DV MDV EVID LEFT	SITE	DRUG	DAY	WEEK	BLQ	TYPE	NID DOSE ROWNN IPRED CWRES IWRES             ONEHEADER NOPRINT FILE = sdtab11
;GROUP=drop	IDD	TIME	AMT	DV	MDV	LEFT	SITE	DRUG	DAY	WEEK	BLQ	TYPE	NID	ID	DOSE	ROWC	ROWD	ROWNN

;$TABLE ID TIME PRED AMT DV MDV ODV EVID PTIME	TAD PTAD DAY	SEX	AGE	HT	WT	BMI	NUM	DRUG BASE IPRED CWRES IWRES             ONEHEADER NOPRINT FILE = sdtab635
;$TABLE ID CL V KA ETA(1) ETA(2) ETA(3)                                                                             ONEHEADER NOPRINT NOAPPEND FILE = patab635
;$TABLE ID SEX DRUG                                                                                                 ONEHEADER NOPRINT NOAPPEND FILE = catab635
;$TABLE ID AGE HT WT BMI                                                                                            ONEHEADER NOPRINT NOAPPEND FILE = cotab635
;$TABLE ID CL V KA ETA(1) ETA(2) ETA(3) SEX DRUG AGE HT WT BMI                                                     ONEHEADER NOPRINT NOAPPEND FILE = alltab635
  
NM-TRAN MESSAGES 
  
 WARNINGS AND ERRORS (IF ANY) FOR PROBLEM    1
             
 (WARNING  2) NM-TRAN INFERS THAT THE DATA ARE POPULATION.
             
 (WARNING  3) THERE MAY BE AN ERROR IN THE ABBREVIATED CODE. THE FOLLOWING
 ONE OR MORE RANDOM VARIABLES ARE DEFINED WITH "IF" STATEMENTS THAT DO NOT
 PROVIDE DEFINITIONS FOR BOTH THE "THEN" AND "ELSE" CASES. IF ALL
 CONDITIONS FAIL, THE VALUES OF THESE VARIABLES WILL BE ZERO.
  
   IPRED W IRES IWRES Y


 LIM VALUES MAXLIM ASSESSED BY NMTRAN: 1,2,3,4,5,6,7,8,10,11,13,15,16        
  
Note: Analytical 2nd Derivatives are constructed in FSUBS but are never used.
      You may insert $ABBR DERIV2=NO after the first $PROB to save FSUBS construction and compilation time
  
  
License Registered to: AIMS BioScience Co
Expiration Date:    14 MAY 2025
Current Date:        2 OCT 2024
Days until program expires : 227
1NONLINEAR MIXED EFFECTS MODEL PROGRAM (NONMEM) VERSION 7.5.1
 ORIGINALLY DEVELOPED BY STUART BEAL, LEWIS SHEINER, AND ALISON BOECKMANN
 CURRENT DEVELOPERS ARE ROBERT BAUER, ICON DEVELOPMENT SOLUTIONS,
 AND ALISON BOECKMANN. IMPLEMENTATION, EFFICIENCY, AND STANDARDIZATION
 PERFORMED BY NOUS INFOSYSTEMS.

 PROBLEM NO.:         1
 SB15 VIT AQ FOCE like 2 comp by MID
0DATA CHECKOUT RUN:              NO
 DATA SET LOCATED ON UNIT NO.:    2
 THIS UNIT TO BE REWOUND:        NO
 NO. OF DATA RECS IN DATA SET:      624
 NO. OF DATA ITEMS IN DATA SET:  26
 ID DATA ITEM IS DATA ITEM NO.:  20
 DEP VARIABLE IS DATA ITEM NO.:   4
 MDV DATA ITEM IS DATA ITEM NO.:  5
0INDICES PASSED TO SUBROUTINE PRED:
  26   2  23   0   0   0   7   0   0   0   0
0LABELS FOR DATA ITEMS:
 IDD TIME AAMT DV MDV LEFT CMT SITE DRUG DAY WEEK BLQ TYPE DOSE GROUP ROWC ROWD ROWNN NID ID LGAMT LOGDOSE AMT LNDOSE ROW
 EVID
0(NONBLANK) LABELS FOR PRED-DEFINED ITEMS:
 Q12 Q13 Q14 V1 V2 V3 V4 CL1 CL2 CL3 CL4 F1 IPRED IWRES
0FORMAT FOR DATA:
 (4(6E12.0/),1E12.0,1F2.0)

 TOT. NO. OF OBS RECS:      480
 TOT. NO. OF INDIVIDUALS:      144
0LENGTH OF THETA:  27
0DEFAULT THETA BOUNDARY TEST OMITTED:    NO
0OMEGA HAS SIMPLE DIAGONAL FORM WITH DIMENSION:  12
0DEFAULT OMEGA BOUNDARY TEST OMITTED:    NO
0SIGMA HAS SIMPLE DIAGONAL FORM WITH DIMENSION:   4
0DEFAULT SIGMA BOUNDARY TEST OMITTED:    NO
0INITIAL ESTIMATE OF THETA:
 LOWER BOUND    INITIAL EST    UPPER BOUND
  0.0000E+00     0.1000E-04     0.1000E+07
  0.0000E+00     0.1000E-04     0.1000E+07
  0.0000E+00     0.1000E-04     0.1000E+07
  0.1500E-02     0.1500E-02     0.1500E-02
  0.6860E-04     0.6860E-04     0.6860E-04
  0.2000E-03     0.2000E-03     0.2000E-03
  0.1080E-04     0.1080E-04     0.1080E-04
  0.0000E+00     0.1000E-04     0.1000E+07
  0.0000E+00     0.1000E-05     0.1000E+07
  0.0000E+00     0.1000E-03     0.1000E+07
  0.0000E+00     0.1000E-03     0.1000E+07
  0.1000E-03     0.1000E-03     0.1000E-03
  0.0000E+00     0.3000E+00     0.1000E+07
  0.1000E-03     0.1000E-03     0.1000E-03
  0.0000E+00     0.3000E+00     0.1000E+07
  0.1000E-03     0.1000E-03     0.1000E-03
  0.0000E+00     0.3000E+00     0.1000E+07
  0.1000E-03     0.1000E-03     0.1000E-03
  0.0000E+00     0.3000E+00     0.1000E+07
  0.0000E+00     0.1000E+00     0.1000E+01
  0.0000E+00     0.1000E+00     0.1000E+01
  0.0000E+00     0.1000E+00     0.1000E+01
  0.0000E+00     0.7000E+00     0.1000E+07
  0.0000E+00     0.7000E+00     0.1000E+07
  0.0000E+00     0.7000E+00     0.1000E+07
  0.0000E+00     0.1000E-04     0.1000E+07
  0.0000E+00     0.1000E-04     0.1000E+07
0INITIAL ESTIMATE OF OMEGA:
 0.0000E+00
 0.0000E+00   0.0000E+00
 0.0000E+00   0.0000E+00   0.0000E+00
 0.0000E+00   0.0000E+00   0.0000E+00   0.0000E+00
 0.0000E+00   0.0000E+00   0.0000E+00   0.0000E+00   0.0000E+00
 0.0000E+00   0.0000E+00   0.0000E+00   0.0000E+00   0.0000E+00   0.0000E+00
 0.0000E+00   0.0000E+00   0.0000E+00   0.0000E+00   0.0000E+00   0.0000E+00   0.0000E+00
 0.0000E+00   0.0000E+00   0.0000E+00   0.0000E+00   0.0000E+00   0.0000E+00   0.0000E+00   0.0000E+00
 0.0000E+00   0.0000E+00   0.0000E+00   0.0000E+00   0.0000E+00   0.0000E+00   0.0000E+00   0.0000E+00   0.0000E+00
 0.0000E+00   0.0000E+00   0.0000E+00   0.0000E+00   0.0000E+00   0.0000E+00   0.0000E+00   0.0000E+00   0.0000E+00   0.0000E+00
 0.0000E+00   0.0000E+00   0.0000E+00   0.0000E+00   0.0000E+00   0.0000E+00   0.0000E+00   0.0000E+00   0.0000E+00   0.0000E+00
 0.0000E+00
 0.0000E+00   0.0000E+00   0.0000E+00   0.0000E+00   0.0000E+00   0.0000E+00   0.0000E+00   0.0000E+00   0.0000E+00   0.0000E+00
 0.0000E+00   0.0000E+00
0OMEGA CONSTRAINED TO BE THIS INITIAL ESTIMATE
0INITIAL ESTIMATE OF SIGMA:
 0.4000E-01
 0.0000E+00   0.4000E-01
 0.0000E+00   0.0000E+00   0.4000E-01
 0.0000E+00   0.0000E+00   0.0000E+00   0.4000E-01
0TABLES STEP OMITTED:    NO
 NO. OF TABLES:           2
 SEED NUMBER (SEED):    11456
 NPDTYPE:    0
 INTERPTYPE:    0
 RANMETHOD:             3U
 MC SAMPLES (ESAMPLE):    300
 WRES SQUARE ROOT TYPE (WRESCHOL): EIGENVALUE
0-- TABLE   1 --
0RECORDS ONLY:    ALL
04 COLUMNS APPENDED:    YES
 PRINTED:                NO
 HEADER:                YES
 FILE TO BE FORWARDED:   NO
 FORMAT:                S1PE11.4
 IDFORMAT:
 LFORMAT:
 RFORMAT:
 FIXED_EFFECT_ETAS:
0USER-CHOSEN ITEMS:
 ID TIME AMT DV MDV LEFT CMT SITE DRUG DAY WEEK BLQ TYPE DOSE GROUP ROWC ROWD ROWNN NID IDD LGAMT LOGDOSE LNDOSE ROW IPRED
 CWRES IWRES
0-- TABLE   2 --
0RECORDS ONLY:    ALL
04 COLUMNS APPENDED:    NO
 PRINTED:                NO
 HEADER:                YES
 FILE TO BE FORWARDED:   NO
 FORMAT:                S1PE11.4
 IDFORMAT:
 LFORMAT:
 RFORMAT:
 FIXED_EFFECT_ETAS:
0USER-CHOSEN ITEMS:
 ID CL1 CL2 CL3 CL4 Q12 Q13 Q14 V1 V2 V3 V4 F1 MDV DOSE GROUP TYPE CMT
1DOUBLE PRECISION PREDPP VERSION 7.5.1

 GENERAL NONLINEAR KINETICS MODEL WITH STIFF/NONSTIFF EQUATIONS (LSODA, ADVAN13)
0MODEL SUBROUTINE USER-SUPPLIED - ID NO. 9999
0MAXIMUM NO. OF BASIC PK PARAMETERS:  10
0COMPARTMENT ATTRIBUTES
 COMPT. NO.   FUNCTION   INITIAL    ON/OFF      DOSE      DEFAULT    DEFAULT
                         STATUS     ALLOWED    ALLOWED    FOR DOSE   FOR OBS.
    1         VIT          ON         YES        YES        YES        YES
    2         RET          ON         YES        YES        NO         NO
    3         OPT          ON         YES        YES        NO         NO
    4         IRIS         ON         YES        YES        NO         NO
    5         OUTPUT       OFF        YES        NO         NO         NO
 INITIAL (BASE) TOLERANCE SETTINGS:
 NRD (RELATIVE) VALUE(S) OF TOLERANCE:   3
 ANRD (ABSOLUTE) VALUE(S) OF TOLERANCE:  12
1
 ADDITIONAL PK PARAMETERS - ASSIGNMENT OF ROWS IN GG
 COMPT. NO.                             INDICES
              SCALE      BIOAVAIL.   ZERO-ORDER  ZERO-ORDER  ABSORB
                         FRACTION    RATE        DURATION    LAG
    1           12          11           *           *           *
    2           13           *           *           *           *
    3           14           *           *           *           *
    4           15           *           *           *           *
    5            *           -           -           -           -
             - PARAMETER IS NOT ALLOWED FOR THIS MODEL
             * PARAMETER IS NOT SUPPLIED BY PK SUBROUTINE;
               WILL DEFAULT TO ONE IF APPLICABLE
0DATA ITEM INDICES USED BY PRED ARE:
   EVENT ID DATA ITEM IS DATA ITEM NO.:     26
   TIME DATA ITEM IS DATA ITEM NO.:          2
   DOSE AMOUNT DATA ITEM IS DATA ITEM NO.:  23
   COMPT. NO. DATA ITEM IS DATA ITEM NO.:    7

0PK SUBROUTINE CALLED WITH EVERY EVENT RECORD.
 PK SUBROUTINE NOT CALLED AT NONEVENT (ADDITIONAL OR LAGGED) DOSE TIMES.
0ERROR SUBROUTINE CALLED WITH EVERY EVENT RECORD.
0DES SUBROUTINE USES COMPACT STORAGE MODE.

 #PARA: PARAFILE=mpiwini8.pnm, PROTOCOL=MPI, NODES= 12

1


 #TBLN:      1
 #METH: First Order Conditional Estimation with Interaction

 ESTIMATION STEP OMITTED:                 NO
 ANALYSIS TYPE:                           POPULATION
 NUMBER OF SADDLE POINT RESET ITERATIONS:      0
 GRADIENT METHOD USED:               NOSLOW
 CONDITIONAL ESTIMATES USED:              YES
 CENTERED ETA:                            NO
 EPS-ETA INTERACTION:                     YES
 LAPLACIAN OBJ. FUNC.:                    NO
 NO. OF FUNCT. EVALS. ALLOWED:            9999
 NO. OF SIG. FIGURES REQUIRED:            2
 INTERMEDIATE PRINTOUT:                   YES
 ESTIMATE OUTPUT TO MSF:                  NO
 IND. OBJ. FUNC. VALUES SORTED:           NO
 NUMERICAL DERIVATIVE
       FILE REQUEST (NUMDER):               NONE
 MAP (ETAHAT) ESTIMATION METHOD (OPTMAP):   0
 ETA HESSIAN EVALUATION METHOD (ETADER):    0
 INITIAL ETA FOR MAP ESTIMATION (MCETA):    0
 SIGDIGITS FOR MAP ESTIMATION (SIGLO):      100
 GRADIENT SIGDIGITS OF
       FIXED EFFECTS PARAMETERS (SIGL):     100
 NOPRIOR SETTING (NOPRIOR):                 0
 NOCOV SETTING (NOCOV):                     OFF
 DERCONT SETTING (DERCONT):                 OFF
 FINAL ETA RE-EVALUATION (FNLETA):          1
 EXCLUDE NON-INFLUENTIAL (NON-INFL.) ETAS
       IN SHRINKAGE (ETASTYPE):             NO
 NON-INFL. ETA CORRECTION (NONINFETA):      0
 RAW OUTPUT FILE (FILE): GC_831.ext
 EXCLUDE TITLE (NOTITLE):                   NO
 EXCLUDE COLUMN LABELS (NOLABEL):           NO
 FORMAT FOR ADDITIONAL FILES (FORMAT):      S1PE12.5
 PARAMETER ORDER FOR OUTPUTS (ORDER):       TSOL
 KNUTHSUMOFF:                               0
 INCLUDE LNTWOPI:                           NO
 INCLUDE CONSTANT TERM TO PRIOR (PRIORC):   NO
 INCLUDE CONSTANT TERM TO OMEGA (ETA) (OLNTWOPI):NO
 ADDITIONAL CONVERGENCE TEST (CTYPE=4)?:    NO
 EM OR BAYESIAN METHOD USED:                 NONE

 TOLERANCES FOR ESTIMATION/EVALUATION STEP:
 NRD (RELATIVE) VALUE(S) OF TOLERANCE:   3
 ANRD (ABSOLUTE) VALUE(S) OF TOLERANCE:  12
 TOLERANCES FOR COVARIANCE STEP:
 NRD (RELATIVE) VALUE(S) OF TOLERANCE:   3
 ANRD (ABSOLUTE) VALUE(S) OF TOLERANCE:  12
 TOLERANCES FOR TABLE/SCATTER STEP:
 NRD (RELATIVE) VALUE(S) OF TOLERANCE:   3
 ANRD (ABSOLUTE) VALUE(S) OF TOLERANCE:  12

 THE FOLLOWING LABELS ARE EQUIVALENT
 PRED=PREDI
 RES=RESI
 WRES=WRESI
 IWRS=IWRESI
 IPRD=IPREDI
 IRS=IRESI

 MONITORING OF SEARCH:

ON WORKER: WORKER1,ON DIRECTORY: worker1\, NODE ID: 1
0PRED EXIT CODE = 1
0INDIVIDUAL NO.      14   ID= 1.20710000000000E+04   (WITHIN-INDIVIDUAL) DATA REC NO.   1
 THETA=
  8.39E-07   2.30E-06   1.92E-06   1.50E-03   6.86E-05   2.00E-04   1.08E-05   1.00E-04   1.64E+00   1.05E-04
  9.70E-05   1.00E-04   1.96E-01   1.00E-04   3.00E-01   1.00E-04   3.06E-01   1.00E-04   3.02E-01   5.92E-02
 -1.55E+00   3.87E-05   9.56E-05
 PK PARAMETER FOR BIOAVAILABILITY FRACTION IS NEGATIVE
0PROGRAM TERMINATED BY OBJ
 MESSAGE ISSUED FROM ESTIMATION STEP
 ADDITIONAL ERRORS ARE LISTED IN PRDERR

0ITERATION NO.:    0    OBJECTIVE VALUE:  5.628685249257200E+22    NO. OF FUNC. EVALS.:  25
 CUMULATIVE NO. OF FUNC. EVALS.:       25
 NPARAMETR:  1.0000E-05  1.0000E-05  1.0000E-05  1.0000E-05  1.0000E-06  1.0000E-04  1.0000E-04  3.0000E-01  3.0000E-01  3.0000E-01
             3.0000E-01  1.0000E-01  1.0000E-01  1.0000E-01  7.0000E-01  7.0000E-01  7.0000E-01  1.0000E-05  1.0000E-05  4.0000E-02
             4.0000E-02  4.0000E-02  4.0000E-02
 PARAMETER:  1.0000E-01  1.0000E-01  1.0000E-01  1.0000E-01  1.0000E-01  1.0000E-01  1.0000E-01  1.0000E-01  1.0000E-01  1.0000E-01
             1.0000E-01  1.0000E-01  1.0000E-01  1.0000E-01  1.0000E-01  1.0000E-01  1.0000E-01  1.0000E-01  1.0000E-01  1.0000E-01
             1.0000E-01  1.0000E-01  1.0000E-01
 GRADIENT:   4.7618E+21  1.3316E+23  1.3356E+23  1.4362E+23  1.5101E+22  1.5265E+22  7.7661E+21 -1.6892E+22 -4.4277E+19 -6.9305E+16
            -5.9661E+18 -1.4846E+19 -3.8867E+18 -3.5140E+18  2.9942E+21 -1.5491E+22 -1.3397E+21 -1.1848E+22 -6.5667E+21 -1.1211E+23
            -2.9352E+20 -5.3971E+17 -6.1156E+19

0ITERATION NO.:   10    OBJECTIVE VALUE:   12793.1904938824        NO. OF FUNC. EVALS.: 262
 CUMULATIVE NO. OF FUNC. EVALS.:      287
 NPARAMETR:  7.4647E-07  2.6619E-06  2.9535E-06  1.8076E-06  3.5602E-06  1.2729E-05  2.5557E-05  1.3488E+00  1.4316E+00  1.4853E+00
             1.2397E+00  8.5440E-02  1.2074E-01  1.2270E-01  4.6896E-01  4.3817E+00  5.6746E-01  1.8561E-05  7.0965E-05  1.7644E+00
             9.1272E-01  9.8054E-01  6.8336E-01
 PARAMETER: -2.4950E+00 -1.2236E+00 -1.1196E+00 -1.6106E+00  1.3698E+00 -1.9613E+00 -1.2643E+00  1.6032E+00  1.6628E+00  1.6996E+00
             1.5188E+00 -7.3405E-02  3.1177E-01  3.3012E-01 -3.0057E-01  1.9341E+00 -1.0990E-01  7.1850E-01  2.0596E+00  1.9933E+00
             1.6638E+00  1.6996E+00  1.5191E+00
 GRADIENT:   9.0941E+02  9.7588E+02  2.0075E+03  4.4494E+03  1.0486E+03  1.0171E+03  2.9350E+03 -5.8744E+02 -4.1976E+02 -1.9553E+02
            -2.0274E+03 -5.2431E+02 -5.1817E+02 -1.1955E+03  6.2569E+01  1.6143E+02 -1.2365E+03 -7.4583E+02 -3.8217E+02 -5.8424E+02
            -4.1975E+02 -1.9553E+02 -2.0274E+03

0ITERATION NO.:   20    OBJECTIVE VALUE:   12017.7271591713        NO. OF FUNC. EVALS.: 515
 CUMULATIVE NO. OF FUNC. EVALS.:      802
 NPARAMETR:  2.6488E-07  2.0492E-06  1.5339E-06  9.9466E-07  1.1593E-05  1.0652E-04  9.7105E-05  1.0215E+00  2.2403E+00  3.0808E+00
             2.2419E+00  7.5942E-02  1.4726E-01  1.6330E-01  3.2376E-01  8.8421E-01  5.2136E-01  4.5216E-05  3.7693E-04  1.0088E+00
             2.2357E+00  4.2185E+00  2.2352E+00
 PARAMETER: -3.5311E+00 -1.4851E+00 -1.7747E+00 -2.2079E+00  2.5504E+00  1.6316E-01  7.0625E-02  1.3253E+00  2.1106E+00  2.4292E+00
             2.1113E+00 -2.0159E-01  5.4096E-01  6.6334E-01 -6.7107E-01  3.3361E-01 -1.9465E-01  1.6089E+00  3.7295E+00  1.7138E+00
             2.1117E+00  2.4292E+00  2.1116E+00
 GRADIENT:  -6.3760E+02  3.2492E+02 -4.4461E+01  8.1806E+02  8.8018E+02  1.5397E+02  4.0941E+02 -4.6793E+01 -7.7417E+02 -4.5650E+01
            -8.5242E+02 -5.1782E+01 -3.8357E+02 -6.1451E+02 -2.0290E+01  2.5965E+01 -7.8046E+02 -1.8451E+01 -2.3796E+02 -4.6815E+01
            -7.7417E+02 -4.5650E+01 -8.5242E+02

0ITERATION NO.:   30    OBJECTIVE VALUE:   11418.3871536728        NO. OF FUNC. EVALS.: 314
 CUMULATIVE NO. OF FUNC. EVALS.:     1116
 NPARAMETR:  4.7717E-07  2.1340E-06  2.2726E-06  8.7293E-07  8.6339E-06  1.0640E-04  9.7086E-05  1.6689E+00  2.7308E+00  3.0821E+00
             3.2956E+00  6.2108E-02  1.2973E-01  2.0715E-01  1.7509E-01  4.4819E-01  5.2304E-01  4.3438E-05  2.8921E-04  2.4785E+00
             3.3216E+00  4.2221E+00  4.8298E+00
 PARAMETER: -2.9425E+00 -1.4446E+00 -1.3816E+00 -2.3385E+00  2.2557E+00  1.6204E-01  7.0426E-02  1.8161E+00  2.3086E+00  2.4296E+00
             2.4965E+00 -4.1753E-01  3.9391E-01  9.5500E-01 -1.2858E+00 -3.4587E-01 -1.9143E-01  1.5687E+00  3.4646E+00  2.1633E+00
             2.3097E+00  2.4296E+00  2.4968E+00
 GRADIENT:  -1.0452E+01 -1.5252E+01  4.2532E+01  3.1249E+01  3.5590E+01  2.1827E+00  2.8416E+01  8.8093E-01  8.5865E+00 -1.5389E+01
            -1.4068E+00 -2.8791E+01  5.6077E+00 -2.9381E+01 -5.6732E-01 -5.0862E+01  2.9716E+01 -7.7182E+00  2.1827E+01  1.7041E+00
             8.5891E+00 -1.5389E+01 -1.4061E+00

0ITERATION NO.:   40    OBJECTIVE VALUE:   11342.7506914134        NO. OF FUNC. EVALS.: 260
 CUMULATIVE NO. OF FUNC. EVALS.:     1376
 NPARAMETR:  8.1840E-07  2.3382E-06  1.8828E-06  4.7494E-07  4.0959E-06  1.0565E-04  9.6803E-05  1.5547E+00  1.1710E+00  1.7738E+00
             3.5843E+00  1.0346E-01  1.7801E-01  2.8465E-01  2.3845E-01  7.2689E-01  5.2248E-01  4.0643E-05  1.0177E-04  1.4948E+00
             6.1063E-01  1.3985E+00  5.7126E+00
 PARAMETER: -2.4030E+00 -1.3532E+00 -1.5698E+00 -2.9472E+00  1.5100E+00  1.5498E-01  6.7511E-02  1.7453E+00  1.4619E+00  1.8771E+00
             2.5805E+00  1.3788E-01  7.6734E-01  1.3757E+00 -9.7692E-01  1.3769E-01 -1.9250E-01  1.5022E+00  2.4202E+00  1.9104E+00
             1.4628E+00  1.8771E+00  2.5808E+00
 GRADIENT:  -2.1546E-01  6.7977E+00  3.4283E+01  1.9634E+01  1.9900E+01  8.9827E+01  3.2524E+01 -8.8830E+00 -9.5918E+00 -1.8140E+01
            -9.3621E+00  1.0832E+01 -3.1514E+01 -1.5540E+01 -9.1033E+00  1.2232E+01 -5.1342E+01 -1.2428E+01 -8.9113E+00 -8.4748E+00
            -9.5895E+00 -1.8140E+01 -9.3614E+00

0ITERATION NO.:   50    OBJECTIVE VALUE:   11338.3437750335        NO. OF FUNC. EVALS.: 638
 CUMULATIVE NO. OF FUNC. EVALS.:     2014
 NPARAMETR:  8.5189E-07  2.3155E-06  1.9317E-06  4.6381E-07  3.9575E-06  1.0566E-04  9.6808E-05  1.6363E+00  1.1612E+00  1.8214E+00
             3.6642E+00  9.8265E-02  1.8572E-01  2.8889E-01  2.4210E-01  7.0851E-01  5.2378E-01  4.0427E-05  9.5592E-05  1.6301E+00
             6.0042E-01  1.4745E+00  5.9703E+00
 PARAMETER: -2.3629E+00 -1.3629E+00 -1.5442E+00 -2.9709E+00  1.4756E+00  1.5507E-01  6.7557E-02  1.7964E+00  1.4534E+00  1.9036E+00
             2.6026E+00  8.0569E-02  8.1915E-01  1.3964E+00 -9.6173E-01  1.1208E-01 -1.9001E-01  1.4969E+00  2.3575E+00  1.9538E+00
             1.4544E+00  1.9036E+00  2.6028E+00
 GRADIENT:   1.2656E+00 -4.2677E+00 -8.7397E-01  1.8053E+00 -1.0290E+01  6.0664E+01  8.2359E+01  1.2335E+00  2.0590E+00 -9.8259E-01
             1.4090E+00  1.5099E+00 -6.5206E+00  3.0649E-01  6.8815E+00 -6.3227E+01 -1.1001E+02  8.1033E+00  2.5434E+00  1.2241E+00
             2.0590E+00 -9.8259E-01  1.4089E+00

0ITERATION NO.:   60    OBJECTIVE VALUE:   11337.4634673975        NO. OF FUNC. EVALS.: 484
 CUMULATIVE NO. OF FUNC. EVALS.:     2498
 NPARAMETR:  8.4721E-07  2.3046E-06  1.9277E-06  4.5181E-07  3.9930E-06  1.0547E-04  9.6991E-05  1.6196E+00  1.1562E+00  1.8157E+00
             3.5986E+00  9.7986E-02  1.9204E-01  2.8872E-01  2.3766E-01  6.8128E-01  5.2738E-01  3.8988E-05  9.5851E-05  1.5971E+00
             5.9524E-01  1.4653E+00  5.7583E+00
 PARAMETER: -2.3684E+00 -1.3677E+00 -1.5463E+00 -2.9971E+00  1.4845E+00  1.5326E-01  6.9447E-02  1.7862E+00  1.4491E+00  1.9005E+00
             2.5845E+00  7.7423E-02  8.6044E-01  1.3956E+00 -9.8023E-01  7.2892E-02 -1.8315E-01  1.4607E+00  2.3602E+00  1.9435E+00
             1.4500E+00  1.9005E+00  2.5848E+00
 GRADIENT:   1.8248E+01  7.2227E+01  3.3817E+01  1.6354E+01  2.5847E+01  1.0553E+02  2.8975E+01 -1.0692E+01  1.6443E+00  1.2932E-01
            -9.3524E-01 -1.2734E+00  9.8627E-01 -1.3405E+00 -3.7202E+00 -8.1440E+00 -3.7307E+01  1.4083E+01  1.6169E+01 -1.0301E+01
             1.6465E+00  1.2933E-01 -9.3464E-01

0ITERATION NO.:   70    OBJECTIVE VALUE:   11336.0050206937        NO. OF FUNC. EVALS.: 495
 CUMULATIVE NO. OF FUNC. EVALS.:     2993
 NPARAMETR:  8.3782E-07  2.2944E-06  1.9234E-06  4.3503E-07  3.9820E-06  1.0538E-04  9.7052E-05  1.6290E+00  1.1473E+00  1.8182E+00
             3.5591E+00  9.5822E-02  1.9346E-01  2.9142E-01  2.3792E-01  6.8804E-01  5.5250E-01  3.8800E-05  9.5731E-05  1.6124E+00
             5.8616E-01  1.4693E+00  5.6326E+00
 PARAMETER: -2.3795E+00 -1.3721E+00 -1.5485E+00 -3.0349E+00  1.4818E+00  1.5236E-01  7.0078E-02  1.7919E+00  1.4414E+00  1.9018E+00
             2.5735E+00  5.2688E-02  8.6953E-01  1.4087E+00 -9.7917E-01  8.2766E-02 -1.3663E-01  1.4558E+00  2.3590E+00  1.9483E+00
             1.4424E+00  1.9018E+00  2.5737E+00
 GRADIENT:  -1.9509E+00 -1.1365E+01  3.0756E+00  7.9403E-01 -4.3342E-01 -3.2838E+00  1.7297E+01 -1.2730E+00 -8.8525E-01  3.9338E-01
             7.6550E+00 -5.6112E-01 -5.3445E+00  1.0188E+00 -8.4787E-01  2.3004E+01 -4.1723E+01  8.7678E+00  1.0059E+01 -1.2824E+00
            -8.8529E-01  3.9338E-01  7.6550E+00

0ITERATION NO.:   72    OBJECTIVE VALUE:   11335.6861719223        NO. OF FUNC. EVALS.: 120
 CUMULATIVE NO. OF FUNC. EVALS.:     3113
 NPARAMETR:  8.3898E-07  2.2988E-06  1.9247E-06  4.3436E-07  3.9853E-06  1.0538E-04  9.6946E-05  1.6356E+00  1.1493E+00  1.8200E+00
             3.5373E+00  9.5914E-02  1.9371E-01  2.9108E-01  2.3835E-01  6.8739E-01  5.5259E-01  3.8749E-05  9.5658E-05  1.6180E+00
             5.8817E-01  1.4722E+00  5.5640E+00
 PARAMETER: -2.3782E+00 -1.3703E+00 -1.5480E+00 -3.0363E+00  1.4826E+00  1.5232E-01  6.9979E-02  1.7961E+00  1.4431E+00  1.9031E+00
             2.5676E+00  5.3688E-02  8.7159E-01  1.4074E+00 -9.7736E-01  8.1952E-02 -1.3647E-01  1.4545E+00  2.3580E+00  1.9501E+00
             1.4441E+00  1.9031E+00  2.5679E+00
 GRADIENT:  -8.5727E-01 -7.9673E+00 -4.6171E+00  6.3946E-01  1.4754E+00 -5.3961E+01  4.6089E+00  6.1428E-01  1.6029E-01  2.0381E+00
             2.0750E+00 -1.5820E-01  4.4322E+00  1.0159E+00 -9.7138E-02  1.0436E+00 -9.2381E+00 -1.5699E+00 -8.5553E+00  6.0507E-01
             1.6024E-01  2.0381E+00  2.0749E+00

 #TERM:
0MINIMIZATION TERMINATED
 DUE TO ROUNDING ERRORS (ERROR=134)
 NO. OF FUNCTION EVALUATIONS USED:     3113
 NO. OF SIG. DIGITS UNREPORTABLE

 ETABAR IS THE ARITHMETIC MEAN OF THE ETA-ESTIMATES,
 AND THE P-VALUE IS GIVEN FOR THE NULL HYPOTHESIS THAT THE TRUE MEAN IS 0.

 ETABAR:         0.0000E+00  0.0000E+00  0.0000E+00  0.0000E+00  0.0000E+00  0.0000E+00  0.0000E+00  0.0000E+00  0.0000E+00  0.0000E+00
                 0.0000E+00  0.0000E+00
 SE:             0.0000E+00  0.0000E+00  0.0000E+00  0.0000E+00  0.0000E+00  0.0000E+00  0.0000E+00  0.0000E+00  0.0000E+00  0.0000E+00
                 0.0000E+00  0.0000E+00
 N:                     130         130         130         130         130         130         130         130         130         130
                        130         130

 P VAL.:         1.0000E+00  1.0000E+00  1.0000E+00  1.0000E+00  1.0000E+00  1.0000E+00  1.0000E+00  1.0000E+00  1.0000E+00  1.0000E+00
                 1.0000E+00  1.0000E+00

 ETASHRINKSD(%)  0.0000E+00  0.0000E+00  0.0000E+00  0.0000E+00  0.0000E+00  0.0000E+00  0.0000E+00  0.0000E+00  0.0000E+00  0.0000E+00
                 0.0000E+00  0.0000E+00
 ETASHRINKVR(%)  0.0000E+00  0.0000E+00  0.0000E+00  0.0000E+00  0.0000E+00  0.0000E+00  0.0000E+00  0.0000E+00  0.0000E+00  0.0000E+00
                 0.0000E+00  0.0000E+00
 EBVSHRINKSD(%)  0.0000E+00  0.0000E+00  0.0000E+00  0.0000E+00  0.0000E+00  0.0000E+00  0.0000E+00  0.0000E+00  0.0000E+00  0.0000E+00
                 0.0000E+00  0.0000E+00
 EBVSHRINKVR(%)  0.0000E+00  0.0000E+00  0.0000E+00  0.0000E+00  0.0000E+00  0.0000E+00  0.0000E+00  0.0000E+00  0.0000E+00  0.0000E+00
                 0.0000E+00  0.0000E+00
 RELATIVEINF(%)  0.0000E+00  0.0000E+00  0.0000E+00  0.0000E+00  0.0000E+00  0.0000E+00  0.0000E+00  0.0000E+00  0.0000E+00  0.0000E+00
                 0.0000E+00  0.0000E+00
 EPSSHRINKSD(%)  1.0000E-10  1.0000E-10  1.0000E-10  1.0000E-10
 EPSSHRINKVR(%)  1.0000E-10  1.0000E-10  1.0000E-10  1.0000E-10

  
 TOTAL DATA POINTS NORMALLY DISTRIBUTED (N):          576
 N*LOG(2PI) CONSTANT TO OBJECTIVE FUNCTION:    1058.6171902517829     
 OBJECTIVE FUNCTION VALUE WITHOUT CONSTANT:    11335.686171922276     
 OBJECTIVE FUNCTION VALUE WITH CONSTANT:       12394.303362174060     
 REPORTED OBJECTIVE FUNCTION DOES NOT CONTAIN CONSTANT
  
 TOTAL EFFECTIVE ETAS (NIND*NETA):                             0
  
 #TERE:
 Elapsed estimation  time in seconds:    28.93
ON WORKER: WORKER1,ON DIRECTORY: worker1\, NODE ID: 1
0PRED EXIT CODE = 1
0INDIVIDUAL NO.      14   ID= 1.20710000000000E+04   (WITHIN-INDIVIDUAL) DATA REC NO.   1
 THETA=
  8.39E-07   2.30E-06   1.92E-06   1.50E-03   6.86E-05   2.00E-04   1.08E-05   1.00E-04   1.64E+00   1.05E-04
  9.70E-05   1.00E-04   1.96E-01   1.00E-04   3.00E-01   1.00E-04   3.06E-01   1.00E-04   3.02E-01   5.92E-02
 -1.55E+00   3.87E-05   9.56E-05
 PK PARAMETER FOR BIOAVAILABILITY FRACTION IS NEGATIVE
0PROGRAM TERMINATED BY OBJ
 MESSAGE ISSUED FROM ESTIMATION STEP
 ADDITIONAL ERRORS ARE LISTED IN PRDERR
ON WORKER: WORKER1,ON DIRECTORY: worker1\, NODE ID: 1
0PRED EXIT CODE = 1
0INDIVIDUAL NO.      14   ID= 1.20710000000000E+04   (WITHIN-INDIVIDUAL) DATA REC NO.   1
 THETA=
  8.39E-07   2.30E-06   1.92E-06   1.50E-03   6.86E-05   2.00E-04   1.08E-05   1.00E-04   1.64E+00   1.05E-04
  9.70E-05   1.00E-04   1.96E-01   1.00E-04   3.00E-01   1.00E-04   3.06E-01   1.00E-04   3.02E-01   5.92E-02
 -1.55E+00   3.87E-05   9.56E-05
 PK PARAMETER FOR BIOAVAILABILITY FRACTION IS NEGATIVE
0PROGRAM TERMINATED BY OBJ
 MESSAGE ISSUED FROM ESTIMATION STEP
 ADDITIONAL ERRORS ARE LISTED IN PRDERR
 Elapsed postprocess time in seconds:     0.09
1
 
 
 
 
 
 
 
 
 
 
 
 
 
 
 
 
 
 
 
 
 ************************************************************************************************************************
 ********************                                                                                ********************
 ********************               FIRST ORDER CONDITIONAL ESTIMATION WITH INTERACTION              ********************
 #OBJT:**************                       MINIMUM VALUE OF OBJECTIVE FUNCTION                      ********************
 ********************                                                                                ********************
 ************************************************************************************************************************
 





 #OBJV:********************************************    11335.686       **************************************************
1
 ************************************************************************************************************************
 ********************                                                                                ********************
 ********************               FIRST ORDER CONDITIONAL ESTIMATION WITH INTERACTION              ********************
 ********************                             FINAL PARAMETER ESTIMATE                           ********************
 ********************                                                                                ********************
 ************************************************************************************************************************
 


 THETA - VECTOR OF FIXED EFFECTS PARAMETERS   *********


         TH 1      TH 2      TH 3      TH 4      TH 5      TH 6      TH 7      TH 8      TH 9      TH10      TH11      TH12     
          TH13      TH14      TH15      TH16      TH17      TH18      TH19      TH20      TH21      TH22      TH23      TH24     
         TH25      TH26      TH27     
 
         8.39E-07  2.30E-06  1.92E-06  1.50E-03  6.86E-05  2.00E-04  1.08E-05  4.34E-07  3.99E-06  1.05E-04  9.70E-05  1.00E-04
          1.64E+00  1.00E-04  1.15E+00  1.00E-04  1.82E+00  1.00E-04  3.54E+00  9.59E-02  1.94E-01  2.91E-01  2.38E-01  6.87E-01
         5.53E-01  3.87E-05  9.56E-05
 


 OMEGA - COV MATRIX FOR RANDOM EFFECTS - ETAS  ********


         ETA1      ETA2      ETA3      ETA4      ETA5      ETA6      ETA7      ETA8      ETA9      ET10      ET11      ET12     

 
 ETA1
+        0.00E+00
 
 ETA2
+        0.00E+00  0.00E+00
 
 ETA3
+        0.00E+00  0.00E+00  0.00E+00
 
 ETA4
+        0.00E+00  0.00E+00  0.00E+00  0.00E+00
 
 ETA5
+        0.00E+00  0.00E+00  0.00E+00  0.00E+00  0.00E+00
 
 ETA6
+        0.00E+00  0.00E+00  0.00E+00  0.00E+00  0.00E+00  0.00E+00
 
 ETA7
+        0.00E+00  0.00E+00  0.00E+00  0.00E+00  0.00E+00  0.00E+00  0.00E+00
 
 ETA8
+        0.00E+00  0.00E+00  0.00E+00  0.00E+00  0.00E+00  0.00E+00  0.00E+00  0.00E+00
 
 ETA9
+        0.00E+00  0.00E+00  0.00E+00  0.00E+00  0.00E+00  0.00E+00  0.00E+00  0.00E+00  0.00E+00
 
 ET10
+        0.00E+00  0.00E+00  0.00E+00  0.00E+00  0.00E+00  0.00E+00  0.00E+00  0.00E+00  0.00E+00  0.00E+00
 
 ET11
+        0.00E+00  0.00E+00  0.00E+00  0.00E+00  0.00E+00  0.00E+00  0.00E+00  0.00E+00  0.00E+00  0.00E+00  0.00E+00
 
 ET12
+        0.00E+00  0.00E+00  0.00E+00  0.00E+00  0.00E+00  0.00E+00  0.00E+00  0.00E+00  0.00E+00  0.00E+00  0.00E+00  0.00E+00
 


 SIGMA - COV MATRIX FOR RANDOM EFFECTS - EPSILONS  ****

1

         EPS1      EPS2      EPS3      EPS4     
 
 EPS1
+        1.62E+00
 
 EPS2
+        0.00E+00  5.88E-01
 
 EPS3
+        0.00E+00  0.00E+00  1.47E+00
 
 EPS4
+        0.00E+00  0.00E+00  0.00E+00  5.57E+00
 
1


 OMEGA - CORR MATRIX FOR RANDOM EFFECTS - ETAS  *******


         ETA1      ETA2      ETA3      ETA4      ETA5      ETA6      ETA7      ETA8      ETA9      ET10      ET11      ET12     

 
 ETA1
+        0.00E+00
 
 ETA2
+        0.00E+00  0.00E+00
 
 ETA3
+        0.00E+00  0.00E+00  0.00E+00
 
 ETA4
+        0.00E+00  0.00E+00  0.00E+00  0.00E+00
 
 ETA5
+        0.00E+00  0.00E+00  0.00E+00  0.00E+00  0.00E+00
 
 ETA6
+        0.00E+00  0.00E+00  0.00E+00  0.00E+00  0.00E+00  0.00E+00
 
 ETA7
+        0.00E+00  0.00E+00  0.00E+00  0.00E+00  0.00E+00  0.00E+00  0.00E+00
 
 ETA8
+        0.00E+00  0.00E+00  0.00E+00  0.00E+00  0.00E+00  0.00E+00  0.00E+00  0.00E+00
 
 ETA9
+        0.00E+00  0.00E+00  0.00E+00  0.00E+00  0.00E+00  0.00E+00  0.00E+00  0.00E+00  0.00E+00
 
 ET10
+        0.00E+00  0.00E+00  0.00E+00  0.00E+00  0.00E+00  0.00E+00  0.00E+00  0.00E+00  0.00E+00  0.00E+00
 
 ET11
+        0.00E+00  0.00E+00  0.00E+00  0.00E+00  0.00E+00  0.00E+00  0.00E+00  0.00E+00  0.00E+00  0.00E+00  0.00E+00
 
 ET12
+        0.00E+00  0.00E+00  0.00E+00  0.00E+00  0.00E+00  0.00E+00  0.00E+00  0.00E+00  0.00E+00  0.00E+00  0.00E+00  0.00E+00
 


 SIGMA - CORR MATRIX FOR RANDOM EFFECTS - EPSILONS  ***


         EPS1      EPS2      EPS3      EPS4     
 
 EPS1
+        1.27E+00
 
 EPS2
+        0.00E+00  7.67E-01
 
 EPS3
+        0.00E+00  0.00E+00  1.21E+00
 
 EPS4
+        0.00E+00  0.00E+00  0.00E+00  2.36E+00
 
 Elapsed finaloutput time in seconds:     0.14
1THERE ARE ERROR MESSAGES IN FILE PRDERR                                                                  
 #CPUT: Total CPU Time in Seconds,       20.906
Stop Time: 
2024-10-02 
오후 06:29
