2024-09-30 
¿ÀÈÄ 06:27
$PROBLEM SB15 VIT AQ FOCE like 2 comp by MID
$INPUT IDD	TIME	AMT	DV	MDV	LEFT	CMT	SITE	DRUG	DAY	WEEK	BLQ	TYPE	DOSE	GROUP	ROWC	ROWD	ROWNN	NID	ID	
;$INPUT NID	MID	ID	TIME	AMT	DV	MDV	LEFT	SITE	DRUG	DAY	WEEK	BLQ	TYPE	DOSE	ROWC	ROWD	ROWNN	CMT
$DATA ..//SB15_VAROIS_COMBID_DOSE_SERUM_NEW.csv IGNORE=@  IGNORE(TYPE.EQ.3) ;IGNORE(CMT.GE.4)

$SUBROUTINE ADVAN13 TOL=3

$MODEL
  NCOMP=6
  COMP=(VIT)         ; Central compartment (Vitreous)
  COMP=(AQ)          ; Peripheral compartment (Aqueous)
  COMP=(RET)         ; New compartment (Retina)
  COMP=(SERUM)       ; Additional compartment (Serum)
  COMP=(OPT)         ; Optic nerve
  COMP=(IRIS)        ; Iris   

$PK
  ; Parameter definitions for each compartment
  CL1 = THETA(1) * EXP(ETA(1))   ; Clearance from the VIT compartment
  V1  = THETA(2) * EXP(ETA(2))   ; Volume of distribution in the VIT compartment
  Q12 = THETA(3) * EXP(ETA(3))   ; Inter-compartmental clearance between VIT and AQ
  V2  = THETA(4) * EXP(ETA(4))   ; Volume of distribution in the AQ compartment
  Q13 = THETA(5) * EXP(ETA(5))   ; Inter-compartmental clearance between VIT and RET
  V3  = THETA(6) * EXP(ETA(6))   ; Volume of distribution in the RET compartment
  Q24 = THETA(7) * EXP(ETA(7))   ; CL from AQ to SERUM
  V4  = THETA(8) * EXP(ETA(8))   ; Volume of distribution in the SERUM compartment
  Q34 = THETA(9) * EXP(ETA(9))   ; CL from RET to SERUM 
  CL4 = THETA(10) * EXP(ETA(10)) ; First-order clearance from the SERUM compartment
  Q14 = THETA(11) * EXP(ETA(11)) ; Inter-compartmental clearance between VIT and SERUM
  
  Q41 = THETA(24) * EXP(ETA(12)) ; Inter-compartmental clearance between VIT and SERUM
  
  Q15 = THETA(25) * EXP(ETA(13)) ; Inter-compartmental clearance between VIT and OPT
  V5  = THETA(26) * EXP(ETA(14)) ; Volume of distribution in the OPT compartment
  Q54 = THETA(27) * EXP(ETA(15)) ; CL from OPT to SERUM 
  
  Q16 = THETA(28) * EXP(ETA(16)) ; Inter-compartmental clearance between VIT and IRIS
  V6  = THETA(29) * EXP(ETA(17)) ; Volume of distribution in the IRIS compartment
  Q26 = THETA(30) * EXP(ETA(18)) ; CL from AQ and IRIS
  Q62 = THETA(31) * EXP(ETA(19)) ; CL from IRIS to AQ
  
  Q42 = THETA(32) * EXP(ETA(20)) ; CL from SERUM to AQ





  
  ; Zero-order elimination rate from the SERUM compartment
  ;ZO4 = THETA(10) * EXP(ETA(10))   ; Zero-order elimination rate from SERUM

  ; Scaling factors for concentrations in each compartment
  S1 = V1 / 1000   ; Scaling factor for VIT compartment (ng/mL)
  S2 = V2 / 1000   ; Scaling factor for AQ compartment (ng/mL)
  S3 = V3 / 1000   ; Scaling factor for RET compartment (ng/mL)
  S4 = V4 / 1000   ; Scaling factor for SERUM compartment (ng/mL)
  S5 = V5 / 1000   ; Scaling factor for OPT compartment (ng/mL) 
  S6 = V6 / 1000   ; Scaling factor for OPT compartment (ng/mL) 


$DES
  ; Define rate constants
  K10 = CL1 / V1       ; Elimination rate constant from the VIT compartment
  K12 = Q12 / V1       ; Distribution rate constant from VIT to AQ
  K21 = Q12 / V2       ; Distribution rate constant from AQ to VIT
  K13 = Q13 / V1       ; Distribution rate constant from VIT to RET
  K31 = Q13 / V3       ; Distribution rate constant from RET to VIT
  K24 = Q24 / V2       ; Distribution rate constant from AQ to SERUM
  K42 = Q42 / V4       ; Distribution rate constant from SERUM to AQ
  K34 = Q34 / V3
  K40 = CL4 / V4       ; First-order elimination rate constant from the SERUM compartment
  
  K14 = Q14/ V1        ; Distribution rate constant from VIT to SERUM  
  K41 = Q41/ V4        ; Distribution rate constant from SERUM to VIT  
  
  K15 = Q15/ V1        ; Distribution rate constant from VIT to OPT  
  K51 = Q15/ V5        ; Distribution rate constant from OPT to SER  
  
  K54 = Q54/ V5        ; Distribution rate constant from OPT to SERUM

  K16 = Q16 / V1       ; Distribution rate constant from VIT to IRIS
  K61 = Q16 / V6       ; Distribution rate constant from IRIS to VIT
    
  K26 = Q26 / V2       ; Distribution rate constant from AQ to IRIS
  K62 = Q62 / V6       ; Distribution rate constant from IRIS to AQ
  
  
  ; Differential equations for drug amount in each compartment

  DADT(1) = - (K10 + K12 + K13 + K14 + K15 + K16) * A(1) + K21 * A(2) + K31 * A(3) + K41 * A(4) + K51 * A(5) + K61 * A(6)
  DADT(2) = K12 * A(1) - (K21 + K24 + K26) * A(2) + K42 * A(4) + K62 * A(6)
  DADT(3) = K13 * A(1) - K31 * A(3) - K34 * A(3)
  DADT(4) = (K24 * A(2) + K34 * A(3) + K14 * A(1)) - (K40 * A(4) + K42 * A(4)) + K54 * A(5) 

  DADT(5) = K15 * A(1) - (K51 * A(5) + K54 * A(5))

  DADT(6) = K16 * A(1) + K26 * A(2) - (K61 + K62) * A(6)


  
  

$ERROR
  IF (CMT.EQ.1) THEN
    IPRED  = F                  ; Individual prediction for VIT
    W      = SQRT(THETA(12)**2 + (THETA(13) * IPRED)**2)  ; Combined error for VIT
    IRES   = DV - IPRED         ; Residuals for VIT
    IWRES  = IRES / W           ; Weighted residuals for VIT
    Y      = IPRED + W * EPS(1) ; Observed value for VIT
  ENDIF

  IF (CMT.EQ.2) THEN
    IPRED  = F                  ; Individual prediction for AQ
    W      = SQRT(THETA(14)**2 + (THETA(15) * IPRED)**2)  ; Combined error for AQ
    IRES   = DV - IPRED         ; Residuals for AQ
    IWRES  = IRES / W           ; Weighted residuals for AQ
    Y      = IPRED + W * EPS(2) ; Observed value for AQ
  ENDIF

  IF (CMT.EQ.3) THEN
    IPRED  = F                  ; Individual prediction for VIT
    W      = SQRT(THETA(16)**2 + (THETA(17) * IPRED)**2)  ; Combined error for VIT
    IRES   = DV - IPRED         ; Residuals for VIT
    IWRES  = IRES / W           ; Weighted residuals for VIT
    Y      = IPRED + W * EPS(3) ; Observed value for VIT
  ENDIF

  IF (CMT.EQ.4) THEN
    IPRED  = F                  ; Individual prediction for AQ
    W      = SQRT(THETA(18)**2 + (THETA(19) * IPRED)**2)  ; Combined error for AQ
    IRES   = DV - IPRED         ; Residuals for AQ
    IWRES  = IRES / W           ; Weighted residuals for AQ
    Y      = IPRED + W * EPS(4) ; Observed value for AQ
  ENDIF

  IF (CMT.EQ.5) THEN
    IPRED  = F                  ; Individual prediction for AQ
    W      = SQRT(THETA(20)**2 + (THETA(21) * IPRED)**2)  ; Combined error for AQ
    IRES   = DV - IPRED         ; Residuals for AQ
    IWRES  = IRES / W           ; Weighted residuals for AQ
    Y      = IPRED + W * EPS(5) ; Observed value for AQ
  ENDIF
  
  
  IF (CMT.EQ.6) THEN
  IPRED  = F                  ; Individual prediction for AQ
  W      = SQRT(THETA(22)**2 + (THETA(23) * IPRED)**2)  ; Combined error for AQ
  IRES   = DV - IPRED         ; Residuals for AQ
  IWRES  = IRES / W           ; Weighted residuals for AQ
  Y      = IPRED + W * EPS(6) ; Observed value for AQ
 ENDIF

$THETA
0 FIX         ;CL1 (0, 0.0000005)   ;CL1 Park CL/F rabbit 0.00001 L/h 0.00001 FIX;          
0.0015   FIX  ;V1   Park V/F rabbit 0.0014 L     0.0014 FIX                                               ;Vit vol fix          
6.00E-06 FIX  ;Q12  (0, 0.0000005);Q12   Park bevacizumab 0.000000667 L/h (=0.016 mL/day)   7.94E-07 FIX  ;VARS_921.ctl
0.000287 FIX  ;V2  0.000287 L (=287uL)                               
6.06E-07 FIX  ;Q13 (0, 0.00001)  ;                                                                        ;VARS_921.ctl
              
6.86E-05  FIX ;V3(0, 0.0001)   ;V3   820 1.32E-03 FIX  ;   ;0.024 FIX ;        ;V3 retina wt 0.024g         ;VARS_921.ctl
(0, 0.0001)   ;Q24 1.33E-04 FIX                                                                             ;VARS_921.ctl
1.3 FIX       ;V4 1 FIX   (0, 0.1)                                                                        ;NCA Vserum,obs
1.84E-06 FIX  ;Q34 Q34    (0, 0.00001)                                  1.81E-06 FIX  ;(                  ;O_910.ctl
8.81E-03 FIX  ;CL4 (0, 0.007)    ;0.007 FIX     ;CL4 (0, 0.005)   0.006 FIX    0.007 FIX to               ;NCA CLserum,obs => est OI_18.ctl 
              
1.94E-06      ;Q14  ; 2.74E-06 FIX ;(0, 0.000002) ;                                                       ;O_910.ctl
              
 10;0.0001 FIX  ;add V1
 (0, 0.3)    ;prop
 10;0.0001 FIX  ;add V2
 (0, 0.3)    ;prop
 10;0.0001 FIX  ;add V3
 (0, 0.3)    ;prop
 5 ;0.0001 FIX  ;add   V4
 (0, 0.3)    ;prop
 
 10; 0.0001 FIX  ;add V5
 (0, 0.3)     ;prop
 
 10; 0.0001 FIX  ;add V6
 (0, 0.3)     ;prop
 
 1.24E-07 ; (0, 0.0000001) ;Q41 1.00E-07 FIX                                                              ;O_910.ctl
 
 (0, 0.000001) ;Q15                                                                    
 0.0002 FIX    ;V5 (0. 0.001)    ;V5 0.0015  FIX   0.00001 FIX  ;V5  ;same ratio as physio weight (retina1:opt3)
 (0, 0.00001)  ;Q54 2.47E-07 FIX  ;Q54 (0, 0.000001) ;Q54  
 
 (0, 0.00000001);Q16
 (0, 0.00001)   ;V6 (0, 0.00001)  ;V6 0.00001 FIX  0.00003 FIX   
 (0, 0.0000005) ;Q26
 (0, 0.000001)  ;Q62
 
 (0, 0.00005)   ;Q42

 
;1 t 2058
;0.00E+00  1.50E-03  6.00E-06  2.87E-04  6.06E-07  6.86E-05  1.33E-04  1.30E+00  1.74E-06  7.00E-03  2.33E-06 -5.24E+00
;         6.36E-01  1.15E+01  2.39E+00  2.77E+01  4.33E-01  5.00E+00  2.41E+00  2.47E+01  9.36E-02 -3.01E+01  3.06E+00  1.00E-09
;        6.41E-07  2.00E-04  2.77E-05  1.00E-08  1.00E-05  2.20E-06
;11 Q41 0 FIX t 2081
;12 Q16 smaller -> comp4, 6 overpredic
;0.00E+00  1.50E-03  6.00E-06  2.87E-04  6.06E-07  6.86E-05  1.33E-04  1.30E+00  1.76E-06  7.00E-03  2.00E-06 -4.26E-02
;        7.77E+01  4.48E+01  2.52E+01  1.33E+02  2.04E+00  5.00E+00  3.90E+00  2.70E+01  9.03E-02 -4.23E-03  1.96E+01  0.00E+00
;        9.31E-07  2.00E-04  4.06E-05  1.33E-08  1.00E-05  2.12E-06
;13 t2052 V6 est 
;0.00E+00  1.50E-03  6.00E-06  2.87E-04  6.06E-07  6.86E-05  1.33E-04  1.30E+00  1.67E-06  7.00E-03  2.68E-06  1.04E+01
;          1.34E+02 -2.77E+01  6.06E+00  1.06E+02  1.59E+00  5.00E+00  1.14E+01  1.94E+01  6.48E-02  7.16E-02  1.24E+02  0.00E+00
;         2.95E-07  2.00E-04  1.35E-05  1.00E-09  1.57E-05  1.29E-05 
;14 t2053 V6 rel large FIX see -> same
;15 tb2045 910 right side FIX -> comp4 underest, comp6 overestimate -> 17
;0.00E+00  1.50E-03  6.00E-06  2.87E-04  6.06E-07  6.86E-05  2.74E-04  1.30E+00  1.84E-06  7.00E-03  1.96E-06  3.40E-01
;          3.08E+00  5.80E+00  1.54E+00  6.81E+01  9.21E-01 -2.99E-02  7.62E+00 -4.16E+01  1.41E-01 -8.40E+01  1.60E+00 -1.13E-04
;         2.87E-07  2.00E-04  1.43E-05  6.41E-10  4.57E-06  2.73E-06

;16 t2081 V4 1.6 FIX 
;0.00E+00  1.50E-03  6.00E-06  2.87E-04  6.06E-07  6.86E-05  9.93E-05  1.60E+00  1.84E-06  7.00E-03  3.45E-07  4.08E+00
;          7.85E-01 -2.77E+01  4.91E+00  5.73E+01  6.65E-01 -3.62E+00  2.50E+00  2.71E+01  9.45E-02 -4.03E-01  7.07E-01 -8.50E-05
;         2.33E-06  2.00E-04  1.29E-04  1.00E-10  1.76E-05  2.87E-06

;17 t2026 Q26 Q62 sep! <= better for comp6, 2, but comp2,4 still overest
;0.00E+00  1.50E-03  6.00E-06  2.87E-04  6.06E-07  6.86E-05  9.61E-05  1.30E+00  1.84E-06  7.00E-03  2.51E-06 -3.26E-01
;          6.36E-01 -7.67E-01  2.96E+00  3.53E+01  5.48E-01  1.16E-01  2.57E+00  1.28E+02  4.24E-01  3.60E+01  5.75E-01  3.49E-08
;         5.32E-07  2.00E-04  2.30E-05  7.26E-09  1.06E-05  4.43E-07  1.61E-06
;18 t2020 CL4 est => good match for all sites, e
; 0.00E+00  1.50E-03  6.00E-06  2.87E-04  6.06E-07  6.86E-05  8.34E-05  1.30E+00  1.84E-06  8.81E-03  2.44E-06 -7.54E-01
;          8.38E-01  1.31E+01  5.03E+00  3.09E+01  5.28E-01  7.29E+00  8.49E-01  2.65E+01  8.75E-02 -1.13E+02  1.82E+00  6.54E-07
;         6.99E-07  2.00E-04  2.98E-05  7.47E-09  4.49E-06  4.60E-07  1.77E-06
;19 s2014 Q24, Q42 sep! excp still slight overest comp2
; 0.00E+00  1.50E-03  6.00E-06  2.87E-04  6.06E-07  6.86E-05  1.26E-04  1.30E+00  1.84E-06  8.81E-03  2.06E-06 -1.08E-02
;         2.62E+00 -4.25E+02  6.71E+01 -7.63E+00  1.17E-01  1.16E+01  1.42E+00  3.68E+01  1.26E-01  1.87E+02  2.96E+00 -3.84E-05
;        5.94E-07  2.00E-04  2.84E-05  6.79E-09  1.08E-05  1.62E-07  7.32E-07  6.11E-05




;17 916 right side FIX



;2 Iris overest Q16 dec, Q26 FIX(OI_1) Q34, Q24 FIX(VARS_921) 
;3 Q41 0 FIX 


$OMEGA
  0 FIX ;CL1 0.04  FIX 
  0 FIX ;V1  0.04; FIX
  0 FIX ;Q   0.04  ; 
  0 FIX ;V2  0.04  FIX 
  0 FIX ;CL2 0.04  ; 
  
  0 FIX ;V3 0.04  ; 
  0 FIX ;Q 0.04  ; 
  0 FIX ;V4 0.04  ; 
  0 FIX
  0 FIX
  
  0 FIX
  0 FIX
  0 FIX
  0 FIX
  0 FIX
  
  0 FIX
  0 FIX
  0 FIX
  0 FIX
  0 FIX

$SIGMA
  0.2;   1 FIX  
  0.2;   1 FIX  
  0.2;   1 FIX  
  0.2;   1 FIX  
  0.2;   1 FIX
  0.2


$ESTIMATION  MAXEVAL=9999 PRINT=10 SIGDIGITS=2  METHOD=1 INTER ;METHOD=0 ;
;$COVARIANCE PRINT=E


$TABLE ID	TIME	AMT	DV	MDV	LEFT	CMT	SITE	DRUG	DAY	WEEK	BLQ	TYPE	DOSE	GROUP	ROWC	ROWD	ROWNN	NID	IDD	PRED IPRED CWRES IWRES     ONEHEADER NOPRINT FILE = sdtab190

;$TABLE ID TIME PRED AMT DV MDV EVID LEFT	SITE	DRUG	DAY	WEEK	BLQ	TYPE	NID DOSE ROWNN IPRED CWRES IWRES             ONEHEADER NOPRINT FILE = sdtab11
;GROUP=drop	IDD	TIME	AMT	DV	MDV	LEFT	SITE	DRUG	DAY	WEEK	BLQ	TYPE	NID	ID	DOSE	ROWC	ROWD	ROWNN

;$TABLE ID TIME PRED AMT DV MDV ODV EVID PTIME	TAD PTAD DAY	SEX	AGE	HT	WT	BMI	NUM	DRUG BASE IPRED CWRES IWRES             ONEHEADER NOPRINT FILE = sdtab635
;$TABLE ID CL V KA ETA(1) ETA(2) ETA(3)                                                                             ONEHEADER NOPRINT NOAPPEND FILE = patab635
;$TABLE ID SEX DRUG                                                                                                 ONEHEADER NOPRINT NOAPPEND FILE = catab635
;$TABLE ID AGE HT WT BMI                                                                                            ONEHEADER NOPRINT NOAPPEND FILE = cotab635
;$TABLE ID CL V KA ETA(1) ETA(2) ETA(3) SEX DRUG AGE HT WT BMI                                                     ONEHEADER NOPRINT NOAPPEND FILE = alltab635
  
NM-TRAN MESSAGES 
  
 WARNINGS AND ERRORS (IF ANY) FOR PROBLEM    1
             
 (WARNING  2) NM-TRAN INFERS THAT THE DATA ARE POPULATION.
             
 (WARNING  3) THERE MAY BE AN ERROR IN THE ABBREVIATED CODE. THE FOLLOWING
 ONE OR MORE RANDOM VARIABLES ARE DEFINED WITH "IF" STATEMENTS THAT DO NOT
 PROVIDE DEFINITIONS FOR BOTH THE "THEN" AND "ELSE" CASES. IF ALL
 CONDITIONS FAIL, THE VALUES OF THESE VARIABLES WILL BE ZERO.
  
   IPRED W IRES IWRES Y


 LIM VALUES MAXLIM ASSESSED BY NMTRAN: 1,2,3,4,5,6,7,8,10,11,13,15,16        
  
Note: Analytical 2nd Derivatives are constructed in FSUBS but are never used.
      You may insert $ABBR DERIV2=NO after the first $PROB to save FSUBS construction and compilation time
  
  
License Registered to: AIMS BioScience Co
Expiration Date:    14 MAY 2025
Current Date:       30 SEP 2024
Days until program expires : 229
1NONLINEAR MIXED EFFECTS MODEL PROGRAM (NONMEM) VERSION 7.5.1
 ORIGINALLY DEVELOPED BY STUART BEAL, LEWIS SHEINER, AND ALISON BOECKMANN
 CURRENT DEVELOPERS ARE ROBERT BAUER, ICON DEVELOPMENT SOLUTIONS,
 AND ALISON BOECKMANN. IMPLEMENTATION, EFFICIENCY, AND STANDARDIZATION
 PERFORMED BY NOUS INFOSYSTEMS.

 PROBLEM NO.:         1
 SB15 VIT AQ FOCE like 2 comp by MID
0DATA CHECKOUT RUN:              NO
 DATA SET LOCATED ON UNIT NO.:    2
 THIS UNIT TO BE REWOUND:        NO
 NO. OF DATA RECS IN DATA SET:      280
 NO. OF DATA ITEMS IN DATA SET:  21
 ID DATA ITEM IS DATA ITEM NO.:  20
 DEP VARIABLE IS DATA ITEM NO.:   4
 MDV DATA ITEM IS DATA ITEM NO.:  5
0INDICES PASSED TO SUBROUTINE PRED:
  21   2   3   0   0   0   7   0   0   0   0
0LABELS FOR DATA ITEMS:
 IDD TIME AMT DV MDV LEFT CMT SITE DRUG DAY WEEK BLQ TYPE DOSE GROUP ROWC ROWD ROWNN NID ID EVID
0(NONBLANK) LABELS FOR PRED-DEFINED ITEMS:
 IPRED IWRES
0FORMAT FOR DATA:
 (3(6E12.0/),2E12.0,1F2.0)

 TOT. NO. OF OBS RECS:      162
 TOT. NO. OF INDIVIDUALS:       60
0LENGTH OF THETA:  32
0DEFAULT THETA BOUNDARY TEST OMITTED:    NO
0OMEGA HAS SIMPLE DIAGONAL FORM WITH DIMENSION:  20
0DEFAULT OMEGA BOUNDARY TEST OMITTED:    NO
0SIGMA HAS SIMPLE DIAGONAL FORM WITH DIMENSION:   6
0DEFAULT SIGMA BOUNDARY TEST OMITTED:    NO
0INITIAL ESTIMATE OF THETA:
 LOWER BOUND    INITIAL EST    UPPER BOUND
  0.0000E+00     0.0000E+00     0.0000E+00
  0.1500E-02     0.1500E-02     0.1500E-02
  0.6000E-05     0.6000E-05     0.6000E-05
  0.2870E-03     0.2870E-03     0.2870E-03
  0.6060E-06     0.6060E-06     0.6060E-06
  0.6860E-04     0.6860E-04     0.6860E-04
  0.0000E+00     0.1000E-03     0.1000E+07
  0.1300E+01     0.1300E+01     0.1300E+01
  0.1840E-05     0.1840E-05     0.1840E-05
  0.8810E-02     0.8810E-02     0.8810E-02
 -0.1000E+07     0.1940E-05     0.1000E+07
 -0.1000E+07     0.1000E+02     0.1000E+07
  0.0000E+00     0.3000E+00     0.1000E+07
 -0.1000E+07     0.1000E+02     0.1000E+07
  0.0000E+00     0.3000E+00     0.1000E+07
 -0.1000E+07     0.1000E+02     0.1000E+07
  0.0000E+00     0.3000E+00     0.1000E+07
 -0.1000E+07     0.5000E+01     0.1000E+07
  0.0000E+00     0.3000E+00     0.1000E+07
 -0.1000E+07     0.1000E+02     0.1000E+07
  0.0000E+00     0.3000E+00     0.1000E+07
 -0.1000E+07     0.1000E+02     0.1000E+07
  0.0000E+00     0.3000E+00     0.1000E+07
 -0.1000E+07     0.1240E-06     0.1000E+07
  0.0000E+00     0.1000E-05     0.1000E+07
  0.2000E-03     0.2000E-03     0.2000E-03
  0.0000E+00     0.1000E-04     0.1000E+07
  0.0000E+00     0.1000E-07     0.1000E+07
  0.0000E+00     0.1000E-04     0.1000E+07
  0.0000E+00     0.5000E-06     0.1000E+07
  0.0000E+00     0.1000E-05     0.1000E+07
  0.0000E+00     0.5000E-04     0.1000E+07
0INITIAL ESTIMATE OF OMEGA:
 0.0000E+00
 0.0000E+00   0.0000E+00
 0.0000E+00   0.0000E+00   0.0000E+00
 0.0000E+00   0.0000E+00   0.0000E+00   0.0000E+00
 0.0000E+00   0.0000E+00   0.0000E+00   0.0000E+00   0.0000E+00
 0.0000E+00   0.0000E+00   0.0000E+00   0.0000E+00   0.0000E+00   0.0000E+00
 0.0000E+00   0.0000E+00   0.0000E+00   0.0000E+00   0.0000E+00   0.0000E+00   0.0000E+00
 0.0000E+00   0.0000E+00   0.0000E+00   0.0000E+00   0.0000E+00   0.0000E+00   0.0000E+00   0.0000E+00
 0.0000E+00   0.0000E+00   0.0000E+00   0.0000E+00   0.0000E+00   0.0000E+00   0.0000E+00   0.0000E+00   0.0000E+00
 0.0000E+00   0.0000E+00   0.0000E+00   0.0000E+00   0.0000E+00   0.0000E+00   0.0000E+00   0.0000E+00   0.0000E+00   0.0000E+00
 0.0000E+00   0.0000E+00   0.0000E+00   0.0000E+00   0.0000E+00   0.0000E+00   0.0000E+00   0.0000E+00   0.0000E+00   0.0000E+00
 0.0000E+00
 0.0000E+00   0.0000E+00   0.0000E+00   0.0000E+00   0.0000E+00   0.0000E+00   0.0000E+00   0.0000E+00   0.0000E+00   0.0000E+00
 0.0000E+00   0.0000E+00
 0.0000E+00   0.0000E+00   0.0000E+00   0.0000E+00   0.0000E+00   0.0000E+00   0.0000E+00   0.0000E+00   0.0000E+00   0.0000E+00
 0.0000E+00   0.0000E+00   0.0000E+00
 0.0000E+00   0.0000E+00   0.0000E+00   0.0000E+00   0.0000E+00   0.0000E+00   0.0000E+00   0.0000E+00   0.0000E+00   0.0000E+00
 0.0000E+00   0.0000E+00   0.0000E+00   0.0000E+00
 0.0000E+00   0.0000E+00   0.0000E+00   0.0000E+00   0.0000E+00   0.0000E+00   0.0000E+00   0.0000E+00   0.0000E+00   0.0000E+00
 0.0000E+00   0.0000E+00   0.0000E+00   0.0000E+00   0.0000E+00
 0.0000E+00   0.0000E+00   0.0000E+00   0.0000E+00   0.0000E+00   0.0000E+00   0.0000E+00   0.0000E+00   0.0000E+00   0.0000E+00
 0.0000E+00   0.0000E+00   0.0000E+00   0.0000E+00   0.0000E+00   0.0000E+00
 0.0000E+00   0.0000E+00   0.0000E+00   0.0000E+00   0.0000E+00   0.0000E+00   0.0000E+00   0.0000E+00   0.0000E+00   0.0000E+00
 0.0000E+00   0.0000E+00   0.0000E+00   0.0000E+00   0.0000E+00   0.0000E+00   0.0000E+00
 0.0000E+00   0.0000E+00   0.0000E+00   0.0000E+00   0.0000E+00   0.0000E+00   0.0000E+00   0.0000E+00   0.0000E+00   0.0000E+00
 0.0000E+00   0.0000E+00   0.0000E+00   0.0000E+00   0.0000E+00   0.0000E+00   0.0000E+00   0.0000E+00
 0.0000E+00   0.0000E+00   0.0000E+00   0.0000E+00   0.0000E+00   0.0000E+00   0.0000E+00   0.0000E+00   0.0000E+00   0.0000E+00
 0.0000E+00   0.0000E+00   0.0000E+00   0.0000E+00   0.0000E+00   0.0000E+00   0.0000E+00   0.0000E+00   0.0000E+00
 0.0000E+00   0.0000E+00   0.0000E+00   0.0000E+00   0.0000E+00   0.0000E+00   0.0000E+00   0.0000E+00   0.0000E+00   0.0000E+00
 0.0000E+00   0.0000E+00   0.0000E+00   0.0000E+00   0.0000E+00   0.0000E+00   0.0000E+00   0.0000E+00   0.0000E+00   0.0000E+00
0OMEGA CONSTRAINED TO BE THIS INITIAL ESTIMATE
0INITIAL ESTIMATE OF SIGMA:
 0.2000E+00
 0.0000E+00   0.2000E+00
 0.0000E+00   0.0000E+00   0.2000E+00
 0.0000E+00   0.0000E+00   0.0000E+00   0.2000E+00
 0.0000E+00   0.0000E+00   0.0000E+00   0.0000E+00   0.2000E+00
 0.0000E+00   0.0000E+00   0.0000E+00   0.0000E+00   0.0000E+00   0.2000E+00
0TABLES STEP OMITTED:    NO
 NO. OF TABLES:           1
 SEED NUMBER (SEED):    11456
 NPDTYPE:    0
 INTERPTYPE:    0
 RANMETHOD:             3U
 MC SAMPLES (ESAMPLE):    300
 WRES SQUARE ROOT TYPE (WRESCHOL): EIGENVALUE
0-- TABLE   1 --
0RECORDS ONLY:    ALL
04 COLUMNS APPENDED:    YES
 PRINTED:                NO
 HEADER:                YES
 FILE TO BE FORWARDED:   NO
 FORMAT:                S1PE11.4
 IDFORMAT:
 LFORMAT:
 RFORMAT:
 FIXED_EFFECT_ETAS:
0USER-CHOSEN ITEMS:
 ID TIME AMT DV MDV LEFT CMT SITE DRUG DAY WEEK BLQ TYPE DOSE GROUP ROWC ROWD ROWNN NID IDD IPRED CWRES IWRES
1DOUBLE PRECISION PREDPP VERSION 7.5.1

 GENERAL NONLINEAR KINETICS MODEL WITH STIFF/NONSTIFF EQUATIONS (LSODA, ADVAN13)
0MODEL SUBROUTINE USER-SUPPLIED - ID NO. 9999
0MAXIMUM NO. OF BASIC PK PARAMETERS:  20
0COMPARTMENT ATTRIBUTES
 COMPT. NO.   FUNCTION   INITIAL    ON/OFF      DOSE      DEFAULT    DEFAULT
                         STATUS     ALLOWED    ALLOWED    FOR DOSE   FOR OBS.
    1         VIT          ON         YES        YES        YES        YES
    2         AQ           ON         YES        YES        NO         NO
    3         RET          ON         YES        YES        NO         NO
    4         SERUM        ON         YES        YES        NO         NO
    5         OPT          ON         YES        YES        NO         NO
    6         IRIS         ON         YES        YES        NO         NO
    7         OUTPUT       OFF        YES        NO         NO         NO
 INITIAL (BASE) TOLERANCE SETTINGS:
 NRD (RELATIVE) VALUE(S) OF TOLERANCE:   3
 ANRD (ABSOLUTE) VALUE(S) OF TOLERANCE:  12
1
 ADDITIONAL PK PARAMETERS - ASSIGNMENT OF ROWS IN GG
 COMPT. NO.                             INDICES
              SCALE      BIOAVAIL.   ZERO-ORDER  ZERO-ORDER  ABSORB
                         FRACTION    RATE        DURATION    LAG
    1           21           *           *           *           *
    2           22           *           *           *           *
    3           23           *           *           *           *
    4           24           *           *           *           *
    5           25           *           *           *           *
    6           26           *           *           *           *
    7            *           -           -           -           -
             - PARAMETER IS NOT ALLOWED FOR THIS MODEL
             * PARAMETER IS NOT SUPPLIED BY PK SUBROUTINE;
               WILL DEFAULT TO ONE IF APPLICABLE
0DATA ITEM INDICES USED BY PRED ARE:
   EVENT ID DATA ITEM IS DATA ITEM NO.:     21
   TIME DATA ITEM IS DATA ITEM NO.:          2
   DOSE AMOUNT DATA ITEM IS DATA ITEM NO.:   3
   COMPT. NO. DATA ITEM IS DATA ITEM NO.:    7

0PK SUBROUTINE CALLED WITH EVERY EVENT RECORD.
 PK SUBROUTINE NOT CALLED AT NONEVENT (ADDITIONAL OR LAGGED) DOSE TIMES.
0ERROR SUBROUTINE CALLED WITH EVERY EVENT RECORD.
0DES SUBROUTINE USES COMPACT STORAGE MODE.

 #PARA: PARAFILE=mpiwini8.pnm, PROTOCOL=MPI, NODES= 12

1


 #TBLN:      1
 #METH: First Order Conditional Estimation with Interaction

 ESTIMATION STEP OMITTED:                 NO
 ANALYSIS TYPE:                           POPULATION
 NUMBER OF SADDLE POINT RESET ITERATIONS:      0
 GRADIENT METHOD USED:               NOSLOW
 CONDITIONAL ESTIMATES USED:              YES
 CENTERED ETA:                            NO
 EPS-ETA INTERACTION:                     YES
 LAPLACIAN OBJ. FUNC.:                    NO
 NO. OF FUNCT. EVALS. ALLOWED:            9999
 NO. OF SIG. FIGURES REQUIRED:            2
 INTERMEDIATE PRINTOUT:                   YES
 ESTIMATE OUTPUT TO MSF:                  NO
 IND. OBJ. FUNC. VALUES SORTED:           NO
 NUMERICAL DERIVATIVE
       FILE REQUEST (NUMDER):               NONE
 MAP (ETAHAT) ESTIMATION METHOD (OPTMAP):   0
 ETA HESSIAN EVALUATION METHOD (ETADER):    0
 INITIAL ETA FOR MAP ESTIMATION (MCETA):    0
 SIGDIGITS FOR MAP ESTIMATION (SIGLO):      100
 GRADIENT SIGDIGITS OF
       FIXED EFFECTS PARAMETERS (SIGL):     100
 NOPRIOR SETTING (NOPRIOR):                 0
 NOCOV SETTING (NOCOV):                     OFF
 DERCONT SETTING (DERCONT):                 OFF
 FINAL ETA RE-EVALUATION (FNLETA):          1
 EXCLUDE NON-INFLUENTIAL (NON-INFL.) ETAS
       IN SHRINKAGE (ETASTYPE):             NO
 NON-INFL. ETA CORRECTION (NONINFETA):      0
 RAW OUTPUT FILE (FILE): OI_190.ext
 EXCLUDE TITLE (NOTITLE):                   NO
 EXCLUDE COLUMN LABELS (NOLABEL):           NO
 FORMAT FOR ADDITIONAL FILES (FORMAT):      S1PE12.5
 PARAMETER ORDER FOR OUTPUTS (ORDER):       TSOL
 KNUTHSUMOFF:                               0
 INCLUDE LNTWOPI:                           NO
 INCLUDE CONSTANT TERM TO PRIOR (PRIORC):   NO
 INCLUDE CONSTANT TERM TO OMEGA (ETA) (OLNTWOPI):NO
 ADDITIONAL CONVERGENCE TEST (CTYPE=4)?:    NO
 EM OR BAYESIAN METHOD USED:                 NONE

 TOLERANCES FOR ESTIMATION/EVALUATION STEP:
 NRD (RELATIVE) VALUE(S) OF TOLERANCE:   3
 ANRD (ABSOLUTE) VALUE(S) OF TOLERANCE:  12
 TOLERANCES FOR COVARIANCE STEP:
 NRD (RELATIVE) VALUE(S) OF TOLERANCE:   3
 ANRD (ABSOLUTE) VALUE(S) OF TOLERANCE:  12
 TOLERANCES FOR TABLE/SCATTER STEP:
 NRD (RELATIVE) VALUE(S) OF TOLERANCE:   3
 ANRD (ABSOLUTE) VALUE(S) OF TOLERANCE:  12

 THE FOLLOWING LABELS ARE EQUIVALENT
 PRED=PREDI
 RES=RESI
 WRES=WRESI
 IWRS=IWRESI
 IPRD=IPREDI
 IRS=IRESI

 MONITORING OF SEARCH:


0ITERATION NO.:    0    OBJECTIVE VALUE:   4142.75851990166        NO. OF FUNC. EVALS.:  30
 CUMULATIVE NO. OF FUNC. EVALS.:       30
 NPARAMETR:  1.0000E-04  1.9400E-06  1.0000E+01  3.0000E-01  1.0000E+01  3.0000E-01  1.0000E+01  3.0000E-01  5.0000E+00  3.0000E-01
             1.0000E+01  3.0000E-01  1.0000E+01  3.0000E-01  1.2400E-07  1.0000E-06  1.0000E-05  1.0000E-08  1.0000E-05  5.0000E-07
             1.0000E-06  5.0000E-05  2.0000E-01  2.0000E-01  2.0000E-01  2.0000E-01  2.0000E-01  2.0000E-01
 PARAMETER:  1.0000E-01  1.0000E-01  1.0000E-01  1.0000E-01  1.0000E-01  1.0000E-01  1.0000E-01  1.0000E-01  1.0000E-01  1.0000E-01
             1.0000E-01  1.0000E-01  1.0000E-01  1.0000E-01  1.0000E-01  1.0000E-01  1.0000E-01  1.0000E-01  1.0000E-01  1.0000E-01
             1.0000E-01  1.0000E-01  1.0000E-01  1.0000E-01  1.0000E-01  1.0000E-01  1.0000E-01  1.0000E-01
 GRADIENT:   3.5780E+02  2.3293E+04 -9.6671E+01 -1.1961E+03 -1.2388E+02 -5.0194E+02 -6.3580E+02 -6.3412E+02 -1.5384E+02 -1.2055E+02
            -3.9938E+03 -1.3000E+03 -2.0471E+02 -6.0920E+02 -4.3714E+00  8.4108E+02  2.2046E+02  7.2845E+01  4.8096E+01  2.1664E+02
            -3.1191E+02 -1.0939E+01 -1.2057E+03 -5.1442E+02 -6.9773E+02 -1.3610E+02 -1.7014E+03 -6.2967E+02

0ITERATION NO.:   10    OBJECTIVE VALUE:   2105.74791662388        NO. OF FUNC. EVALS.: 323
 CUMULATIVE NO. OF FUNC. EVALS.:      353
 NPARAMETR:  1.2110E-04  2.2751E-06  8.7441E+00  5.0575E-01 -3.0527E+01  5.7955E-01  2.2255E+01  4.4399E-01 -8.5112E+00  5.9349E-01
             3.3766E+01  5.6836E-01  5.3306E+01  4.6848E-01  9.4794E-08  4.0631E-07  2.9027E-05  7.4345E-09  1.1137E-05  2.4304E-07
             8.3079E-07  4.9425E-05  5.6677E-01  2.3614E-01  5.1406E-01  6.9501E-01  1.4337E+00  5.2158E-01
 PARAMETER:  2.9142E-01  1.1727E-01  8.7441E-02  6.2226E-01 -3.0527E-01  7.5847E-01  2.2255E-01  4.9201E-01 -1.7022E-01  7.8223E-01
             3.3766E-01  7.3896E-01  5.3306E-01  5.4572E-01  7.6447E-02 -8.0063E-01  1.1656E+00 -1.9645E-01  2.0771E-01 -6.2140E-01
            -8.5377E-02  8.8433E-02  6.2082E-01  1.8306E-01  5.7201E-01  7.2281E-01  1.0849E+00  5.7928E-01
 GRADIENT:   1.0781E+02  1.6803E+03 -1.6455E+00 -6.9512E+01 -6.2552E+01 -9.5129E+01 -2.3114E+01 -4.2381E+01 -3.3148E+01  6.1651E+00
            -8.8741E+01 -3.8845E+01  6.1830E+00 -2.7712E+01 -1.4063E-01 -4.6868E+01  1.3771E+02  9.6534E+00  2.0915E+00  1.5236E+01
            -2.6102E+01 -2.9014E+00 -6.9652E+01 -7.6849E+01 -4.7401E+01  1.1809E+01 -6.8408E+01 -2.4358E+01

0ITERATION NO.:   20    OBJECTIVE VALUE:   2035.62841756846        NO. OF FUNC. EVALS.: 312
 CUMULATIVE NO. OF FUNC. EVALS.:      665
 NPARAMETR:  1.3081E-04  1.8275E-06 -9.5790E+01  6.3656E-01 -1.0728E+02  2.7300E+01 -1.0400E+01  3.5622E-01  1.1682E+01  8.5228E-01
             2.2258E+01  5.9636E-02  1.8223E+02  1.1558E+00 -9.0173E-07  6.3156E-07  3.1529E-05  7.1776E-09  1.0827E-05  1.9573E-07
             7.3568E-07  5.6045E-05  7.1282E-01  2.4777E-04  1.0809E+00  1.5643E-01  4.9672E+01  1.1311E-01
 PARAMETER:  3.6861E-01  9.4202E-02 -9.5790E-01  8.5230E-01 -1.0728E+00  4.6109E+00 -1.0400E-01  2.7177E-01  2.3365E-01  1.1441E+00
             2.2258E-01 -1.5155E+00  1.8223E+00  1.4488E+00 -7.2720E-01 -3.5956E-01  1.2483E+00 -2.3162E-01  1.7942E-01 -8.3790E-01
            -2.0696E-01  2.1413E-01  7.3545E-01 -3.2468E+00  9.4359E-01 -2.2854E-02  2.8574E+00 -1.8499E-01
 GRADIENT:  -1.8822E+01 -1.1177E+03 -1.6161E+00  1.4656E+01 -2.6069E-01 -7.3903E+00  1.0079E+01 -1.3836E+01  1.3618E+01 -5.1498E+00
             2.1155E+01 -2.3270E-01  4.5118E+00 -1.1141E+01  1.7002E-01 -3.4649E+01 -1.0868E+00  1.3143E+01  2.8249E+00  1.7308E+01
            -3.2997E+01  4.8789E-01  1.6219E+01 -8.0357E+00 -1.4327E+01 -2.2052E+00  4.9963E+00 -3.3947E+00

0ITERATION NO.:   30    OBJECTIVE VALUE:   2028.38307313708        NO. OF FUNC. EVALS.: 521
 CUMULATIVE NO. OF FUNC. EVALS.:     1186
 NPARAMETR:  1.3155E-04  1.8527E-06 -8.0953E+01  7.7784E-01 -1.0657E+02  3.2884E+01 -2.0299E+01  2.9387E-01  1.0972E+01  1.3163E+00
             2.5476E+01  6.9116E-02  1.7996E+02  2.1622E+00 -8.0686E-07  6.2334E-07  3.0836E-05  6.2436E-09  1.0898E-05  2.3455E-07
             7.3814E-07  5.9052E-05  4.5542E-01  1.9191E-04  1.7012E+00  8.7935E-02  3.5688E+01  3.6446E-02
 PARAMETER:  3.7418E-01  9.5500E-02 -8.0953E-01  1.0527E+00 -1.0657E+00  4.7970E+00 -2.0299E-01  7.9368E-02  2.1945E-01  1.5788E+00
             2.5476E-01 -1.3680E+00  1.7996E+00  2.0751E+00 -6.5069E-01 -3.7266E-01  1.2261E+00 -3.7103E-01  1.8603E-01 -6.5692E-01
            -2.0362E-01  2.6640E-01  5.1145E-01 -3.3745E+00  1.1704E+00 -3.1086E-01  2.6921E+00 -7.5125E-01
 GRADIENT:  -1.0922E+02 -1.2843E+03 -4.4111E-01  8.8237E+00 -1.8247E-01 -4.2854E+00 -2.6719E+00 -3.8062E+00  3.6623E+00 -1.4409E-01
             1.5818E+01 -1.2072E+00  2.1858E+00 -8.5367E+00  2.0912E-01 -3.6796E+01  3.3246E+01  1.1971E+01 -1.5477E+02  2.1294E+01
             1.0732E+02  1.0306E+00  9.1834E+00 -4.0435E+00 -3.2700E+00  6.6228E-01  2.8094E+00 -4.5941E+00

0ITERATION NO.:   40    OBJECTIVE VALUE:   2016.97835517365        NO. OF FUNC. EVALS.: 806
 CUMULATIVE NO. OF FUNC. EVALS.:     1992
 NPARAMETR:  1.2916E-04  2.0301E-06 -1.0482E+02  2.2306E+00 -1.1810E+02  6.6172E+01 -7.1066E+00  1.1825E-01  1.1197E+01  1.4521E+00
             3.5512E+01  1.0666E-01  1.8713E+02  2.8024E+00  7.5833E-08  6.3009E-07  2.9095E-05  6.7762E-09  1.0811E-05  1.6089E-07
             7.3453E-07  5.6492E-05  5.4314E-02  6.1304E-05  1.1956E+01  7.9547E-02  1.3503E+01  3.0161E-02
 PARAMETER:  3.5586E-01  1.0465E-01 -1.0482E+00  2.1062E+00 -1.1810E+00  5.4962E+00 -7.1066E-02 -8.3100E-01  2.2393E-01  1.6770E+00
             3.5512E-01 -9.3418E-01  1.8713E+00  2.3344E+00  6.1155E-02 -3.6189E-01  1.1680E+00 -2.8917E-01  1.7799E-01 -1.0339E+00
            -2.0853E-01  2.2207E-01 -5.5177E-01 -3.9451E+00  2.1453E+00 -3.6098E-01  2.2062E+00 -8.4589E-01
 GRADIENT:   5.6007E+01 -5.4447E+01 -1.6096E-01 -2.4105E-01  2.8581E-01 -1.7282E+00  2.9303E+00 -2.3585E-01  6.1604E-01  1.1349E+00
             1.3986E+00 -3.6543E+00  2.6355E-01 -2.6012E+00  2.7673E-02 -8.9120E-02 -1.0191E+01 -7.8684E-01 -1.2419E+02 -9.2032E-01
             1.0763E+02 -1.4724E+00 -5.2766E-02 -2.0041E+00 -4.6167E-01  1.2757E+00 -3.1682E+00 -2.0989E+00

0ITERATION NO.:   50    OBJECTIVE VALUE:   2016.43069014622        NO. OF FUNC. EVALS.: 578
 CUMULATIVE NO. OF FUNC. EVALS.:     2570
 NPARAMETR:  1.2768E-04  2.0517E-06  1.3147E+02  2.6021E+00 -1.2860E+02  6.8839E+01 -7.4335E+00  1.1466E-01  1.1799E+01  1.4201E+00
             3.3139E+01  1.2789E-01  1.8156E+02  3.0006E+00  7.8206E-08  6.2832E-07  2.8904E-05  6.8734E-09  1.0822E-05  1.5760E-07
             7.3340E-07  5.6180E-05  3.9966E-02  5.5654E-05  1.2729E+01  7.5575E-02  1.2397E+01  2.9101E-02
 PARAMETER:  3.4434E-01  1.0576E-01  1.3147E+00  2.2603E+00 -1.2860E+00  5.5357E+00 -7.4335E-02 -8.6184E-01  2.3597E-01  1.6547E+00
             3.3139E-01 -7.5265E-01  1.8156E+00  2.4028E+00  6.3070E-02 -3.6470E-01  1.1614E+00 -2.7492E-01  1.7903E-01 -1.0546E+00
            -2.1007E-01  2.1654E-01 -7.0514E-01 -3.9935E+00  2.1767E+00 -3.8660E-01  2.1634E+00 -8.6378E-01
 GRADIENT:   1.9168E+02  1.1122E+02  1.8423E-01  9.6515E-01  3.1626E-01  1.4562E+00 -2.5058E+00  8.9743E-03  1.1688E+00 -2.1184E-01
            -2.4720E+00  1.3735E+00 -3.3722E-02  1.2291E+00 -7.2601E-03  3.9430E+00  6.5445E+01  2.5607E-02  9.5535E-02  4.1346E+01
             2.0690E+02 -1.5445E+00  6.1973E-02  6.1705E-02  1.1652E+00 -1.7916E-01  1.0768E+00  6.9803E-01

0ITERATION NO.:   60    OBJECTIVE VALUE:   2015.90841597466        NO. OF FUNC. EVALS.: 737
 CUMULATIVE NO. OF FUNC. EVALS.:     3307
 NPARAMETR:  1.2671E-04  2.0825E-06  3.7780E+01  2.6140E+00 -1.5130E+02  6.9082E+01 -6.9849E+00  1.1575E-01  1.0971E+01  1.4302E+00
             3.6130E+01  1.2326E-01  1.8124E+02  2.9652E+00  4.4104E-08  6.2329E-07  2.8528E-05  6.8536E-09  1.0785E-05  1.5805E-07
             7.3352E-07  5.8357E-05  4.0774E-02  5.9396E-05  1.2649E+01  7.7485E-02  1.2198E+01  2.9025E-02
 PARAMETER:  3.3670E-01  1.0734E-01  3.7780E-01  2.2649E+00 -1.5130E+00  5.5393E+00 -6.9849E-02 -8.5235E-01  2.1942E-01  1.6618E+00
             3.6130E-01 -7.8952E-01  1.8124E+00  2.3909E+00  3.5568E-02 -3.7275E-01  1.1483E+00 -2.7781E-01  1.7558E-01 -1.0517E+00
            -2.0990E-01  2.5456E-01 -6.9514E-01 -3.9609E+00  2.1735E+00 -3.7412E-01  2.1554E+00 -8.6508E-01
 GRADIENT:  -2.7496E+00  3.1131E+01  5.6165E-02 -7.1702E-01  3.0215E-01  2.2189E+00  5.3296E+00 -1.0267E+00 -1.4339E+00  1.4042E-02
             6.0783E-01 -1.9355E-03 -2.1749E-01 -7.1397E-01  1.4116E-02  3.8702E+00 -7.9055E+00 -7.5211E-01 -6.4084E-02 -9.3437E-01
            -1.2841E+02 -1.3982E+00 -6.7169E-01  1.8155E+00 -1.4172E+00 -2.9757E-01  2.0819E-01 -1.0988E+00

0ITERATION NO.:   70    OBJECTIVE VALUE:   2015.28998314418        NO. OF FUNC. EVALS.: 672
 CUMULATIVE NO. OF FUNC. EVALS.:     3979
 NPARAMETR:  1.2656E-04  2.0915E-06  6.7650E-01  2.6205E+00 -3.6802E+02  6.7337E+01 -7.2563E+00  1.1613E-01  1.1304E+01  1.4215E+00
             3.5971E+01  1.2422E-01  1.8359E+02  2.9718E+00 -5.8162E-08  6.1975E-07  2.8508E-05  6.9293E-09  1.0785E-05  1.5790E-07
             7.3350E-07  5.9126E-05  4.1026E-02  5.7257E-05  1.2727E+01  7.7480E-02  1.2214E+01  2.9084E-02
 PARAMETER:  3.3551E-01  1.0781E-01  6.7650E-03  2.2673E+00 -3.6802E+00  5.5137E+00 -7.2563E-02 -8.4903E-01  2.2608E-01  1.6557E+00
             3.5971E-01 -7.8172E-01  1.8359E+00  2.3931E+00 -4.6905E-02 -3.7845E-01  1.1476E+00 -2.6682E-01  1.7561E-01 -1.0526E+00
            -2.0992E-01  2.6766E-01 -6.9205E-01 -3.9793E+00  2.1766E+00 -3.7415E-01  2.1560E+00 -8.6407E-01
 GRADIENT:  -8.2420E+00 -8.5319E+01  1.0861E-03 -2.2502E-01 -6.4811E-02  1.7392E+00  9.6497E-01 -3.3634E-01 -3.4194E-01 -1.4750E-01
             2.1679E-01  1.4525E-01 -7.2694E-02 -2.5857E-01  4.2846E-02 -3.8763E-01 -7.3438E+00 -2.9897E-01 -5.8439E+01 -3.9042E-01
             4.9450E+01 -1.0318E+00 -2.0070E-01  2.0105E+00 -4.2431E-01 -2.2181E-01  2.1373E-01 -3.8282E-01

0ITERATION NO.:   80    OBJECTIVE VALUE:   2015.22830994721        NO. OF FUNC. EVALS.: 821
 CUMULATIVE NO. OF FUNC. EVALS.:     4800
 NPARAMETR:  1.2656E-04  2.1065E-06  5.2306E-03  2.6300E+00 -3.7475E+02  6.7302E+01 -7.3557E+00  1.1673E-01  1.1380E+01  1.4225E+00
             3.6082E+01  1.2449E-01  1.8573E+02  2.9818E+00 -3.7777E-07  6.1892E-07  2.8572E-05  6.9236E-09  1.0795E-05  1.5774E-07
             7.3244E-07  5.9766E-05  4.1277E-02  5.6990E-05  1.2822E+01  7.7692E-02  1.2252E+01  2.9367E-02
 PARAMETER:  3.3551E-01  1.0858E-01  5.2306E-05  2.2710E+00 -3.7475E+00  5.5132E+00 -7.3557E-02 -8.4396E-01  2.2760E-01  1.6564E+00
             3.6082E-01 -7.7952E-01  1.8573E+00  2.3965E+00 -3.0466E-01 -3.7978E-01  1.1498E+00 -2.6765E-01  1.7654E-01 -1.0537E+00
            -2.1137E-01  2.7842E-01 -6.8900E-01 -3.9816E+00  2.1803E+00 -3.7278E-01  2.1576E+00 -8.5922E-01
 GRADIENT:  -3.1001E+00  7.0845E+00  9.9902E-06  6.6220E-02 -1.5997E-02  2.2102E-01 -7.0044E-02  8.3738E-02 -2.0904E-01 -9.3760E-02
             7.5164E-02  1.1450E-01  9.9564E-03  7.5753E-02  2.7996E-02  1.5723E+00  2.9964E+00 -3.0354E-01 -5.7511E+01 -2.5192E+01
             4.8666E+01 -1.2275E+00  9.0543E-02  3.1347E-01  7.1006E-02 -1.3833E-01  1.3209E-01  1.0335E-01

0ITERATION NO.:   90    OBJECTIVE VALUE:   2014.57613254411        NO. OF FUNC. EVALS.: 500
 CUMULATIVE NO. OF FUNC. EVALS.:     5300
 NPARAMETR:  1.2643E-04  2.0677E-06 -4.6910E-03  2.6178E+00 -3.9737E+02  6.6973E+01 -7.4838E+00  1.1663E-01  1.1536E+01  1.4244E+00
             3.6752E+01  1.2650E-01  1.8539E+02  2.9599E+00 -3.8930E-05  5.9357E-07  2.8479E-05  6.7972E-09  1.0797E-05  1.6149E-07
             7.3173E-07  6.1026E-05  4.1266E-02  5.6697E-05  1.2715E+01  7.8724E-02  1.2452E+01  2.9213E-02
 PARAMETER:  3.3450E-01  1.0658E-01 -4.6910E-05  2.2663E+00 -3.9737E+00  5.5083E+00 -7.4838E-02 -8.4480E-01  2.3071E-01  1.6577E+00
             3.6752E-01 -7.6352E-01  1.8539E+00  2.3891E+00 -3.1396E+01 -4.2161E-01  1.1466E+00 -2.8607E-01  1.7669E-01 -1.0302E+00
            -2.1234E-01  2.9927E-01 -6.8914E-01 -3.9842E+00  2.1761E+00 -3.6619E-01  2.1657E+00 -8.6185E-01
 GRADIENT:   1.8487E+02  3.7420E+02  1.2612E-04  4.2570E-01  2.3213E-01  1.0100E+00  5.1633E+00 -8.5453E-01 -1.9923E-02  4.1345E-01
             2.4212E-01  3.2287E-01 -1.2838E-01  3.2849E-01 -1.8019E-02  6.6794E+00  3.4888E+01 -9.6017E-02  2.8422E+02 -1.1750E-01
             7.5830E-01 -1.7415E+00 -8.0134E-01 -3.1736E-01 -2.1729E-01  1.6505E-01  9.2917E-01 -3.8140E-01

0ITERATION NO.:   96    OBJECTIVE VALUE:   2014.39032203674        NO. OF FUNC. EVALS.: 379
 CUMULATIVE NO. OF FUNC. EVALS.:     5679
 NPARAMETR:  1.2637E-04  2.0578E-06 -1.0836E-02  2.6205E+00 -4.2462E+02  6.7134E+01 -7.6336E+00  1.1724E-01  1.1569E+01  1.4209E+00
             3.6770E+01  1.2620E-01  1.8715E+02  2.9602E+00 -3.8365E-05  5.9402E-07  2.8449E-05  6.7931E-09  1.0796E-05  1.6183E-07
             7.3166E-07  6.1056E-05  4.1620E-02  5.7270E-05  1.2772E+01  7.8692E-02  1.2395E+01  2.9420E-02
 PARAMETER:  3.3408E-01  1.0607E-01 -1.0836E-04  2.2673E+00 -4.2462E+00  5.5107E+00 -7.6336E-02 -8.3956E-01  2.3138E-01  1.6553E+00
             3.6770E-01 -7.6590E-01  1.8715E+00  2.3892E+00 -3.0939E+01 -4.2084E-01  1.1455E+00 -2.8667E-01  1.7657E-01 -1.0281E+00
            -2.1244E-01  2.9977E-01 -6.8487E-01 -3.9791E+00  2.1784E+00 -3.6639E-01  2.1634E+00 -8.5831E-01
 GRADIENT:  -4.3536E+00  7.2797E+01 -2.9310E-05  1.1237E-01 -6.3104E-03  5.3870E-02 -2.6711E-02  1.6716E-01  1.1786E-01  6.9672E-02
             1.0164E-01  7.3477E-02  1.3489E-02  1.1618E-01 -1.1757E-02  4.8325E-01 -4.5302E+00  1.0442E+00 -5.3595E+01  1.0286E+01
             4.3980E+01  7.3345E-01  1.3663E-01  1.1095E-01  1.5145E-01  5.6164E-02  1.7381E-01  1.5047E-01

 #TERM:
0MINIMIZATION SUCCESSFUL
 HOWEVER, PROBLEMS OCCURRED WITH THE MINIMIZATION.
 REGARD THE RESULTS OF THE ESTIMATION STEP CAREFULLY, AND ACCEPT THEM ONLY
 AFTER CHECKING THAT THE COVARIANCE STEP PRODUCES REASONABLE OUTPUT.
 NO. OF FUNCTION EVALUATIONS USED:     5679
 NO. OF SIG. DIGITS IN FINAL EST.:  2.1

 ETABAR IS THE ARITHMETIC MEAN OF THE ETA-ESTIMATES,
 AND THE P-VALUE IS GIVEN FOR THE NULL HYPOTHESIS THAT THE TRUE MEAN IS 0.

 ETABAR:         0.0000E+00  0.0000E+00  0.0000E+00  0.0000E+00  0.0000E+00  0.0000E+00  0.0000E+00  0.0000E+00  0.0000E+00  0.0000E+00
                 0.0000E+00  0.0000E+00  0.0000E+00  0.0000E+00  0.0000E+00  0.0000E+00  0.0000E+00  0.0000E+00  0.0000E+00  0.0000E+00
 SE:             0.0000E+00  0.0000E+00  0.0000E+00  0.0000E+00  0.0000E+00  0.0000E+00  0.0000E+00  0.0000E+00  0.0000E+00  0.0000E+00
                 0.0000E+00  0.0000E+00  0.0000E+00  0.0000E+00  0.0000E+00  0.0000E+00  0.0000E+00  0.0000E+00  0.0000E+00  0.0000E+00
 N:                      60          60          60          60          60          60          60          60          60          60
                         60          60          60          60          60          60          60          60          60          60

 P VAL.:         1.0000E+00  1.0000E+00  1.0000E+00  1.0000E+00  1.0000E+00  1.0000E+00  1.0000E+00  1.0000E+00  1.0000E+00  1.0000E+00
                 1.0000E+00  1.0000E+00  1.0000E+00  1.0000E+00  1.0000E+00  1.0000E+00  1.0000E+00  1.0000E+00  1.0000E+00  1.0000E+00

 ETASHRINKSD(%)  0.0000E+00  0.0000E+00  0.0000E+00  0.0000E+00  0.0000E+00  0.0000E+00  0.0000E+00  0.0000E+00  0.0000E+00  0.0000E+00
                 0.0000E+00  0.0000E+00  0.0000E+00  0.0000E+00  0.0000E+00  0.0000E+00  0.0000E+00  0.0000E+00  0.0000E+00  0.0000E+00
 ETASHRINKVR(%)  0.0000E+00  0.0000E+00  0.0000E+00  0.0000E+00  0.0000E+00  0.0000E+00  0.0000E+00  0.0000E+00  0.0000E+00  0.0000E+00
                 0.0000E+00  0.0000E+00  0.0000E+00  0.0000E+00  0.0000E+00  0.0000E+00  0.0000E+00  0.0000E+00  0.0000E+00  0.0000E+00
 EBVSHRINKSD(%)  0.0000E+00  0.0000E+00  0.0000E+00  0.0000E+00  0.0000E+00  0.0000E+00  0.0000E+00  0.0000E+00  0.0000E+00  0.0000E+00
                 0.0000E+00  0.0000E+00  0.0000E+00  0.0000E+00  0.0000E+00  0.0000E+00  0.0000E+00  0.0000E+00  0.0000E+00  0.0000E+00
 EBVSHRINKVR(%)  0.0000E+00  0.0000E+00  0.0000E+00  0.0000E+00  0.0000E+00  0.0000E+00  0.0000E+00  0.0000E+00  0.0000E+00  0.0000E+00
                 0.0000E+00  0.0000E+00  0.0000E+00  0.0000E+00  0.0000E+00  0.0000E+00  0.0000E+00  0.0000E+00  0.0000E+00  0.0000E+00
 RELATIVEINF(%)  0.0000E+00  0.0000E+00  0.0000E+00  0.0000E+00  0.0000E+00  0.0000E+00  0.0000E+00  0.0000E+00  0.0000E+00  0.0000E+00
                 0.0000E+00  0.0000E+00  0.0000E+00  0.0000E+00  0.0000E+00  0.0000E+00  0.0000E+00  0.0000E+00  0.0000E+00  0.0000E+00
 EPSSHRINKSD(%)  1.0000E-10  1.0000E-10  1.0000E-10  1.0000E-10  1.0000E-10  1.0000E-10
 EPSSHRINKVR(%)  1.0000E-10  1.0000E-10  1.0000E-10  1.0000E-10  1.0000E-10  1.0000E-10

  
 TOTAL DATA POINTS NORMALLY DISTRIBUTED (N):          195
 N*LOG(2PI) CONSTANT TO OBJECTIVE FUNCTION:    358.38602794982233     
 OBJECTIVE FUNCTION VALUE WITHOUT CONSTANT:    2014.3903220367363     
 OBJECTIVE FUNCTION VALUE WITH CONSTANT:       2372.7763499865587     
 REPORTED OBJECTIVE FUNCTION DOES NOT CONTAIN CONSTANT
  
 TOTAL EFFECTIVE ETAS (NIND*NETA):                             0
  
 #TERE:
 Elapsed estimation  time in seconds:    68.00
 Elapsed postprocess time in seconds:     0.18
1
 
 
 
 
 
 
 
 
 
 
 
 
 
 
 
 
 
 
 
 
 ************************************************************************************************************************
 ********************                                                                                ********************
 ********************               FIRST ORDER CONDITIONAL ESTIMATION WITH INTERACTION              ********************
 #OBJT:**************                       MINIMUM VALUE OF OBJECTIVE FUNCTION                      ********************
 ********************                                                                                ********************
 ************************************************************************************************************************
 





 #OBJV:********************************************     2014.390       **************************************************
1
 ************************************************************************************************************************
 ********************                                                                                ********************
 ********************               FIRST ORDER CONDITIONAL ESTIMATION WITH INTERACTION              ********************
 ********************                             FINAL PARAMETER ESTIMATE                           ********************
 ********************                                                                                ********************
 ************************************************************************************************************************
 


 THETA - VECTOR OF FIXED EFFECTS PARAMETERS   *********


         TH 1      TH 2      TH 3      TH 4      TH 5      TH 6      TH 7      TH 8      TH 9      TH10      TH11      TH12     
          TH13      TH14      TH15      TH16      TH17      TH18      TH19      TH20      TH21      TH22      TH23      TH24     
         TH25      TH26      TH27      TH28      TH29      TH30      TH31      TH32     
 
         0.00E+00  1.50E-03  6.00E-06  2.87E-04  6.06E-07  6.86E-05  1.26E-04  1.30E+00  1.84E-06  8.81E-03  2.06E-06 -1.08E-02
          2.62E+00 -4.25E+02  6.71E+01 -7.63E+00  1.17E-01  1.16E+01  1.42E+00  3.68E+01  1.26E-01  1.87E+02  2.96E+00 -3.84E-05
         5.94E-07  2.00E-04  2.84E-05  6.79E-09  1.08E-05  1.62E-07  7.32E-07  6.11E-05
 


 OMEGA - COV MATRIX FOR RANDOM EFFECTS - ETAS  ********


         ETA1      ETA2      ETA3      ETA4      ETA5      ETA6      ETA7      ETA8      ETA9      ET10      ET11      ET12     
          ET13      ET14      ET15      ET16      ET17      ET18      ET19      ET20     
 
 ETA1
+        0.00E+00
 
 ETA2
+        0.00E+00  0.00E+00
 
 ETA3
+        0.00E+00  0.00E+00  0.00E+00
 
 ETA4
+        0.00E+00  0.00E+00  0.00E+00  0.00E+00
 
 ETA5
+        0.00E+00  0.00E+00  0.00E+00  0.00E+00  0.00E+00
 
 ETA6
+        0.00E+00  0.00E+00  0.00E+00  0.00E+00  0.00E+00  0.00E+00
 
 ETA7
+        0.00E+00  0.00E+00  0.00E+00  0.00E+00  0.00E+00  0.00E+00  0.00E+00
 
 ETA8
+        0.00E+00  0.00E+00  0.00E+00  0.00E+00  0.00E+00  0.00E+00  0.00E+00  0.00E+00
 
 ETA9
+        0.00E+00  0.00E+00  0.00E+00  0.00E+00  0.00E+00  0.00E+00  0.00E+00  0.00E+00  0.00E+00
 
 ET10
+        0.00E+00  0.00E+00  0.00E+00  0.00E+00  0.00E+00  0.00E+00  0.00E+00  0.00E+00  0.00E+00  0.00E+00
 
 ET11
+        0.00E+00  0.00E+00  0.00E+00  0.00E+00  0.00E+00  0.00E+00  0.00E+00  0.00E+00  0.00E+00  0.00E+00  0.00E+00
 
 ET12
+        0.00E+00  0.00E+00  0.00E+00  0.00E+00  0.00E+00  0.00E+00  0.00E+00  0.00E+00  0.00E+00  0.00E+00  0.00E+00  0.00E+00
 
 ET13
+        0.00E+00  0.00E+00  0.00E+00  0.00E+00  0.00E+00  0.00E+00  0.00E+00  0.00E+00  0.00E+00  0.00E+00  0.00E+00  0.00E+00
          0.00E+00
 
 ET14
+        0.00E+00  0.00E+00  0.00E+00  0.00E+00  0.00E+00  0.00E+00  0.00E+00  0.00E+00  0.00E+00  0.00E+00  0.00E+00  0.00E+00
          0.00E+00  0.00E+00
 
1

         ETA1      ETA2      ETA3      ETA4      ETA5      ETA6      ETA7      ETA8      ETA9      ET10      ET11      ET12     
          ET13      ET14      ET15      ET16      ET17      ET18      ET19      ET20     
 
 ET15
+        0.00E+00  0.00E+00  0.00E+00  0.00E+00  0.00E+00  0.00E+00  0.00E+00  0.00E+00  0.00E+00  0.00E+00  0.00E+00  0.00E+00
          0.00E+00  0.00E+00  0.00E+00
 
 ET16
+        0.00E+00  0.00E+00  0.00E+00  0.00E+00  0.00E+00  0.00E+00  0.00E+00  0.00E+00  0.00E+00  0.00E+00  0.00E+00  0.00E+00
          0.00E+00  0.00E+00  0.00E+00  0.00E+00
 
 ET17
+        0.00E+00  0.00E+00  0.00E+00  0.00E+00  0.00E+00  0.00E+00  0.00E+00  0.00E+00  0.00E+00  0.00E+00  0.00E+00  0.00E+00
          0.00E+00  0.00E+00  0.00E+00  0.00E+00  0.00E+00
 
 ET18
+        0.00E+00  0.00E+00  0.00E+00  0.00E+00  0.00E+00  0.00E+00  0.00E+00  0.00E+00  0.00E+00  0.00E+00  0.00E+00  0.00E+00
          0.00E+00  0.00E+00  0.00E+00  0.00E+00  0.00E+00  0.00E+00
 
 ET19
+        0.00E+00  0.00E+00  0.00E+00  0.00E+00  0.00E+00  0.00E+00  0.00E+00  0.00E+00  0.00E+00  0.00E+00  0.00E+00  0.00E+00
          0.00E+00  0.00E+00  0.00E+00  0.00E+00  0.00E+00  0.00E+00  0.00E+00
 
 ET20
+        0.00E+00  0.00E+00  0.00E+00  0.00E+00  0.00E+00  0.00E+00  0.00E+00  0.00E+00  0.00E+00  0.00E+00  0.00E+00  0.00E+00
          0.00E+00  0.00E+00  0.00E+00  0.00E+00  0.00E+00  0.00E+00  0.00E+00  0.00E+00
 


 SIGMA - COV MATRIX FOR RANDOM EFFECTS - EPSILONS  ****


         EPS1      EPS2      EPS3      EPS4      EPS5      EPS6     
 
 EPS1
+        4.16E-02
 
 EPS2
+        0.00E+00  5.73E-05
 
 EPS3
+        0.00E+00  0.00E+00  1.28E+01
 
 EPS4
+        0.00E+00  0.00E+00  0.00E+00  7.87E-02
 
 EPS5
+        0.00E+00  0.00E+00  0.00E+00  0.00E+00  1.24E+01
 
 EPS6
+        0.00E+00  0.00E+00  0.00E+00  0.00E+00  0.00E+00  2.94E-02
 
1


 OMEGA - CORR MATRIX FOR RANDOM EFFECTS - ETAS  *******


         ETA1      ETA2      ETA3      ETA4      ETA5      ETA6      ETA7      ETA8      ETA9      ET10      ET11      ET12     
          ET13      ET14      ET15      ET16      ET17      ET18      ET19      ET20     
 
 ETA1
+        0.00E+00
 
 ETA2
+        0.00E+00  0.00E+00
 
 ETA3
+        0.00E+00  0.00E+00  0.00E+00
 
 ETA4
+        0.00E+00  0.00E+00  0.00E+00  0.00E+00
 
 ETA5
+        0.00E+00  0.00E+00  0.00E+00  0.00E+00  0.00E+00
 
 ETA6
+        0.00E+00  0.00E+00  0.00E+00  0.00E+00  0.00E+00  0.00E+00
 
 ETA7
+        0.00E+00  0.00E+00  0.00E+00  0.00E+00  0.00E+00  0.00E+00  0.00E+00
 
 ETA8
+        0.00E+00  0.00E+00  0.00E+00  0.00E+00  0.00E+00  0.00E+00  0.00E+00  0.00E+00
 
 ETA9
+        0.00E+00  0.00E+00  0.00E+00  0.00E+00  0.00E+00  0.00E+00  0.00E+00  0.00E+00  0.00E+00
 
 ET10
+        0.00E+00  0.00E+00  0.00E+00  0.00E+00  0.00E+00  0.00E+00  0.00E+00  0.00E+00  0.00E+00  0.00E+00
 
 ET11
+        0.00E+00  0.00E+00  0.00E+00  0.00E+00  0.00E+00  0.00E+00  0.00E+00  0.00E+00  0.00E+00  0.00E+00  0.00E+00
 
 ET12
+        0.00E+00  0.00E+00  0.00E+00  0.00E+00  0.00E+00  0.00E+00  0.00E+00  0.00E+00  0.00E+00  0.00E+00  0.00E+00  0.00E+00
 
 ET13
+        0.00E+00  0.00E+00  0.00E+00  0.00E+00  0.00E+00  0.00E+00  0.00E+00  0.00E+00  0.00E+00  0.00E+00  0.00E+00  0.00E+00
          0.00E+00
 
 ET14
+        0.00E+00  0.00E+00  0.00E+00  0.00E+00  0.00E+00  0.00E+00  0.00E+00  0.00E+00  0.00E+00  0.00E+00  0.00E+00  0.00E+00
          0.00E+00  0.00E+00
 
 ET15
+        0.00E+00  0.00E+00  0.00E+00  0.00E+00  0.00E+00  0.00E+00  0.00E+00  0.00E+00  0.00E+00  0.00E+00  0.00E+00  0.00E+00
          0.00E+00  0.00E+00  0.00E+00
 
 ET16
+        0.00E+00  0.00E+00  0.00E+00  0.00E+00  0.00E+00  0.00E+00  0.00E+00  0.00E+00  0.00E+00  0.00E+00  0.00E+00  0.00E+00
          0.00E+00  0.00E+00  0.00E+00  0.00E+00
 
 ET17
+        0.00E+00  0.00E+00  0.00E+00  0.00E+00  0.00E+00  0.00E+00  0.00E+00  0.00E+00  0.00E+00  0.00E+00  0.00E+00  0.00E+00
          0.00E+00  0.00E+00  0.00E+00  0.00E+00  0.00E+00
 
 ET18
+        0.00E+00  0.00E+00  0.00E+00  0.00E+00  0.00E+00  0.00E+00  0.00E+00  0.00E+00  0.00E+00  0.00E+00  0.00E+00  0.00E+00
          0.00E+00  0.00E+00  0.00E+00  0.00E+00  0.00E+00  0.00E+00
 
 ET19
+        0.00E+00  0.00E+00  0.00E+00  0.00E+00  0.00E+00  0.00E+00  0.00E+00  0.00E+00  0.00E+00  0.00E+00  0.00E+00  0.00E+00
          0.00E+00  0.00E+00  0.00E+00  0.00E+00  0.00E+00  0.00E+00  0.00E+00
 
 ET20
+        0.00E+00  0.00E+00  0.00E+00  0.00E+00  0.00E+00  0.00E+00  0.00E+00  0.00E+00  0.00E+00  0.00E+00  0.00E+00  0.00E+00
          0.00E+00  0.00E+00  0.00E+00  0.00E+00  0.00E+00  0.00E+00  0.00E+00  0.00E+00
 


 SIGMA - CORR MATRIX FOR RANDOM EFFECTS - EPSILONS  ***

1

         EPS1      EPS2      EPS3      EPS4      EPS5      EPS6     
 
 EPS1
+        2.04E-01
 
 EPS2
+        0.00E+00  7.57E-03
 
 EPS3
+        0.00E+00  0.00E+00  3.57E+00
 
 EPS4
+        0.00E+00  0.00E+00  0.00E+00  2.81E-01
 
 EPS5
+        0.00E+00  0.00E+00  0.00E+00  0.00E+00  3.52E+00
 
 EPS6
+        0.00E+00  0.00E+00  0.00E+00  0.00E+00  0.00E+00  1.72E-01
 
 Elapsed finaloutput time in seconds:     0.06
 #CPUT: Total CPU Time in Seconds,       19.125
Stop Time: 
2024-09-30 
¿ÀÈÄ 06:31
