2024-10-11 
¿ÀÈÄ 07:00
$PROBLEM SB15 VIT AQ FOCE like 2 comp by MID
$INPUT IDD	TIME	AMT	DV	MDV	LEFT	CMT	SITE	DRUG	DAY	WEEK	BLQ	TYPE	DOSE	GROUP	ROWC	ROWD	ROWNN	NID	ID	
;$INPUT NID	MID	ID	TIME	AMT	DV	MDV	LEFT	SITE	DRUG	DAY	WEEK	BLQ	TYPE	DOSE	ROWC	ROWD	ROWNN	CMT
$DATA ..//SB15_VAROIS_COMBID_DOSE_SERUM_NEW.csv IGNORE=@  IGNORE(TYPE.EQ.3) ;IGNORE(CMT.GE.4)

$SUBROUTINE ADVAN13 TOL=3

$MODEL
  NCOMP=6
  COMP=(VIT)         ; Central compartment (Vitreous)
  COMP=(AQ)          ; Peripheral compartment (Aqueous)
  COMP=(RET)         ; New compartment (Retina)
  COMP=(SERUM)       ; Additional compartment (Serum)
  COMP=(OPT)         ; Optic nerve
  COMP=(IRIS)        ; Iris   

$PK
  ; Parameter definitions for each compartment
  CL1 = THETA(1) * EXP(ETA(1))   ; Clearance from the VIT compartment
  V1  = THETA(2) * EXP(ETA(2))   ; Volume of distribution in the VIT compartment
  Q12 = THETA(3) * EXP(ETA(3))   ; Inter-compartmental clearance between VIT and AQ
  V2  = THETA(4) * EXP(ETA(4))   ; Volume of distribution in the AQ compartment
  Q13 = THETA(5) * EXP(ETA(5))   ; Inter-compartmental clearance between VIT and RET
  V3  = THETA(6) * EXP(ETA(6))   ; Volume of distribution in the RET compartment
  Q24 = THETA(7) * EXP(ETA(7))   ; CL from AQ to SERUM
  V4  = THETA(8) * EXP(ETA(8))   ; Volume of distribution in the SERUM compartment
  Q34 = THETA(9) * EXP(ETA(9))   ; CL from RET to SERUM 
  CL4 = THETA(10) * EXP(ETA(10)) ; First-order clearance from the SERUM compartment
  Q14 = THETA(11) * EXP(ETA(11)) ; Inter-compartmental clearance between VIT and SERUM
  
  Q41 = THETA(24) * EXP(ETA(12)) ; Inter-compartmental clearance between VIT and SERUM
  
  Q35 = THETA(25) * EXP(ETA(13)) ; CL from RET to OP
  V5  = THETA(26) * EXP(ETA(14)) ; Volume of distribution in the OPT compartment
  Q54 = THETA(27) * EXP(ETA(15)) ; CL from OPT to SERUM 
  
  Q16 = THETA(28) * EXP(ETA(16)) ; Inter-compartmental clearance between VIT and IRIS
  V6  = THETA(29) * EXP(ETA(17)) ; Volume of distribution in the IRIS compartment
  Q26 = THETA(30) * EXP(ETA(18)) ; CL from AQ and IRIS
  Q62 = THETA(31) * EXP(ETA(19)) ; CL from IRIS to AQ
  
  Q42 = THETA(32) * EXP(ETA(20)) ; CL from SERUM to AQ
  
  Q64 = THETA(33) * EXP(ETA(21)) ; CL from IRIS to SERUM 
  Q53 = THETA(34) * EXP(ETA(22)) ; CL from OPT to RET 





  
  ; Zero-order elimination rate from the SERUM compartment
  ;ZO4 = THETA(10) * EXP(ETA(10))   ; Zero-order elimination rate from SERUM

  ; Scaling factors for concentrations in each compartment
  S1 = V1 / 1000   ; Scaling factor for VIT compartment (ng/mL)
  S2 = V2 / 1000   ; Scaling factor for AQ compartment (ng/mL)
  S3 = V3 / 1000   ; Scaling factor for RET compartment (ng/mL)
  S4 = V4 / 1000   ; Scaling factor for SERUM compartment (ng/mL)
  S5 = V5 / 1000   ; Scaling factor for OPT compartment (ng/mL) 
  S6 = V6 / 1000   ; Scaling factor for IRIS compartment (ng/mL) 


$DES
  ; Define rate constants
  K10 = CL1 / V1       ; Elimination rate constant from the VIT compartment
  K12 = Q12 / V1       ; Distribution rate constant from VIT to AQ
  K21 = Q12 / V2       ; Distribution rate constant from AQ to VIT
  K13 = Q13 / V1       ; Distribution rate constant from VIT to RET
  K31 = Q13 / V3       ; Distribution rate constant from RET to VIT
  K24 = Q24 / V2       ; Distribution rate constant from AQ to SERUM
  K42 = Q42 / V4       ; Distribution rate constant from SERUM to AQ
  K34 = Q34 / V3
  K40 = CL4 / V4       ; First-order elimination rate constant from the SERUM compartment
  
  K14 = Q14/ V1        ; Distribution rate constant from VIT to SERUM  
  K41 = Q41/ V4        ; Distribution rate constant from SERUM to VIT  
  
  K35 = Q35/ V3        ; Distribution rate constant from RET to OPT  
  K53 = Q53/ V5        ; Distribution rate constant from OPT to RET  
  
  K54 = Q54/ V5        ; Distribution rate constant from OPT to SERUM

  K16 = Q16 / V1       ; Distribution rate constant from VIT to IRIS
  K61 = Q16 / V6       ; Distribution rate constant from IRIS to VIT
    
  K26 = Q26 / V2       ; Distribution rate constant from AQ to IRIS
  K62 = Q62 / V6       ; Distribution rate constant from IRIS to AQ
  
  
  K64 = Q64 / V6       ; Distribution rate constant from IRIS to SERUM

  
  ; Differential equations for drug amount in each compartment

  DADT(1) = - (K10 + K12 + K13 + K14 + K16) * A(1) + K21 * A(2) + K31 * A(3) + K41 * A(4) + K61 * A(6)
  DADT(2) = K12 * A(1) - (K21 + K24 + K26) * A(2) + K42 * A(4) + K62 * A(6)
  DADT(3) = K13 * A(1) - K31 * A(3) - K34 * A(3) - K35 * A(3) + K53 * A(5)
  DADT(4) = (K24 * A(2) + K34 * A(3) + K14 * A(1)) - (K40 * A(4) + K42 * A(4)) + K54 * A(5) + K64 * A(6)

  DADT(5) = K35 * A(3) - K54 * A(5) - K53 * A(5)

  DADT(6) = K16 * A(1) + K26 * A(2) - (K61 + K62 + K64) * A(6)


  
  

$ERROR
  IF (CMT.EQ.1) THEN
    IPRED  = F                  ; Individual prediction for VIT
    W      = SQRT(THETA(12)**2 + (THETA(13) * IPRED)**2)  ; Combined error for VIT
    IRES   = DV - IPRED         ; Residuals for VIT
    IWRES  = IRES / W           ; Weighted residuals for VIT
    Y      = IPRED + W * EPS(1) ; Observed value for VIT
  ENDIF

  IF (CMT.EQ.2) THEN
    IPRED  = F                  ; Individual prediction for AQ
    W      = SQRT(THETA(14)**2 + (THETA(15) * IPRED)**2)  ; Combined error for AQ
    IRES   = DV - IPRED         ; Residuals for AQ
    IWRES  = IRES / W           ; Weighted residuals for AQ
    Y      = IPRED + W * EPS(2) ; Observed value for AQ
  ENDIF

  IF (CMT.EQ.3) THEN
    IPRED  = F                  ; Individual prediction for VIT
    W      = SQRT(THETA(16)**2 + (THETA(17) * IPRED)**2)  ; Combined error for VIT
    IRES   = DV - IPRED         ; Residuals for VIT
    IWRES  = IRES / W           ; Weighted residuals for VIT
    Y      = IPRED + W * EPS(3) ; Observed value for VIT
  ENDIF

  IF (CMT.EQ.4) THEN
    IPRED  = F                  ; Individual prediction for AQ
    W      = SQRT(THETA(18)**2 + (THETA(19) * IPRED)**2)  ; Combined error for AQ
    IRES   = DV - IPRED         ; Residuals for AQ
    IWRES  = IRES / W           ; Weighted residuals for AQ
    Y      = IPRED + W * EPS(4) ; Observed value for AQ
  ENDIF

  IF (CMT.EQ.5) THEN
    IPRED  = F                  ; Individual prediction for AQ
    W      = SQRT(THETA(20)**2 + (THETA(21) * IPRED)**2)  ; Combined error for AQ
    IRES   = DV - IPRED         ; Residuals for AQ
    IWRES  = IRES / W           ; Weighted residuals for AQ
    Y      = IPRED + W * EPS(5) ; Observed value for AQ
  ENDIF
  
  
  IF (CMT.EQ.6) THEN
  IPRED  = F                  ; Individual prediction for AQ
  W      = SQRT(THETA(22)**2 + (THETA(23) * IPRED)**2)  ; Combined error for AQ
  IRES   = DV - IPRED         ; Residuals for AQ
  IWRES  = IRES / W           ; Weighted residuals for AQ
  Y      = IPRED + W * EPS(6) ; Observed value for AQ
 ENDIF

$THETA
0 FIX         ;CL1 (0, 0.0000005)   ;CL1 Park CL/F rabbit 0.00001 L/h 0.00001 FIX;          
0.0015   FIX  ;V1   Park V/F rabbit 0.0014 L     0.0014 FIX                                               ;Vit vol fix          
6.00E-06 FIX  ;Q12  (0, 0.0000005);Q12   Park bevacizumab 0.000000667 L/h (=0.016 mL/day)   7.94E-07 FIX  ;VARS_921.ctl
0.000287 FIX  ;V2  0.000287 L (=287uL)                               
6.06E-07 FIX  ;Q13 (0, 0.00001)  ;                                                                        ;VARS_921.ctl
              
6.86E-05  FIX ;V3 (0, 0.0001)   ;V3   820 1.32E-03 FIX  ;   ;0.024 FIX ;        ;V3 retina wt 0.024g         ;VARS_921.ctl
1.04E-04  FIX ;Q24 (0, 0.0001)   1.33E-04 FIX                                                                             ;VARS_921.ctl ;210
1.3 FIX       ;V4 1 FIX   (0, 0.1)                                                                        ;NCA Vserum,obs
0.00000149 FIX;Q34 Q34    (0, 0.00001)                                   1.81E-06 FIX  ;(       1.84E-06 FIX ;O_910.ctl             ;VARS_925.ctl
8.81E-03 FIX  ;CL4 (0, 0.007)    ;0.007 FIX     ;CL4 (0, 0.005)   0.006 FIX    0.007 FIX to               ;NCA CLserum,obs => est OI_18.ctl 
              
(0, 0.000002) ;Q14   (0, 0.0000025)  ; 2.74E-06 FIX ;   2.68E-06 FIX  ;   2.77E-06 FIX ;                               ;O_910.ctl   312.ctl
              
 0.1          ;0.0001 FIX  ;add V1
 (0, 0.3)    ;prop
 1           ;0.0001 FIX  ;add V2
 (0, 0.3)    ;prop
 10          ;0.0001 FIX  ;add V3
 (0, 0.3)    ;prop
 5           ;0.0001 FIX  ;add   V4
 (0, 0.3)    ;prop
 10          ; 0.0001 FIX  ;add V5
 (0, 0.3)    ;prop
 10          ; 0.0001 FIX  ;add V6
 (0, 0.3)    ;prop
 
 0 FIX         ;Q41(0, 0.0000001)  Q41        ;Q41 1.24E-07 ; (0, 0.0000001) (0, 0.0000001) ;Q41 1.00E-07 FIX                                                              ;O_910.ctl
 
 (0, 0.0001) ;1.50E-04 FIX ;      ;Q35   0.000079 FIX                                                                  312.ctl
  0.0000428 FIX  ;   ;V5        0.0002 FIX     (0. 0.0005)    ;V5 0.0015  FIX   0.00001 FIX  ;V5  ;same ratio as physio weight (retina1:opt3)
 (0, 0.000001)    ;Q54 ;0.0000000128 FIX Q54 2.47E-07 FIX  ;Q54 (0, 0.000001) ;Q54  
 
 (0, 0.00000001)  ;Q16
 0.0000118 FIX    ;V6   (0, 0.00001) ;V6 0.0000108 FIX  (0, 0.00001)   ;V6 V6 0.00001 FIX  0.00003 FIX   
 3.15E-06  FIX    ;Q26   (0, 0.0000005)
 7.24E-07  FIX    ;Q62  (0, 0.000001)  
 
 (0, 0.00001)     ;Q42 1.10E-04 FIX ;
 6.83E-06 FIX     ;Q64 (0, 0.0001)    312.ctl
 
 (0, 0.0001)   ;Q53             

;212 s 2012
;0.00E+00  1.50E-03  6.00E-06  2.87E-04  6.06E-07  6.86E-05  1.04E-04  1.30E+00  1.49E-06  8.81E-03  2.93E-06 -1.76E-04
;          6.17E-01  2.67E+00  5.17E-01  4.87E+01  7.44E-01 -2.94E+00  3.53E-01  1.38E+02  4.64E-01  4.75E+01  7.65E-01  0.00E+00
;         1.31E-04  4.28E-05  3.58E-06  1.00E-10  1.18E-05  3.15E-06  7.24E-07  1.15E-04  6.83E-06

;corrected eqn based 212.ctl

;312 t 2067 => comp3 underpred
;0.00E+00  1.50E-03  6.00E-06  2.87E-04  6.06E-07  6.86E-05  1.04E-04  1.30E+00  1.49E-06  8.81E-03  2.77E-06'  9.53E-02         
;           6.19E-01  3.22E+00  5.66E-01  1.45E+01  3.31E+00  4.12E+02  4.94E+01  1.66E+02  5.61E-01  7.94E+02  1.29E+01  0.00E+00
;          1.50E-04'  4.28E-05  2.39E-05''6.68E-09''1.18E-05  3.15E-06  7.24E-07  1.10E-04'  6.83E-06    

;313 s 2111 => comp5 overpred
;0.00E+00  1.50E-03  6.00E-06  2.87E-04  6.06E-07  6.86E-05  1.04E-04  1.30E+00  1.49E-06  8.81E-03  2.77E-06  7.38E-02
;          6.03E-01 -8.16E-01  4.42E-01  3.88E+01  6.96E-01 -7.37E+00  9.11E-01 -1.75E+01  7.74E-01 -2.89E+01  4.94E-01  0.00E+00
;         1.50E-04  4.28E-05  9.86E-07  5.47E-09  1.18E-05  3.15E-06  7.24E-07  1.10E-04  6.83E-06 

;314 t 2109 
;0.00E+00  1.50E-03  6.00E-06  2.87E-04  6.06E-07  6.86E-05  1.04E-04  1.30E+00  1.49E-06  8.81E-03  2.77E-06 -3.49E-04
;          6.07E-01 -7.10E+00  1.99E+00  3.56E+01  9.61E-01 -7.22E+00  8.89E-01  6.42E+01  7.72E-01 -3.61E+01  6.07E-01  0.00E+00
;         1.07E-04  4.28E-05  1.97E-06  7.48E-09  1.18E-05  3.15E-06  7.24E-07  1.10E-04  6.83E-06 
;0.00E+00  1.50E-03  6.00E-06  2.87E-04  6.06E-07  6.86E-05  1.04E-04  1.30E+00  1.49E-06  8.81E-03  2.77E-06 -6.17E-02
;          6.02E-01  3.79E-01  5.00E-01  4.06E+01  7.36E-01  4.66E+00  5.87E-01  6.18E+00  7.74E-01  3.21E+01  5.45E-01  0.00E+00
;         4.30E-05  1.80E-04  1.78E-06  1.08E-10  1.18E-05  3.15E-06  7.24E-07  1.10E-04  6.83E-06


 
;315 Q35 Q53 sep, other release, OPT vol fix 
;

 
 

;195 t 2033
; 0.00E+00  1.50E-03  6.00E-06  2.87E-04  6.06E-07  6.86E-05  1.31E-04  1.30E+00  1.84E-06  8.81E-03  2.66E-06  2.67E+00
;          5.67E+01 -1.59E+02  8.41E+01  2.86E+03  4.58E+01  1.10E+02  1.36E+01 -8.36E+01  2.40E+00  2.37E+02  3.77E+00  0.00E+00
;         1.23E-05  2.00E-04  6.37E-06  1.29E-07  6.26E-06  5.57E-07  3.92E-06  3.48E-04  3.25E-06

;196 iris vol fix 2030
;0.00E+00  1.50E-03  6.00E-06  2.87E-04  6.06E-07  6.86E-05  1.08E-04  1.30E+00  1.84E-06  8.81E-03  1.50E-06  1.87E-01
;          6.43E-01 -1.14E+02  8.19E+01  1.07E+03  1.76E+01  1.97E+02  2.36E+01  4.63E+01  3.69E+02  3.36E+00  5.36E-02  0.00E+00
;         2.55E-07  2.00E-04  1.00E-08  1.42E-06  1.08E-05  5.00E-09  5.14E-07  1.53E-04  6.98E-05

;197 Q35 large 2088
;0.00E+00  1.50E-03  6.00E-06  2.87E-04  6.06E-07  6.86E-05  5.31E-04  1.30E+00  1.84E-06  8.81E-03  2.50E-08 -4.28E-01
;          7.24E-01 -1.33E+02  8.90E+01  1.70E+01  2.80E-01 -6.56E+00  8.43E-01 -2.40E+02  5.51E+00  1.64E+00  2.96E-02  0.00E+00
;         9.69E-04  2.00E-04  7.03E-07  2.58E-06  1.08E-05  2.18E-05  2.83E-06  1.65E-05  9.53E-05
         
;198 Optic vol est -> optic okay, iris vol est
; 0.00E+00  1.50E-03  6.00E-06  2.87E-04  6.06E-07  6.86E-05  1.25E-04  1.30E+00  1.84E-06  8.81E-03  2.86E-06 -6.22E-02
;          7.80E+01  6.22E+00  8.07E+00 -1.82E+03  2.86E+01 -7.16E+00  8.69E-01  1.24E+01  4.22E-02  1.49E+00  3.00E-03  0.00E+00
;         9.03E-05  4.20E-05  1.00E-08  1.50E-09  1.08E-05  1.10E-07  1.00E-08  3.42E-04  1.53E-04

;199 iris vol est 
;0.00E+00  1.50E-03  6.00E-06  2.87E-04  6.06E-07  6.86E-05  1.23E-04  1.30E+00  1.84E-06  8.81E-03  2.68E-06 -5.82E+01
;          7.04E+01  1.51E+02  2.86E+01  8.43E+02  9.84E+01  8.81E+01  1.10E+01  1.39E+01  5.58E-02 -6.19E+00  1.02E-01  0.00E+00
;         7.87E-05  4.28E-05  1.28E-08  6.16E-09  1.18E-05  3.15E-06  7.24E-07  3.95E-05  6.83E-06

;200 Q14 Q35 Q54 FIX => comp6 underest..little
;0.00E+00  1.50E-03  6.00E-06  2.87E-04  6.06E-07  6.86E-05  1.33E-04  1.30E+00  1.84E-06  8.81E-03  2.46E-06  1.30E-01
;          1.85E-01 -4.28E+01  7.48E+00  2.95E+01  4.74E-01  1.30E+02  1.58E+01  1.96E+01  6.77E-02  1.56E+01  3.00E-03  0.00E+00
;         5.61E-05  4.43E-05  1.00E-08  1.98E-07  1.18E-05  1.97E-06  4.91E-07  5.00E-07  3.13E-05

;201 Q14 Q35 Q54 FIX => comp6 underest..lot
; 0.00E+00  1.50E-03  6.00E-06  2.87E-04  6.06E-07  6.86E-05  1.17E-04  1.30E+00  1.84E-06  8.81E-03  2.68E-06 -4.74E+00
;          1.47E+01  1.68E+02  3.18E+01 -1.03E+02  1.63E+00  6.04E+01  7.66E+00  6.49E+00  2.25E-02  8.61E+00  3.00E-03  0.00E+00
;         7.90E-05  4.37E-05  1.28E-08  3.21E-09  5.00E-06  4.21E-07  1.00E-08  5.00E-07  7.08E-05

;202 Q14 Q35 Q54 FIX V5 V6 FIX => comp6 underest..lot
;0.00E+00  1.50E-03  6.00E-06  2.87E-04  6.06E-07  6.86E-05  1.11E-04  1.30E+00  1.84E-06  8.81E-03  2.68E-06  2.80E-02
;          6.00E-01 -1.58E+00  4.58E-01  3.02E+01  4.89E-01  4.34E+00  5.51E-01  1.23E+02  4.30E-01  2.23E+00  1.14E+00  0.00E+00
;         7.90E-05  4.28E-05  1.28E-08  5.87E-09  1.18E-05  6.27E-07  9.77E-07  5.00E-07  4.96E-05

;203     => comp6 underest..lot
;0.00E+00  1.50E-03  6.00E-06  2.87E-04  6.06E-07  6.86E-05  1.31E-04  1.30E+00  1.84E-06  8.81E-03  2.68E-06 -9.01E-03
;          6.19E-01  6.80E-01  5.60E-01  1.01E+02  1.62E+00 -6.12E+00  7.71E-01  1.10E+02  3.82E-01 -1.23E+00  1.12E+00  0.00E+00
;         7.90E-05  4.28E-05  1.28E-08  6.21E-09  1.18E-05  4.79E-07  9.43E-07  2.51E-04  6.64E-05

;

;204 s 2042 based on 925.CTL (VARS FINAL) => comp6 underest..lot
;

;205 t 2042 Q24 Q42 FIX   => comp6 underest..lot "Q64 6.83E-06" seem impt!
;0.00E+00  1.50E-03  6.00E-06  2.87E-04  6.06E-07  6.86E-05  1.23E-04  1.30E+00  1.49E-06  8.81E-03  2.66E-06 -4.31E-01
;          2.70E+00  1.23E+01  2.16E+00  7.34E+02  1.19E+01 -8.83E+00  1.11E+00  3.01E+02  1.06E+00  1.86E+00  1.96E-01  0.00E+00
;         8.27E-05  4.28E-05  5.27E-06  1.53E-08  1.18E-05  8.66E-06  9.44E-07  3.95E-05  1.14E-04
;
;
;206 Q26 Q62 FIX t 2038 => comp2 overpred, comp5 underpred little
; 0.00E+00  1.50E-03  6.00E-06  2.87E-04  6.06E-07  6.86E-05  7.79E-05  1.30E+00  1.49E-06  8.81E-03  3.22E-06  4.17E-01
;          9.08E-01 -5.91E+01  9.44E+00  2.78E+01  3.98E-01 -5.35E+00  6.25E-01  1.38E+02  4.66E-01  4.16E+01  2.07E+00  0.00E+00
;         1.02E-04  4.28E-05  3.38E-07  1.05E-08  1.18E-05  3.15E-06  7.24E-07  2.15E-06  3.05E-05

;
;199 iris vol est 
;0.00E+00  1.50E-03  6.00E-06  2.87E-04  6.06E-07  6.86E-05  1.23E-04  1.30E+00  1.84E-06  8.81E-03  2.68E-06 -5.82E+01
;          7.04E+01  1.51E+02  2.86E+01  8.43E+02  9.84E+01  8.81E+01  1.10E+01  1.39E+01  5.58E-02 -6.19E+00  1.02E-01  0.00E+00
;         7.87E-05  4.28E-05  1.28E-08  6.16E-09  1.18E-05  3.15E-06  7.24E-07  3.95E-05  6.83E-06

;207 t 2013 Q26 Q62 Q64 FIX  => good fit!
;0.00E+00  1.50E-03  6.00E-06  2.87E-04  6.06E-07  6.86E-05  1.04E-04  1.30E+00  1.49E-06  8.81E-03  2.94E-06 -3.05E+00
;          6.19E-01 -3.33E+00  5.69E-01  3.58E+01  5.24E-01  4.13E+00  4.88E-01  1.35E+02  4.59E-01  1.07E+02  1.75E+00  0.00E+00
;         1.06E-04  4.28E-05  3.34E-06  1.15E-08  1.18E-05  3.15E-06  7.24E-07  1.17E-04  6.83E-06

;208 t 2013 Q64 FIX  => good fit!
;0.00E+00  1.50E-03  6.00E-06  2.87E-04  6.06E-07  6.86E-05  1.04E-04  1.30E+00  1.49E-06  8.81E-03  2.94E-06 -3.05E+00
;          6.19E-01 -3.33E+00  5.69E-01  3.58E+01  5.24E-01  4.13E+00  4.88E-01  1.35E+02  4.59E-01  1.07E+02  1.75E+00  0.00E+00
;         1.06E-04  4.28E-05  3.34E-06  1.15E-08  1.18E-05  3.15E-06  7.24E-07  1.17E-04  6.83E-06
;

;209 init ch t 2013 => good fit! based 208.ctl
;0.00E+00  1.50E-03  6.00E-06  2.87E-04  6.06E-07  6.86E-05  1.04E-04  1.30E+00  1.49E-06  8.81E-03  2.89E-06 -3.28E-03
;          6.45E-01 -1.90E+01  3.46E+00  5.19E+01  8.00E-01 -1.10E+01  1.32E+00  2.12E+02  7.23E-01  1.53E+02  2.45E+00  0.00E+00
;         9.99E-05  4.28E-05  4.39E-06  2.72E-09  1.18E-05  3.15E-06  7.24E-07  7.73E-05  6.83E-06

;210 init ch t 2014 , Q54 FIX 
;0.00E+00  1.50E-03  6.00E-06  2.87E-04  6.06E-07  6.86E-05  1.14E-04  1.30E+00  1.49E-06  8.81E-03  2.79E-06 -3.52E-01
;          6.31E-01 -3.26E+01  2.34E+01  8.92E+01  1.40E+00 -1.69E+01  2.10E+00  1.01E+02  3.45E-01  1.91E+02  3.21E+00  0.00E+00
;         1.72E-04  4.28E-05  3.34E-06  9.91E-09  1.18E-05  3.15E-06  7.24E-07  1.49E-04  6.83E-06
         
;211 init ch => rounding 


;
;213 Q24 FIX Q54 FIX
;
;
; 
;  Q26 Q62 Q64 FIX Q24 FIX 
;
;312 t 2067
;0.00E+00  1.50E-03  6.00E-06  2.87E-04  6.06E-07  6.86E-05  1.04E-04  1.30E+00  1.49E-06  8.81E-03  2.77E-06'  9.53E-02         
;           6.19E-01  3.22E+00  5.66E-01  1.45E+01  3.31E+00  4.12E+02  4.94E+01  1.66E+02  5.61E-01  7.94E+02  1.29E+01  0.00E+00
;          1.50E-04'  4.28E-05  2.39E-05''6.68E-09''1.18E-05  3.15E-06  7.24E-07  1.10E-04'  6.83E-06    

;313 
                           

$OMEGA
  0 FIX ;CL1 0.04  FIX 
  0 FIX ;V1  0.04; FIX
  0 FIX ;Q   0.04  ; 
  0 FIX ;V2  0.04  FIX 
  0 FIX ;CL2 0.04  ; 
  
  0 FIX ;V3 0.04  ; 
  0 FIX ;Q 0.04  ; 
  0 FIX ;V4 0.04  ; 
  0 FIX
  0 FIX
  
  0 FIX
  0 FIX
  0 FIX
  0 FIX
  0 FIX
  
  0 FIX
  0 FIX
  0 FIX
  0 FIX
  0 FIX
  
  0 FIX
  0 FIX



$SIGMA
  0.2;   1 FIX  
  0.3;   1 FIX  
  0.2;   1 FIX  
  0.2;   1 FIX  
  0.2;   1 FIX
  0.2


$ESTIMATION  MAXEVAL=9999 PRINT=10 SIGDIGITS=2  METHOD=1 INTER ;METHOD=0 ;
;$COVARIANCE PRINT=E


$TABLE ID	TIME	AMT	DV	MDV	LEFT	CMT	SITE	DRUG	DAY	WEEK	BLQ	TYPE	DOSE	GROUP	ROWC	ROWD	ROWNN	NID	IDD	PRED IPRED CWRES IWRES       ONEHEADER NOPRINT FILE = sdtab315
$TABLE K10	K12	K21	K13	K31	K24	K42	K34	K40	K14	K41	K35	K53	K54	K16	K61	K26	K62 K64                                             ONEHEADER NOPRINT NOAPPEND FILE = patab315



;$TABLE ID TIME PRED AMT DV MDV EVID LEFT	SITE	DRUG	DAY	WEEK	BLQ	TYPE	NID DOSE ROWNN IPRED CWRES IWRES             ONEHEADER NOPRINT FILE = sdtab11
;GROUP=drop	IDD	TIME	AMT	DV	MDV	LEFT	SITE	DRUG	DAY	WEEK	BLQ	TYPE	NID	ID	DOSE	ROWC	ROWD	ROWNN

;$TABLE ID TIME PRED AMT DV MDV ODV EVID PTIME	TAD PTAD DAY	SEX	AGE	HT	WT	BMI	NUM	DRUG BASE IPRED CWRES IWRES             ONEHEADER NOPRINT FILE = sdtab635
;$TABLE ID CL V KA ETA(1) ETA(2) ETA(3)                                                                             ONEHEADER NOPRINT NOAPPEND FILE = patab635
;$TABLE ID SEX DRUG                                                                                                 ONEHEADER NOPRINT NOAPPEND FILE = catab635
;$TABLE ID AGE HT WT BMI                                                                                            ONEHEADER NOPRINT NOAPPEND FILE = cotab635
;$TABLE ID CL V KA ETA(1) ETA(2) ETA(3) SEX DRUG AGE HT WT BMI                                                     ONEHEADER NOPRINT NOAPPEND FILE = alltab635
  
NM-TRAN MESSAGES 
  
 WARNINGS AND ERRORS (IF ANY) FOR PROBLEM    1
             
 (WARNING  2) NM-TRAN INFERS THAT THE DATA ARE POPULATION.
             
 (WARNING  3) THERE MAY BE AN ERROR IN THE ABBREVIATED CODE. THE FOLLOWING
 ONE OR MORE RANDOM VARIABLES ARE DEFINED WITH "IF" STATEMENTS THAT DO NOT
 PROVIDE DEFINITIONS FOR BOTH THE "THEN" AND "ELSE" CASES. IF ALL
 CONDITIONS FAIL, THE VALUES OF THESE VARIABLES WILL BE ZERO.
  
   IPRED W IRES IWRES Y

             
 (WARNING  48) DES-DEFINED ITEMS ARE COMPUTED ONLY WHEN EVENT TIME
 INCREASES. E.G., DISPLAYED VALUES ASSOCIATED WITH THE FIRST EVENT RECORD
 OF AN INDIVIDUAL RECORD ARE COMPUTED WITH (THE LAST ADVANCE TO) AN EVENT
 TIME OF THE PRIOR INDIVIDUAL RECORD.

 LIM VALUES MAXLIM ASSESSED BY NMTRAN: 1,2,3,4,5,6,7,8,10,11,13,15,16        
  
Note: Analytical 2nd Derivatives are constructed in FSUBS but are never used.
      You may insert $ABBR DERIV2=NO after the first $PROB to save FSUBS construction and compilation time
  
  
License Registered to: AIMS BioScience Co
Expiration Date:    14 MAY 2025
Current Date:       11 OCT 2024
Days until program expires : 218
1NONLINEAR MIXED EFFECTS MODEL PROGRAM (NONMEM) VERSION 7.5.1
 ORIGINALLY DEVELOPED BY STUART BEAL, LEWIS SHEINER, AND ALISON BOECKMANN
 CURRENT DEVELOPERS ARE ROBERT BAUER, ICON DEVELOPMENT SOLUTIONS,
 AND ALISON BOECKMANN. IMPLEMENTATION, EFFICIENCY, AND STANDARDIZATION
 PERFORMED BY NOUS INFOSYSTEMS.

 PROBLEM NO.:         1
 SB15 VIT AQ FOCE like 2 comp by MID
0DATA CHECKOUT RUN:              NO
 DATA SET LOCATED ON UNIT NO.:    2
 THIS UNIT TO BE REWOUND:        NO
 NO. OF DATA RECS IN DATA SET:      280
 NO. OF DATA ITEMS IN DATA SET:  21
 ID DATA ITEM IS DATA ITEM NO.:  20
 DEP VARIABLE IS DATA ITEM NO.:   4
 MDV DATA ITEM IS DATA ITEM NO.:  5
0INDICES PASSED TO SUBROUTINE PRED:
  21   2   3   0   0   0   7   0   0   0   0
0LABELS FOR DATA ITEMS:
 IDD TIME AMT DV MDV LEFT CMT SITE DRUG DAY WEEK BLQ TYPE DOSE GROUP ROWC ROWD ROWNN NID ID EVID
0(NONBLANK) LABELS FOR PRED-DEFINED ITEMS:
 K10 K12 K21 K13 K31 K24 K42 K34 K40 K14 K41 K35 K53 K54 K16 K61 K26 K62 K64 IPRED IWRES
0FORMAT FOR DATA:
 (3(6E12.0/),2E12.0,1F2.0)

 TOT. NO. OF OBS RECS:      162
 TOT. NO. OF INDIVIDUALS:       60
0LENGTH OF THETA:  34
0DEFAULT THETA BOUNDARY TEST OMITTED:    NO
0OMEGA HAS SIMPLE DIAGONAL FORM WITH DIMENSION:  22
0DEFAULT OMEGA BOUNDARY TEST OMITTED:    NO
0SIGMA HAS SIMPLE DIAGONAL FORM WITH DIMENSION:   6
0DEFAULT SIGMA BOUNDARY TEST OMITTED:    NO
0INITIAL ESTIMATE OF THETA:
 LOWER BOUND    INITIAL EST    UPPER BOUND
  0.0000E+00     0.0000E+00     0.0000E+00
  0.1500E-02     0.1500E-02     0.1500E-02
  0.6000E-05     0.6000E-05     0.6000E-05
  0.2870E-03     0.2870E-03     0.2870E-03
  0.6060E-06     0.6060E-06     0.6060E-06
  0.6860E-04     0.6860E-04     0.6860E-04
  0.1040E-03     0.1040E-03     0.1040E-03
  0.1300E+01     0.1300E+01     0.1300E+01
  0.1490E-05     0.1490E-05     0.1490E-05
  0.8810E-02     0.8810E-02     0.8810E-02
  0.0000E+00     0.2000E-05     0.1000E+07
 -0.1000E+07     0.1000E+00     0.1000E+07
  0.0000E+00     0.3000E+00     0.1000E+07
 -0.1000E+07     0.1000E+01     0.1000E+07
  0.0000E+00     0.3000E+00     0.1000E+07
 -0.1000E+07     0.1000E+02     0.1000E+07
  0.0000E+00     0.3000E+00     0.1000E+07
 -0.1000E+07     0.5000E+01     0.1000E+07
  0.0000E+00     0.3000E+00     0.1000E+07
 -0.1000E+07     0.1000E+02     0.1000E+07
  0.0000E+00     0.3000E+00     0.1000E+07
 -0.1000E+07     0.1000E+02     0.1000E+07
  0.0000E+00     0.3000E+00     0.1000E+07
  0.0000E+00     0.0000E+00     0.0000E+00
  0.0000E+00     0.1000E-03     0.1000E+07
  0.4280E-04     0.4280E-04     0.4280E-04
  0.0000E+00     0.1000E-05     0.1000E+07
  0.0000E+00     0.1000E-07     0.1000E+07
  0.1180E-04     0.1180E-04     0.1180E-04
  0.3150E-05     0.3150E-05     0.3150E-05
  0.7240E-06     0.7240E-06     0.7240E-06
  0.0000E+00     0.1000E-04     0.1000E+07
  0.6830E-05     0.6830E-05     0.6830E-05
  0.0000E+00     0.1000E-03     0.1000E+07
0INITIAL ESTIMATE OF OMEGA:
 0.0000E+00
 0.0000E+00   0.0000E+00
 0.0000E+00   0.0000E+00   0.0000E+00
 0.0000E+00   0.0000E+00   0.0000E+00   0.0000E+00
 0.0000E+00   0.0000E+00   0.0000E+00   0.0000E+00   0.0000E+00
 0.0000E+00   0.0000E+00   0.0000E+00   0.0000E+00   0.0000E+00   0.0000E+00
 0.0000E+00   0.0000E+00   0.0000E+00   0.0000E+00   0.0000E+00   0.0000E+00   0.0000E+00
 0.0000E+00   0.0000E+00   0.0000E+00   0.0000E+00   0.0000E+00   0.0000E+00   0.0000E+00   0.0000E+00
 0.0000E+00   0.0000E+00   0.0000E+00   0.0000E+00   0.0000E+00   0.0000E+00   0.0000E+00   0.0000E+00   0.0000E+00
 0.0000E+00   0.0000E+00   0.0000E+00   0.0000E+00   0.0000E+00   0.0000E+00   0.0000E+00   0.0000E+00   0.0000E+00   0.0000E+00
 0.0000E+00   0.0000E+00   0.0000E+00   0.0000E+00   0.0000E+00   0.0000E+00   0.0000E+00   0.0000E+00   0.0000E+00   0.0000E+00
 0.0000E+00
 0.0000E+00   0.0000E+00   0.0000E+00   0.0000E+00   0.0000E+00   0.0000E+00   0.0000E+00   0.0000E+00   0.0000E+00   0.0000E+00
 0.0000E+00   0.0000E+00
 0.0000E+00   0.0000E+00   0.0000E+00   0.0000E+00   0.0000E+00   0.0000E+00   0.0000E+00   0.0000E+00   0.0000E+00   0.0000E+00
 0.0000E+00   0.0000E+00   0.0000E+00
 0.0000E+00   0.0000E+00   0.0000E+00   0.0000E+00   0.0000E+00   0.0000E+00   0.0000E+00   0.0000E+00   0.0000E+00   0.0000E+00
 0.0000E+00   0.0000E+00   0.0000E+00   0.0000E+00
 0.0000E+00   0.0000E+00   0.0000E+00   0.0000E+00   0.0000E+00   0.0000E+00   0.0000E+00   0.0000E+00   0.0000E+00   0.0000E+00
 0.0000E+00   0.0000E+00   0.0000E+00   0.0000E+00   0.0000E+00
 0.0000E+00   0.0000E+00   0.0000E+00   0.0000E+00   0.0000E+00   0.0000E+00   0.0000E+00   0.0000E+00   0.0000E+00   0.0000E+00
 0.0000E+00   0.0000E+00   0.0000E+00   0.0000E+00   0.0000E+00   0.0000E+00
 0.0000E+00   0.0000E+00   0.0000E+00   0.0000E+00   0.0000E+00   0.0000E+00   0.0000E+00   0.0000E+00   0.0000E+00   0.0000E+00
 0.0000E+00   0.0000E+00   0.0000E+00   0.0000E+00   0.0000E+00   0.0000E+00   0.0000E+00
 0.0000E+00   0.0000E+00   0.0000E+00   0.0000E+00   0.0000E+00   0.0000E+00   0.0000E+00   0.0000E+00   0.0000E+00   0.0000E+00
 0.0000E+00   0.0000E+00   0.0000E+00   0.0000E+00   0.0000E+00   0.0000E+00   0.0000E+00   0.0000E+00
 0.0000E+00   0.0000E+00   0.0000E+00   0.0000E+00   0.0000E+00   0.0000E+00   0.0000E+00   0.0000E+00   0.0000E+00   0.0000E+00
 0.0000E+00   0.0000E+00   0.0000E+00   0.0000E+00   0.0000E+00   0.0000E+00   0.0000E+00   0.0000E+00   0.0000E+00
 0.0000E+00   0.0000E+00   0.0000E+00   0.0000E+00   0.0000E+00   0.0000E+00   0.0000E+00   0.0000E+00   0.0000E+00   0.0000E+00
 0.0000E+00   0.0000E+00   0.0000E+00   0.0000E+00   0.0000E+00   0.0000E+00   0.0000E+00   0.0000E+00   0.0000E+00   0.0000E+00
 0.0000E+00   0.0000E+00   0.0000E+00   0.0000E+00   0.0000E+00   0.0000E+00   0.0000E+00   0.0000E+00   0.0000E+00   0.0000E+00
 0.0000E+00   0.0000E+00   0.0000E+00   0.0000E+00   0.0000E+00   0.0000E+00   0.0000E+00   0.0000E+00   0.0000E+00   0.0000E+00
 0.0000E+00
 0.0000E+00   0.0000E+00   0.0000E+00   0.0000E+00   0.0000E+00   0.0000E+00   0.0000E+00   0.0000E+00   0.0000E+00   0.0000E+00
 0.0000E+00   0.0000E+00   0.0000E+00   0.0000E+00   0.0000E+00   0.0000E+00   0.0000E+00   0.0000E+00   0.0000E+00   0.0000E+00
 0.0000E+00   0.0000E+00
0OMEGA CONSTRAINED TO BE THIS INITIAL ESTIMATE
0INITIAL ESTIMATE OF SIGMA:
 0.2000E+00
 0.0000E+00   0.3000E+00
 0.0000E+00   0.0000E+00   0.2000E+00
 0.0000E+00   0.0000E+00   0.0000E+00   0.2000E+00
 0.0000E+00   0.0000E+00   0.0000E+00   0.0000E+00   0.2000E+00
 0.0000E+00   0.0000E+00   0.0000E+00   0.0000E+00   0.0000E+00   0.2000E+00
0TABLES STEP OMITTED:    NO
 NO. OF TABLES:           2
 SEED NUMBER (SEED):    11456
 NPDTYPE:    0
 INTERPTYPE:    0
 RANMETHOD:             3U
 MC SAMPLES (ESAMPLE):    300
 WRES SQUARE ROOT TYPE (WRESCHOL): EIGENVALUE
0-- TABLE   1 --
0RECORDS ONLY:    ALL
04 COLUMNS APPENDED:    YES
 PRINTED:                NO
 HEADER:                YES
 FILE TO BE FORWARDED:   NO
 FORMAT:                S1PE11.4
 IDFORMAT:
 LFORMAT:
 RFORMAT:
 FIXED_EFFECT_ETAS:
0USER-CHOSEN ITEMS:
 ID TIME AMT DV MDV LEFT CMT SITE DRUG DAY WEEK BLQ TYPE DOSE GROUP ROWC ROWD ROWNN NID IDD IPRED CWRES IWRES
0-- TABLE   2 --
0RECORDS ONLY:    ALL
04 COLUMNS APPENDED:    NO
 PRINTED:                NO
 HEADER:                YES
 FILE TO BE FORWARDED:   NO
 FORMAT:                S1PE11.4
 IDFORMAT:
 LFORMAT:
 RFORMAT:
 FIXED_EFFECT_ETAS:
0USER-CHOSEN ITEMS:
 K10 K12 K21 K13 K31 K24 K42 K34 K40 K14 K41 K35 K53 K54 K16 K61 K26 K62 K64
1DOUBLE PRECISION PREDPP VERSION 7.5.1

 GENERAL NONLINEAR KINETICS MODEL WITH STIFF/NONSTIFF EQUATIONS (LSODA, ADVAN13)
0MODEL SUBROUTINE USER-SUPPLIED - ID NO. 9999
0MAXIMUM NO. OF BASIC PK PARAMETERS:  22
0COMPARTMENT ATTRIBUTES
 COMPT. NO.   FUNCTION   INITIAL    ON/OFF      DOSE      DEFAULT    DEFAULT
                         STATUS     ALLOWED    ALLOWED    FOR DOSE   FOR OBS.
    1         VIT          ON         YES        YES        YES        YES
    2         AQ           ON         YES        YES        NO         NO
    3         RET          ON         YES        YES        NO         NO
    4         SERUM        ON         YES        YES        NO         NO
    5         OPT          ON         YES        YES        NO         NO
    6         IRIS         ON         YES        YES        NO         NO
    7         OUTPUT       OFF        YES        NO         NO         NO
 INITIAL (BASE) TOLERANCE SETTINGS:
 NRD (RELATIVE) VALUE(S) OF TOLERANCE:   3
 ANRD (ABSOLUTE) VALUE(S) OF TOLERANCE:  12
1
 ADDITIONAL PK PARAMETERS - ASSIGNMENT OF ROWS IN GG
 COMPT. NO.                             INDICES
              SCALE      BIOAVAIL.   ZERO-ORDER  ZERO-ORDER  ABSORB
                         FRACTION    RATE        DURATION    LAG
    1           23           *           *           *           *
    2           24           *           *           *           *
    3           25           *           *           *           *
    4           26           *           *           *           *
    5           27           *           *           *           *
    6           28           *           *           *           *
    7            *           -           -           -           -
             - PARAMETER IS NOT ALLOWED FOR THIS MODEL
             * PARAMETER IS NOT SUPPLIED BY PK SUBROUTINE;
               WILL DEFAULT TO ONE IF APPLICABLE
0DATA ITEM INDICES USED BY PRED ARE:
   EVENT ID DATA ITEM IS DATA ITEM NO.:     21
   TIME DATA ITEM IS DATA ITEM NO.:          2
   DOSE AMOUNT DATA ITEM IS DATA ITEM NO.:   3
   COMPT. NO. DATA ITEM IS DATA ITEM NO.:    7

0PK SUBROUTINE CALLED WITH EVERY EVENT RECORD.
 PK SUBROUTINE NOT CALLED AT NONEVENT (ADDITIONAL OR LAGGED) DOSE TIMES.
0ERROR SUBROUTINE CALLED WITH EVERY EVENT RECORD.
0DES SUBROUTINE USES COMPACT STORAGE MODE.

 #PARA: PARAFILE=mpiwini8.pnm, PROTOCOL=MPI, NODES= 12

1


 #TBLN:      1
 #METH: First Order Conditional Estimation with Interaction

 ESTIMATION STEP OMITTED:                 NO
 ANALYSIS TYPE:                           POPULATION
 NUMBER OF SADDLE POINT RESET ITERATIONS:      0
 GRADIENT METHOD USED:               NOSLOW
 CONDITIONAL ESTIMATES USED:              YES
 CENTERED ETA:                            NO
 EPS-ETA INTERACTION:                     YES
 LAPLACIAN OBJ. FUNC.:                    NO
 NO. OF FUNCT. EVALS. ALLOWED:            9999
 NO. OF SIG. FIGURES REQUIRED:            2
 INTERMEDIATE PRINTOUT:                   YES
 ESTIMATE OUTPUT TO MSF:                  NO
 IND. OBJ. FUNC. VALUES SORTED:           NO
 NUMERICAL DERIVATIVE
       FILE REQUEST (NUMDER):               NONE
 MAP (ETAHAT) ESTIMATION METHOD (OPTMAP):   0
 ETA HESSIAN EVALUATION METHOD (ETADER):    0
 INITIAL ETA FOR MAP ESTIMATION (MCETA):    0
 SIGDIGITS FOR MAP ESTIMATION (SIGLO):      100
 GRADIENT SIGDIGITS OF
       FIXED EFFECTS PARAMETERS (SIGL):     100
 NOPRIOR SETTING (NOPRIOR):                 0
 NOCOV SETTING (NOCOV):                     OFF
 DERCONT SETTING (DERCONT):                 OFF
 FINAL ETA RE-EVALUATION (FNLETA):          1
 EXCLUDE NON-INFLUENTIAL (NON-INFL.) ETAS
       IN SHRINKAGE (ETASTYPE):             NO
 NON-INFL. ETA CORRECTION (NONINFETA):      0
 RAW OUTPUT FILE (FILE): OI_315.ext
 EXCLUDE TITLE (NOTITLE):                   NO
 EXCLUDE COLUMN LABELS (NOLABEL):           NO
 FORMAT FOR ADDITIONAL FILES (FORMAT):      S1PE12.5
 PARAMETER ORDER FOR OUTPUTS (ORDER):       TSOL
 KNUTHSUMOFF:                               0
 INCLUDE LNTWOPI:                           NO
 INCLUDE CONSTANT TERM TO PRIOR (PRIORC):   NO
 INCLUDE CONSTANT TERM TO OMEGA (ETA) (OLNTWOPI):NO
 ADDITIONAL CONVERGENCE TEST (CTYPE=4)?:    NO
 EM OR BAYESIAN METHOD USED:                 NONE

 TOLERANCES FOR ESTIMATION/EVALUATION STEP:
 NRD (RELATIVE) VALUE(S) OF TOLERANCE:   3
 ANRD (ABSOLUTE) VALUE(S) OF TOLERANCE:  12
 TOLERANCES FOR COVARIANCE STEP:
 NRD (RELATIVE) VALUE(S) OF TOLERANCE:   3
 ANRD (ABSOLUTE) VALUE(S) OF TOLERANCE:  12
 TOLERANCES FOR TABLE/SCATTER STEP:
 NRD (RELATIVE) VALUE(S) OF TOLERANCE:   3
 ANRD (ABSOLUTE) VALUE(S) OF TOLERANCE:  12

 THE FOLLOWING LABELS ARE EQUIVALENT
 PRED=PREDI
 RES=RESI
 WRES=WRESI
 IWRS=IWRESI
 IPRD=IPREDI
 IRS=IRESI

 MONITORING OF SEARCH:


0ITERATION NO.:    0    OBJECTIVE VALUE:   3995.22299887536        NO. OF FUNC. EVALS.:  26
 CUMULATIVE NO. OF FUNC. EVALS.:       26
 NPARAMETR:  2.0000E-06  1.0000E-01  3.0000E-01  1.0000E+00  3.0000E-01  1.0000E+01  3.0000E-01  5.0000E+00  3.0000E-01  1.0000E+01
             3.0000E-01  1.0000E+01  3.0000E-01  1.0000E-04  1.0000E-06  1.0000E-08  1.0000E-05  1.0000E-04  2.0000E-01  3.0000E-01
             2.0000E-01  2.0000E-01  2.0000E-01  2.0000E-01
 PARAMETER:  1.0000E-01  1.0000E-01  1.0000E-01  1.0000E-01  1.0000E-01  1.0000E-01  1.0000E-01  1.0000E-01  1.0000E-01  1.0000E-01
             1.0000E-01  1.0000E-01  1.0000E-01  1.0000E-01  1.0000E-01  1.0000E-01  1.0000E-01  1.0000E-01  1.0000E-01  1.0000E-01
             1.0000E-01  1.0000E-01  1.0000E-01  1.0000E-01
 GRADIENT:  -1.4223E+03 -5.9845E-03 -1.1457E+03 -2.9235E+01 -5.2959E+02 -9.9646E+01 -5.4949E+02 -1.3146E+02 -1.1718E+02 -4.1906E+00
            -1.5489E+03 -2.5081E+02 -4.5882E+02  8.8048E+01 -1.1052E+02  1.0279E+00  3.6723E+00 -8.7703E+01 -1.1457E+03 -5.3249E+02
            -5.5939E+02 -1.3040E+02 -1.5493E+03 -4.8391E+02

0ITERATION NO.:   10    OBJECTIVE VALUE:   2157.04009258594        NO. OF FUNC. EVALS.: 271
 CUMULATIVE NO. OF FUNC. EVALS.:      297
 NPARAMETR:  3.3424E-06  9.9993E-02  6.1056E-01  3.3418E+00  6.1331E-01  3.2326E+02  5.7565E-01 -1.2839E+00  1.4490E+00  1.5954E+01
             1.2474E-01  3.0779E+02  9.7693E-01  8.1022E-06  1.2044E-06  1.0707E-09  9.8995E-06  8.9954E-05  8.2840E-01  1.0986E+00
             4.1457E-01  3.8818E+00  4.3469E+00  8.0395E-01
 PARAMETER:  6.1354E-01  9.9993E-02  8.1059E-01  3.3418E-01  8.1509E-01  3.2326E+00  7.5173E-01 -2.5679E-02  1.6749E+00  1.5954E-01
            -7.7754E-01  3.0779E+00  1.2806E+00 -2.4130E+00  2.8601E-01 -2.1343E+00  8.9902E-02 -5.8738E-03  8.1059E-01  7.4903E-01
             4.6446E-01  1.5829E+00  1.6394E+00  7.9561E-01
 GRADIENT:   5.1594E+02  1.0988E-04 -6.5311E+01 -2.0351E+01 -1.4919E+00  4.8148E+00 -1.4115E+01 -1.3246E+01  2.1879E+01 -3.2803E+02
            -7.9122E+01  6.7548E+00  1.4145E+01 -3.7707E+01  6.6907E+00  2.6308E-01 -1.1767E+00  4.0528E+01 -6.5311E+01 -8.2398E+00
             1.3597E+00  2.2223E+01 -1.2987E+02  3.4942E+01

0ITERATION NO.:   20    OBJECTIVE VALUE:   2047.02052465192        NO. OF FUNC. EVALS.: 272
 CUMULATIVE NO. OF FUNC. EVALS.:      569
 NPARAMETR:  2.8564E-06  9.9856E-02  6.1919E-01 -1.2259E+01  3.0798E+00  4.7687E+02  7.5786E+00  7.3663E+00  3.3547E+00  2.2785E+01
             1.9091E-01  2.1808E+02  5.0703E+00  5.8973E-06  2.3642E-06  2.7963E-10  7.3430E-06  7.2320E-05  8.5197E-01  4.1497E-02
             5.3914E-03  3.9536E-02  3.2757E+00  1.3441E-02
 PARAMETER:  4.5642E-01  9.9856E-02  8.2463E-01 -1.2259E+00  2.4288E+00  4.7687E+00  3.3293E+00  1.4733E-01  2.5143E+00  2.2785E-01
            -3.5200E-01  2.1808E+00  2.9274E+00 -2.7307E+00  9.6043E-01 -3.4769E+00 -2.0883E-01 -2.2407E-01  8.2462E-01 -8.8908E-01
            -1.7068E+00 -7.1056E-01  1.4980E+00 -1.2500E+00
 GRADIENT:  -6.8536E+01  7.9529E-05  5.7001E+00 -8.0260E-01  3.1983E+01  5.5254E-01  2.9517E+01 -1.2383E+01  8.8461E+00 -1.1710E+02
            -3.1473E+01 -1.2157E+00  9.5302E+00 -1.8301E+01 -2.3393E+00  5.8624E-03  1.2461E-01  2.7125E+00  5.7001E+00  3.2409E+01
             3.1680E+01  6.8763E+00 -5.7238E+01  6.5400E+00

0ITERATION NO.:   30    OBJECTIVE VALUE:   2014.81386728341        NO. OF FUNC. EVALS.: 271
 CUMULATIVE NO. OF FUNC. EVALS.:      840
 NPARAMETR:  2.8964E-06  9.8830E-02  6.1454E-01 -4.9609E+00  7.3589E-01  5.7917E+02  8.3447E+00  3.3457E+01  4.0280E+00  2.1983E+01
             7.7196E-02  1.5349E+02  2.3364E+00  5.1876E-06  2.4370E-06  1.3653E-10  1.7672E-05  7.1553E-05  8.3924E-01  3.9134E-01
             2.3004E-03  9.9478E-03  3.3769E+01  4.4732E-02
 PARAMETER:  4.7033E-01  9.8830E-02  8.1710E-01 -4.9609E-01  9.9730E-01  5.7917E+00  3.4256E+00  6.6914E-01  2.6972E+00  2.1983E-01
            -1.2574E+00  1.5349E+00  2.1526E+00 -2.8589E+00  9.9078E-01 -4.1938E+00  6.6939E-01 -2.3473E-01  8.1709E-01  2.3290E-01
            -2.1326E+00 -1.4005E+00  2.6645E+00 -6.4881E-01
 GRADIENT:   1.3728E+00  8.5730E-05  9.6959E-01 -2.4973E-01 -5.0215E-01  4.2435E-02  6.6288E-01  1.9581E-01  6.2835E-01  1.9593E+00
             1.7180E+00  1.4344E-01 -3.7411E-02  3.1229E+00 -2.4512E+00  2.1637E-03 -2.2819E-01 -1.3558E+00  9.6960E-01 -8.0223E-01
             3.0655E-01  5.8387E-01  2.7184E+00 -3.1037E-01

0ITERATION NO.:   40    OBJECTIVE VALUE:   2014.68243634714        NO. OF FUNC. EVALS.: 439
 CUMULATIVE NO. OF FUNC. EVALS.:     1279
 NPARAMETR:  2.9075E-06  9.7549E-02  6.1552E-01 -3.5192E+00  5.5450E-01  6.1850E+02  9.6023E+00  3.6448E+01  4.4580E+00  2.3081E+01
             7.9597E-02  1.0786E+02  1.7105E+00  5.0605E-06  2.4855E-06  1.4769E-10  2.2155E-05  7.1775E-05  8.4182E-01  7.1230E-01
             1.7968E-03  8.1685E-03  3.0865E+01  8.5231E-02
 PARAMETER:  4.7416E-01  9.7549E-02  8.1868E-01 -3.5192E-01  7.1429E-01  6.1850E+00  3.5660E+00  7.2897E-01  2.7987E+00  2.3081E-01
            -1.2268E+00  1.0786E+00  1.8408E+00 -2.8837E+00  1.0105E+00 -4.1152E+00  8.9550E-01 -2.3163E-01  8.1863E-01  5.3236E-01
            -2.2561E+00 -1.4990E+00  2.6195E+00 -3.2648E-01
 GRADIENT:   3.5681E+00  8.7789E-05  3.4417E-02  4.7575E-01  2.8480E-01 -4.9817E-02  3.1294E-02 -9.2746E-02  2.1139E-01 -1.0105E+00
             2.1854E-01 -3.1230E-01 -2.5355E-01 -2.0500E+00 -1.7909E+00  2.6270E-03 -3.1029E-01 -4.5709E-01  3.4426E-02  1.1783E-01
            -2.5494E-01  1.4840E-01 -2.8737E-02 -5.8353E-01

0ITERATION NO.:   50    OBJECTIVE VALUE:   2013.93787306707        NO. OF FUNC. EVALS.: 532
 CUMULATIVE NO. OF FUNC. EVALS.:     1811
 NPARAMETR:  2.9233E-06 -1.2937E-01  6.1499E-01 -2.5774E+00  4.3614E-01  6.1353E+02  9.2576E+00  4.1104E+01  4.9465E+00  2.5979E+01
             8.7267E-02  9.0556E+01  1.4295E+00  5.1685E-06  2.6797E-06  1.0000E-10  9.9754E-05  7.2000E-05  8.4004E-01  1.0360E+00
             1.9064E-03  6.5289E-03  2.4861E+01  1.1424E-01
 PARAMETER:  4.7955E-01 -1.2937E-01  8.1782E-01 -2.5774E-01  4.7418E-01  6.1353E+00  3.5294E+00  8.2208E-01  2.9027E+00  2.5979E-01
            -1.1348E+00  9.0556E-01  1.6613E+00 -2.8626E+00  1.0857E+00 -6.7978E+00  2.4001E+00 -2.2850E-01  8.1757E-01  7.1969E-01
            -2.2266E+00 -1.6110E+00  2.5114E+00 -1.8002E-01
 GRADIENT:  -4.3619E+00 -1.1617E-04 -2.2566E-01 -3.8922E-01 -1.1071E+00 -3.2223E-02  4.5528E-01  7.9839E-02  4.1333E-01  1.4723E-01
            -1.0158E-02  3.6965E-02 -2.5617E-01  5.5003E-01 -1.0817E+00  0.0000E+00  2.1650E-02  8.4853E+00 -2.2584E-01 -7.4594E-01
            -3.3644E-01  3.1642E-01  6.0192E-01 -7.7406E-01

0ITERATION NO.:   60    OBJECTIVE VALUE:   2013.79498569084        NO. OF FUNC. EVALS.: 356
 CUMULATIVE NO. OF FUNC. EVALS.:     2167
 NPARAMETR:  2.9511E-06 -1.1260E-03  6.1948E-01 -2.4185E+00  4.4339E-01  6.0941E+02  8.9942E+00  4.0260E+01  4.8054E+00  2.8261E+01
             9.4727E-02  8.4355E+01  1.3471E+00  5.1831E-06  2.6767E-06  1.0000E-10  1.2320E-04  7.1751E-05  8.5239E-01  1.0125E+00
             2.0530E-03  6.8486E-03  2.1194E+01  1.2958E-01
 PARAMETER:  4.8905E-01 -1.1260E-03  8.2510E-01 -2.4185E-01  4.9066E-01  6.0941E+00  3.5006E+00  8.0520E-01  2.8737E+00  2.8261E-01
            -1.0528E+00  8.4355E-01  1.6019E+00 -2.8598E+00  1.0846E+00 -8.5680E+00  2.6112E+00 -2.3196E-01  8.2486E-01  7.0822E-01
            -2.1895E+00 -1.5871E+00  2.4316E+00 -1.1703E-01
 GRADIENT:   7.7067E-01 -1.1308E-06 -5.7584E-01  6.7735E-01 -1.0342E+00 -1.5263E-02 -1.6371E+00 -4.6695E-02 -3.4164E-01 -1.8590E-01
            -1.6224E-01 -1.3384E-01 -4.9778E-01 -1.4149E+00 -1.5597E+00  0.0000E+00 -2.6289E-02 -1.9443E+00 -5.7584E-01 -1.1997E+00
            -1.7080E+00 -3.7447E-01 -2.2692E-01 -6.0489E-01

0ITERATION NO.:   70    OBJECTIVE VALUE:   2013.74471695022        NO. OF FUNC. EVALS.: 683
 CUMULATIVE NO. OF FUNC. EVALS.:     2850
 NPARAMETR:  2.9625E-06  1.5630E-01  6.2199E-01 -2.5408E+00  4.4362E-01  6.1725E+02  9.2077E+00  4.0788E+01  4.8857E+00  2.7360E+01
             9.1894E-02  8.6635E+01  1.3788E+00  5.2603E-06  2.7014E-06  1.0000E-10  1.2423E-04  7.1865E-05  8.5930E-01  1.0306E+00
             2.0369E-03  6.7861E-03  2.2393E+01  1.2652E-01
 PARAMETER:  4.9289E-01  1.5630E-01  8.2914E-01 -2.5408E-01  4.9118E-01  6.1725E+00  3.5240E+00  8.1576E-01  2.8903E+00  2.7360E-01
            -1.0831E+00  8.6635E-01  1.6252E+00 -2.8450E+00  1.0938E+00 -9.1557E+00  2.6196E+00 -2.3038E-01  8.2890E-01  7.1705E-01
            -2.1934E+00 -1.5917E+00  2.4591E+00 -1.2896E-01
 GRADIENT:   3.3162E+00  1.6501E-04 -2.6677E-01  1.3618E-02  1.5998E-02 -4.7516E-03 -5.1685E-02  4.8829E-02  5.7037E-02 -2.5915E-01
            -1.1245E-01  6.2053E-02  1.4528E-01 -1.5085E-01 -8.7983E-01  0.0000E+00 -2.6431E-01  3.0223E+00 -2.6674E-01  1.0817E-02
            -5.8981E-02  1.0161E-01 -1.9576E-01  2.0484E-01

0ITERATION NO.:   80    OBJECTIVE VALUE:   2013.59939780579        NO. OF FUNC. EVALS.: 619
 CUMULATIVE NO. OF FUNC. EVALS.:     3469
 NPARAMETR:  2.9463E-06 -1.2031E+00  6.2149E-01 -2.6581E+00  4.4854E-01  6.3691E+02  9.3929E+00  4.0987E+01  4.8665E+00  2.8563E+01
             9.5771E-02  7.9860E+01  1.2764E+00  5.2970E-06  3.2702E-06  1.0000E-10  1.2209E-04  7.1365E-05  8.5773E-01  9.8388E-01
             1.9682E-03  6.6975E-03  2.0842E+01  1.4605E-01
 PARAMETER:  4.8740E-01 -1.2031E+00  8.2835E-01 -2.6581E-01  5.0222E-01  6.3691E+00  3.5439E+00  8.1973E-01  2.8863E+00  2.8563E-01
            -1.0418E+00  7.9860E-01  1.5480E+00 -2.8380E+00  1.2849E+00 -1.6417E+01  2.6022E+00 -2.3737E-01  8.2799E-01  6.9386E-01
            -2.2106E+00 -1.5983E+00  2.4232E+00 -5.7183E-02
 GRADIENT:   1.4757E+01 -1.2190E-03  1.0926E+00 -5.4879E-01 -5.3849E-01  8.7451E-03  8.3327E-01  9.9292E-02  2.2704E-01  1.0037E-01
             1.3699E-02  6.1300E-02  4.1905E-01  1.0589E+00  2.4053E-02  0.0000E+00 -6.0615E-02  1.8914E+00  1.0938E+00 -1.7175E-01
             2.7950E-01  1.4375E-01  6.0254E-01 -7.2815E-02

0ITERATION NO.:   90    OBJECTIVE VALUE:   2013.55369630785        NO. OF FUNC. EVALS.: 619
 CUMULATIVE NO. OF FUNC. EVALS.:     4088
 NPARAMETR:  2.9350E-06 -4.9107E-02  6.1861E-01 -2.4627E+00  4.5049E-01  6.2860E+02  9.4370E+00  4.0637E+01  4.8948E+00  2.8484E+01
             9.5905E-02  7.9698E+01  1.2766E+00  5.3503E-06  3.3744E-06  1.0000E-10  1.1900E-04  7.1079E-05  8.4977E-01  9.8847E-01
             1.9814E-03  6.7357E-03  2.0699E+01  1.4671E-01
 PARAMETER:  4.8355E-01 -4.9107E-02  8.2369E-01 -2.4627E-01  5.0655E-01  6.2860E+00  3.5486E+00  8.1273E-01  2.8921E+00  2.8484E-01
            -1.0404E+00  7.9698E-01  1.5482E+00 -2.8280E+00  1.3162E+00 -1.6417E+01  2.5766E+00 -2.4138E-01  8.2333E-01  6.9619E-01
            -2.2073E+00 -1.5954E+00  2.4197E+00 -5.4915E-02
 GRADIENT:   1.0325E+01 -4.7113E-05  4.4355E-01  1.8368E-01  1.8058E-01  1.5796E-03  1.6667E+00  8.1828E-02  5.4210E-01  3.0130E-01
             1.6203E-01  1.4422E-01  6.6907E-01  1.4838E+00 -4.0222E-01  0.0000E+00  2.1689E-02  6.2227E+00  4.4326E-01  3.4679E-01
             1.0708E+00  4.4538E-01  8.0375E-01  2.4651E-01

0ITERATION NO.:  100    OBJECTIVE VALUE:   2013.53306480437        NO. OF FUNC. EVALS.: 600
 CUMULATIVE NO. OF FUNC. EVALS.:     4688
 NPARAMETR:  2.9302E-06  2.4950E-04  6.1850E-01 -2.4610E+00  4.5056E-01  6.2953E+02  9.4735E+00  4.0574E+01  4.8920E+00  2.8518E+01
             9.6040E-02  7.9595E+01  1.2752E+00  5.3686E-06  3.5232E-06  1.0000E-10  1.1739E-04  7.1041E-05  8.4946E-01  9.8852E-01
             1.9938E-03  6.7244E-03  2.0741E+01  1.4626E-01
 PARAMETER:  4.8194E-01  2.4950E-04  8.2351E-01 -2.4610E-01  5.0670E-01  6.2953E+00  3.5525E+00  8.1148E-01  2.8916E+00  2.8518E-01
            -1.0390E+00  7.9595E-01  1.5471E+00 -2.8246E+00  1.3594E+00 -1.6417E+01  2.5629E+00 -2.4192E-01  8.2314E-01  6.9621E-01
            -2.2041E+00 -1.5963E+00  2.4208E+00 -5.6450E-02
 GRADIENT:   1.2293E+00  2.3920E-07  1.9212E-02  1.4730E-03 -4.9523E-02  5.3244E-04  1.8605E-02  1.3247E-03 -1.9268E-03 -1.8285E-03
            -2.7039E-03  3.5155E-03 -5.9850E-03  9.5264E-02  2.2008E-01  0.0000E+00 -2.1088E-03  5.9899E-01  1.9215E-02 -5.1403E-02
             4.4445E-02  3.8797E-03 -1.5207E-02  2.2096E-03

 #TERM:
0MINIMIZATION SUCCESSFUL
 NO. OF FUNCTION EVALUATIONS USED:     4688
 NO. OF SIG. DIGITS IN FINAL EST.:  2.3
0PARAMETER ESTIMATE IS NEAR ITS BOUNDARY
 THIS MUST BE ADDRESSED BEFORE THE COVARIANCE STEP CAN BE IMPLEMENTED

 ETABAR IS THE ARITHMETIC MEAN OF THE ETA-ESTIMATES,
 AND THE P-VALUE IS GIVEN FOR THE NULL HYPOTHESIS THAT THE TRUE MEAN IS 0.

 ETABAR:         0.0000E+00  0.0000E+00  0.0000E+00  0.0000E+00  0.0000E+00  0.0000E+00  0.0000E+00  0.0000E+00  0.0000E+00  0.0000E+00
                 0.0000E+00  0.0000E+00  0.0000E+00  0.0000E+00  0.0000E+00  0.0000E+00  0.0000E+00  0.0000E+00  0.0000E+00  0.0000E+00
                 0.0000E+00  0.0000E+00
 SE:             0.0000E+00  0.0000E+00  0.0000E+00  0.0000E+00  0.0000E+00  0.0000E+00  0.0000E+00  0.0000E+00  0.0000E+00  0.0000E+00
                 0.0000E+00  0.0000E+00  0.0000E+00  0.0000E+00  0.0000E+00  0.0000E+00  0.0000E+00  0.0000E+00  0.0000E+00  0.0000E+00
                 0.0000E+00  0.0000E+00
 N:                      60          60          60          60          60          60          60          60          60          60
                         60          60          60          60          60          60          60          60          60          60
                         60          60

 P VAL.:         1.0000E+00  1.0000E+00  1.0000E+00  1.0000E+00  1.0000E+00  1.0000E+00  1.0000E+00  1.0000E+00  1.0000E+00  1.0000E+00
                 1.0000E+00  1.0000E+00  1.0000E+00  1.0000E+00  1.0000E+00  1.0000E+00  1.0000E+00  1.0000E+00  1.0000E+00  1.0000E+00
                 1.0000E+00  1.0000E+00

 ETASHRINKSD(%)  0.0000E+00  0.0000E+00  0.0000E+00  0.0000E+00  0.0000E+00  0.0000E+00  0.0000E+00  0.0000E+00  0.0000E+00  0.0000E+00
                 0.0000E+00  0.0000E+00  0.0000E+00  0.0000E+00  0.0000E+00  0.0000E+00  0.0000E+00  0.0000E+00  0.0000E+00  0.0000E+00
                 0.0000E+00  0.0000E+00
 ETASHRINKVR(%)  0.0000E+00  0.0000E+00  0.0000E+00  0.0000E+00  0.0000E+00  0.0000E+00  0.0000E+00  0.0000E+00  0.0000E+00  0.0000E+00
                 0.0000E+00  0.0000E+00  0.0000E+00  0.0000E+00  0.0000E+00  0.0000E+00  0.0000E+00  0.0000E+00  0.0000E+00  0.0000E+00
                 0.0000E+00  0.0000E+00
 EBVSHRINKSD(%)  0.0000E+00  0.0000E+00  0.0000E+00  0.0000E+00  0.0000E+00  0.0000E+00  0.0000E+00  0.0000E+00  0.0000E+00  0.0000E+00
                 0.0000E+00  0.0000E+00  0.0000E+00  0.0000E+00  0.0000E+00  0.0000E+00  0.0000E+00  0.0000E+00  0.0000E+00  0.0000E+00
                 0.0000E+00  0.0000E+00
 EBVSHRINKVR(%)  0.0000E+00  0.0000E+00  0.0000E+00  0.0000E+00  0.0000E+00  0.0000E+00  0.0000E+00  0.0000E+00  0.0000E+00  0.0000E+00
                 0.0000E+00  0.0000E+00  0.0000E+00  0.0000E+00  0.0000E+00  0.0000E+00  0.0000E+00  0.0000E+00  0.0000E+00  0.0000E+00
                 0.0000E+00  0.0000E+00
 RELATIVEINF(%)  0.0000E+00  0.0000E+00  0.0000E+00  0.0000E+00  0.0000E+00  0.0000E+00  0.0000E+00  0.0000E+00  0.0000E+00  0.0000E+00
                 0.0000E+00  0.0000E+00  0.0000E+00  0.0000E+00  0.0000E+00  0.0000E+00  0.0000E+00  0.0000E+00  0.0000E+00  0.0000E+00
                 0.0000E+00  0.0000E+00
 EPSSHRINKSD(%)  1.0000E-10  1.0000E-10  1.0000E-10  1.0000E-10  1.0000E-10  1.0000E-10
 EPSSHRINKVR(%)  1.0000E-10  1.0000E-10  1.0000E-10  1.0000E-10  1.0000E-10  1.0000E-10

  
 TOTAL DATA POINTS NORMALLY DISTRIBUTED (N):          172
 N*LOG(2PI) CONSTANT TO OBJECTIVE FUNCTION:    316.11485542240740     
 OBJECTIVE FUNCTION VALUE WITHOUT CONSTANT:    2013.5330648043694     
 OBJECTIVE FUNCTION VALUE WITH CONSTANT:       2329.6479202267769     
 REPORTED OBJECTIVE FUNCTION DOES NOT CONTAIN CONSTANT
  
 TOTAL EFFECTIVE ETAS (NIND*NETA):                             0
  
 #TERE:
 Elapsed estimation  time in seconds:    58.71
 Elapsed postprocess time in seconds:     0.19
1
 
 
 
 
 
 
 
 
 
 
 
 
 
 
 
 
 
 
 
 
 ************************************************************************************************************************
 ********************                                                                                ********************
 ********************               FIRST ORDER CONDITIONAL ESTIMATION WITH INTERACTION              ********************
 #OBJT:**************                       MINIMUM VALUE OF OBJECTIVE FUNCTION                      ********************
 ********************                                                                                ********************
 ************************************************************************************************************************
 





 #OBJV:********************************************     2013.533       **************************************************
1
 ************************************************************************************************************************
 ********************                                                                                ********************
 ********************               FIRST ORDER CONDITIONAL ESTIMATION WITH INTERACTION              ********************
 ********************                             FINAL PARAMETER ESTIMATE                           ********************
 ********************                                                                                ********************
 ************************************************************************************************************************
 


 THETA - VECTOR OF FIXED EFFECTS PARAMETERS   *********


         TH 1      TH 2      TH 3      TH 4      TH 5      TH 6      TH 7      TH 8      TH 9      TH10      TH11      TH12     
          TH13      TH14      TH15      TH16      TH17      TH18      TH19      TH20      TH21      TH22      TH23      TH24     
         TH25      TH26      TH27      TH28      TH29      TH30      TH31      TH32      TH33      TH34     
 
         0.00E+00  1.50E-03  6.00E-06  2.87E-04  6.06E-07  6.86E-05  1.04E-04  1.30E+00  1.49E-06  8.81E-03  2.93E-06  2.49E-04
          6.18E-01 -2.46E+00  4.51E-01  6.30E+02  9.47E+00  4.06E+01  4.89E+00  2.85E+01  9.60E-02  7.96E+01  1.28E+00  0.00E+00
         5.37E-06  4.28E-05  3.52E-06  1.00E-10  1.18E-05  3.15E-06  7.24E-07  1.17E-04  6.83E-06  7.10E-05
 


 OMEGA - COV MATRIX FOR RANDOM EFFECTS - ETAS  ********


         ETA1      ETA2      ETA3      ETA4      ETA5      ETA6      ETA7      ETA8      ETA9      ET10      ET11      ET12     
          ET13      ET14      ET15      ET16      ET17      ET18      ET19      ET20      ET21      ET22     
 
 ETA1
+        0.00E+00
 
 ETA2
+        0.00E+00  0.00E+00
 
 ETA3
+        0.00E+00  0.00E+00  0.00E+00
 
 ETA4
+        0.00E+00  0.00E+00  0.00E+00  0.00E+00
 
 ETA5
+        0.00E+00  0.00E+00  0.00E+00  0.00E+00  0.00E+00
 
 ETA6
+        0.00E+00  0.00E+00  0.00E+00  0.00E+00  0.00E+00  0.00E+00
 
 ETA7
+        0.00E+00  0.00E+00  0.00E+00  0.00E+00  0.00E+00  0.00E+00  0.00E+00
 
 ETA8
+        0.00E+00  0.00E+00  0.00E+00  0.00E+00  0.00E+00  0.00E+00  0.00E+00  0.00E+00
 
 ETA9
+        0.00E+00  0.00E+00  0.00E+00  0.00E+00  0.00E+00  0.00E+00  0.00E+00  0.00E+00  0.00E+00
 
 ET10
+        0.00E+00  0.00E+00  0.00E+00  0.00E+00  0.00E+00  0.00E+00  0.00E+00  0.00E+00  0.00E+00  0.00E+00
 
 ET11
+        0.00E+00  0.00E+00  0.00E+00  0.00E+00  0.00E+00  0.00E+00  0.00E+00  0.00E+00  0.00E+00  0.00E+00  0.00E+00
 
 ET12
+        0.00E+00  0.00E+00  0.00E+00  0.00E+00  0.00E+00  0.00E+00  0.00E+00  0.00E+00  0.00E+00  0.00E+00  0.00E+00  0.00E+00
 
 ET13
+        0.00E+00  0.00E+00  0.00E+00  0.00E+00  0.00E+00  0.00E+00  0.00E+00  0.00E+00  0.00E+00  0.00E+00  0.00E+00  0.00E+00
          0.00E+00
 
 ET14
+        0.00E+00  0.00E+00  0.00E+00  0.00E+00  0.00E+00  0.00E+00  0.00E+00  0.00E+00  0.00E+00  0.00E+00  0.00E+00  0.00E+00
          0.00E+00  0.00E+00
 
1

         ETA1      ETA2      ETA3      ETA4      ETA5      ETA6      ETA7      ETA8      ETA9      ET10      ET11      ET12     
          ET13      ET14      ET15      ET16      ET17      ET18      ET19      ET20      ET21      ET22     
 
 ET15
+        0.00E+00  0.00E+00  0.00E+00  0.00E+00  0.00E+00  0.00E+00  0.00E+00  0.00E+00  0.00E+00  0.00E+00  0.00E+00  0.00E+00
          0.00E+00  0.00E+00  0.00E+00
 
 ET16
+        0.00E+00  0.00E+00  0.00E+00  0.00E+00  0.00E+00  0.00E+00  0.00E+00  0.00E+00  0.00E+00  0.00E+00  0.00E+00  0.00E+00
          0.00E+00  0.00E+00  0.00E+00  0.00E+00
 
 ET17
+        0.00E+00  0.00E+00  0.00E+00  0.00E+00  0.00E+00  0.00E+00  0.00E+00  0.00E+00  0.00E+00  0.00E+00  0.00E+00  0.00E+00
          0.00E+00  0.00E+00  0.00E+00  0.00E+00  0.00E+00
 
 ET18
+        0.00E+00  0.00E+00  0.00E+00  0.00E+00  0.00E+00  0.00E+00  0.00E+00  0.00E+00  0.00E+00  0.00E+00  0.00E+00  0.00E+00
          0.00E+00  0.00E+00  0.00E+00  0.00E+00  0.00E+00  0.00E+00
 
 ET19
+        0.00E+00  0.00E+00  0.00E+00  0.00E+00  0.00E+00  0.00E+00  0.00E+00  0.00E+00  0.00E+00  0.00E+00  0.00E+00  0.00E+00
          0.00E+00  0.00E+00  0.00E+00  0.00E+00  0.00E+00  0.00E+00  0.00E+00
 
 ET20
+        0.00E+00  0.00E+00  0.00E+00  0.00E+00  0.00E+00  0.00E+00  0.00E+00  0.00E+00  0.00E+00  0.00E+00  0.00E+00  0.00E+00
          0.00E+00  0.00E+00  0.00E+00  0.00E+00  0.00E+00  0.00E+00  0.00E+00  0.00E+00
 
 ET21
+        0.00E+00  0.00E+00  0.00E+00  0.00E+00  0.00E+00  0.00E+00  0.00E+00  0.00E+00  0.00E+00  0.00E+00  0.00E+00  0.00E+00
          0.00E+00  0.00E+00  0.00E+00  0.00E+00  0.00E+00  0.00E+00  0.00E+00  0.00E+00  0.00E+00
 
 ET22
+        0.00E+00  0.00E+00  0.00E+00  0.00E+00  0.00E+00  0.00E+00  0.00E+00  0.00E+00  0.00E+00  0.00E+00  0.00E+00  0.00E+00
          0.00E+00  0.00E+00  0.00E+00  0.00E+00  0.00E+00  0.00E+00  0.00E+00  0.00E+00  0.00E+00  0.00E+00
 


 SIGMA - COV MATRIX FOR RANDOM EFFECTS - EPSILONS  ****


         EPS1      EPS2      EPS3      EPS4      EPS5      EPS6     
 
 EPS1
+        8.49E-01
 
 EPS2
+        0.00E+00  9.89E-01
 
 EPS3
+        0.00E+00  0.00E+00  1.99E-03
 
 EPS4
+        0.00E+00  0.00E+00  0.00E+00  6.72E-03
 
 EPS5
+        0.00E+00  0.00E+00  0.00E+00  0.00E+00  2.07E+01
 
 EPS6
+        0.00E+00  0.00E+00  0.00E+00  0.00E+00  0.00E+00  1.46E-01
 
1


 OMEGA - CORR MATRIX FOR RANDOM EFFECTS - ETAS  *******


         ETA1      ETA2      ETA3      ETA4      ETA5      ETA6      ETA7      ETA8      ETA9      ET10      ET11      ET12     
          ET13      ET14      ET15      ET16      ET17      ET18      ET19      ET20      ET21      ET22     
 
 ETA1
+        0.00E+00
 
 ETA2
+        0.00E+00  0.00E+00
 
 ETA3
+        0.00E+00  0.00E+00  0.00E+00
 
 ETA4
+        0.00E+00  0.00E+00  0.00E+00  0.00E+00
 
 ETA5
+        0.00E+00  0.00E+00  0.00E+00  0.00E+00  0.00E+00
 
 ETA6
+        0.00E+00  0.00E+00  0.00E+00  0.00E+00  0.00E+00  0.00E+00
 
 ETA7
+        0.00E+00  0.00E+00  0.00E+00  0.00E+00  0.00E+00  0.00E+00  0.00E+00
 
 ETA8
+        0.00E+00  0.00E+00  0.00E+00  0.00E+00  0.00E+00  0.00E+00  0.00E+00  0.00E+00
 
 ETA9
+        0.00E+00  0.00E+00  0.00E+00  0.00E+00  0.00E+00  0.00E+00  0.00E+00  0.00E+00  0.00E+00
 
 ET10
+        0.00E+00  0.00E+00  0.00E+00  0.00E+00  0.00E+00  0.00E+00  0.00E+00  0.00E+00  0.00E+00  0.00E+00
 
 ET11
+        0.00E+00  0.00E+00  0.00E+00  0.00E+00  0.00E+00  0.00E+00  0.00E+00  0.00E+00  0.00E+00  0.00E+00  0.00E+00
 
 ET12
+        0.00E+00  0.00E+00  0.00E+00  0.00E+00  0.00E+00  0.00E+00  0.00E+00  0.00E+00  0.00E+00  0.00E+00  0.00E+00  0.00E+00
 
 ET13
+        0.00E+00  0.00E+00  0.00E+00  0.00E+00  0.00E+00  0.00E+00  0.00E+00  0.00E+00  0.00E+00  0.00E+00  0.00E+00  0.00E+00
          0.00E+00
 
 ET14
+        0.00E+00  0.00E+00  0.00E+00  0.00E+00  0.00E+00  0.00E+00  0.00E+00  0.00E+00  0.00E+00  0.00E+00  0.00E+00  0.00E+00
          0.00E+00  0.00E+00
 
 ET15
+        0.00E+00  0.00E+00  0.00E+00  0.00E+00  0.00E+00  0.00E+00  0.00E+00  0.00E+00  0.00E+00  0.00E+00  0.00E+00  0.00E+00
          0.00E+00  0.00E+00  0.00E+00
 
 ET16
+        0.00E+00  0.00E+00  0.00E+00  0.00E+00  0.00E+00  0.00E+00  0.00E+00  0.00E+00  0.00E+00  0.00E+00  0.00E+00  0.00E+00
          0.00E+00  0.00E+00  0.00E+00  0.00E+00
 
 ET17
+        0.00E+00  0.00E+00  0.00E+00  0.00E+00  0.00E+00  0.00E+00  0.00E+00  0.00E+00  0.00E+00  0.00E+00  0.00E+00  0.00E+00
          0.00E+00  0.00E+00  0.00E+00  0.00E+00  0.00E+00
 
 ET18
+        0.00E+00  0.00E+00  0.00E+00  0.00E+00  0.00E+00  0.00E+00  0.00E+00  0.00E+00  0.00E+00  0.00E+00  0.00E+00  0.00E+00
          0.00E+00  0.00E+00  0.00E+00  0.00E+00  0.00E+00  0.00E+00
 
 ET19
+        0.00E+00  0.00E+00  0.00E+00  0.00E+00  0.00E+00  0.00E+00  0.00E+00  0.00E+00  0.00E+00  0.00E+00  0.00E+00  0.00E+00
          0.00E+00  0.00E+00  0.00E+00  0.00E+00  0.00E+00  0.00E+00  0.00E+00
 
 ET20
+        0.00E+00  0.00E+00  0.00E+00  0.00E+00  0.00E+00  0.00E+00  0.00E+00  0.00E+00  0.00E+00  0.00E+00  0.00E+00  0.00E+00
          0.00E+00  0.00E+00  0.00E+00  0.00E+00  0.00E+00  0.00E+00  0.00E+00  0.00E+00
 
1

         ETA1      ETA2      ETA3      ETA4      ETA5      ETA6      ETA7      ETA8      ETA9      ET10      ET11      ET12     
          ET13      ET14      ET15      ET16      ET17      ET18      ET19      ET20      ET21      ET22     
 
 ET21
+        0.00E+00  0.00E+00  0.00E+00  0.00E+00  0.00E+00  0.00E+00  0.00E+00  0.00E+00  0.00E+00  0.00E+00  0.00E+00  0.00E+00
          0.00E+00  0.00E+00  0.00E+00  0.00E+00  0.00E+00  0.00E+00  0.00E+00  0.00E+00  0.00E+00
 
 ET22
+        0.00E+00  0.00E+00  0.00E+00  0.00E+00  0.00E+00  0.00E+00  0.00E+00  0.00E+00  0.00E+00  0.00E+00  0.00E+00  0.00E+00
          0.00E+00  0.00E+00  0.00E+00  0.00E+00  0.00E+00  0.00E+00  0.00E+00  0.00E+00  0.00E+00  0.00E+00
 


 SIGMA - CORR MATRIX FOR RANDOM EFFECTS - EPSILONS  ***


         EPS1      EPS2      EPS3      EPS4      EPS5      EPS6     
 
 EPS1
+        9.22E-01
 
 EPS2
+        0.00E+00  9.94E-01
 
 EPS3
+        0.00E+00  0.00E+00  4.47E-02
 
 EPS4
+        0.00E+00  0.00E+00  0.00E+00  8.20E-02
 
 EPS5
+        0.00E+00  0.00E+00  0.00E+00  0.00E+00  4.55E+00
 
 EPS6
+        0.00E+00  0.00E+00  0.00E+00  0.00E+00  0.00E+00  3.82E-01
 
 Elapsed finaloutput time in seconds:     0.08
 #CPUT: Total CPU Time in Seconds,       26.750
Stop Time: 
2024-10-11 
¿ÀÈÄ 07:05
