2024-09-23 
???? 06:54
$PROBLEM SB15 VIT AQ FOCE like 2 comp by MID
$INPUT IDD	TIME	AMT	DV	MDV	LEFT	CMT	SITE	DRUG	DAY	WEEK	BLQ	TYPE	DOSE	GROUP	ROWC	ROWD	ROWNN	NID	ID	
;$INPUT NID	MID	ID	TIME	AMT	DV	MDV	LEFT	SITE	DRUG	DAY	WEEK	BLQ	TYPE	DOSE	ROWC	ROWD	ROWNN	CMT
$DATA ..//SB15_VARS_COMBID_DOSE_SERUM.csv IGNORE=@  IGNORE(TYPE.EQ.3) ;IGNORE(CMT.GE.4)

$SUBROUTINE ADVAN13 TOL=3

$MODEL
  NCOMP=4
  COMP=(VIT)        
  COMP=(AQ)         
  COMP=(RET)        
  COMP=(SERUM)      

$PK
  CL1 = THETA(1) * EXP(ETA(1))   
  V1  = THETA(2) * EXP(ETA(2))   
  Q12 = THETA(3) * EXP(ETA(3))   
  V2  = THETA(4) * EXP(ETA(4))   
  Q13 = THETA(5) * EXP(ETA(5))   
  V3  = THETA(6) * EXP(ETA(6))   
  Q24 = THETA(7) * EXP(ETA(7))   
  V4  = THETA(8) * EXP(ETA(8))   
  Q34 = THETA(9) * EXP(ETA(9)) 
  CL4 = THETA(10) * EXP(ETA(10)) 
  
 
  S1 = V1 / 1000  
  S2 = V2 / 1000  
  S3 = V3 / 1000  
  S4 = V4 / 1000  

$DES
  K10 = CL1 / V1       
  K12 = Q12 / V1       
  K21 = Q12 / V2       
  K13 = Q13 / V1       
  K31 = Q13 / V3       
  K24 = Q24 / V2       
  K42 = Q24 / V4       
  K34 = Q34 / V3
  K40 = CL4 / V4       


  DADT(1) = - (K10 + K12 + K13) * A(1) + K21 * A(2) + K31 * A(3)
  DADT(2) = K12 * A(1) - (K21 + K24) * A(2) + K42 * A(4)
  DADT(3) = K13 * A(1) - K31 * A(3) - K34 * A(3)
  DADT(4) = (K24 * A(2) + K34 * A(3)) - (K40 * A(4) + K42 * A(4))
  
  

$ERROR
  IF (CMT.EQ.1) THEN
    IPRED  = F                  ; Individual prediction for VIT
    W      = SQRT(THETA(11)**2 + (THETA(12) * IPRED)**2)  ; Combined error for VIT
    IRES   = DV - IPRED         ; Residuals for VIT
    IWRES  = IRES / W           ; Weighted residuals for VIT
    Y      = IPRED + W * EPS(1) ; Observed value for VIT
  ENDIF

  IF (CMT.EQ.2) THEN
    IPRED  = F                  ; Individual prediction for AQ
    W      = SQRT(THETA(13)**2 + (THETA(14) * IPRED)**2)  ; Combined error for AQ
    IRES   = DV - IPRED         ; Residuals for AQ
    IWRES  = IRES / W           ; Weighted residuals for AQ
    Y      = IPRED + W * EPS(2) ; Observed value for AQ
  ENDIF

  IF (CMT.EQ.3) THEN
    IPRED  = F                  ; Individual prediction for VIT
    W      = SQRT(THETA(15)**2 + (THETA(16) * IPRED)**2)  ; Combined error for VIT
    IRES   = DV - IPRED         ; Residuals for VIT
    IWRES  = IRES / W           ; Weighted residuals for VIT
    Y      = IPRED + W * EPS(3) ; Observed value for VIT
  ENDIF

  IF (CMT.EQ.4) THEN
    IPRED  = F                  ; Individual prediction for AQ
    W      = SQRT(THETA(17)**2 + (THETA(18) * IPRED)**2)  ; Combined error for AQ
    IRES   = DV - IPRED         ; Residuals for AQ
    IWRES  = IRES / W           ; Weighted residuals for AQ
    Y      = IPRED + W * EPS(4) ; Observed value for AQ
  ENDIF

$THETA
0 FIX         
0.0015   FIX  
(0, 0.000001) 
0.000284 FIX  
(0, 0.00001)  
 
(0, 0.001)    
(0, 0.0001)  
(0, 0.1)      
(0, 0.00001)  
(0, 0.0001)   
                                 
  
 0.0001 FIX  
 (0, 0.3)    
 0.0001 FIX  
 (0, 0.3)    
 0.0001 FIX  
 (0, 0.3)    
 0.0001 FIX  
 (0, 0.3)    

$OMEGA
  0 FIX 
  0 FIX 
  0 FIX 
  0 FIX 
  0 FIX 
  
  0 FIX 
  0 FIX 
  0 FIX 
  0 FIX
  0 FIX

$SIGMA
  1 FIX 
  1 FIX
  1 FIX
  1 FIX


$ESTIMATION  MAXEVAL=9999 PRINT=10 SIGDIGITS=2  METHOD=1 INTER ;METHOD=0 ;
;$COVARIANCE PRINT=E


$TABLE ID	TIME	AMT	DV	MDV	LEFT	CMT	SITE	DRUG	DAY	WEEK	BLQ	TYPE	DOSE	GROUP	ROWC	ROWD	ROWNN	NID	IDD	PRED IPRED CWRES IWRES     ONEHEADER NOPRINT FILE = sdtab602

  
NM-TRAN MESSAGES 
  
 WARNINGS AND ERRORS (IF ANY) FOR PROBLEM    1
             
 (WARNING  2) NM-TRAN INFERS THAT THE DATA ARE POPULATION.
             
 (WARNING  3) THERE MAY BE AN ERROR IN THE ABBREVIATED CODE. THE FOLLOWING
 ONE OR MORE RANDOM VARIABLES ARE DEFINED WITH "IF" STATEMENTS THAT DO NOT
 PROVIDE DEFINITIONS FOR BOTH THE "THEN" AND "ELSE" CASES. IF ALL
 CONDITIONS FAIL, THE VALUES OF THESE VARIABLES WILL BE ZERO.
  
   IPRED W IRES IWRES Y


 LIM VALUES MAXLIM ASSESSED BY NMTRAN: 1,2,3,4,5,6,7,8,10,11,13,15,16        
  
Note: Analytical 2nd Derivatives are constructed in FSUBS but are never used.
      You may insert $ABBR DERIV2=NO after the first $PROB to save FSUBS construction and compilation time
  
  
License Registered to: AIMS BioScience Co
Expiration Date:    14 MAY 2025
Current Date:       23 SEP 2024
Days until program expires : 236
1NONLINEAR MIXED EFFECTS MODEL PROGRAM (NONMEM) VERSION 7.5.1
 ORIGINALLY DEVELOPED BY STUART BEAL, LEWIS SHEINER, AND ALISON BOECKMANN
 CURRENT DEVELOPERS ARE ROBERT BAUER, ICON DEVELOPMENT SOLUTIONS,
 AND ALISON BOECKMANN. IMPLEMENTATION, EFFICIENCY, AND STANDARDIZATION
 PERFORMED BY NOUS INFOSYSTEMS.

 PROBLEM NO.:         1
 SB15 VIT AQ FOCE like 2 comp by MID
0DATA CHECKOUT RUN:              NO
 DATA SET LOCATED ON UNIT NO.:    2
 THIS UNIT TO BE REWOUND:        NO
 NO. OF DATA RECS IN DATA SET:      200
 NO. OF DATA ITEMS IN DATA SET:  21
 ID DATA ITEM IS DATA ITEM NO.:  20
 DEP VARIABLE IS DATA ITEM NO.:   4
 MDV DATA ITEM IS DATA ITEM NO.:  5
0INDICES PASSED TO SUBROUTINE PRED:
  21   2   3   0   0   0   7   0   0   0   0
0LABELS FOR DATA ITEMS:
 IDD TIME AMT DV MDV LEFT CMT SITE DRUG DAY WEEK BLQ TYPE DOSE GROUP ROWC ROWD ROWNN NID ID EVID
0(NONBLANK) LABELS FOR PRED-DEFINED ITEMS:
 IPRED IWRES
0FORMAT FOR DATA:
 (3(6E12.0/),2E12.0,1F2.0)

 TOT. NO. OF OBS RECS:      122
 TOT. NO. OF INDIVIDUALS:       60
0LENGTH OF THETA:  18
0DEFAULT THETA BOUNDARY TEST OMITTED:    NO
0OMEGA HAS SIMPLE DIAGONAL FORM WITH DIMENSION:  10
0DEFAULT OMEGA BOUNDARY TEST OMITTED:    NO
0SIGMA HAS SIMPLE DIAGONAL FORM WITH DIMENSION:   4
0DEFAULT SIGMA BOUNDARY TEST OMITTED:    NO
0INITIAL ESTIMATE OF THETA:
 LOWER BOUND    INITIAL EST    UPPER BOUND
  0.0000E+00     0.0000E+00     0.0000E+00
  0.1500E-02     0.1500E-02     0.1500E-02
  0.0000E+00     0.1000E-05     0.1000E+07
  0.2840E-03     0.2840E-03     0.2840E-03
  0.0000E+00     0.1000E-04     0.1000E+07
  0.0000E+00     0.1000E-02     0.1000E+07
  0.0000E+00     0.1000E-03     0.1000E+07
  0.0000E+00     0.1000E+00     0.1000E+07
  0.0000E+00     0.1000E-04     0.1000E+07
  0.0000E+00     0.1000E-03     0.1000E+07
  0.1000E-03     0.1000E-03     0.1000E-03
  0.0000E+00     0.3000E+00     0.1000E+07
  0.1000E-03     0.1000E-03     0.1000E-03
  0.0000E+00     0.3000E+00     0.1000E+07
  0.1000E-03     0.1000E-03     0.1000E-03
  0.0000E+00     0.3000E+00     0.1000E+07
  0.1000E-03     0.1000E-03     0.1000E-03
  0.0000E+00     0.3000E+00     0.1000E+07
0INITIAL ESTIMATE OF OMEGA:
 0.0000E+00
 0.0000E+00   0.0000E+00
 0.0000E+00   0.0000E+00   0.0000E+00
 0.0000E+00   0.0000E+00   0.0000E+00   0.0000E+00
 0.0000E+00   0.0000E+00   0.0000E+00   0.0000E+00   0.0000E+00
 0.0000E+00   0.0000E+00   0.0000E+00   0.0000E+00   0.0000E+00   0.0000E+00
 0.0000E+00   0.0000E+00   0.0000E+00   0.0000E+00   0.0000E+00   0.0000E+00   0.0000E+00
 0.0000E+00   0.0000E+00   0.0000E+00   0.0000E+00   0.0000E+00   0.0000E+00   0.0000E+00   0.0000E+00
 0.0000E+00   0.0000E+00   0.0000E+00   0.0000E+00   0.0000E+00   0.0000E+00   0.0000E+00   0.0000E+00   0.0000E+00
 0.0000E+00   0.0000E+00   0.0000E+00   0.0000E+00   0.0000E+00   0.0000E+00   0.0000E+00   0.0000E+00   0.0000E+00   0.0000E+00
0OMEGA CONSTRAINED TO BE THIS INITIAL ESTIMATE
0INITIAL ESTIMATE OF SIGMA:
 0.1000E+01
 0.0000E+00   0.1000E+01
 0.0000E+00   0.0000E+00   0.1000E+01
 0.0000E+00   0.0000E+00   0.0000E+00   0.1000E+01
0SIGMA CONSTRAINED TO BE THIS INITIAL ESTIMATE
0TABLES STEP OMITTED:    NO
 NO. OF TABLES:           1
 SEED NUMBER (SEED):    11456
 NPDTYPE:    0
 INTERPTYPE:    0
 RANMETHOD:             3U
 MC SAMPLES (ESAMPLE):    300
 WRES SQUARE ROOT TYPE (WRESCHOL): EIGENVALUE
0-- TABLE   1 --
0RECORDS ONLY:    ALL
04 COLUMNS APPENDED:    YES
 PRINTED:                NO
 HEADER:                YES
 FILE TO BE FORWARDED:   NO
 FORMAT:                S1PE11.4
 IDFORMAT:
 LFORMAT:
 RFORMAT:
 FIXED_EFFECT_ETAS:
0USER-CHOSEN ITEMS:
 ID TIME AMT DV MDV LEFT CMT SITE DRUG DAY WEEK BLQ TYPE DOSE GROUP ROWC ROWD ROWNN NID IDD IPRED CWRES IWRES
1DOUBLE PRECISION PREDPP VERSION 7.5.1

 GENERAL NONLINEAR KINETICS MODEL WITH STIFF/NONSTIFF EQUATIONS (LSODA, ADVAN13)
0MODEL SUBROUTINE USER-SUPPLIED - ID NO. 9999
0MAXIMUM NO. OF BASIC PK PARAMETERS:  10
0COMPARTMENT ATTRIBUTES
 COMPT. NO.   FUNCTION   INITIAL    ON/OFF      DOSE      DEFAULT    DEFAULT
                         STATUS     ALLOWED    ALLOWED    FOR DOSE   FOR OBS.
    1         VIT          ON         YES        YES        YES        YES
    2         AQ           ON         YES        YES        NO         NO
    3         RET          ON         YES        YES        NO         NO
    4         SERUM        ON         YES        YES        NO         NO
    5         OUTPUT       OFF        YES        NO         NO         NO
 INITIAL (BASE) TOLERANCE SETTINGS:
 NRD (RELATIVE) VALUE(S) OF TOLERANCE:   3
 ANRD (ABSOLUTE) VALUE(S) OF TOLERANCE:  12
1
 ADDITIONAL PK PARAMETERS - ASSIGNMENT OF ROWS IN GG
 COMPT. NO.                             INDICES
              SCALE      BIOAVAIL.   ZERO-ORDER  ZERO-ORDER  ABSORB
                         FRACTION    RATE        DURATION    LAG
    1           11           *           *           *           *
    2           12           *           *           *           *
    3           13           *           *           *           *
    4           14           *           *           *           *
    5            *           -           -           -           -
             - PARAMETER IS NOT ALLOWED FOR THIS MODEL
             * PARAMETER IS NOT SUPPLIED BY PK SUBROUTINE;
               WILL DEFAULT TO ONE IF APPLICABLE
0DATA ITEM INDICES USED BY PRED ARE:
   EVENT ID DATA ITEM IS DATA ITEM NO.:     21
   TIME DATA ITEM IS DATA ITEM NO.:          2
   DOSE AMOUNT DATA ITEM IS DATA ITEM NO.:   3
   COMPT. NO. DATA ITEM IS DATA ITEM NO.:    7

0PK SUBROUTINE CALLED WITH EVERY EVENT RECORD.
 PK SUBROUTINE NOT CALLED AT NONEVENT (ADDITIONAL OR LAGGED) DOSE TIMES.
0ERROR SUBROUTINE CALLED WITH EVERY EVENT RECORD.
0DES SUBROUTINE USES COMPACT STORAGE MODE.

 #PARA: PARAFILE=mpiwini8.pnm, PROTOCOL=MPI, NODES= 12

1


 #TBLN:      1
 #METH: First Order Conditional Estimation with Interaction

 ESTIMATION STEP OMITTED:                 NO
 ANALYSIS TYPE:                           POPULATION
 NUMBER OF SADDLE POINT RESET ITERATIONS:      0
 GRADIENT METHOD USED:               NOSLOW
 CONDITIONAL ESTIMATES USED:              YES
 CENTERED ETA:                            NO
 EPS-ETA INTERACTION:                     YES
 LAPLACIAN OBJ. FUNC.:                    NO
 NO. OF FUNCT. EVALS. ALLOWED:            9999
 NO. OF SIG. FIGURES REQUIRED:            2
 INTERMEDIATE PRINTOUT:                   YES
 ESTIMATE OUTPUT TO MSF:                  NO
 IND. OBJ. FUNC. VALUES SORTED:           NO
 NUMERICAL DERIVATIVE
       FILE REQUEST (NUMDER):               NONE
 MAP (ETAHAT) ESTIMATION METHOD (OPTMAP):   0
 ETA HESSIAN EVALUATION METHOD (ETADER):    0
 INITIAL ETA FOR MAP ESTIMATION (MCETA):    0
 SIGDIGITS FOR MAP ESTIMATION (SIGLO):      100
 GRADIENT SIGDIGITS OF
       FIXED EFFECTS PARAMETERS (SIGL):     100
 NOPRIOR SETTING (NOPRIOR):                 0
 NOCOV SETTING (NOCOV):                     OFF
 DERCONT SETTING (DERCONT):                 OFF
 FINAL ETA RE-EVALUATION (FNLETA):          1
 EXCLUDE NON-INFLUENTIAL (NON-INFL.) ETAS
       IN SHRINKAGE (ETASTYPE):             NO
 NON-INFL. ETA CORRECTION (NONINFETA):      0
 RAW OUTPUT FILE (FILE): VARS_602.ext
 EXCLUDE TITLE (NOTITLE):                   NO
 EXCLUDE COLUMN LABELS (NOLABEL):           NO
 FORMAT FOR ADDITIONAL FILES (FORMAT):      S1PE12.5
 PARAMETER ORDER FOR OUTPUTS (ORDER):       TSOL
 KNUTHSUMOFF:                               0
 INCLUDE LNTWOPI:                           NO
 INCLUDE CONSTANT TERM TO PRIOR (PRIORC):   NO
 INCLUDE CONSTANT TERM TO OMEGA (ETA) (OLNTWOPI):NO
 ADDITIONAL CONVERGENCE TEST (CTYPE=4)?:    NO
 EM OR BAYESIAN METHOD USED:                 NONE

 TOLERANCES FOR ESTIMATION/EVALUATION STEP:
 NRD (RELATIVE) VALUE(S) OF TOLERANCE:   3
 ANRD (ABSOLUTE) VALUE(S) OF TOLERANCE:  12
 TOLERANCES FOR COVARIANCE STEP:
 NRD (RELATIVE) VALUE(S) OF TOLERANCE:   3
 ANRD (ABSOLUTE) VALUE(S) OF TOLERANCE:  12
 TOLERANCES FOR TABLE/SCATTER STEP:
 NRD (RELATIVE) VALUE(S) OF TOLERANCE:   3
 ANRD (ABSOLUTE) VALUE(S) OF TOLERANCE:  12

 THE FOLLOWING LABELS ARE EQUIVALENT
 PRED=PREDI
 RES=RESI
 WRES=WRESI
 IWRS=IWRESI
 IPRD=IPREDI
 IRS=IRESI

 MONITORING OF SEARCH:

ON WORKER: WORKER1,ON DIRECTORY: worker1\, NODE ID: 1
0PROGRAM TERMINATED BY OBJ
 ERROR IN NCONTR WITH INDIVIDUAL       7   ID= 5.10400000000000E+04
 NUMERICAL HESSIAN OF OBJ. FUNC. FOR COMPUTING CONDITIONAL ESTIMATE
 IS NON POSITIVE DEFINITE
ON WORKER: WORKER4,ON DIRECTORY: worker4\, NODE ID: 4
0PROGRAM TERMINATED BY OBJ
 ERROR IN NCONTR WITH INDIVIDUAL      14   ID= 5.10710000000000E+04
 NUMERICAL HESSIAN OF OBJ. FUNC. FOR COMPUTING CONDITIONAL ESTIMATE
 IS NON POSITIVE DEFINITE
ON WORKER: WORKER4,ON DIRECTORY: worker4\, NODE ID: 4
0PROGRAM TERMINATED BY OBJ
 ERROR IN NCONTR WITH INDIVIDUAL      14   ID= 5.10710000000000E+04
 NUMERICAL HESSIAN OF OBJ. FUNC. FOR COMPUTING CONDITIONAL ESTIMATE
 IS NON POSITIVE DEFINITE
ON WORKER: WORKER1,ON DIRECTORY: worker1\, NODE ID: 1
0PROGRAM TERMINATED BY OBJ
 ERROR IN NCONTR WITH INDIVIDUAL       7   ID= 5.10400000000000E+04
 NUMERICAL HESSIAN OF OBJ. FUNC. FOR COMPUTING CONDITIONAL ESTIMATE
 IS NON POSITIVE DEFINITE
ON WORKER: WORKER4,ON DIRECTORY: worker4\, NODE ID: 4
0PROGRAM TERMINATED BY OBJ
 ERROR IN NCONTR WITH INDIVIDUAL      14   ID= 5.10710000000000E+04
 NUMERICAL HESSIAN OF OBJ. FUNC. FOR COMPUTING CONDITIONAL ESTIMATE
 IS NON POSITIVE DEFINITE
ON WORKER: WORKER1,ON DIRECTORY: worker1\, NODE ID: 1
0PROGRAM TERMINATED BY OBJ
 ERROR IN NCONTR WITH INDIVIDUAL       7   ID= 5.10400000000000E+04
 NUMERICAL HESSIAN OF OBJ. FUNC. FOR COMPUTING CONDITIONAL ESTIMATE
 IS NON POSITIVE DEFINITE
ON WORKER: WORKER4,ON DIRECTORY: worker4\, NODE ID: 4
0PROGRAM TERMINATED BY OBJ
 ERROR IN NCONTR WITH INDIVIDUAL      14   ID= 5.10710000000000E+04
 NUMERICAL HESSIAN OF OBJ. FUNC. FOR COMPUTING CONDITIONAL ESTIMATE
 IS NON POSITIVE DEFINITE
ON WORKER: WORKER1,ON DIRECTORY: worker1\, NODE ID: 1
0PROGRAM TERMINATED BY OBJ
 ERROR IN NCONTR WITH INDIVIDUAL       7   ID= 5.10400000000000E+04
 NUMERICAL HESSIAN OF OBJ. FUNC. FOR COMPUTING CONDITIONAL ESTIMATE
 IS NON POSITIVE DEFINITE
ON WORKER: WORKER4,ON DIRECTORY: worker4\, NODE ID: 4
0PROGRAM TERMINATED BY OBJ
 ERROR IN NCONTR WITH INDIVIDUAL      14   ID= 5.10710000000000E+04
 NUMERICAL HESSIAN OF OBJ. FUNC. FOR COMPUTING CONDITIONAL ESTIMATE
 IS NON POSITIVE DEFINITE
ON WORKER: WORKER1,ON DIRECTORY: worker1\, NODE ID: 1
0PROGRAM TERMINATED BY OBJ
 ERROR IN NCONTR WITH INDIVIDUAL       7   ID= 5.10400000000000E+04
 NUMERICAL HESSIAN OF OBJ. FUNC. FOR COMPUTING CONDITIONAL ESTIMATE
 IS NON POSITIVE DEFINITE
ON WORKER: WORKER4,ON DIRECTORY: worker4\, NODE ID: 4
0PROGRAM TERMINATED BY OBJ
 ERROR IN NCONTR WITH INDIVIDUAL      14   ID= 5.10710000000000E+04
 NUMERICAL HESSIAN OF OBJ. FUNC. FOR COMPUTING CONDITIONAL ESTIMATE
 IS NON POSITIVE DEFINITE
ON WORKER: WORKER1,ON DIRECTORY: worker1\, NODE ID: 1
0PROGRAM TERMINATED BY OBJ
 ERROR IN NCONTR WITH INDIVIDUAL       7   ID= 5.10400000000000E+04
 NUMERICAL HESSIAN OF OBJ. FUNC. FOR COMPUTING CONDITIONAL ESTIMATE
 IS NON POSITIVE DEFINITE
ON WORKER: WORKER4,ON DIRECTORY: worker4\, NODE ID: 4
0PROGRAM TERMINATED BY OBJ
 ERROR IN NCONTR WITH INDIVIDUAL      14   ID= 5.10710000000000E+04
 NUMERICAL HESSIAN OF OBJ. FUNC. FOR COMPUTING CONDITIONAL ESTIMATE
 IS NON POSITIVE DEFINITE
ON WORKER: WORKER1,ON DIRECTORY: worker1\, NODE ID: 1
0PROGRAM TERMINATED BY OBJ
 ERROR IN NCONTR WITH INDIVIDUAL       7   ID= 5.10400000000000E+04
 NUMERICAL HESSIAN OF OBJ. FUNC. FOR COMPUTING CONDITIONAL ESTIMATE
 IS NON POSITIVE DEFINITE
ON WORKER: WORKER4,ON DIRECTORY: worker4\, NODE ID: 4
0PROGRAM TERMINATED BY OBJ
 ERROR IN NCONTR WITH INDIVIDUAL      14   ID= 5.10710000000000E+04
 NUMERICAL HESSIAN OF OBJ. FUNC. FOR COMPUTING CONDITIONAL ESTIMATE
 IS NON POSITIVE DEFINITE
ON WORKER: WORKER1,ON DIRECTORY: worker1\, NODE ID: 1
0PROGRAM TERMINATED BY OBJ
 ERROR IN NCONTR WITH INDIVIDUAL       7   ID= 5.10400000000000E+04
 NUMERICAL HESSIAN OF OBJ. FUNC. FOR COMPUTING CONDITIONAL ESTIMATE
 IS NON POSITIVE DEFINITE
ON WORKER: WORKER4,ON DIRECTORY: worker4\, NODE ID: 4
0PROGRAM TERMINATED BY OBJ
 ERROR IN NCONTR WITH INDIVIDUAL      14   ID= 5.10710000000000E+04
 NUMERICAL HESSIAN OF OBJ. FUNC. FOR COMPUTING CONDITIONAL ESTIMATE
 IS NON POSITIVE DEFINITE
ON WORKER: WORKER1,ON DIRECTORY: worker1\, NODE ID: 1
0PROGRAM TERMINATED BY OBJ
 ERROR IN NCONTR WITH INDIVIDUAL       7   ID= 5.10400000000000E+04
 NUMERICAL HESSIAN OF OBJ. FUNC. FOR COMPUTING CONDITIONAL ESTIMATE
 IS NON POSITIVE DEFINITE
ON WORKER: WORKER4,ON DIRECTORY: worker4\, NODE ID: 4
0PROGRAM TERMINATED BY OBJ
 ERROR IN NCONTR WITH INDIVIDUAL      14   ID= 5.10710000000000E+04
 NUMERICAL HESSIAN OF OBJ. FUNC. FOR COMPUTING CONDITIONAL ESTIMATE
 IS NON POSITIVE DEFINITE
ON WORKER: WORKER1,ON DIRECTORY: worker1\, NODE ID: 1
0PROGRAM TERMINATED BY OBJ
 ERROR IN NCONTR WITH INDIVIDUAL       7   ID= 5.10400000000000E+04
 NUMERICAL HESSIAN OF OBJ. FUNC. FOR COMPUTING CONDITIONAL ESTIMATE
 IS NON POSITIVE DEFINITE
ON WORKER: WORKER4,ON DIRECTORY: worker4\, NODE ID: 4
0PROGRAM TERMINATED BY OBJ
 ERROR IN NCONTR WITH INDIVIDUAL      14   ID= 5.10710000000000E+04
 NUMERICAL HESSIAN OF OBJ. FUNC. FOR COMPUTING CONDITIONAL ESTIMATE
 IS NON POSITIVE DEFINITE
ON WORKER: WORKER1,ON DIRECTORY: worker1\, NODE ID: 1


0ITERATION NO.:   40    OBJECTIVE VALUE:   1563.22465218455        NO. OF FUNC. EVALS.: 214
 CUMULATIVE NO. OF FUNC. EVALS.:      793
 NPARAMETR:  3.7818E-06  8.2153E-06  1.4451E-03  1.3920E-04  5.6230E-01  2.2781E-05  3.5850E-03  6.1275E-01  8.6679E-01  4.3270E-01
             4.4627E-01
 PARAMETER:  1.4302E+00 -9.6587E-02  4.6815E-01  4.3071E-01  1.8269E+00  9.2336E-01  3.6794E+00  8.1417E-01  1.1610E+00  4.6625E-01
             4.9714E-01
 GRADIENT:   9.7255E-01  3.1222E+01  6.5662E+00  2.0112E+01  1.0846E+01 -2.0914E+01 -1.0608E+01  3.2791E+00  3.3349E+00 -2.9372E-01
             2.6954E-01
ON WORKER: WORKER4,ON DIRECTORY: worker4\, NODE ID: 4
0PROGRAM TERMINATED BY OBJ
 ERROR IN NCONTR WITH INDIVIDUAL      14   ID= 5.10710000000000E+04
 NUMERICAL HESSIAN OF OBJ. FUNC. FOR COMPUTING CONDITIONAL ESTIMATE
 IS NON POSITIVE DEFINITE
ON WORKER: WORKER1,ON DIRECTORY: worker1\, NODE ID: 1
0PROGRAM TERMINATED BY OBJ
 ER4   ID= 5.10710000000000E+04
 N
ON   14   ID= 5.10710000000000E+04
 NUMERICAL HESSIAN OF OBJ. FUNC. FOR COMPUTING CONDITIONAL ESTIMATE
 IS NON POSITIVE DEFINITE
ON WORKER: WORKER1,ON DIRECTORY: worker1\, NODE ID: 1
0PROGRAM TERMINATED BY OBJ
 ERROR IN NCONTR WITH INDIVIDUAL       7   ID= 5.10400000000000E+04
 NUMERICAL HESSIAN OF OBJ. FUNC. FOR COMPUTING CONDITIONAL ESTIMATE
 IS NON POSITIVE DEFINITE
ON WORKER: WORKER4,ON DIRECTORY: worker4\, NODE ID: 4
0PROGRAM TERMINATED BY OBJ
 ERROR IN NCONTR WITH INDIVIDUAL      14   ID= 5.10710000000000E+04
 NUMERICAL HESSIAN OF OBJ. FUNC. FOR COMPUTING CONDITIONAL ESTIMATE
 IS NON POSITIVE DEFINITE
ON WORKER: WORKER1,ON DIRECTORY: worker1\, NODE ID: 1
0PROGRAM TERMINATED BY OBJ
 ERROR IN NCONTR WITH INDIVIDUAL       7   ID= 5.10400000000000E+04
 NUMERICAL HESSIAN OF OBJ. FUNC. FOR COMPUTING CONDITIONAL ESTIMATE
 IS NON POSITIVE DEFINITE

0ITERATION NO.:   50    OBJECTIVE VALUE:   1559.88631626867        NO. OF FUNC. EVALS.: 335
 CUMULATIVE NO. OF FUNC. EVALS.:     1128
 NPARAMETR:  4.0246E-06  8.0844E-06  1.4362E-03  1.3362E-04  5.8717E-01  2.1702E-05  3.7812E-03  6.0853E-01  8.1101E-01  4.2929E-01
             4.4097E-01
 PARAMETER:  1.4922E+00 -1.1249E-01  4.6204E-01  3.9005E-01  1.8703E+00  8.7503E-01  3.7314E+00  7.9926E-01  1.0965E+00  4.5682E-01
             4.8145E-01
 GRADIENT:  -5.3215E+00  1.0004E+02  5.8193E+00  4.3159E+01  1.7768E+00  1.7676E+01 -8.6030E+00 -2.8528E+00  6.7331E-01 -4.4625E-01
            -4.0281E-01
 NUMSIGDIG:         3.2         2.2         3.6         2.6         3.4         3.0         2.8         1.4         2.1         1.8
                    1.5
ON WORKER: WORKER1,ON DIRECTORY: worker1\, NODE ID: 1
0PROGRAM TERMINATED BY OBJ
 ERROR IN NCONTR WITH INDIVIDUAL       7   ID= 5.10400000000000E+04
 NUMERICAL HESSIAN OF OBJ. FUNC. FOR COMPUTING CONDITIONAL ESTIMATE
 IS NON POSITIVE DEFINITE
ON WORKER: WORKER4,ON DIRECTORY: worker4\, NODE ID: 4
0PROGRAM TERMINATED BY OBJ
 ERROR IN NCONTR WITH INDIVIDUAL      14   ID= 5.10710000000000E+04
 NUMERICAL HESSIAN OF OBJ. FUNC. FOR COMPUTING CONDITIONAL ESTIMATE
 IS NON POSITIVE DEFINITE

 #TERM:
0MINIMIZATION TERMINATED
 DUE TO ROUNDING ERRORS (ERROR=134)
 NO. OF FUNCTION EVALUATIONS USED:     1128
 NO. OF SIG. DIGITS IN FINAL EST.:  1.4
ON WORKER: WORKER1,ON DIRECTORY: worker1\, NODE ID: 1
0PROGRAM TERMINATED BY OBJ
 ERROR IN NCONTR WITH INDIVIDUAL       7   ID= 5.10400000000000E+04
 NUMERICAL HESSIAN OF OBJ. FUNC. FOR COMPUTING CONDITIONAL ESTIMATE
 IS NON POSITIVE DEFINITE
ON WORKER: WORKER4,ON DIRECTORY: worker4\, NODE ID: 4
0PROGRAM TERMINATED BY OBJ
 ERROR IN NCONTR WITH INDIVIDUAL      14   ID= 5.10710000000000E+04
 NUMERICAL HESSIAN OF OBJ. FUNC. FOR COMPUTING CONDITIONAL ESTIMATE
 IS NON POSITIVE DEFINITE

 ETABAR IS THE ARITHMETIC MEAN OF THE ETA-ESTIMATES,
 AND THE P-VALUE IS GIVEN FOR THE NULL HYPOTHESIS THAT THE TRUE MEAN IS 0.

 ETABAR:         0.0000E+00  0.0000E+00  0.0000E+00  0.0000E+00  0.0000E+00  0.0000E+00  0.0000E+00  0.0000E+00  0.0000E+00  0.0000E+00
 SE:             0.0000E+00  0.0000E+00  0.0000E+00  0.0000E+00  0.0000E+00  0.0000E+00  0.0000E+00  0.0000E+00  0.0000E+00  0.0000E+00
 N:                      60          60          60          60          60          60          60          60          60          60

 P VAL.:         1.0000E+00  1.0000E+00  1.0000E+00  1.0000E+00  1.0000E+00  1.0000E+00  1.0000E+00  1.0000E+00  1.0000E+00  1.0000E+00

 ETASHRINKSD(%)  0.0000E+00  0.0000E+00  0.0000E+00  0.0000E+00  0.0000E+00  0.0000E+00  0.0000E+00  0.0000E+00  0.0000E+00  0.0000E+00
 ETASHRINKVR(%)  0.0000E+00  0.0000E+00  0.0000E+00  0.0000E+00  0.0000E+00  0.0000E+00  0.0000E+00  0.0000E+00  0.0000E+00  0.0000E+00
 EBVSHRINKSD(%)  0.0000E+00  0.0000E+00  0.0000E+00  0.0000E+00  0.0000E+00  0.0000E+00  0.0000E+00  0.0000E+00  0.0000E+00  0.0000E+00
 EBVSHRINKVR(%)  0.0000E+00  0.0000E+00  0.0000E+00  0.0000E+00  0.0000E+00  0.0000E+00  0.0000E+00  0.0000E+00  0.0000E+00  0.0000E+00
 RELATIVEINF(%)  0.0000E+00  0.0000E+00  0.0000E+00  0.0000E+00  0.0000E+00  0.0000E+00  0.0000E+00  0.0000E+00  0.0000E+00  0.0000E+00
 EPSSHRINKSD(%)  1.0000E-10  1.0000E-10  1.0000E-10  1.0000E-10
 EPSSHRINKVR(%)  1.0000E-10  1.0000E-10  1.0000E-10  1.0000E-10

  
 TOTAL DATA POINTS NORMALLY DISTRIBUTED (N):          134
 N*LOG(2PI) CONSTANT TO OBJECTIVE FUNCTION:    246.27552689885226     
 OBJECTIVE FUNCTION VALUE WITHOUT CONSTANT:    1559.8863162686721     
 OBJECTIVE FUNCTION VALUE WITH CONSTANT:       1806.1618431675242     
 REPORTED OBJECTIVE FUNCTION DOES NOT CONTAIN CONSTANT
  
 TOTAL EFFECTIVE ETAS (NIND*NETA):                             0
  
 #TERE:
 Elapsed estimation  time in seconds:     9.10
ON WORKER: WORKER1,ON DIRECTORY: worker1\, NODE ID: 1
0PROGRAM TERMINATED BY OBJ
 ERROR IN NCONTR WITH INDIVIDUAL       7   ID= 5.10400000000000E+04
 NUMERICAL HESSIAN OF OBJ. FUNC. FOR COMPUTING CONDITIONAL ESTIMATE
 IS NON POSITIVE DEFINITE
ON WORKER: WORKER4,ON DIRECTORY: worker4\, NODE ID: 4
0PROGRAM TERMINATED BY OBJ
 ERROR IN NCONTR WITH INDIVIDUAL      14   ID= 5.10710000000000E+04
 NUMERICAL HESSIAN OF OBJ. FUNC. FOR COMPUTING CONDITIONAL ESTIMATE
 IS NON POSITIVE DEFINITE
ON WORKER: WORKER1,ON DIRECTORY: worker1\, NODE ID: 1
0PROGRAM TERMINATED BY OBJ
 ERROR IN NCONTR WITH INDIVIDUAL       7   ID= 5.10400000000000E+04
 NUMERICAL HESSIAN OF OBJ. FUNC. FOR COMPUTING CONDITIONAL ESTIMATE
 IS NON POSITIVE DEFINITE
ON WORKER: WORKER4,ON DIRECTORY: worker4\, NODE ID: 4
0PROGRAM TERMINATED BY OBJ
 ERROR IN NCONTR WITH INDIVIDUAL      14   ID= 5.10710000000000E+04
 NUMERICAL HESSIAN OF OBJ. FUNC. FOR COMPUTING CONDITIONAL ESTIMATE
 IS NON POSITIVE DEFINITE
ON WORKER: WORKER1,ON DIRECTORY: worker1\, NODE ID: 1
0PROGRAM TERMINATED BY OBJ
 ERROR IN NCONTR WITH INDIVIDUAL       7   ID= 5.10400000000000E+04
 NUMERICAL HESSIAN OF OBJ. FUNC. FOR COMPUTING CONDITIONAL ESTIMATE
 IS NON POSITIVE DEFINITE
ON WORKER: WORKER4,ON DIRECTORY: worker4\, NODE ID: 4
0PROGRAM TERMINATED BY OBJ
 ERROR IN NCONTR WITH INDIVIDUAL      14   ID= 5.10710000000000E+04
 NUMERICAL HESSIAN OF OBJ. FUNC. FOR COMPUTING CONDITIONAL ESTIMATE
 IS NON POSITIVE DEFINITE
 Elapsed postprocess time in seconds:     0.09
1
 
 
 
 
 
 
 
 
 
 
 
 
 
 
 
 
 
 
 
 
 ************************************************************************************************************************
 ********************                                                                                ********************
 ********************               FIRST ORDER CONDITIONAL ESTIMATION WITH INTERACTION              ********************
 #OBJT:**************                       MINIMUM VALUE OF OBJECTIVE FUNCTION                      ********************
 ********************                                                                                ********************
 ************************************************************************************************************************
 





 #OBJV:********************************************     1559.886       **************************************************
1
 ************************************************************************************************************************
 ********************                                                                                ********************
 ********************               FIRST ORDER CONDITIONAL ESTIMATION WITH INTERACTION              ********************
 ********************                             FINAL PARAMETER ESTIMATE                           ********************
 ********************                                                                                ********************
 ************************************************************************************************************************
 


 THETA - VECTOR OF FIXED EFFECTS PARAMETERS   *********


         TH 1      TH 2      TH 3      TH 4      TH 5      TH 6      TH 7      TH 8      TH 9      TH10      TH11      TH12     
          TH13      TH14      TH15      TH16      TH17      TH18     
 
         0.00E+00  1.50E-03  4.02E-06  2.84E-04  8.09E-06  1.44E-03  1.34E-04  5.87E-01  2.17E-05  3.78E-03  1.00E-04  6.04E-01
          1.00E-04  8.13E-01  1.00E-04  4.29E-01  1.00E-04  4.39E-01
 


 OMEGA - COV MATRIX FOR RANDOM EFFECTS - ETAS  ********


         ETA1      ETA2      ETA3      ETA4      ETA5      ETA6      ETA7      ETA8      ETA9      ET10     
 
 ETA1
+        0.00E+00
 
 ETA2
+        0.00E+00  0.00E+00
 
 ETA3
+        0.00E+00  0.00E+00  0.00E+00
 
 ETA4
+        0.00E+00  0.00E+00  0.00E+00  0.00E+00
 
 ETA5
+        0.00E+00  0.00E+00  0.00E+00  0.00E+00  0.00E+00
 
 ETA6
+        0.00E+00  0.00E+00  0.00E+00  0.00E+00  0.00E+00  0.00E+00
 
 ETA7
+        0.00E+00  0.00E+00  0.00E+00  0.00E+00  0.00E+00  0.00E+00  0.00E+00
 
 ETA8
+        0.00E+00  0.00E+00  0.00E+00  0.00E+00  0.00E+00  0.00E+00  0.00E+00  0.00E+00
 
 ETA9
+        0.00E+00  0.00E+00  0.00E+00  0.00E+00  0.00E+00  0.00E+00  0.00E+00  0.00E+00  0.00E+00
 
 ET10
+        0.00E+00  0.00E+00  0.00E+00  0.00E+00  0.00E+00  0.00E+00  0.00E+00  0.00E+00  0.00E+00  0.00E+00
 


 SIGMA - COV MATRIX FOR RANDOM EFFECTS - EPSILONS  ****


         EPS1      EPS2      EPS3      EPS4     
 
 EPS1
+        1.00E+00
 
 EPS2
+        0.00E+00  1.00E+00
 
 EPS3
+        0.00E+00  0.00E+00  1.00E+00
 
1

         EPS1      EPS2      EPS3      EPS4     
 
 EPS4
+        0.00E+00  0.00E+00  0.00E+00  1.00E+00
 
1


 OMEGA - CORR MATRIX FOR RANDOM EFFECTS - ETAS  *******


         ETA1      ETA2      ETA3      ETA4      ETA5      ETA6      ETA7      ETA8      ETA9      ET10     
 
 ETA1
+        0.00E+00
 
 ETA2
+        0.00E+00  0.00E+00
 
 ETA3
+        0.00E+00  0.00E+00  0.00E+00
 
 ETA4
+        0.00E+00  0.00E+00  0.00E+00  0.00E+00
 
 ETA5
+        0.00E+00  0.00E+00  0.00E+00  0.00E+00  0.00E+00
 
 ETA6
+        0.00E+00  0.00E+00  0.00E+00  0.00E+00  0.00E+00  0.00E+00
 
 ETA7
+        0.00E+00  0.00E+00  0.00E+00  0.00E+00  0.00E+00  0.00E+00  0.00E+00
 
 ETA8
+        0.00E+00  0.00E+00  0.00E+00  0.00E+00  0.00E+00  0.00E+00  0.00E+00  0.00E+00
 
 ETA9
+        0.00E+00  0.00E+00  0.00E+00  0.00E+00  0.00E+00  0.00E+00  0.00E+00  0.00E+00  0.00E+00
 
 ET10
+        0.00E+00  0.00E+00  0.00E+00  0.00E+00  0.00E+00  0.00E+00  0.00E+00  0.00E+00  0.00E+00  0.00E+00
 


 SIGMA - CORR MATRIX FOR RANDOM EFFECTS - EPSILONS  ***


         EPS1      EPS2      EPS3      EPS4     
 
 EPS1
+        1.00E+00
 
 EPS2
+        0.00E+00  1.00E+00
 
 EPS3
+        0.00E+00  0.00E+00  1.00E+00
 
 EPS4
+        0.00E+00  0.00E+00  0.00E+00  1.00E+00
 
 Elapsed finaloutput time in seconds:     0.03
 #CPUT: Total CPU Time in Seconds,        5.469
Stop Time: 
2024-09-23 
???? 06:54
