2024-09-19 
오후 05:17
;; 1. Based on: 1
$PROBLEM SB vitreous with IIV CL without error
;; 2. Description: SB vitreous with IIV CL without error

$INPUT ID	TIME	DV	MDV	CMT	AMT	GROUP=SKIP	LEFT	SITE	DAY	WEEK	ID2=SKIP	IDD=SKIP


$DATA SB.csv IGNORE=@

$SUBROUTINES ADVAN1 TRANS2

$PK
 CL   = THETA(1)*EXP(ETA(1))
 V    = THETA(2)*EXP(ETA(2))
 
 S1   = v/1000   ; dose: mg   V: ng/mL  
 
$ERROR

  IPRED   = F
  W       = SQRT(THETA(3)**2 + THETA(4)**2 * IPRED**2)
  IRES    = DV - IPRED
  IWRES   = IRES / W
  Y       = IPRED + W * EPS(1)

  
$THETA
 (0,0.000004)      ; CL
 (0,0.0004)         ; V
 0.000001  FIX  ; Additive Residual Variability
 0.000001 FIX        ; Proportional Residual Variability
$OMEGA 
0 FIX
0.1

$SIGMA 1 FIX 

$COVARIANCE PRINT = E

$ESTIMATION NOABORT MAXEVALS=9999 METHOD=1 INTER PRINT = 10


$TABLE ID TIME DV MDV CMT AMT LEFT SITE DAY WEEK IWRES IRES IPRED CWRES                                          NOPRINT ONEHEADER          FILE=sdtab7
$TABLE ID CL V ETA1 ETA2                                                                                        NOPRINT ONEHEADER NOAPPEND FILE=patab7
  
NM-TRAN MESSAGES 
  
 WARNINGS AND ERRORS (IF ANY) FOR PROBLEM    1
             
 (WARNING  2) NM-TRAN INFERS THAT THE DATA ARE POPULATION.
  
Note: Analytical 2nd Derivatives are constructed in FSUBS but are never used.
      You may insert $ABBR DERIV2=NO after the first $PROB to save FSUBS construction and compilation time
  
  
License Registered to: AIMS BioScience Co
Expiration Date:    14 MAY 2025
Current Date:       19 SEP 2024
Days until program expires : 240
1NONLINEAR MIXED EFFECTS MODEL PROGRAM (NONMEM) VERSION 7.5.1
 ORIGINALLY DEVELOPED BY STUART BEAL, LEWIS SHEINER, AND ALISON BOECKMANN
 CURRENT DEVELOPERS ARE ROBERT BAUER, ICON DEVELOPMENT SOLUTIONS,
 AND ALISON BOECKMANN. IMPLEMENTATION, EFFICIENCY, AND STANDARDIZATION
 PERFORMED BY NOUS INFOSYSTEMS.

 PROBLEM NO.:         1
 SB vitreous with IIV CL without error
0DATA CHECKOUT RUN:              NO
 DATA SET LOCATED ON UNIT NO.:    2
 THIS UNIT TO BE REWOUND:        NO
 NO. OF DATA RECS IN DATA SET:       80
 NO. OF DATA ITEMS IN DATA SET:  11
 ID DATA ITEM IS DATA ITEM NO.:   1
 DEP VARIABLE IS DATA ITEM NO.:   3
 MDV DATA ITEM IS DATA ITEM NO.:  4
0INDICES PASSED TO SUBROUTINE PRED:
  11   2   6   0   0   0   5   0   0   0   0
0LABELS FOR DATA ITEMS:
 ID TIME DV MDV CMT AMT LEFT SITE DAY WEEK EVID
0(NONBLANK) LABELS FOR PRED-DEFINED ITEMS:
 CL V IPRED IRES IWRES
0FORMAT FOR DATA:
 (E4.0,E5.0,E12.0,2E2.0,E4.0,2E2.0,E3.0,E2.0,1F2.0)

 TOT. NO. OF OBS RECS:       39
 TOT. NO. OF INDIVIDUALS:       40
0LENGTH OF THETA:   4
0DEFAULT THETA BOUNDARY TEST OMITTED:    NO
0OMEGA HAS BLOCK FORM:
  1
  0  2
0DEFAULT OMEGA BOUNDARY TEST OMITTED:    NO
0SIGMA HAS SIMPLE DIAGONAL FORM WITH DIMENSION:   1
0DEFAULT SIGMA BOUNDARY TEST OMITTED:    NO
0INITIAL ESTIMATE OF THETA:
 LOWER BOUND    INITIAL EST    UPPER BOUND
  0.0000E+00     0.4000E-05     0.1000E+07
  0.0000E+00     0.4000E-03     0.1000E+07
  0.1000E-05     0.1000E-05     0.1000E-05
  0.1000E-05     0.1000E-05     0.1000E-05
0INITIAL ESTIMATE OF OMEGA:
 BLOCK SET NO.   BLOCK                                                                    FIXED
        1                                                                                  YES
                  0.0000E+00
        2                                                                                   NO
                  0.1000E+00
0INITIAL ESTIMATE OF SIGMA:
 0.1000E+01
0SIGMA CONSTRAINED TO BE THIS INITIAL ESTIMATE
0COVARIANCE STEP OMITTED:        NO
 EIGENVLS. PRINTED:             YES
 SPECIAL COMPUTATION:            NO
 COMPRESSED FORMAT:              NO
 GRADIENT METHOD USED:     NOSLOW
 SIGDIGITS ETAHAT (SIGLO):                  -1
 SIGDIGITS GRADIENTS (SIGL):                -1
 EXCLUDE COV FOR FOCE (NOFCOV):              NO
 Cholesky Transposition of R Matrix (CHOLROFF):0
 KNUTHSUMOFF:                                -1
 RESUME COV ANALYSIS (RESUME):               NO
 SIR SAMPLE SIZE (SIRSAMPLE):
 NON-LINEARLY TRANSFORM THETAS DURING COV (THBND): 1
 PRECONDTIONING CYCLES (PRECOND):        0
 PRECONDTIONING TYPES (PRECONDS):        TOS
 FORCED PRECONDTIONING CYCLES (PFCOND):0
 PRECONDTIONING TYPE (PRETYPE):        0
 FORCED POS. DEFINITE SETTING DURING PRECONDITIONING: (FPOSDEF):0
 SIMPLE POS. DEFINITE SETTING: (POSDEF):-1
0TABLES STEP OMITTED:    NO
 NO. OF TABLES:           2
 SEED NUMBER (SEED):    11456
 NPDTYPE:    0
 INTERPTYPE:    0
 RANMETHOD:             3U
 MC SAMPLES (ESAMPLE):    300
 WRES SQUARE ROOT TYPE (WRESCHOL): EIGENVALUE
0-- TABLE   1 --
0RECORDS ONLY:    ALL
04 COLUMNS APPENDED:    YES
 PRINTED:                NO
 HEADER:                YES
 FILE TO BE FORWARDED:   NO
 FORMAT:                S1PE11.4
 IDFORMAT:
 LFORMAT:
 RFORMAT:
 FIXED_EFFECT_ETAS:
0USER-CHOSEN ITEMS:
 ID TIME DV MDV CMT AMT LEFT SITE DAY WEEK IWRES IRES IPRED CWRES
0-- TABLE   2 --
0RECORDS ONLY:    ALL
04 COLUMNS APPENDED:    NO
 PRINTED:                NO
 HEADER:                YES
 FILE TO BE FORWARDED:   NO
 FORMAT:                S1PE11.4
 IDFORMAT:
 LFORMAT:
 RFORMAT:
 FIXED_EFFECT_ETAS:
0USER-CHOSEN ITEMS:
 ID CL V ETA1 ETA2
1DOUBLE PRECISION PREDPP VERSION 7.5.1

 ONE COMPARTMENT MODEL (ADVAN1)
0MAXIMUM NO. OF BASIC PK PARAMETERS:   2
0BASIC PK PARAMETERS (AFTER TRANSLATION):
   ELIMINATION RATE (K) IS BASIC PK PARAMETER NO.:  1

 TRANSLATOR WILL CONVERT PARAMETERS
 CLEARANCE (CL) AND VOLUME (V) TO K (TRANS2)
0COMPARTMENT ATTRIBUTES
 COMPT. NO.   FUNCTION   INITIAL    ON/OFF      DOSE      DEFAULT    DEFAULT
                         STATUS     ALLOWED    ALLOWED    FOR DOSE   FOR OBS.
    1         CENTRAL      ON         NO         YES        YES        YES
    2         OUTPUT       OFF        YES        NO         NO         NO
1
 ADDITIONAL PK PARAMETERS - ASSIGNMENT OF ROWS IN GG
 COMPT. NO.                             INDICES
              SCALE      BIOAVAIL.   ZERO-ORDER  ZERO-ORDER  ABSORB
                         FRACTION    RATE        DURATION    LAG
    1            3           *           *           *           *
    2            *           -           -           -           -
             - PARAMETER IS NOT ALLOWED FOR THIS MODEL
             * PARAMETER IS NOT SUPPLIED BY PK SUBROUTINE;
               WILL DEFAULT TO ONE IF APPLICABLE
0DATA ITEM INDICES USED BY PRED ARE:
   EVENT ID DATA ITEM IS DATA ITEM NO.:     11
   TIME DATA ITEM IS DATA ITEM NO.:          2
   DOSE AMOUNT DATA ITEM IS DATA ITEM NO.:   6
   COMPT. NO. DATA ITEM IS DATA ITEM NO.:    5

0PK SUBROUTINE CALLED WITH EVERY EVENT RECORD.
 PK SUBROUTINE NOT CALLED AT NONEVENT (ADDITIONAL OR LAGGED) DOSE TIMES.
0ERROR SUBROUTINE CALLED WITH EVERY EVENT RECORD.
1


 #TBLN:      1
 #METH: First Order Conditional Estimation with Interaction

 ESTIMATION STEP OMITTED:                 NO
 ANALYSIS TYPE:                           POPULATION
 NUMBER OF SADDLE POINT RESET ITERATIONS:      0
 GRADIENT METHOD USED:               NOSLOW
 CONDITIONAL ESTIMATES USED:              YES
 CENTERED ETA:                            NO
 EPS-ETA INTERACTION:                     YES
 LAPLACIAN OBJ. FUNC.:                    NO
 NO. OF FUNCT. EVALS. ALLOWED:            9999
 NO. OF SIG. FIGURES REQUIRED:            3
 INTERMEDIATE PRINTOUT:                   YES
 ESTIMATE OUTPUT TO MSF:                  NO
 ABORT WITH PRED EXIT CODE 1:             NO
 IND. OBJ. FUNC. VALUES SORTED:           NO
 NUMERICAL DERIVATIVE
       FILE REQUEST (NUMDER):               NONE
 MAP (ETAHAT) ESTIMATION METHOD (OPTMAP):   0
 ETA HESSIAN EVALUATION METHOD (ETADER):    0
 INITIAL ETA FOR MAP ESTIMATION (MCETA):    0
 SIGDIGITS FOR MAP ESTIMATION (SIGLO):      100
 GRADIENT SIGDIGITS OF
       FIXED EFFECTS PARAMETERS (SIGL):     100
 NOPRIOR SETTING (NOPRIOR):                 0
 NOCOV SETTING (NOCOV):                     OFF
 DERCONT SETTING (DERCONT):                 OFF
 FINAL ETA RE-EVALUATION (FNLETA):          1
 EXCLUDE NON-INFLUENTIAL (NON-INFL.) ETAS
       IN SHRINKAGE (ETASTYPE):             NO
 NON-INFL. ETA CORRECTION (NONINFETA):      0
 RAW OUTPUT FILE (FILE): 1_7.ext
 EXCLUDE TITLE (NOTITLE):                   NO
 EXCLUDE COLUMN LABELS (NOLABEL):           NO
 FORMAT FOR ADDITIONAL FILES (FORMAT):      S1PE12.5
 PARAMETER ORDER FOR OUTPUTS (ORDER):       TSOL
 KNUTHSUMOFF:                               0
 INCLUDE LNTWOPI:                           NO
 INCLUDE CONSTANT TERM TO PRIOR (PRIORC):   NO
 INCLUDE CONSTANT TERM TO OMEGA (ETA) (OLNTWOPI):NO
 ADDITIONAL CONVERGENCE TEST (CTYPE=4)?:    NO
 EM OR BAYESIAN METHOD USED:                 NONE


 THE FOLLOWING LABELS ARE EQUIVALENT
 PRED=PREDI
 RES=RESI
 WRES=WRESI
 IWRS=IWRESI
 IPRD=IPREDI
 IRS=IRESI

 MONITORING OF SEARCH:


0ITERATION NO.:    0    OBJECTIVE VALUE:   680.895868148176        NO. OF FUNC. EVALS.:   4
 CUMULATIVE NO. OF FUNC. EVALS.:        4
 NPARAMETR:  4.0000E-06  4.0000E-04  1.0000E-01
 PARAMETER:  1.0000E-01  1.0000E-01  1.0000E-01
 GRADIENT:   1.8878E+11  1.4195E+11  1.4839E+00

0ITERATION NO.:   10    OBJECTIVE VALUE:   640.318517231609        NO. OF FUNC. EVALS.: 107
 CUMULATIVE NO. OF FUNC. EVALS.:      111
 NPARAMETR:  2.6411E-06  3.1182E-04  2.7095E-02
 PARAMETER: -3.1508E-01 -1.4903E-01 -5.5291E-01
 GRADIENT:   2.0434E+09 -3.2559E+08 -1.2735E-01

0ITERATION NO.:   20    OBJECTIVE VALUE:   638.071626993019        NO. OF FUNC. EVALS.: 111
 CUMULATIVE NO. OF FUNC. EVALS.:      222
 NPARAMETR:  2.7167E-06  3.3036E-04  2.6532E-02
 PARAMETER: -2.8686E-01 -9.1295E-02 -5.6340E-01
 GRADIENT:   1.6752E+09 -1.4486E+08  1.5619E+00

0ITERATION NO.:   30    OBJECTIVE VALUE:   636.179953435069        NO. OF FUNC. EVALS.: 114
 CUMULATIVE NO. OF FUNC. EVALS.:      336
 NPARAMETR:  2.8128E-06  3.4275E-04  2.5542E-02
 PARAMETER: -2.5211E-01 -5.4470E-02 -5.8243E-01
 GRADIENT:   1.2764E+09 -1.4273E+08  9.1782E-01

0ITERATION NO.:   40    OBJECTIVE VALUE:   633.373086215035        NO. OF FUNC. EVALS.: 106
 CUMULATIVE NO. OF FUNC. EVALS.:      442
 NPARAMETR:  3.0138E-06  3.6461E-04  2.4196E-02
 PARAMETER: -1.8310E-01  7.3772E-03 -6.0950E-01
 GRADIENT:   6.5520E+08 -1.3858E+08 -6.6569E-01

0ITERATION NO.:   50    OBJECTIVE VALUE:   629.095382181651        NO. OF FUNC. EVALS.: 125
 CUMULATIVE NO. OF FUNC. EVALS.:      567
 NPARAMETR:  3.2841E-06  4.0242E-04  2.2786E-02
 PARAMETER: -9.7191E-02  1.0604E-01 -6.3951E-01
 GRADIENT:   1.8885E+08 -1.5015E+08 -6.4722E-01

0ITERATION NO.:   60    OBJECTIVE VALUE:   624.568395361848        NO. OF FUNC. EVALS.: 121
 CUMULATIVE NO. OF FUNC. EVALS.:      688
 NPARAMETR:  3.4428E-06  4.3690E-04  2.1092E-02
 PARAMETER: -5.0003E-02  1.8824E-01 -6.7813E-01
 GRADIENT:   1.8530E+08 -4.6349E+08  1.8369E-01

0ITERATION NO.:   70    OBJECTIVE VALUE:   621.001477670408        NO. OF FUNC. EVALS.: 121
 CUMULATIVE NO. OF FUNC. EVALS.:      809
 NPARAMETR:  3.6471E-06  4.7403E-04  2.0580E-02
 PARAMETER:  7.6288E-03  2.6981E-01 -6.9043E-01
 GRADIENT:   1.8103E+08 -9.2850E+08  2.6298E+00

0ITERATION NO.:   80    OBJECTIVE VALUE:   618.811835813694        NO. OF FUNC. EVALS.: 127
 CUMULATIVE NO. OF FUNC. EVALS.:      936             RESET HESSIAN, TYPE I
 NPARAMETR:  3.8139E-06  4.9194E-04  1.9442E-02
 PARAMETER:  5.2351E-02  3.0688E-01 -7.1888E-01
 GRADIENT:   1.9166E+11  4.4224E+11  3.5000E-01

0ITERATION NO.:   90    OBJECTIVE VALUE:   616.628764521073        NO. OF FUNC. EVALS.: 123
 CUMULATIVE NO. OF FUNC. EVALS.:     1059
 NPARAMETR:  3.9977E-06  5.1783E-04  1.8778E-02
 PARAMETER:  9.9435E-02  3.5818E-01 -7.3624E-01
 GRADIENT:   1.7437E+08 -1.5711E+09 -4.0535E-01

0ITERATION NO.:  100    OBJECTIVE VALUE:   613.769520166689        NO. OF FUNC. EVALS.: 126
 CUMULATIVE NO. OF FUNC. EVALS.:     1185
 NPARAMETR:  4.1152E-06  5.5073E-04  1.8011E-02
 PARAMETER:  1.2838E-01  4.1978E-01 -7.5710E-01
 GRADIENT:   2.8400E+08 -2.1302E+09  5.3346E-01

0ITERATION NO.:  110    OBJECTIVE VALUE:   612.438296723987        NO. OF FUNC. EVALS.: 128
 CUMULATIVE NO. OF FUNC. EVALS.:     1313
 NPARAMETR:  4.2112E-06  5.6694E-04  1.7677E-02
 PARAMETER:  1.5146E-01  4.4878E-01 -7.6645E-01
 GRADIENT:   3.9154E+08 -2.4098E+09  4.9665E-01

0ITERATION NO.:  120    OBJECTIVE VALUE:   611.115760282186        NO. OF FUNC. EVALS.: 124
 CUMULATIVE NO. OF FUNC. EVALS.:     1437
 NPARAMETR:  4.3179E-06  5.8776E-04  1.7301E-02
 PARAMETER:  1.7647E-01  4.8485E-01 -7.7720E-01
 GRADIENT:   3.2529E+11  6.6752E+11  9.4025E-02

0ITERATION NO.:  130    OBJECTIVE VALUE:   609.843827673655        NO. OF FUNC. EVALS.: 124
 CUMULATIVE NO. OF FUNC. EVALS.:     1561
 NPARAMETR:  4.4197E-06  5.9731E-04  1.7102E-02
 PARAMETER:  1.9977E-01  5.0097E-01 -7.8300E-01
 GRADIENT:   6.6765E+08 -2.9383E+09  4.2986E-01

0ITERATION NO.:  140    OBJECTIVE VALUE:   608.413885954198        NO. OF FUNC. EVALS.: 129
 CUMULATIVE NO. OF FUNC. EVALS.:     1690             RESET HESSIAN, TYPE I
 NPARAMETR:  4.5804E-06  6.1960E-04  1.6757E-02
 PARAMETER:  2.3549E-01  5.3761E-01 -7.9318E-01
 GRADIENT:   4.2605E+11  7.2424E+11 -3.4875E-01

0ITERATION NO.:  150    OBJECTIVE VALUE:   607.152847755364        NO. OF FUNC. EVALS.: 119
 CUMULATIVE NO. OF FUNC. EVALS.:     1809
 NPARAMETR:  4.6575E-06  6.4677E-04  1.6494E-02
 PARAMETER:  2.5218E-01  5.8053E-01 -8.0107E-01
 GRADIENT:   1.0409E+09 -3.8533E+09 -3.9010E-02

0ITERATION NO.:  160    OBJECTIVE VALUE:   605.834154642439        NO. OF FUNC. EVALS.: 129
 CUMULATIVE NO. OF FUNC. EVALS.:     1938
 NPARAMETR:  4.7879E-06  6.6911E-04  1.6296E-02
 PARAMETER:  2.7981E-01  6.1449E-01 -8.0713E-01
 GRADIENT:   1.2667E+09 -4.2634E+09 -7.0199E-03

0ITERATION NO.:  170    OBJECTIVE VALUE:   604.767382523161        NO. OF FUNC. EVALS.: 130
 CUMULATIVE NO. OF FUNC. EVALS.:     2068
 NPARAMETR:  4.9077E-06  6.9009E-04  1.6168E-02
 PARAMETER:  3.0450E-01  6.4536E-01 -8.1106E-01
 GRADIENT:   1.4846E+09 -4.6499E+09 -1.1943E-02

0ITERATION NO.:  180    OBJECTIVE VALUE:   603.944507922077        NO. OF FUNC. EVALS.: 131
 CUMULATIVE NO. OF FUNC. EVALS.:     2199
 NPARAMETR:  5.0435E-06  7.0393E-04  1.6082E-02
 PARAMETER:  3.3180E-01  6.6522E-01 -8.1374E-01
 GRADIENT:   1.7425E+09 -4.8792E+09 -5.1948E-01

0ITERATION NO.:  190    OBJECTIVE VALUE:   601.931455643474        NO. OF FUNC. EVALS.: 135
 CUMULATIVE NO. OF FUNC. EVALS.:     2334             RESET HESSIAN, TYPE I
 NPARAMETR:  5.4222E-06  7.8744E-04  1.6289E-02
 PARAMETER:  4.0421E-01  7.7733E-01 -8.0734E-01
 GRADIENT:   6.9252E+11  9.8227E+11 -3.9312E-01

0ITERATION NO.:  200    OBJECTIVE VALUE:   601.626685540929        NO. OF FUNC. EVALS.: 138
 CUMULATIVE NO. OF FUNC. EVALS.:     2472
 NPARAMETR:  5.4803E-06  7.9101E-04  1.6388E-02
 PARAMETER:  4.1486E-01  7.8185E-01 -8.0432E-01
 GRADIENT:   2.6295E+09 -6.4869E+09 -7.6192E-02

0ITERATION NO.:  210    OBJECTIVE VALUE:   601.554023975429        NO. OF FUNC. EVALS.: 134
 CUMULATIVE NO. OF FUNC. EVALS.:     2606
 NPARAMETR:  5.5134E-06  7.9743E-04  1.6451E-02
 PARAMETER:  4.2089E-01  7.8993E-01 -8.0240E-01
 GRADIENT:   2.6996E+09 -6.6033E+09 -6.9624E-02

0ITERATION NO.:  220    OBJECTIVE VALUE:   601.503756421691        NO. OF FUNC. EVALS.: 134
 CUMULATIVE NO. OF FUNC. EVALS.:     2740
 NPARAMETR:  5.5404E-06  8.0279E-04  1.6508E-02
 PARAMETER:  4.2578E-01  7.9663E-01 -8.0067E-01
 GRADIENT:   2.7568E+09 -6.7006E+09 -5.7120E-02

0ITERATION NO.:  230    OBJECTIVE VALUE:   601.404398707864        NO. OF FUNC. EVALS.: 146
 CUMULATIVE NO. OF FUNC. EVALS.:     2886             RESET HESSIAN, TYPE I
 NPARAMETR:  5.6257E-06  8.1919E-04  1.6711E-02
 PARAMETER:  4.4105E-01  8.1685E-01 -7.9454E-01
 GRADIENT:   7.4650E+11  1.0178E+12 -3.8489E-02

0ITERATION NO.:  232    OBJECTIVE VALUE:   601.404398707864        NO. OF FUNC. EVALS.:  20
 CUMULATIVE NO. OF FUNC. EVALS.:     2906
 NPARAMETR:  5.6257E-06  8.1919E-04  1.6711E-02
 PARAMETER:  4.4105E-01  8.1685E-01 -7.9454E-01
 GRADIENT:   1.7834E-02 -1.8642E+00 -3.8522E-02

 #TERM:
0MINIMIZATION SUCCESSFUL
 HOWEVER, PROBLEMS OCCURRED WITH THE MINIMIZATION.
 REGARD THE RESULTS OF THE ESTIMATION STEP CAREFULLY, AND ACCEPT THEM ONLY
 AFTER CHECKING THAT THE COVARIANCE STEP PRODUCES REASONABLE OUTPUT.
 NO. OF FUNCTION EVALUATIONS USED:     2906
 NO. OF SIG. DIGITS IN FINAL EST.:  3.0

 ETABAR IS THE ARITHMETIC MEAN OF THE ETA-ESTIMATES,
 AND THE P-VALUE IS GIVEN FOR THE NULL HYPOTHESIS THAT THE TRUE MEAN IS 0.

 ETABAR:         0.0000E+00  6.0362E-04
 SE:             0.0000E+00  2.0705E-02
 N:                      39          39

 P VAL.:         1.0000E+00  9.7674E-01

 ETASHRINKSD(%)  0.0000E+00  1.0000E-10
 ETASHRINKVR(%)  0.0000E+00  1.0000E-10
 EBVSHRINKSD(%)  0.0000E+00  5.1132E-10
 EBVSHRINKVR(%)  0.0000E+00  1.0226E-09
 RELATIVEINF(%)  0.0000E+00  1.0000E+02
 EPSSHRINKSD(%)  9.9998E+01
 EPSSHRINKVR(%)  1.0000E+02

  
 TOTAL DATA POINTS NORMALLY DISTRIBUTED (N):           39
 N*LOG(2PI) CONSTANT TO OBJECTIVE FUNCTION:    71.677205589964473     
 OBJECTIVE FUNCTION VALUE WITHOUT CONSTANT:    601.40439870786372     
 OBJECTIVE FUNCTION VALUE WITH CONSTANT:       673.08160429782822     
 REPORTED OBJECTIVE FUNCTION DOES NOT CONTAIN CONSTANT
  
 TOTAL EFFECTIVE ETAS (NIND*NETA):                            39
  
 #TERE:
 Elapsed estimation  time in seconds:     1.36
 Elapsed covariance  time in seconds:     0.02
 Elapsed postprocess time in seconds:     0.00
1
 
 
 
 
 
 
 
 
 
 
 
 
 
 
 
 
 
 
 
 
 ************************************************************************************************************************
 ********************                                                                                ********************
 ********************               FIRST ORDER CONDITIONAL ESTIMATION WITH INTERACTION              ********************
 #OBJT:**************                       MINIMUM VALUE OF OBJECTIVE FUNCTION                      ********************
 ********************                                                                                ********************
 ************************************************************************************************************************
 





 #OBJV:********************************************      601.404       **************************************************
1
 ************************************************************************************************************************
 ********************                                                                                ********************
 ********************               FIRST ORDER CONDITIONAL ESTIMATION WITH INTERACTION              ********************
 ********************                             FINAL PARAMETER ESTIMATE                           ********************
 ********************                                                                                ********************
 ************************************************************************************************************************
 


 THETA - VECTOR OF FIXED EFFECTS PARAMETERS   *********


         TH 1      TH 2      TH 3      TH 4     
 
         5.63E-06  8.19E-04  1.00E-06  1.00E-06
 


 OMEGA - COV MATRIX FOR RANDOM EFFECTS - ETAS  ********


         ETA1      ETA2     
 
 ETA1
+        0.00E+00
 
 ETA2
+        0.00E+00  1.67E-02
 


 SIGMA - COV MATRIX FOR RANDOM EFFECTS - EPSILONS  ****


         EPS1     
 
 EPS1
+        1.00E+00
 
1


 OMEGA - CORR MATRIX FOR RANDOM EFFECTS - ETAS  *******


         ETA1      ETA2     
 
 ETA1
+        0.00E+00
 
 ETA2
+        0.00E+00  1.29E-01
 


 SIGMA - CORR MATRIX FOR RANDOM EFFECTS - EPSILONS  ***


         EPS1     
 
 EPS1
+        1.00E+00
 
1
 ************************************************************************************************************************
 ********************                                                                                ********************
 ********************               FIRST ORDER CONDITIONAL ESTIMATION WITH INTERACTION              ********************
 ********************                            STANDARD ERROR OF ESTIMATE                          ********************
 ********************                                                                                ********************
 ************************************************************************************************************************
 


 THETA - VECTOR OF FIXED EFFECTS PARAMETERS   *********


         TH 1      TH 2      TH 3      TH 4     
 
         4.29E-07  7.68E-05 ......... .........
 


 OMEGA - COV MATRIX FOR RANDOM EFFECTS - ETAS  ********


         ETA1      ETA2     
 
 ETA1
+       .........
 
 ETA2
+       .........  4.70E-03
 


 SIGMA - COV MATRIX FOR RANDOM EFFECTS - EPSILONS  ****


         EPS1     
 
 EPS1
+       .........
 
1


 OMEGA - CORR MATRIX FOR RANDOM EFFECTS - ETAS  *******


         ETA1      ETA2     
 
 ETA1
+       .........
 
 ETA2
+       .........  1.82E-02
 


 SIGMA - CORR MATRIX FOR RANDOM EFFECTS - EPSILONS  ***


         EPS1     
 
 EPS1
+       .........
 
1
 ************************************************************************************************************************
 ********************                                                                                ********************
 ********************               FIRST ORDER CONDITIONAL ESTIMATION WITH INTERACTION              ********************
 ********************                          COVARIANCE MATRIX OF ESTIMATE                         ********************
 ********************                                                                                ********************
 ************************************************************************************************************************
 

            TH 1      TH 2      TH 3      TH 4      OM11      OM12      OM22      SG11  
 
 TH 1
+        1.84E-13
 
 TH 2
+        3.22E-11  5.90E-09
 
 TH 3
+       ......... ......... .........
 
 TH 4
+       ......... ......... ......... .........
 
 OM11
+       ......... ......... ......... ......... .........
 
 OM12
+       ......... ......... ......... ......... ......... .........
 
 OM22
+        9.62E-10  1.54E-07 ......... ......... ......... .........  2.21E-05
 
 SG11
+       ......... ......... ......... ......... ......... ......... ......... .........
 
1
 ************************************************************************************************************************
 ********************                                                                                ********************
 ********************               FIRST ORDER CONDITIONAL ESTIMATION WITH INTERACTION              ********************
 ********************                          CORRELATION MATRIX OF ESTIMATE                        ********************
 ********************                                                                                ********************
 ************************************************************************************************************************
 

            TH 1      TH 2      TH 3      TH 4      OM11      OM12      OM22      SG11  
 
 TH 1
+        4.29E-07
 
 TH 2
+        9.79E-01  7.68E-05
 
 TH 3
+       ......... ......... .........
 
 TH 4
+       ......... ......... ......... .........
 
 OM11
+       ......... ......... ......... ......... .........
 
 OM12
+       ......... ......... ......... ......... ......... .........
 
 OM22
+        4.77E-01  4.26E-01 ......... ......... ......... .........  4.70E-03
 
 SG11
+       ......... ......... ......... ......... ......... ......... ......... .........
 
1
 ************************************************************************************************************************
 ********************                                                                                ********************
 ********************               FIRST ORDER CONDITIONAL ESTIMATION WITH INTERACTION              ********************
 ********************                      INVERSE COVARIANCE MATRIX OF ESTIMATE                     ********************
 ********************                                                                                ********************
 ************************************************************************************************************************
 

            TH 1      TH 2      TH 3      TH 4      OM11      OM12      OM22      SG11  
 
 TH 1
+        1.47E+14
 
 TH 2
+       -7.78E+11  4.33E+09
 
 TH 3
+       ......... ......... .........
 
 TH 4
+       ......... ......... ......... .........
 
 OM11
+       ......... ......... ......... ......... .........
 
 OM12
+       ......... ......... ......... ......... ......... .........
 
 OM22
+       -9.78E+08  3.73E+06 ......... ......... ......... .........  6.17E+04
 
 SG11
+       ......... ......... ......... ......... ......... ......... ......... .........
 
1
 
 
 
 
 
 
 
 
 
 
 
 
 
 
 
 
 
 
 
 
 ************************************************************************************************************************
 ********************                                                                                ********************
 ********************               FIRST ORDER CONDITIONAL ESTIMATION WITH INTERACTION              ********************
 ********************                      EIGENVALUES OF COR MATRIX OF ESTIMATE                     ********************
 ********************                                                                                ********************
 ************************************************************************************************************************
 

             1         2         3
 
         1.92E-02  6.86E-01  2.29E+00
 
 Elapsed finaloutput time in seconds:     0.03
 #CPUT: Total CPU Time in Seconds,        1.469
Stop Time: 
2024-09-19 
오후 05:17
