2024-09-19 
오후 05:27
;; 1. Based on: 1
$PROBLEM SB vitreous 2comp

$INPUT ID	TIME	DV	MDV	CMT	AMT	GROUP=SKIP	LEFT	SITE	DAY	WEEK	ID2=SKIP	IDD=SKIP


$DATA SB.csv IGNORE=@

$SUBROUTINES ADVAN3 TRANS4


$PK
 CL   = THETA(1)*EXP(ETA(1))
 V1   = THETA(2)*EXP(ETA(2))
 Q    = THETA(3)*EXP(ETA(3))
 V2   = THETA(4)*EXP(ETA(4))
 
 S1   = V1/1000   ; dose: mg   V: ng/mL  
 
$ERROR

  IPRED   = F
  W       = SQRT(THETA(5)**2 + THETA(6)**2 * IPRED**2)
  IRES    = DV - IPRED
  IWRES   = IRES / W
  Y       = IPRED + W * EPS(1)

  
$THETA
 (0,0.000004)      ; CL
 (0,0.0004)         ; V1
 (0,0.000002)      ; Q
 (0,0.0001)       ; V2
 0.000001  FIX  ; Additive Residual Variability
 (0,0.1)        ; Proportional Residual Variability
$OMEGA 
0 FIX
0 FIX
0 FIX
0 FIX
$SIGMA 1 FIX 

$COVARIANCE PRINT = E

$ESTIMATION NOABORT MAXEVALS=9999 METHOD=1 INTER PRINT = 10


$TABLE ID TIME DV MDV CMT AMT LEFT SITE DAY WEEK IWRES IRES IPRED CWRES                                          NOPRINT ONEHEADER          FILE=sdtab20
$TABLE ID CL V1 V2 Q ETA1 ETA2 ETA3 ETA4                                                                                         NOPRINT ONEHEADER NOAPPEND FILE=patab20
  
NM-TRAN MESSAGES 
  
 WARNINGS AND ERRORS (IF ANY) FOR PROBLEM    1
             
 (WARNING  2) NM-TRAN INFERS THAT THE DATA ARE POPULATION.
  
Note: Analytical 2nd Derivatives are constructed in FSUBS but are never used.
      You may insert $ABBR DERIV2=NO after the first $PROB to save FSUBS construction and compilation time
  
  
License Registered to: AIMS BioScience Co
Expiration Date:    14 MAY 2025
Current Date:       19 SEP 2024
Days until program expires : 240
1NONLINEAR MIXED EFFECTS MODEL PROGRAM (NONMEM) VERSION 7.5.1
 ORIGINALLY DEVELOPED BY STUART BEAL, LEWIS SHEINER, AND ALISON BOECKMANN
 CURRENT DEVELOPERS ARE ROBERT BAUER, ICON DEVELOPMENT SOLUTIONS,
 AND ALISON BOECKMANN. IMPLEMENTATION, EFFICIENCY, AND STANDARDIZATION
 PERFORMED BY NOUS INFOSYSTEMS.

 PROBLEM NO.:         1
 SB vitreous 2comp
0DATA CHECKOUT RUN:              NO
 DATA SET LOCATED ON UNIT NO.:    2
 THIS UNIT TO BE REWOUND:        NO
 NO. OF DATA RECS IN DATA SET:       80
 NO. OF DATA ITEMS IN DATA SET:  11
 ID DATA ITEM IS DATA ITEM NO.:   1
 DEP VARIABLE IS DATA ITEM NO.:   3
 MDV DATA ITEM IS DATA ITEM NO.:  4
0INDICES PASSED TO SUBROUTINE PRED:
  11   2   6   0   0   0   5   0   0   0   0
0LABELS FOR DATA ITEMS:
 ID TIME DV MDV CMT AMT LEFT SITE DAY WEEK EVID
0(NONBLANK) LABELS FOR PRED-DEFINED ITEMS:
 CL V1 Q V2 IPRED IRES IWRES
0FORMAT FOR DATA:
 (E4.0,E5.0,E12.0,2E2.0,E4.0,2E2.0,E3.0,E2.0,1F2.0)

 TOT. NO. OF OBS RECS:       39
 TOT. NO. OF INDIVIDUALS:       40
0LENGTH OF THETA:   6
0DEFAULT THETA BOUNDARY TEST OMITTED:    NO
0OMEGA HAS SIMPLE DIAGONAL FORM WITH DIMENSION:   4
0DEFAULT OMEGA BOUNDARY TEST OMITTED:    NO
0SIGMA HAS SIMPLE DIAGONAL FORM WITH DIMENSION:   1
0DEFAULT SIGMA BOUNDARY TEST OMITTED:    NO
0INITIAL ESTIMATE OF THETA:
 LOWER BOUND    INITIAL EST    UPPER BOUND
  0.0000E+00     0.4000E-05     0.1000E+07
  0.0000E+00     0.4000E-03     0.1000E+07
  0.0000E+00     0.2000E-05     0.1000E+07
  0.0000E+00     0.1000E-03     0.1000E+07
  0.1000E-05     0.1000E-05     0.1000E-05
  0.0000E+00     0.1000E+00     0.1000E+07
0INITIAL ESTIMATE OF OMEGA:
 0.0000E+00
 0.0000E+00   0.0000E+00
 0.0000E+00   0.0000E+00   0.0000E+00
 0.0000E+00   0.0000E+00   0.0000E+00   0.0000E+00
0OMEGA CONSTRAINED TO BE THIS INITIAL ESTIMATE
0INITIAL ESTIMATE OF SIGMA:
 0.1000E+01
0SIGMA CONSTRAINED TO BE THIS INITIAL ESTIMATE
0COVARIANCE STEP OMITTED:        NO
 EIGENVLS. PRINTED:             YES
 SPECIAL COMPUTATION:            NO
 COMPRESSED FORMAT:              NO
 GRADIENT METHOD USED:     NOSLOW
 SIGDIGITS ETAHAT (SIGLO):                  -1
 SIGDIGITS GRADIENTS (SIGL):                -1
 EXCLUDE COV FOR FOCE (NOFCOV):              NO
 Cholesky Transposition of R Matrix (CHOLROFF):0
 KNUTHSUMOFF:                                -1
 RESUME COV ANALYSIS (RESUME):               NO
 SIR SAMPLE SIZE (SIRSAMPLE):
 NON-LINEARLY TRANSFORM THETAS DURING COV (THBND): 1
 PRECONDTIONING CYCLES (PRECOND):        0
 PRECONDTIONING TYPES (PRECONDS):        TOS
 FORCED PRECONDTIONING CYCLES (PFCOND):0
 PRECONDTIONING TYPE (PRETYPE):        0
 FORCED POS. DEFINITE SETTING DURING PRECONDITIONING: (FPOSDEF):0
 SIMPLE POS. DEFINITE SETTING: (POSDEF):-1
0TABLES STEP OMITTED:    NO
 NO. OF TABLES:           2
 SEED NUMBER (SEED):    11456
 NPDTYPE:    0
 INTERPTYPE:    0
 RANMETHOD:             3U
 MC SAMPLES (ESAMPLE):    300
 WRES SQUARE ROOT TYPE (WRESCHOL): EIGENVALUE
0-- TABLE   1 --
0RECORDS ONLY:    ALL
04 COLUMNS APPENDED:    YES
 PRINTED:                NO
 HEADER:                YES
 FILE TO BE FORWARDED:   NO
 FORMAT:                S1PE11.4
 IDFORMAT:
 LFORMAT:
 RFORMAT:
 FIXED_EFFECT_ETAS:
0USER-CHOSEN ITEMS:
 ID TIME DV MDV CMT AMT LEFT SITE DAY WEEK IWRES IRES IPRED CWRES
0-- TABLE   2 --
0RECORDS ONLY:    ALL
04 COLUMNS APPENDED:    NO
 PRINTED:                NO
 HEADER:                YES
 FILE TO BE FORWARDED:   NO
 FORMAT:                S1PE11.4
 IDFORMAT:
 LFORMAT:
 RFORMAT:
 FIXED_EFFECT_ETAS:
0USER-CHOSEN ITEMS:
 ID CL V1 V2 Q ETA1 ETA2 ETA3 ETA4
1DOUBLE PRECISION PREDPP VERSION 7.5.1

 TWO COMPARTMENT MODEL (ADVAN3)
0MAXIMUM NO. OF BASIC PK PARAMETERS:   4
0BASIC PK PARAMETERS (AFTER TRANSLATION):
   BASIC PK PARAMETER NO.  1: ELIMINATION RATE (K)
   BASIC PK PARAMETER NO.  2: CENTRAL-TO-PERIPH. RATE (K12)
   BASIC PK PARAMETER NO.  3: PERIPH.-TO-CENTRAL RATE (K21)
 TRANSLATOR WILL CONVERT PARAMETERS
 CL, V1, Q, V2 TO K, K12, K21 (TRANS4)
0COMPARTMENT ATTRIBUTES
 COMPT. NO.   FUNCTION   INITIAL    ON/OFF      DOSE      DEFAULT    DEFAULT
                         STATUS     ALLOWED    ALLOWED    FOR DOSE   FOR OBS.
    1         CENTRAL      ON         NO         YES        YES        YES
    2         PERIPH.      ON         NO         YES        NO         NO
    3         OUTPUT       OFF        YES        NO         NO         NO
1
 ADDITIONAL PK PARAMETERS - ASSIGNMENT OF ROWS IN GG
 COMPT. NO.                             INDICES
              SCALE      BIOAVAIL.   ZERO-ORDER  ZERO-ORDER  ABSORB
                         FRACTION    RATE        DURATION    LAG
    1            5           *           *           *           *
    2            *           *           *           *           *
    3            *           -           -           -           -
             - PARAMETER IS NOT ALLOWED FOR THIS MODEL
             * PARAMETER IS NOT SUPPLIED BY PK SUBROUTINE;
               WILL DEFAULT TO ONE IF APPLICABLE
0DATA ITEM INDICES USED BY PRED ARE:
   EVENT ID DATA ITEM IS DATA ITEM NO.:     11
   TIME DATA ITEM IS DATA ITEM NO.:          2
   DOSE AMOUNT DATA ITEM IS DATA ITEM NO.:   6
   COMPT. NO. DATA ITEM IS DATA ITEM NO.:    5

0PK SUBROUTINE CALLED WITH EVERY EVENT RECORD.
 PK SUBROUTINE NOT CALLED AT NONEVENT (ADDITIONAL OR LAGGED) DOSE TIMES.
0ERROR SUBROUTINE CALLED WITH EVERY EVENT RECORD.
1


 #TBLN:      1
 #METH: First Order Conditional Estimation with Interaction

 ESTIMATION STEP OMITTED:                 NO
 ANALYSIS TYPE:                           POPULATION
 NUMBER OF SADDLE POINT RESET ITERATIONS:      0
 GRADIENT METHOD USED:               NOSLOW
 CONDITIONAL ESTIMATES USED:              YES
 CENTERED ETA:                            NO
 EPS-ETA INTERACTION:                     YES
 LAPLACIAN OBJ. FUNC.:                    NO
 NO. OF FUNCT. EVALS. ALLOWED:            9999
 NO. OF SIG. FIGURES REQUIRED:            3
 INTERMEDIATE PRINTOUT:                   YES
 ESTIMATE OUTPUT TO MSF:                  NO
 ABORT WITH PRED EXIT CODE 1:             NO
 IND. OBJ. FUNC. VALUES SORTED:           NO
 NUMERICAL DERIVATIVE
       FILE REQUEST (NUMDER):               NONE
 MAP (ETAHAT) ESTIMATION METHOD (OPTMAP):   0
 ETA HESSIAN EVALUATION METHOD (ETADER):    0
 INITIAL ETA FOR MAP ESTIMATION (MCETA):    0
 SIGDIGITS FOR MAP ESTIMATION (SIGLO):      100
 GRADIENT SIGDIGITS OF
       FIXED EFFECTS PARAMETERS (SIGL):     100
 NOPRIOR SETTING (NOPRIOR):                 0
 NOCOV SETTING (NOCOV):                     OFF
 DERCONT SETTING (DERCONT):                 OFF
 FINAL ETA RE-EVALUATION (FNLETA):          1
 EXCLUDE NON-INFLUENTIAL (NON-INFL.) ETAS
       IN SHRINKAGE (ETASTYPE):             NO
 NON-INFL. ETA CORRECTION (NONINFETA):      0
 RAW OUTPUT FILE (FILE): 2.ext
 EXCLUDE TITLE (NOTITLE):                   NO
 EXCLUDE COLUMN LABELS (NOLABEL):           NO
 FORMAT FOR ADDITIONAL FILES (FORMAT):      S1PE12.5
 PARAMETER ORDER FOR OUTPUTS (ORDER):       TSOL
 KNUTHSUMOFF:                               0
 INCLUDE LNTWOPI:                           NO
 INCLUDE CONSTANT TERM TO PRIOR (PRIORC):   NO
 INCLUDE CONSTANT TERM TO OMEGA (ETA) (OLNTWOPI):NO
 ADDITIONAL CONVERGENCE TEST (CTYPE=4)?:    NO
 EM OR BAYESIAN METHOD USED:                 NONE


 THE FOLLOWING LABELS ARE EQUIVALENT
 PRED=PREDI
 RES=RESI
 WRES=WRESI
 IWRS=IWRESI
 IPRD=IPREDI
 IRS=IRESI

 MONITORING OF SEARCH:


0ITERATION NO.:    0    OBJECTIVE VALUE:   2954.00568291931        NO. OF FUNC. EVALS.:   7
 CUMULATIVE NO. OF FUNC. EVALS.:        7
 NPARAMETR:  4.0000E-06  4.0000E-04  2.0000E-06  1.0000E-04  1.0000E-01
 PARAMETER:  1.0000E-01  1.0000E-01  1.0000E-01  1.0000E-01  1.0000E-01
 GRADIENT:   4.9176E+04 -3.1092E+04  4.8605E+03 -1.6078E+04 -4.9750E+03

0ITERATION NO.:   10    OBJECTIVE VALUE:   1290.40719818655        NO. OF FUNC. EVALS.:  93
 CUMULATIVE NO. OF FUNC. EVALS.:      100
 NPARAMETR:  1.3456E-06  1.2899E-04  1.7148E-06  3.6212E-05  1.3104E-01
 PARAMETER: -9.8945E-01 -1.0317E+00 -5.3825E-02 -9.1578E-01  3.7034E-01
 GRADIENT:   6.2630E+02 -4.5658E+02  4.4683E+01 -2.1640E+02 -1.4919E+03

0ITERATION NO.:   20    OBJECTIVE VALUE:   891.302670869016        NO. OF FUNC. EVALS.: 127
 CUMULATIVE NO. OF FUNC. EVALS.:      227
 NPARAMETR:  1.3900E-06  1.3604E-04  1.1902E-06  3.4275E-05  1.9301E-01
 PARAMETER: -9.5702E-01 -9.7850E-01 -4.1901E-01 -9.7075E-01  7.5759E-01
 GRADIENT:  -4.9703E+02  2.5479E+02 -6.0268E+00  7.7415E+01 -6.3132E+02

0ITERATION NO.:   30    OBJECTIVE VALUE:   636.761729263826        NO. OF FUNC. EVALS.: 176
 CUMULATIVE NO. OF FUNC. EVALS.:      403
 NPARAMETR:  8.4966E-06  1.2663E-03  4.0867E-06  2.0001E-04  5.2905E-01
 PARAMETER:  8.5337E-01  1.2524E+00  8.1458E-01  7.9318E-01  1.7659E+00
 GRADIENT:  -4.0604E+02  2.8096E+02 -1.5109E+01  7.1669E+01  2.6140E+00

0ITERATION NO.:   40    OBJECTIVE VALUE:   615.749071098379        NO. OF FUNC. EVALS.: 156
 CUMULATIVE NO. OF FUNC. EVALS.:      559
 NPARAMETR:  8.4269E-06  1.0438E-03  1.4661E-05  2.8727E-04  5.9008E-01
 PARAMETER:  8.4514E-01  1.0591E+00  2.0920E+00  1.1552E+00  1.8751E+00
 GRADIENT:   5.1204E+01 -1.8651E+01  1.4381E-01 -5.8447E+00 -1.8185E+00

0ITERATION NO.:   50    OBJECTIVE VALUE:   614.298246695243        NO. OF FUNC. EVALS.: 133
 CUMULATIVE NO. OF FUNC. EVALS.:      692             RESET HESSIAN, TYPE I
 NPARAMETR:  7.0366E-06  8.9087E-04  6.4374E-05  2.1271E-04  5.5014E-01
 PARAMETER:  6.6483E-01  9.0074E-01  3.5716E+00  8.5475E-01  1.8050E+00
 GRADIENT:   3.9725E+00  3.2104E+00 -1.5191E-03  2.6436E-01  1.3785E-01

0ITERATION NO.:   53    OBJECTIVE VALUE:   614.298233076928        NO. OF FUNC. EVALS.:  42
 CUMULATIVE NO. OF FUNC. EVALS.:      734
 NPARAMETR:  7.0367E-06  8.9086E-04  6.4836E-05  2.1270E-04  5.5014E-01
 PARAMETER:  6.6484E-01  9.0073E-01  3.5787E+00  8.5470E-01  1.8050E+00
 GRADIENT:   8.0947E-02 -5.4536E-02  1.8431E-04 -1.0495E-02 -4.3332E-02

 #TERM:
0MINIMIZATION SUCCESSFUL
 NO. OF FUNCTION EVALUATIONS USED:      734
 NO. OF SIG. DIGITS IN FINAL EST.:  3.3

 ETABAR IS THE ARITHMETIC MEAN OF THE ETA-ESTIMATES,
 AND THE P-VALUE IS GIVEN FOR THE NULL HYPOTHESIS THAT THE TRUE MEAN IS 0.

 ETABAR:         0.0000E+00  0.0000E+00  0.0000E+00  0.0000E+00
 SE:             0.0000E+00  0.0000E+00  0.0000E+00  0.0000E+00
 N:                      39          39          39          39

 P VAL.:         1.0000E+00  1.0000E+00  1.0000E+00  1.0000E+00

 ETASHRINKSD(%)  0.0000E+00  0.0000E+00  0.0000E+00  0.0000E+00
 ETASHRINKVR(%)  0.0000E+00  0.0000E+00  0.0000E+00  0.0000E+00
 EBVSHRINKSD(%)  0.0000E+00  0.0000E+00  0.0000E+00  0.0000E+00
 EBVSHRINKVR(%)  0.0000E+00  0.0000E+00  0.0000E+00  0.0000E+00
 RELATIVEINF(%)  0.0000E+00  0.0000E+00  0.0000E+00  0.0000E+00
 EPSSHRINKSD(%)  1.0000E-10
 EPSSHRINKVR(%)  1.0000E-10

  
 TOTAL DATA POINTS NORMALLY DISTRIBUTED (N):           39
 N*LOG(2PI) CONSTANT TO OBJECTIVE FUNCTION:    71.677205589964473     
 OBJECTIVE FUNCTION VALUE WITHOUT CONSTANT:    614.29823307692800     
 OBJECTIVE FUNCTION VALUE WITH CONSTANT:       685.97543866689250     
 REPORTED OBJECTIVE FUNCTION DOES NOT CONTAIN CONSTANT
  
 TOTAL EFFECTIVE ETAS (NIND*NETA):                             0
  
 #TERE:
 Elapsed estimation  time in seconds:     0.10
0R MATRIX ALGORITHMICALLY SINGULAR
 AND ALGORITHMICALLY NON-POSITIVE-SEMIDEFINITE
0R MATRIX IS OUTPUT
0COVARIANCE STEP ABORTED
 Elapsed covariance  time in seconds:     0.01
 Elapsed postprocess time in seconds:     0.00
1
 
 
 
 
 
 
 
 
 
 
 
 
 
 
 
 
 
 
 
 
 ************************************************************************************************************************
 ********************                                                                                ********************
 ********************               FIRST ORDER CONDITIONAL ESTIMATION WITH INTERACTION              ********************
 #OBJT:**************                       MINIMUM VALUE OF OBJECTIVE FUNCTION                      ********************
 ********************                                                                                ********************
 ************************************************************************************************************************
 





 #OBJV:********************************************      614.298       **************************************************
1
 ************************************************************************************************************************
 ********************                                                                                ********************
 ********************               FIRST ORDER CONDITIONAL ESTIMATION WITH INTERACTION              ********************
 ********************                             FINAL PARAMETER ESTIMATE                           ********************
 ********************                                                                                ********************
 ************************************************************************************************************************
 


 THETA - VECTOR OF FIXED EFFECTS PARAMETERS   *********


         TH 1      TH 2      TH 3      TH 4      TH 5      TH 6     
 
         7.04E-06  8.91E-04  6.48E-05  2.13E-04  1.00E-06  5.50E-01
 


 OMEGA - COV MATRIX FOR RANDOM EFFECTS - ETAS  ********


         ETA1      ETA2      ETA3      ETA4     
 
 ETA1
+        0.00E+00
 
 ETA2
+        0.00E+00  0.00E+00
 
 ETA3
+        0.00E+00  0.00E+00  0.00E+00
 
 ETA4
+        0.00E+00  0.00E+00  0.00E+00  0.00E+00
 


 SIGMA - COV MATRIX FOR RANDOM EFFECTS - EPSILONS  ****


         EPS1     
 
 EPS1
+        1.00E+00
 
1


 OMEGA - CORR MATRIX FOR RANDOM EFFECTS - ETAS  *******


         ETA1      ETA2      ETA3      ETA4     
 
 ETA1
+        0.00E+00
 
 ETA2
+        0.00E+00  0.00E+00
 
 ETA3
+        0.00E+00  0.00E+00  0.00E+00
 
 ETA4
+        0.00E+00  0.00E+00  0.00E+00  0.00E+00
 


 SIGMA - CORR MATRIX FOR RANDOM EFFECTS - EPSILONS  ***


         EPS1     
 
 EPS1
+        1.00E+00
 
1
 ************************************************************************************************************************
 ********************                                                                                ********************
 ********************               FIRST ORDER CONDITIONAL ESTIMATION WITH INTERACTION              ********************
 ********************                                     R MATRIX                                   ********************
 ********************                                                                                ********************
 ************************************************************************************************************************
 

            TH 1      TH 2      TH 3      TH 4      TH 5      TH 6      OM11      OM12      OM13      OM14      OM22      OM23  
             OM24      OM33      OM34      OM44      SG11  
 
 TH 1
+        1.39E+14
 
 TH 2
+       -7.37E+11  3.94E+09
 
 TH 3
+        4.19E+10 -2.26E+08  1.30E+07
 
 TH 4
+       -7.63E+11  4.08E+09 -2.33E+08  4.22E+09
 
 TH 5
+       ......... ......... ......... ......... .........
 
 TH 6
+       -1.12E+08  5.85E+05 -3.22E+04  6.04E+05 .........  2.58E+02
 
 OM11
+       ......... ......... ......... ......... ......... ......... .........
 
 OM12
+       ......... ......... ......... ......... ......... ......... ......... .........
 
 OM13
+       ......... ......... ......... ......... ......... ......... ......... ......... .........
 
 OM14
+       ......... ......... ......... ......... ......... ......... ......... ......... ......... .........
 
 OM22
+       ......... ......... ......... ......... ......... ......... ......... ......... ......... ......... .........
 
 OM23
+       ......... ......... ......... ......... ......... ......... ......... ......... ......... ......... ......... .........
 
 OM24
+       ......... ......... ......... ......... ......... ......... ......... ......... ......... ......... ......... .........
         .........
 
 OM33
+       ......... ......... ......... ......... ......... ......... ......... ......... ......... ......... ......... .........
         ......... .........
 
 OM34
+       ......... ......... ......... ......... ......... ......... ......... ......... ......... ......... ......... .........
         ......... ......... .........
 
 OM44
+       ......... ......... ......... ......... ......... ......... ......... ......... ......... ......... ......... .........
         ......... ......... ......... .........
 
 SG11
+       ......... ......... ......... ......... ......... ......... ......... ......... ......... ......... ......... .........
         ......... ......... ......... ......... .........
 
 Elapsed finaloutput time in seconds:     0.03
 #CPUT: Total CPU Time in Seconds,        0.203
Stop Time: 
2024-09-19 
오후 05:27
