2024-09-19 
오후 05:14
;; 1. Based on: 1
$PROBLEM SB vitreous 2comp

$INPUT ID	TIME	DV	MDV	CMT	AMT	GROUP=SKIP	LEFT	SITE	DAY	WEEK	ID2=SKIP	IDD=SKIP


$DATA SB.csv IGNORE=@

$SUBROUTINES ADVAN3 TRANS4


$PK
 CL   = THETA(1)*EXP(ETA(1))
 V1   = THETA(2)*EXP(ETA(2))
 Q    = THETA(3)*EXP(ETA(3))
 V2   = THETA(4)*EXP(ETA(4))
 
 S1   = V1/1000   ; dose: mg   V: ng/mL  
 
$ERROR

  IPRED   = F
  W       = SQRT(THETA(5)**2 + THETA(6)**2 * IPRED**2)
  IRES    = DV - IPRED
  IWRES   = IRES / W
  Y       = IPRED + W * EPS(1)

  
$THETA
 (0,0.000004)      ; CL
 (0,0.0004)         ; V1
 (0,0.000002)      ; Q
 (0,0.0001)       ; V2
 0.000001  FIX  ; Additive Residual Variability
 (0,0.1)        ; Proportional Residual Variability
$OMEGA 
0.1
0 FIX
0 FIX
0 FIX
$SIGMA 1 FIX 1 FIX

$COVARIANCE PRINT = E

$ESTIMATION NOABORT MAXEVALS=9999 METHOD=1 INTER PRINT = 10


$TABLE ID TIME DV MDV CMT AMT LEFT SITE DAY WEEK IWRES IRES IPRED CWRES                                          NOPRINT ONEHEADER          FILE=sdtab21
$TABLE ID CL V1 V2 Q ETA1 ETA2 ETA3 ETA4                                                                                         NOPRINT ONEHEADER NOAPPEND FILE=patab21
  
NM-TRAN MESSAGES 
  
 WARNINGS AND ERRORS (IF ANY) FOR PROBLEM    1
             
 (WARNING  2) NM-TRAN INFERS THAT THE DATA ARE POPULATION.
  
Note: Analytical 2nd Derivatives are constructed in FSUBS but are never used.
      You may insert $ABBR DERIV2=NO after the first $PROB to save FSUBS construction and compilation time
  
  
License Registered to: AIMS BioScience Co
Expiration Date:    14 MAY 2025
Current Date:       19 SEP 2024
Days until program expires : 240
1NONLINEAR MIXED EFFECTS MODEL PROGRAM (NONMEM) VERSION 7.5.1
 ORIGINALLY DEVELOPED BY STUART BEAL, LEWIS SHEINER, AND ALISON BOECKMANN
 CURRENT DEVELOPERS ARE ROBERT BAUER, ICON DEVELOPMENT SOLUTIONS,
 AND ALISON BOECKMANN. IMPLEMENTATION, EFFICIENCY, AND STANDARDIZATION
 PERFORMED BY NOUS INFOSYSTEMS.

 PROBLEM NO.:         1
 SB vitreous 2comp
0DATA CHECKOUT RUN:              NO
 DATA SET LOCATED ON UNIT NO.:    2
 THIS UNIT TO BE REWOUND:        NO
 NO. OF DATA RECS IN DATA SET:       80
 NO. OF DATA ITEMS IN DATA SET:  11
 ID DATA ITEM IS DATA ITEM NO.:   1
 DEP VARIABLE IS DATA ITEM NO.:   3
 MDV DATA ITEM IS DATA ITEM NO.:  4
0INDICES PASSED TO SUBROUTINE PRED:
  11   2   6   0   0   0   5   0   0   0   0
0LABELS FOR DATA ITEMS:
 ID TIME DV MDV CMT AMT LEFT SITE DAY WEEK EVID
0(NONBLANK) LABELS FOR PRED-DEFINED ITEMS:
 CL V1 Q V2 IPRED IRES IWRES
0FORMAT FOR DATA:
 (E4.0,E5.0,E12.0,2E2.0,E4.0,2E2.0,E3.0,E2.0,1F2.0)

 TOT. NO. OF OBS RECS:       39
 TOT. NO. OF INDIVIDUALS:       40
0LENGTH OF THETA:   6
0DEFAULT THETA BOUNDARY TEST OMITTED:    NO
0OMEGA HAS BLOCK FORM:
  1
  0  2
  0  0  3
  0  0  0  4
0DEFAULT OMEGA BOUNDARY TEST OMITTED:    NO
0SIGMA HAS SIMPLE DIAGONAL FORM WITH DIMENSION:   2
0DEFAULT SIGMA BOUNDARY TEST OMITTED:    NO
0INITIAL ESTIMATE OF THETA:
 LOWER BOUND    INITIAL EST    UPPER BOUND
  0.0000E+00     0.4000E-05     0.1000E+07
  0.0000E+00     0.4000E-03     0.1000E+07
  0.0000E+00     0.2000E-05     0.1000E+07
  0.0000E+00     0.1000E-03     0.1000E+07
  0.1000E-05     0.1000E-05     0.1000E-05
  0.0000E+00     0.1000E+00     0.1000E+07
0INITIAL ESTIMATE OF OMEGA:
 BLOCK SET NO.   BLOCK                                                                    FIXED
        1                                                                                   NO
                  0.1000E+00
        2                                                                                  YES
                  0.0000E+00
        3                                                                                  YES
                  0.0000E+00
        4                                                                                  YES
                  0.0000E+00
0INITIAL ESTIMATE OF SIGMA:
 0.1000E+01
 0.0000E+00   0.1000E+01
0SIGMA CONSTRAINED TO BE THIS INITIAL ESTIMATE
0COVARIANCE STEP OMITTED:        NO
 EIGENVLS. PRINTED:             YES
 SPECIAL COMPUTATION:            NO
 COMPRESSED FORMAT:              NO
 GRADIENT METHOD USED:     NOSLOW
 SIGDIGITS ETAHAT (SIGLO):                  -1
 SIGDIGITS GRADIENTS (SIGL):                -1
 EXCLUDE COV FOR FOCE (NOFCOV):              NO
 Cholesky Transposition of R Matrix (CHOLROFF):0
 KNUTHSUMOFF:                                -1
 RESUME COV ANALYSIS (RESUME):               NO
 SIR SAMPLE SIZE (SIRSAMPLE):
 NON-LINEARLY TRANSFORM THETAS DURING COV (THBND): 1
 PRECONDTIONING CYCLES (PRECOND):        0
 PRECONDTIONING TYPES (PRECONDS):        TOS
 FORCED PRECONDTIONING CYCLES (PFCOND):0
 PRECONDTIONING TYPE (PRETYPE):        0
 FORCED POS. DEFINITE SETTING DURING PRECONDITIONING: (FPOSDEF):0
 SIMPLE POS. DEFINITE SETTING: (POSDEF):-1
0TABLES STEP OMITTED:    NO
 NO. OF TABLES:           2
 SEED NUMBER (SEED):    11456
 NPDTYPE:    0
 INTERPTYPE:    0
 RANMETHOD:             3U
 MC SAMPLES (ESAMPLE):    300
 WRES SQUARE ROOT TYPE (WRESCHOL): EIGENVALUE
0-- TABLE   1 --
0RECORDS ONLY:    ALL
04 COLUMNS APPENDED:    YES
 PRINTED:                NO
 HEADER:                YES
 FILE TO BE FORWARDED:   NO
 FORMAT:                S1PE11.4
 IDFORMAT:
 LFORMAT:
 RFORMAT:
 FIXED_EFFECT_ETAS:
0USER-CHOSEN ITEMS:
 ID TIME DV MDV CMT AMT LEFT SITE DAY WEEK IWRES IRES IPRED CWRES
0-- TABLE   2 --
0RECORDS ONLY:    ALL
04 COLUMNS APPENDED:    NO
 PRINTED:                NO
 HEADER:                YES
 FILE TO BE FORWARDED:   NO
 FORMAT:                S1PE11.4
 IDFORMAT:
 LFORMAT:
 RFORMAT:
 FIXED_EFFECT_ETAS:
0USER-CHOSEN ITEMS:
 ID CL V1 V2 Q ETA1 ETA2 ETA3 ETA4
1DOUBLE PRECISION PREDPP VERSION 7.5.1

 TWO COMPARTMENT MODEL (ADVAN3)
0MAXIMUM NO. OF BASIC PK PARAMETERS:   4
0BASIC PK PARAMETERS (AFTER TRANSLATION):
   BASIC PK PARAMETER NO.  1: ELIMINATION RATE (K)
   BASIC PK PARAMETER NO.  2: CENTRAL-TO-PERIPH. RATE (K12)
   BASIC PK PARAMETER NO.  3: PERIPH.-TO-CENTRAL RATE (K21)
 TRANSLATOR WILL CONVERT PARAMETERS
 CL, V1, Q, V2 TO K, K12, K21 (TRANS4)
0COMPARTMENT ATTRIBUTES
 COMPT. NO.   FUNCTION   INITIAL    ON/OFF      DOSE      DEFAULT    DEFAULT
                         STATUS     ALLOWED    ALLOWED    FOR DOSE   FOR OBS.
    1         CENTRAL      ON         NO         YES        YES        YES
    2         PERIPH.      ON         NO         YES        NO         NO
    3         OUTPUT       OFF        YES        NO         NO         NO
1
 ADDITIONAL PK PARAMETERS - ASSIGNMENT OF ROWS IN GG
 COMPT. NO.                             INDICES
              SCALE      BIOAVAIL.   ZERO-ORDER  ZERO-ORDER  ABSORB
                         FRACTION    RATE        DURATION    LAG
    1            5           *           *           *           *
    2            *           *           *           *           *
    3            *           -           -           -           -
             - PARAMETER IS NOT ALLOWED FOR THIS MODEL
             * PARAMETER IS NOT SUPPLIED BY PK SUBROUTINE;
               WILL DEFAULT TO ONE IF APPLICABLE
0DATA ITEM INDICES USED BY PRED ARE:
   EVENT ID DATA ITEM IS DATA ITEM NO.:     11
   TIME DATA ITEM IS DATA ITEM NO.:          2
   DOSE AMOUNT DATA ITEM IS DATA ITEM NO.:   6
   COMPT. NO. DATA ITEM IS DATA ITEM NO.:    5

0PK SUBROUTINE CALLED WITH EVERY EVENT RECORD.
 PK SUBROUTINE NOT CALLED AT NONEVENT (ADDITIONAL OR LAGGED) DOSE TIMES.
0ERROR SUBROUTINE CALLED WITH EVERY EVENT RECORD.
1


 #TBLN:      1
 #METH: First Order Conditional Estimation with Interaction

 ESTIMATION STEP OMITTED:                 NO
 ANALYSIS TYPE:                           POPULATION
 NUMBER OF SADDLE POINT RESET ITERATIONS:      0
 GRADIENT METHOD USED:               NOSLOW
 CONDITIONAL ESTIMATES USED:              YES
 CENTERED ETA:                            NO
 EPS-ETA INTERACTION:                     YES
 LAPLACIAN OBJ. FUNC.:                    NO
 NO. OF FUNCT. EVALS. ALLOWED:            9999
 NO. OF SIG. FIGURES REQUIRED:            3
 INTERMEDIATE PRINTOUT:                   YES
 ESTIMATE OUTPUT TO MSF:                  NO
 ABORT WITH PRED EXIT CODE 1:             NO
 IND. OBJ. FUNC. VALUES SORTED:           NO
 NUMERICAL DERIVATIVE
       FILE REQUEST (NUMDER):               NONE
 MAP (ETAHAT) ESTIMATION METHOD (OPTMAP):   0
 ETA HESSIAN EVALUATION METHOD (ETADER):    0
 INITIAL ETA FOR MAP ESTIMATION (MCETA):    0
 SIGDIGITS FOR MAP ESTIMATION (SIGLO):      100
 GRADIENT SIGDIGITS OF
       FIXED EFFECTS PARAMETERS (SIGL):     100
 NOPRIOR SETTING (NOPRIOR):                 0
 NOCOV SETTING (NOCOV):                     OFF
 DERCONT SETTING (DERCONT):                 OFF
 FINAL ETA RE-EVALUATION (FNLETA):          1
 EXCLUDE NON-INFLUENTIAL (NON-INFL.) ETAS
       IN SHRINKAGE (ETASTYPE):             NO
 NON-INFL. ETA CORRECTION (NONINFETA):      0
 RAW OUTPUT FILE (FILE): 2_1.ext
 EXCLUDE TITLE (NOTITLE):                   NO
 EXCLUDE COLUMN LABELS (NOLABEL):           NO
 FORMAT FOR ADDITIONAL FILES (FORMAT):      S1PE12.5
 PARAMETER ORDER FOR OUTPUTS (ORDER):       TSOL
 KNUTHSUMOFF:                               0
 INCLUDE LNTWOPI:                           NO
 INCLUDE CONSTANT TERM TO PRIOR (PRIORC):   NO
 INCLUDE CONSTANT TERM TO OMEGA (ETA) (OLNTWOPI):NO
 ADDITIONAL CONVERGENCE TEST (CTYPE=4)?:    NO
 EM OR BAYESIAN METHOD USED:                 NONE


 THE FOLLOWING LABELS ARE EQUIVALENT
 PRED=PREDI
 RES=RESI
 WRES=WRESI
 IWRS=IWRESI
 IPRD=IPREDI
 IRS=IRESI

 MONITORING OF SEARCH:


0ITERATION NO.:    0    OBJECTIVE VALUE:   655.826755561387        NO. OF FUNC. EVALS.:   7
 CUMULATIVE NO. OF FUNC. EVALS.:        7
 NPARAMETR:  4.0000E-06  4.0000E-04  2.0000E-06  1.0000E-04  1.0000E-01  1.0000E-01
 PARAMETER:  1.0000E-01  1.0000E-01  1.0000E-01  1.0000E-01  1.0000E-01  1.0000E-01
 GRADIENT:   1.1098E+01  3.6040E+00  1.2497E+01 -1.8706E+01  1.3892E+00  6.9005E+01

0ITERATION NO.:   10    OBJECTIVE VALUE:   596.945758044957        NO. OF FUNC. EVALS.: 132
 CUMULATIVE NO. OF FUNC. EVALS.:      139
 NPARAMETR:  4.1020E-06  3.2074E-04  1.6573E-06  1.3505E-04  1.5306E-02  1.3369E-02
 PARAMETER:  1.2518E-01 -1.2083E-01 -8.7951E-02  4.0045E-01 -1.7769E+00 -9.0612E-01
 GRADIENT:  -2.3252E+00  1.0983E+00 -2.5985E+00  2.9347E+00  2.1839E-02  4.9649E-01

0ITERATION NO.:   20    OBJECTIVE VALUE:   596.898235452409        NO. OF FUNC. EVALS.: 175
 CUMULATIVE NO. OF FUNC. EVALS.:      314
 NPARAMETR:  4.2309E-06  3.3611E-04  1.8230E-06  1.4266E-04  4.8387E-03  1.3105E-02
 PARAMETER:  1.5613E-01 -7.4035E-02  7.3167E-03  4.5532E-01 -2.9285E+00 -9.1610E-01
 GRADIENT:   6.9883E+00 -5.2392E-01 -1.0865E+00 -1.4399E+01  1.6887E-03  6.7934E-01

0ITERATION NO.:   30    OBJECTIVE VALUE:   596.884926320731        NO. OF FUNC. EVALS.: 186
 CUMULATIVE NO. OF FUNC. EVALS.:      500             RESET HESSIAN, TYPE I
 NPARAMETR:  4.2188E-06  3.3644E-04  1.8424E-06  1.4222E-04  1.0000E-03  1.2839E-02
 PARAMETER:  1.5325E-01 -7.3038E-02  1.7916E-02  4.5219E-01 -5.9145E+00 -9.2636E-01
 GRADIENT:   1.5612E+05  2.2169E+04  7.6519E+03  1.7723E+05  0.0000E+00  2.8108E-02

0ITERATION NO.:   40    OBJECTIVE VALUE:   596.884612156728        NO. OF FUNC. EVALS.: 212
 CUMULATIVE NO. OF FUNC. EVALS.:      712
 NPARAMETR:  4.2185E-06  3.3658E-04  1.8424E-06  1.4224E-04  1.0000E-03  1.2836E-02
 PARAMETER:  1.5319E-01 -7.2620E-02  1.7934E-02  4.5234E-01 -5.9145E+00 -9.2645E-01
 GRADIENT:   1.4618E+02 -5.2075E+00  1.1108E+00 -3.5870E+02  0.0000E+00  5.7749E-03

0ITERATION NO.:   50    OBJECTIVE VALUE:   596.884209624828        NO. OF FUNC. EVALS.: 216
 CUMULATIVE NO. OF FUNC. EVALS.:      928
 NPARAMETR:  4.2203E-06  3.3690E-04  1.8429E-06  1.4221E-04  1.0000E-03  1.2832E-02
 PARAMETER:  1.5361E-01 -7.1670E-02  1.8202E-02  4.5214E-01 -5.9145E+00 -9.2662E-01
 GRADIENT:   1.4808E+02 -5.6389E+00  1.3080E+00 -3.5802E+02  0.0000E+00  2.4361E-02

0ITERATION NO.:   60    OBJECTIVE VALUE:   596.883808477209        NO. OF FUNC. EVALS.: 219
 CUMULATIVE NO. OF FUNC. EVALS.:     1147
 NPARAMETR:  4.2215E-06  3.3722E-04  1.8426E-06  1.4220E-04  1.0000E-03  1.2828E-02
 PARAMETER:  1.5389E-01 -7.0721E-02  1.8013E-02  4.5208E-01 -5.9145E+00 -9.2677E-01
 GRADIENT:   1.4768E+02 -5.2168E+00  1.0982E+00 -3.5689E+02  0.0000E+00  3.9539E-03

0ITERATION NO.:   70    OBJECTIVE VALUE:   596.883440816305        NO. OF FUNC. EVALS.: 216
 CUMULATIVE NO. OF FUNC. EVALS.:     1363
 NPARAMETR:  4.2233E-06  3.3753E-04  1.8431E-06  1.4217E-04  1.0000E-03  1.2824E-02
 PARAMETER:  1.5433E-01 -6.9815E-02  1.8307E-02  4.5186E-01 -5.9145E+00 -9.2692E-01
 GRADIENT:   1.4989E+02 -5.7679E+00  1.3487E+00 -3.5632E+02  0.0000E+00  2.7738E-02

0ITERATION NO.:   80    OBJECTIVE VALUE:   596.883010441988        NO. OF FUNC. EVALS.: 219
 CUMULATIVE NO. OF FUNC. EVALS.:     1582
 NPARAMETR:  4.2244E-06  3.3785E-04  1.8427E-06  1.4216E-04  1.0000E-03  1.2820E-02
 PARAMETER:  1.5459E-01 -6.8859E-02  1.8071E-02  4.5182E-01 -5.9145E+00 -9.2707E-01
 GRADIENT:   1.4930E+02 -5.2664E+00  1.1006E+00 -3.5516E+02  0.0000E+00  3.4964E-03

0ITERATION NO.:   90    OBJECTIVE VALUE:   596.882611510295        NO. OF FUNC. EVALS.: 216
 CUMULATIVE NO. OF FUNC. EVALS.:     1798
 NPARAMETR:  4.2262E-06  3.3817E-04  1.8431E-06  1.4214E-04  1.0000E-03  1.2817E-02
 PARAMETER:  1.5501E-01 -6.7923E-02  1.8300E-02  4.5161E-01 -5.9145E+00 -9.2721E-01
 GRADIENT:   1.5114E+02 -5.6740E+00  1.2849E+00 -3.5448E+02  0.0000E+00  2.3254E-02

0ITERATION NO.:  100    OBJECTIVE VALUE:   596.882223426219        NO. OF FUNC. EVALS.: 219
 CUMULATIVE NO. OF FUNC. EVALS.:     2017
 NPARAMETR:  4.2274E-06  3.3848E-04  1.8427E-06  1.4213E-04  1.0000E-03  1.2813E-02
 PARAMETER:  1.5528E-01 -6.6990E-02  1.8110E-02  4.5154E-01 -5.9145E+00 -9.2736E-01
 GRADIENT:   1.5078E+02 -5.2683E+00  1.0840E+00 -3.5337E+02  0.0000E+00  3.8202E-03

0ITERATION NO.:  110    OBJECTIVE VALUE:   596.881872908374        NO. OF FUNC. EVALS.: 216
 CUMULATIVE NO. OF FUNC. EVALS.:     2233
 NPARAMETR:  4.2292E-06  3.3878E-04  1.8433E-06  1.4209E-04  1.0000E-03  1.2809E-02
 PARAMETER:  1.5572E-01 -6.6107E-02  1.8406E-02  4.5132E-01 -5.9145E+00 -9.2750E-01
 GRADIENT:   1.5306E+02 -5.8474E+00  1.3458E+00 -3.5284E+02  0.0000E+00  2.8493E-02

0ITERATION NO.:  120    OBJECTIVE VALUE:   596.881442495652        NO. OF FUNC. EVALS.: 219
 CUMULATIVE NO. OF FUNC. EVALS.:     2452
 NPARAMETR:  4.2303E-06  3.3910E-04  1.8428E-06  1.4209E-04  1.0000E-03  1.2805E-02
 PARAMETER:  1.5598E-01 -6.5165E-02  1.8160E-02  4.5128E-01 -5.9145E+00 -9.2766E-01
 GRADIENT:   1.5242E+02 -5.3309E+00  1.0922E+00 -3.5168E+02  0.0000E+00  3.5725E-03

0ITERATION NO.:  130    OBJECTIVE VALUE:   596.881110177553        NO. OF FUNC. EVALS.: 219
 CUMULATIVE NO. OF FUNC. EVALS.:     2671             RESET HESSIAN, TYPE I
 NPARAMETR:  4.2316E-06  3.3937E-04  1.8431E-06  1.4208E-04  1.0000E-03  1.2801E-02
 PARAMETER:  1.5628E-01 -6.4371E-02  1.8310E-02  4.5120E-01 -5.9145E+00 -9.2784E-01
 GRADIENT:   1.5974E+05  2.2470E+04  7.5506E+03  1.7501E+05  0.0000E+00 -1.1815E-03

0ITERATION NO.:  140    OBJECTIVE VALUE:   596.880695787527        NO. OF FUNC. EVALS.: 209
 CUMULATIVE NO. OF FUNC. EVALS.:     2880
 NPARAMETR:  4.2331E-06  3.3972E-04  1.8438E-06  1.4207E-04  1.0000E-03  1.2799E-02
 PARAMETER:  1.5664E-01 -6.3332E-02  1.8696E-02  4.5115E-01 -5.9145E+00 -9.2791E-01
 GRADIENT:   1.5396E+02 -5.3452E+00  1.1138E+00 -3.5009E+02  0.0000E+00  2.7274E-02

0ITERATION NO.:  150    OBJECTIVE VALUE:   596.880213034178        NO. OF FUNC. EVALS.: 210
 CUMULATIVE NO. OF FUNC. EVALS.:     3090             RESET HESSIAN, TYPE I
 NPARAMETR:  4.2351E-06  3.4009E-04  1.8436E-06  1.4206E-04  1.0000E-03  1.2796E-02
 PARAMETER:  1.5712E-01 -6.2248E-02  1.8586E-02  4.5110E-01 -5.9145E+00 -9.2802E-01
 GRADIENT:   1.6074E+05  2.2542E+04  7.5258E+03  1.7454E+05  0.0000E+00  1.8110E-02

0ITERATION NO.:  160    OBJECTIVE VALUE:   596.880014735894        NO. OF FUNC. EVALS.: 211
 CUMULATIVE NO. OF FUNC. EVALS.:     3301             RESET HESSIAN, TYPE I
 NPARAMETR:  4.2359E-06  3.4025E-04  1.8441E-06  1.4206E-04  1.0000E-03  1.2789E-02
 PARAMETER:  1.5730E-01 -6.1773E-02  1.8835E-02  4.5111E-01 -5.9145E+00 -9.2828E-01
 GRADIENT:   1.6097E+05  2.2563E+04  7.5176E+03  1.7443E+05  0.0000E+00 -2.6100E-03

0ITERATION NO.:  170    OBJECTIVE VALUE:   596.879658842619        NO. OF FUNC. EVALS.: 218
 CUMULATIVE NO. OF FUNC. EVALS.:     3519             RESET HESSIAN, TYPE I
 NPARAMETR:  4.2377E-06  3.4055E-04  1.8444E-06  1.4203E-04  1.0000E-03  1.2788E-02
 PARAMETER:  1.5773E-01 -6.0911E-02  1.9009E-02  4.5089E-01 -5.9145E+00 -9.2835E-01
 GRADIENT:   1.6152E+05  2.2606E+04  7.5027E+03  1.7411E+05  0.0000E+00  2.5627E-02

0ITERATION NO.:  180    OBJECTIVE VALUE:   596.879254214536        NO. OF FUNC. EVALS.: 217
 CUMULATIVE NO. OF FUNC. EVALS.:     3736             RESET HESSIAN, TYPE I
 NPARAMETR:  4.2388E-06  3.4086E-04  1.8439E-06  1.4202E-04  1.0000E-03  1.2784E-02
 PARAMETER:  1.5799E-01 -5.9990E-02  1.8741E-02  4.5082E-01 -5.9145E+00 -9.2849E-01
 GRADIENT:   1.6178E+05  2.2624E+04  7.4982E+03  1.7394E+05  0.0000E+00  3.1033E-03

0ITERATION NO.:  190    OBJECTIVE VALUE:   596.878880436724        NO. OF FUNC. EVALS.: 218
 CUMULATIVE NO. OF FUNC. EVALS.:     3954             RESET HESSIAN, TYPE I
 NPARAMETR:  4.2405E-06  3.4117E-04  1.8443E-06  1.4199E-04  1.0000E-03  1.2781E-02
 PARAMETER:  1.5839E-01 -5.9096E-02  1.8941E-02  4.5059E-01 -5.9145E+00 -9.2862E-01
 GRADIENT:   1.6230E+05  2.2670E+04  7.4826E+03  1.7362E+05  0.0000E+00  2.3417E-02

0ITERATION NO.:  200    OBJECTIVE VALUE:   596.878504257484        NO. OF FUNC. EVALS.: 217
 CUMULATIVE NO. OF FUNC. EVALS.:     4171             RESET HESSIAN, TYPE I
 NPARAMETR:  4.2416E-06  3.4147E-04  1.8439E-06  1.4198E-04  1.0000E-03  1.2777E-02
 PARAMETER:  1.5865E-01 -5.8191E-02  1.8715E-02  4.5051E-01 -5.9145E+00 -9.2876E-01
 GRADIENT:   1.6258E+05  2.2690E+04  7.4771E+03  1.7343E+05  0.0000E+00  3.4741E-03

0ITERATION NO.:  210    OBJECTIVE VALUE:   596.878154809411        NO. OF FUNC. EVALS.: 218
 CUMULATIVE NO. OF FUNC. EVALS.:     4389             RESET HESSIAN, TYPE I
 NPARAMETR:  4.2434E-06  3.4177E-04  1.8443E-06  1.4195E-04  1.0000E-03  1.2774E-02
 PARAMETER:  1.5906E-01 -5.7325E-02  1.8948E-02  4.5027E-01 -5.9145E+00 -9.2890E-01
 GRADIENT:   1.6311E+05  2.2736E+04  7.4609E+03  1.7310E+05  0.0000E+00  2.6026E-02

0ITERATION NO.:  220    OBJECTIVE VALUE:   596.877759206241        NO. OF FUNC. EVALS.: 217
 CUMULATIVE NO. OF FUNC. EVALS.:     4606             RESET HESSIAN, TYPE I
 NPARAMETR:  4.2444E-06  3.4208E-04  1.8438E-06  1.4193E-04  1.0000E-03  1.2770E-02
 PARAMETER:  1.5931E-01 -5.6413E-02  1.8685E-02  4.5020E-01 -5.9145E+00 -9.2904E-01
 GRADIENT:   1.6337E+05  2.2755E+04  7.4562E+03  1.7293E+05  0.0000E+00  3.2547E-03

0ITERATION NO.:  230    OBJECTIVE VALUE:   596.877394997923        NO. OF FUNC. EVALS.: 218
 CUMULATIVE NO. OF FUNC. EVALS.:     4824             RESET HESSIAN, TYPE I
 NPARAMETR:  4.2461E-06  3.4238E-04  1.8442E-06  1.4190E-04  1.0000E-03  1.2766E-02
 PARAMETER:  1.5971E-01 -5.5533E-02  1.8879E-02  4.4996E-01 -5.9145E+00 -9.2918E-01
 GRADIENT:   1.6389E+05  2.2800E+04  7.4407E+03  1.7260E+05  0.0000E+00  2.3568E-02

0ITERATION NO.:  240    OBJECTIVE VALUE:   596.877022845497        NO. OF FUNC. EVALS.: 217
 CUMULATIVE NO. OF FUNC. EVALS.:     5041             RESET HESSIAN, TYPE I
 NPARAMETR:  4.2472E-06  3.4269E-04  1.8437E-06  1.4189E-04  1.0000E-03  1.2763E-02
 PARAMETER:  1.5997E-01 -5.4638E-02  1.8639E-02  4.4988E-01 -5.9145E+00 -9.2932E-01
 GRADIENT:   1.6416E+05  2.2820E+04  7.4354E+03  1.7242E+05  0.0000E+00  3.3519E-03

0ITERATION NO.:  250    OBJECTIVE VALUE:   596.876674552665        NO. OF FUNC. EVALS.: 218
 CUMULATIVE NO. OF FUNC. EVALS.:     5259             RESET HESSIAN, TYPE I
 NPARAMETR:  4.2489E-06  3.4298E-04  1.8441E-06  1.4185E-04  1.0000E-03  1.2759E-02
 PARAMETER:  1.6037E-01 -5.3778E-02  1.8848E-02  4.4963E-01 -5.9145E+00 -9.2945E-01
 GRADIENT:   1.6469E+05  2.2866E+04  7.4196E+03  1.7209E+05  0.0000E+00  2.5119E-02

0ITERATION NO.:  260    OBJECTIVE VALUE:   596.876291967737        NO. OF FUNC. EVALS.: 217
 CUMULATIVE NO. OF FUNC. EVALS.:     5476             RESET HESSIAN, TYPE I
 NPARAMETR:  4.2500E-06  3.4329E-04  1.8436E-06  1.4184E-04  1.0000E-03  1.2756E-02
 PARAMETER:  1.6062E-01 -5.2881E-02  1.8583E-02  4.4955E-01 -5.9145E+00 -9.2960E-01
 GRADIENT:   1.6494E+05  2.2885E+04  7.4149E+03  1.7192E+05  0.0000E+00  3.2087E-03

0ITERATION NO.:  270    OBJECTIVE VALUE:   596.875938976811        NO. OF FUNC. EVALS.: 218
 CUMULATIVE NO. OF FUNC. EVALS.:     5694             RESET HESSIAN, TYPE I
 NPARAMETR:  4.2516E-06  3.4359E-04  1.8440E-06  1.4181E-04  1.0000E-03  1.2752E-02
 PARAMETER:  1.6101E-01 -5.2019E-02  1.8771E-02  4.4930E-01 -5.9145E+00 -9.2973E-01
 GRADIENT:   1.6546E+05  2.2931E+04  7.3995E+03  1.7159E+05  0.0000E+00  2.3914E-02

0ITERATION NO.:  280    OBJECTIVE VALUE:   596.875569279617        NO. OF FUNC. EVALS.: 217
 CUMULATIVE NO. OF FUNC. EVALS.:     5911             RESET HESSIAN, TYPE I
 NPARAMETR:  4.2527E-06  3.4389E-04  1.8435E-06  1.4180E-04  1.0000E-03  1.2749E-02
 PARAMETER:  1.6126E-01 -5.1133E-02  1.8516E-02  4.4921E-01 -5.9145E+00 -9.2987E-01
 GRADIENT:   1.6572E+05  2.2950E+04  7.3945E+03  1.7141E+05  0.0000E+00  3.2224E-03

0ITERATION NO.:  290    OBJECTIVE VALUE:   596.875224462170        NO. OF FUNC. EVALS.: 218
 CUMULATIVE NO. OF FUNC. EVALS.:     6129             RESET HESSIAN, TYPE I
 NPARAMETR:  4.2544E-06  3.4419E-04  1.8438E-06  1.4176E-04  1.0000E-03  1.2745E-02
 PARAMETER:  1.6165E-01 -5.0284E-02  1.8706E-02  4.4896E-01 -5.9145E+00 -9.3000E-01
 GRADIENT:   1.6624E+05  2.2995E+04  7.3791E+03  1.7108E+05  0.0000E+00  2.4442E-02

0ITERATION NO.:  300    OBJECTIVE VALUE:   596.874852940433        NO. OF FUNC. EVALS.: 217
 CUMULATIVE NO. OF FUNC. EVALS.:     6346             RESET HESSIAN, TYPE I
 NPARAMETR:  4.2554E-06  3.4449E-04  1.8434E-06  1.4175E-04  1.0000E-03  1.2742E-02
 PARAMETER:  1.6190E-01 -4.9401E-02  1.8439E-02  4.4887E-01 -5.9145E+00 -9.3014E-01
 GRADIENT:   1.6649E+05  2.3014E+04  7.3743E+03  1.7091E+05  0.0000E+00  3.1415E-03

0ITERATION NO.:  310    OBJECTIVE VALUE:   596.874508259420        NO. OF FUNC. EVALS.: 218
 CUMULATIVE NO. OF FUNC. EVALS.:     6564             RESET HESSIAN, TYPE I
 NPARAMETR:  4.2571E-06  3.4478E-04  1.8437E-06  1.4171E-04  1.0000E-03  1.2739E-02
 PARAMETER:  1.6229E-01 -4.8554E-02  1.8618E-02  4.4862E-01 -5.9145E+00 -9.3027E-01
 GRADIENT:   1.6700E+05  2.3059E+04  7.3591E+03  1.7058E+05  0.0000E+00  2.3893E-02

0ITERATION NO.:  320    OBJECTIVE VALUE:   596.874143861982        NO. OF FUNC. EVALS.: 217
 CUMULATIVE NO. OF FUNC. EVALS.:     6781             RESET HESSIAN, TYPE I
 NPARAMETR:  4.2581E-06  3.4508E-04  1.8432E-06  1.4170E-04  1.0000E-03  1.2735E-02
 PARAMETER:  1.6253E-01 -4.7679E-02  1.8352E-02  4.4853E-01 -5.9145E+00 -9.3041E-01
 GRADIENT:   1.6726E+05  2.3078E+04  7.3544E+03  1.7040E+05  0.0000E+00  3.1186E-03

0ITERATION NO.:  330    OBJECTIVE VALUE:   596.873804393601        NO. OF FUNC. EVALS.: 218
 CUMULATIVE NO. OF FUNC. EVALS.:     6999             RESET HESSIAN, TYPE I
 NPARAMETR:  4.2597E-06  3.4537E-04  1.8435E-06  1.4166E-04  1.0000E-03  1.2732E-02
 PARAMETER:  1.6292E-01 -4.6841E-02  1.8528E-02  4.4827E-01 -5.9145E+00 -9.3054E-01
 GRADIENT:   1.6777E+05  2.3124E+04  7.3392E+03  1.7008E+05  0.0000E+00  2.4041E-02

0ITERATION NO.:  340    OBJECTIVE VALUE:   596.873441273958        NO. OF FUNC. EVALS.: 217
 CUMULATIVE NO. OF FUNC. EVALS.:     7216             RESET HESSIAN, TYPE I
 NPARAMETR:  4.2608E-06  3.4567E-04  1.8430E-06  1.4165E-04  1.0000E-03  1.2728E-02
 PARAMETER:  1.6315E-01 -4.5971E-02  1.8256E-02  4.4818E-01 -5.9145E+00 -9.3068E-01
 GRADIENT:   1.6802E+05  2.3142E+04  7.3346E+03  1.6990E+05  0.0000E+00  3.0596E-03

0ITERATION NO.:  350    OBJECTIVE VALUE:   596.873103630999        NO. OF FUNC. EVALS.: 218
 CUMULATIVE NO. OF FUNC. EVALS.:     7434             RESET HESSIAN, TYPE I
 NPARAMETR:  4.2624E-06  3.4596E-04  1.8433E-06  1.4161E-04  1.0000E-03  1.2725E-02
 PARAMETER:  1.6354E-01 -4.5138E-02  1.8423E-02  4.4792E-01 -5.9145E+00 -9.3080E-01
 GRADIENT:   1.6852E+05  2.3187E+04  7.3196E+03  1.6958E+05  0.0000E+00  2.3734E-02

0ITERATION NO.:  360    OBJECTIVE VALUE:   596.872745503452        NO. OF FUNC. EVALS.: 217
 CUMULATIVE NO. OF FUNC. EVALS.:     7651             RESET HESSIAN, TYPE I
 NPARAMETR:  4.2634E-06  3.4626E-04  1.8428E-06  1.4160E-04  1.0000E-03  1.2721E-02
 PARAMETER:  1.6378E-01 -4.4275E-02  1.8149E-02  4.4782E-01 -5.9145E+00 -9.3094E-01
 GRADIENT:   1.6877E+05  2.3206E+04  7.3150E+03  1.6940E+05  0.0000E+00  3.0246E-03

0ITERATION NO.:  370    OBJECTIVE VALUE:   596.872411878861        NO. OF FUNC. EVALS.: 218
 CUMULATIVE NO. OF FUNC. EVALS.:     7869             RESET HESSIAN, TYPE I
 NPARAMETR:  4.2650E-06  3.4655E-04  1.8431E-06  1.4156E-04  1.0000E-03  1.2718E-02
 PARAMETER:  1.6416E-01 -4.3449E-02  1.8312E-02  4.4756E-01 -5.9145E+00 -9.3107E-01
 GRADIENT:   1.6927E+05  2.3251E+04  7.3001E+03  1.6908E+05  0.0000E+00  2.3736E-02

0ITERATION NO.:  380    OBJECTIVE VALUE:   596.872056160163        NO. OF FUNC. EVALS.: 217
 CUMULATIVE NO. OF FUNC. EVALS.:     8086             RESET HESSIAN, TYPE I
 NPARAMETR:  4.2660E-06  3.4684E-04  1.8426E-06  1.4155E-04  1.0000E-03  1.2715E-02
 PARAMETER:  1.6439E-01 -4.2591E-02  1.8033E-02  4.4746E-01 -5.9145E+00 -9.3121E-01
 GRADIENT:   1.6952E+05  2.3269E+04  7.2955E+03  1.6890E+05  0.0000E+00  2.9742E-03

0ITERATION NO.:  390    OBJECTIVE VALUE:   596.871724975207        NO. OF FUNC. EVALS.: 218
 CUMULATIVE NO. OF FUNC. EVALS.:     8304             RESET HESSIAN, TYPE I
 NPARAMETR:  4.2676E-06  3.4713E-04  1.8429E-06  1.4151E-04  1.0000E-03  1.2712E-02
 PARAMETER:  1.6477E-01 -4.1770E-02  1.8188E-02  4.4720E-01 -5.9145E+00 -9.3133E-01
 GRADIENT:   1.7002E+05  2.3314E+04  7.2808E+03  1.6858E+05  0.0000E+00  2.3527E-02

0ITERATION NO.:  400    OBJECTIVE VALUE:   596.871373342496        NO. OF FUNC. EVALS.: 217
 CUMULATIVE NO. OF FUNC. EVALS.:     8521             RESET HESSIAN, TYPE I
 NPARAMETR:  4.2686E-06  3.4742E-04  1.8424E-06  1.4149E-04  1.0000E-03  1.2708E-02
 PARAMETER:  1.6500E-01 -4.0919E-02  1.7907E-02  4.4709E-01 -5.9145E+00 -9.3147E-01
 GRADIENT:   1.7026E+05  2.3332E+04  7.2763E+03  1.6840E+05  0.0000E+00  2.9346E-03

0ITERATION NO.:  410    OBJECTIVE VALUE:   596.871045625556        NO. OF FUNC. EVALS.: 218
 CUMULATIVE NO. OF FUNC. EVALS.:     8739             RESET HESSIAN, TYPE I
 NPARAMETR:  4.2702E-06  3.4771E-04  1.8426E-06  1.4146E-04  1.0000E-03  1.2705E-02
 PARAMETER:  1.6537E-01 -4.0105E-02  1.8056E-02  4.4683E-01 -5.9145E+00 -9.3159E-01
 GRADIENT:   1.7076E+05  2.3377E+04  7.2616E+03  1.6808E+05  0.0000E+00  2.3470E-02

0ITERATION NO.:  420    OBJECTIVE VALUE:   596.870696813208        NO. OF FUNC. EVALS.: 217
 CUMULATIVE NO. OF FUNC. EVALS.:     8956             RESET HESSIAN, TYPE I
 NPARAMETR:  4.2712E-06  3.4800E-04  1.8421E-06  1.4144E-04  1.0000E-03  1.2702E-02
 PARAMETER:  1.6561E-01 -3.9259E-02  1.7771E-02  4.4672E-01 -5.9145E+00 -9.3172E-01
 GRADIENT:   1.7100E+05  2.3395E+04  7.2572E+03  1.6790E+05  0.0000E+00  2.8882E-03

0ITERATION NO.:  430    OBJECTIVE VALUE:   596.870371747038        NO. OF FUNC. EVALS.: 218
 CUMULATIVE NO. OF FUNC. EVALS.:     9174             RESET HESSIAN, TYPE I
 NPARAMETR:  4.2728E-06  3.4828E-04  1.8424E-06  1.4140E-04  1.0000E-03  1.2698E-02
 PARAMETER:  1.6598E-01 -3.8450E-02  1.7914E-02  4.4645E-01 -5.9145E+00 -9.3184E-01
 GRADIENT:   1.7149E+05  2.3440E+04  7.2427E+03  1.6758E+05  0.0000E+00  2.3305E-02

0ITERATION NO.:  440    OBJECTIVE VALUE:   596.870026573120        NO. OF FUNC. EVALS.: 217
 CUMULATIVE NO. OF FUNC. EVALS.:     9391             RESET HESSIAN, TYPE I
 NPARAMETR:  4.2738E-06  3.4858E-04  1.8419E-06  1.4139E-04  1.0000E-03  1.2695E-02
 PARAMETER:  1.6621E-01 -3.7611E-02  1.7625E-02  4.4634E-01 -5.9145E+00 -9.3198E-01
 GRADIENT:   1.7173E+05  2.3458E+04  7.2384E+03  1.6740E+05  0.0000E+00  2.8470E-03

0ITERATION NO.:  450    OBJECTIVE VALUE:   596.869704679392        NO. OF FUNC. EVALS.: 218
 CUMULATIVE NO. OF FUNC. EVALS.:     9609             RESET HESSIAN, TYPE I
 NPARAMETR:  4.2754E-06  3.4885E-04  1.8421E-06  1.4135E-04  1.0000E-03  1.2692E-02
 PARAMETER:  1.6657E-01 -3.6808E-02  1.7762E-02  4.4607E-01 -5.9145E+00 -9.3210E-01
 GRADIENT:   1.7222E+05  2.3502E+04  7.2239E+03  1.6708E+05  0.0000E+00  2.3222E-02

0ITERATION NO.:  460    OBJECTIVE VALUE:   596.869362453963        NO. OF FUNC. EVALS.: 217
 CUMULATIVE NO. OF FUNC. EVALS.:     9826             RESET HESSIAN, TYPE I
 NPARAMETR:  4.2763E-06  3.4915E-04  1.8416E-06  1.4133E-04  1.0000E-03  1.2689E-02
 PARAMETER:  1.6680E-01 -3.5974E-02  1.7469E-02  4.4596E-01 -5.9145E+00 -9.3223E-01
 GRADIENT:   1.7246E+05  2.3520E+04  7.2196E+03  1.6691E+05  0.0000E+00  2.8027E-03

0ITERATION NO.:  468    OBJECTIVE VALUE:   596.869098512983        NO. OF FUNC. EVALS.: 174
 CUMULATIVE NO. OF FUNC. EVALS.:    10000
 NPARAMETR:  4.2773E-06  3.4937E-04  1.8414E-06  1.4131E-04  1.0000E-03  1.2686E-02
 PARAMETER:  1.6704E-01 -3.5323E-02  1.7404E-02  4.4580E-01 -5.9145E+00 -9.3234E-01
 GRADIENT:   1.7275E+05  2.3545E+04  7.2122E+03  1.6671E+05  0.0000E+00  2.7859E-03

 #TERM:
0MINIMIZATION TERMINATED
 DUE TO MAX. NO. OF FUNCTION EVALUATIONS EXCEEDED
 NO. OF FUNCTION EVALUATIONS USED:    10000
 NO. OF SIG. DIGITS UNREPORTABLE
0PARAMETER ESTIMATE IS NEAR ITS BOUNDARY

 ETABAR IS THE ARITHMETIC MEAN OF THE ETA-ESTIMATES,
 AND THE P-VALUE IS GIVEN FOR THE NULL HYPOTHESIS THAT THE TRUE MEAN IS 0.

 ETABAR:         1.0563E-04  0.0000E+00  0.0000E+00  0.0000E+00
 SE:             1.8035E-02  0.0000E+00  0.0000E+00  0.0000E+00
 N:                      39          39          39          39

 P VAL.:         9.9533E-01  1.0000E+00  1.0000E+00  1.0000E+00

 ETASHRINKSD(%)  2.1036E-03  0.0000E+00  0.0000E+00  0.0000E+00
 ETASHRINKVR(%)  4.2072E-03  0.0000E+00  0.0000E+00  0.0000E+00
 EBVSHRINKSD(%)  2.6596E-04  0.0000E+00  0.0000E+00  0.0000E+00
 EBVSHRINKVR(%)  5.3192E-04  0.0000E+00  0.0000E+00  0.0000E+00
 RELATIVEINF(%)  9.9999E+01  0.0000E+00  0.0000E+00  0.0000E+00
 EPSSHRINKSD(%)  9.9745E+01  1.0000E+02
 EPSSHRINKVR(%)  9.9999E+01  1.0000E+02

  
 TOTAL DATA POINTS NORMALLY DISTRIBUTED (N):           39
 N*LOG(2PI) CONSTANT TO OBJECTIVE FUNCTION:    71.677205589964473     
 OBJECTIVE FUNCTION VALUE WITHOUT CONSTANT:    596.86909851298344     
 OBJECTIVE FUNCTION VALUE WITH CONSTANT:       668.54630410294794     
 REPORTED OBJECTIVE FUNCTION DOES NOT CONTAIN CONSTANT
  
 TOTAL EFFECTIVE ETAS (NIND*NETA):                            39
  
 #TERE:
 Elapsed estimation  time in seconds:     4.66
 Elapsed postprocess time in seconds:     0.01
1
 
 
 
 
 
 
 
 
 
 
 
 
 
 
 
 
 
 
 
 
 ************************************************************************************************************************
 ********************                                                                                ********************
 ********************               FIRST ORDER CONDITIONAL ESTIMATION WITH INTERACTION              ********************
 #OBJT:**************                       MINIMUM VALUE OF OBJECTIVE FUNCTION                      ********************
 ********************                                                                                ********************
 ************************************************************************************************************************
 





 #OBJV:********************************************      596.869       **************************************************
1
 ************************************************************************************************************************
 ********************                                                                                ********************
 ********************               FIRST ORDER CONDITIONAL ESTIMATION WITH INTERACTION              ********************
 ********************                             FINAL PARAMETER ESTIMATE                           ********************
 ********************                                                                                ********************
 ************************************************************************************************************************
 


 THETA - VECTOR OF FIXED EFFECTS PARAMETERS   *********


         TH 1      TH 2      TH 3      TH 4      TH 5      TH 6     
 
         4.28E-06  3.49E-04  1.84E-06  1.41E-04  1.00E-06  1.00E-03
 


 OMEGA - COV MATRIX FOR RANDOM EFFECTS - ETAS  ********


         ETA1      ETA2      ETA3      ETA4     
 
 ETA1
+        1.27E-02
 
 ETA2
+        0.00E+00  0.00E+00
 
 ETA3
+        0.00E+00  0.00E+00  0.00E+00
 
 ETA4
+        0.00E+00  0.00E+00  0.00E+00  0.00E+00
 


 SIGMA - COV MATRIX FOR RANDOM EFFECTS - EPSILONS  ****


         EPS1      EPS2     
 
 EPS1
+        1.00E+00
 
 EPS2
+        0.00E+00  1.00E+00
 
1


 OMEGA - CORR MATRIX FOR RANDOM EFFECTS - ETAS  *******


         ETA1      ETA2      ETA3      ETA4     
 
 ETA1
+        1.13E-01
 
 ETA2
+        0.00E+00  0.00E+00
 
 ETA3
+        0.00E+00  0.00E+00  0.00E+00
 
 ETA4
+        0.00E+00  0.00E+00  0.00E+00  0.00E+00
 


 SIGMA - CORR MATRIX FOR RANDOM EFFECTS - EPSILONS  ***


         EPS1      EPS2     
 
 EPS1
+        1.00E+00
 
 EPS2
+        0.00E+00  1.00E+00
 
 Elapsed finaloutput time in seconds:     0.02
 #CPUT: Total CPU Time in Seconds,        4.906
Stop Time: 
2024-09-19 
오후 05:14
