2024-09-19 
오후 05:15
;; 1. Based on: 1
$PROBLEM SB vitreous 2comp

$INPUT ID	TIME	DV	MDV	CMT	AMT	GROUP=SKIP	LEFT	SITE	DAY	WEEK	ID2=SKIP	IDD=SKIP


$DATA SB.csv IGNORE=@

$SUBROUTINES ADVAN3 TRANS4


$PK
 CL   = THETA(1)*EXP(ETA(1))
 V1   = THETA(2)*EXP(ETA(2))
 Q    = THETA(3)*EXP(ETA(3))
 V2   = THETA(4)*EXP(ETA(4))
 
 S1   = V1/1000   ; dose: mg   V: ng/mL  
 
$ERROR

  IPRED   = F
  W       = SQRT(THETA(5)**2 + THETA(6)**2 * IPRED**2)
  IRES    = DV - IPRED
  IWRES   = IRES / W
  Y       = IPRED + W * EPS(1)

  
$THETA
 (0,0.000004)      ; CL
 (0,0.0004)         ; V1
 (0,0.000002)      ; Q
 (0,0.0001)       ; V2
 0.000001  FIX  ; Additive Residual Variability
  0.000001  FIX  ; Proportional Residual Variability
$OMEGA 
0.1
0 FIX
0 FIX
0 FIX
$SIGMA 1 FIX 1 FIX

$COVARIANCE PRINT = E

$ESTIMATION NOABORT MAXEVALS=9999 METHOD=1 INTER PRINT = 10


$TABLE ID TIME DV MDV CMT AMT LEFT SITE DAY WEEK IWRES IRES IPRED CWRES                                          NOPRINT ONEHEADER          FILE=sdtab22
$TABLE ID CL V1 V2 Q ETA1 ETA2 ETA3 ETA4                                                                                         NOPRINT ONEHEADER NOAPPEND FILE=patab22
  
NM-TRAN MESSAGES 
  
 WARNINGS AND ERRORS (IF ANY) FOR PROBLEM    1
             
 (WARNING  2) NM-TRAN INFERS THAT THE DATA ARE POPULATION.
  
Note: Analytical 2nd Derivatives are constructed in FSUBS but are never used.
      You may insert $ABBR DERIV2=NO after the first $PROB to save FSUBS construction and compilation time
  
  
License Registered to: AIMS BioScience Co
Expiration Date:    14 MAY 2025
Current Date:       19 SEP 2024
Days until program expires : 240
1NONLINEAR MIXED EFFECTS MODEL PROGRAM (NONMEM) VERSION 7.5.1
 ORIGINALLY DEVELOPED BY STUART BEAL, LEWIS SHEINER, AND ALISON BOECKMANN
 CURRENT DEVELOPERS ARE ROBERT BAUER, ICON DEVELOPMENT SOLUTIONS,
 AND ALISON BOECKMANN. IMPLEMENTATION, EFFICIENCY, AND STANDARDIZATION
 PERFORMED BY NOUS INFOSYSTEMS.

 PROBLEM NO.:         1
 SB vitreous 2comp
0DATA CHECKOUT RUN:              NO
 DATA SET LOCATED ON UNIT NO.:    2
 THIS UNIT TO BE REWOUND:        NO
 NO. OF DATA RECS IN DATA SET:       80
 NO. OF DATA ITEMS IN DATA SET:  11
 ID DATA ITEM IS DATA ITEM NO.:   1
 DEP VARIABLE IS DATA ITEM NO.:   3
 MDV DATA ITEM IS DATA ITEM NO.:  4
0INDICES PASSED TO SUBROUTINE PRED:
  11   2   6   0   0   0   5   0   0   0   0
0LABELS FOR DATA ITEMS:
 ID TIME DV MDV CMT AMT LEFT SITE DAY WEEK EVID
0(NONBLANK) LABELS FOR PRED-DEFINED ITEMS:
 CL V1 Q V2 IPRED IRES IWRES
0FORMAT FOR DATA:
 (E4.0,E5.0,E12.0,2E2.0,E4.0,2E2.0,E3.0,E2.0,1F2.0)

 TOT. NO. OF OBS RECS:       39
 TOT. NO. OF INDIVIDUALS:       40
0LENGTH OF THETA:   6
0DEFAULT THETA BOUNDARY TEST OMITTED:    NO
0OMEGA HAS BLOCK FORM:
  1
  0  2
  0  0  3
  0  0  0  4
0DEFAULT OMEGA BOUNDARY TEST OMITTED:    NO
0SIGMA HAS SIMPLE DIAGONAL FORM WITH DIMENSION:   2
0DEFAULT SIGMA BOUNDARY TEST OMITTED:    NO
0INITIAL ESTIMATE OF THETA:
 LOWER BOUND    INITIAL EST    UPPER BOUND
  0.0000E+00     0.4000E-05     0.1000E+07
  0.0000E+00     0.4000E-03     0.1000E+07
  0.0000E+00     0.2000E-05     0.1000E+07
  0.0000E+00     0.1000E-03     0.1000E+07
  0.1000E-05     0.1000E-05     0.1000E-05
  0.1000E-05     0.1000E-05     0.1000E-05
0INITIAL ESTIMATE OF OMEGA:
 BLOCK SET NO.   BLOCK                                                                    FIXED
        1                                                                                   NO
                  0.1000E+00
        2                                                                                  YES
                  0.0000E+00
        3                                                                                  YES
                  0.0000E+00
        4                                                                                  YES
                  0.0000E+00
0INITIAL ESTIMATE OF SIGMA:
 0.1000E+01
 0.0000E+00   0.1000E+01
0SIGMA CONSTRAINED TO BE THIS INITIAL ESTIMATE
0COVARIANCE STEP OMITTED:        NO
 EIGENVLS. PRINTED:             YES
 SPECIAL COMPUTATION:            NO
 COMPRESSED FORMAT:              NO
 GRADIENT METHOD USED:     NOSLOW
 SIGDIGITS ETAHAT (SIGLO):                  -1
 SIGDIGITS GRADIENTS (SIGL):                -1
 EXCLUDE COV FOR FOCE (NOFCOV):              NO
 Cholesky Transposition of R Matrix (CHOLROFF):0
 KNUTHSUMOFF:                                -1
 RESUME COV ANALYSIS (RESUME):               NO
 SIR SAMPLE SIZE (SIRSAMPLE):
 NON-LINEARLY TRANSFORM THETAS DURING COV (THBND): 1
 PRECONDTIONING CYCLES (PRECOND):        0
 PRECONDTIONING TYPES (PRECONDS):        TOS
 FORCED PRECONDTIONING CYCLES (PFCOND):0
 PRECONDTIONING TYPE (PRETYPE):        0
 FORCED POS. DEFINITE SETTING DURING PRECONDITIONING: (FPOSDEF):0
 SIMPLE POS. DEFINITE SETTING: (POSDEF):-1
0TABLES STEP OMITTED:    NO
 NO. OF TABLES:           2
 SEED NUMBER (SEED):    11456
 NPDTYPE:    0
 INTERPTYPE:    0
 RANMETHOD:             3U
 MC SAMPLES (ESAMPLE):    300
 WRES SQUARE ROOT TYPE (WRESCHOL): EIGENVALUE
0-- TABLE   1 --
0RECORDS ONLY:    ALL
04 COLUMNS APPENDED:    YES
 PRINTED:                NO
 HEADER:                YES
 FILE TO BE FORWARDED:   NO
 FORMAT:                S1PE11.4
 IDFORMAT:
 LFORMAT:
 RFORMAT:
 FIXED_EFFECT_ETAS:
0USER-CHOSEN ITEMS:
 ID TIME DV MDV CMT AMT LEFT SITE DAY WEEK IWRES IRES IPRED CWRES
0-- TABLE   2 --
0RECORDS ONLY:    ALL
04 COLUMNS APPENDED:    NO
 PRINTED:                NO
 HEADER:                YES
 FILE TO BE FORWARDED:   NO
 FORMAT:                S1PE11.4
 IDFORMAT:
 LFORMAT:
 RFORMAT:
 FIXED_EFFECT_ETAS:
0USER-CHOSEN ITEMS:
 ID CL V1 V2 Q ETA1 ETA2 ETA3 ETA4
1DOUBLE PRECISION PREDPP VERSION 7.5.1

 TWO COMPARTMENT MODEL (ADVAN3)
0MAXIMUM NO. OF BASIC PK PARAMETERS:   4
0BASIC PK PARAMETERS (AFTER TRANSLATION):
   BASIC PK PARAMETER NO.  1: ELIMINATION RATE (K)
   BASIC PK PARAMETER NO.  2: CENTRAL-TO-PERIPH. RATE (K12)
   BASIC PK PARAMETER NO.  3: PERIPH.-TO-CENTRAL RATE (K21)
 TRANSLATOR WILL CONVERT PARAMETERS
 CL, V1, Q, V2 TO K, K12, K21 (TRANS4)
0COMPARTMENT ATTRIBUTES
 COMPT. NO.   FUNCTION   INITIAL    ON/OFF      DOSE      DEFAULT    DEFAULT
                         STATUS     ALLOWED    ALLOWED    FOR DOSE   FOR OBS.
    1         CENTRAL      ON         NO         YES        YES        YES
    2         PERIPH.      ON         NO         YES        NO         NO
    3         OUTPUT       OFF        YES        NO         NO         NO
1
 ADDITIONAL PK PARAMETERS - ASSIGNMENT OF ROWS IN GG
 COMPT. NO.                             INDICES
              SCALE      BIOAVAIL.   ZERO-ORDER  ZERO-ORDER  ABSORB
                         FRACTION    RATE        DURATION    LAG
    1            5           *           *           *           *
    2            *           *           *           *           *
    3            *           -           -           -           -
             - PARAMETER IS NOT ALLOWED FOR THIS MODEL
             * PARAMETER IS NOT SUPPLIED BY PK SUBROUTINE;
               WILL DEFAULT TO ONE IF APPLICABLE
0DATA ITEM INDICES USED BY PRED ARE:
   EVENT ID DATA ITEM IS DATA ITEM NO.:     11
   TIME DATA ITEM IS DATA ITEM NO.:          2
   DOSE AMOUNT DATA ITEM IS DATA ITEM NO.:   6
   COMPT. NO. DATA ITEM IS DATA ITEM NO.:    5

0PK SUBROUTINE CALLED WITH EVERY EVENT RECORD.
 PK SUBROUTINE NOT CALLED AT NONEVENT (ADDITIONAL OR LAGGED) DOSE TIMES.
0ERROR SUBROUTINE CALLED WITH EVERY EVENT RECORD.
1


 #TBLN:      1
 #METH: First Order Conditional Estimation with Interaction

 ESTIMATION STEP OMITTED:                 NO
 ANALYSIS TYPE:                           POPULATION
 NUMBER OF SADDLE POINT RESET ITERATIONS:      0
 GRADIENT METHOD USED:               NOSLOW
 CONDITIONAL ESTIMATES USED:              YES
 CENTERED ETA:                            NO
 EPS-ETA INTERACTION:                     YES
 LAPLACIAN OBJ. FUNC.:                    NO
 NO. OF FUNCT. EVALS. ALLOWED:            9999
 NO. OF SIG. FIGURES REQUIRED:            3
 INTERMEDIATE PRINTOUT:                   YES
 ESTIMATE OUTPUT TO MSF:                  NO
 ABORT WITH PRED EXIT CODE 1:             NO
 IND. OBJ. FUNC. VALUES SORTED:           NO
 NUMERICAL DERIVATIVE
       FILE REQUEST (NUMDER):               NONE
 MAP (ETAHAT) ESTIMATION METHOD (OPTMAP):   0
 ETA HESSIAN EVALUATION METHOD (ETADER):    0
 INITIAL ETA FOR MAP ESTIMATION (MCETA):    0
 SIGDIGITS FOR MAP ESTIMATION (SIGLO):      100
 GRADIENT SIGDIGITS OF
       FIXED EFFECTS PARAMETERS (SIGL):     100
 NOPRIOR SETTING (NOPRIOR):                 0
 NOCOV SETTING (NOCOV):                     OFF
 DERCONT SETTING (DERCONT):                 OFF
 FINAL ETA RE-EVALUATION (FNLETA):          1
 EXCLUDE NON-INFLUENTIAL (NON-INFL.) ETAS
       IN SHRINKAGE (ETASTYPE):             NO
 NON-INFL. ETA CORRECTION (NONINFETA):      0
 RAW OUTPUT FILE (FILE): 2_2.ext
 EXCLUDE TITLE (NOTITLE):                   NO
 EXCLUDE COLUMN LABELS (NOLABEL):           NO
 FORMAT FOR ADDITIONAL FILES (FORMAT):      S1PE12.5
 PARAMETER ORDER FOR OUTPUTS (ORDER):       TSOL
 KNUTHSUMOFF:                               0
 INCLUDE LNTWOPI:                           NO
 INCLUDE CONSTANT TERM TO PRIOR (PRIORC):   NO
 INCLUDE CONSTANT TERM TO OMEGA (ETA) (OLNTWOPI):NO
 ADDITIONAL CONVERGENCE TEST (CTYPE=4)?:    NO
 EM OR BAYESIAN METHOD USED:                 NONE


 THE FOLLOWING LABELS ARE EQUIVALENT
 PRED=PREDI
 RES=RESI
 WRES=WRESI
 IWRS=IWRESI
 IPRD=IPREDI
 IRS=IRESI

 MONITORING OF SEARCH:


0ITERATION NO.:    0    OBJECTIVE VALUE:   655.125894974114        NO. OF FUNC. EVALS.:   6
 CUMULATIVE NO. OF FUNC. EVALS.:        6
 NPARAMETR:  4.0000E-06  4.0000E-04  2.0000E-06  1.0000E-04  1.0000E-01
 PARAMETER:  1.0000E-01  1.0000E-01  1.0000E-01  1.0000E-01  1.0000E-01
 GRADIENT:   1.5053E+11  5.9187E+10  1.4275E+09  1.5482E+10  6.9350E+01

0ITERATION NO.:   10    OBJECTIVE VALUE:   600.493815084174        NO. OF FUNC. EVALS.: 184
 CUMULATIVE NO. OF FUNC. EVALS.:      190
 NPARAMETR:  4.0885E-06  3.6850E-04  2.1829E-06  1.2870E-04  1.3300E-02
 PARAMETER:  1.2189E-01  1.7989E-02  1.8752E-01  3.5231E-01 -9.0871E-01
 GRADIENT:   1.4197E+08 -1.4429E+07  4.4614E+05 -1.0578E+08  1.1546E+01

0ITERATION NO.:   20    OBJECTIVE VALUE:   596.918430000983        NO. OF FUNC. EVALS.: 161
 CUMULATIVE NO. OF FUNC. EVALS.:      351
 NPARAMETR:  4.1624E-06  3.5237E-04  1.5894E-06  1.2590E-04  1.2599E-02
 PARAMETER:  1.3979E-01 -2.6782E-02 -1.2981E-01  3.3034E-01 -9.3579E-01
 GRADIENT:   1.4548E+11  2.5656E+10  9.4606E+09  1.1686E+11  4.1624E-01

0ITERATION NO.:   30    OBJECTIVE VALUE:   596.870607415524        NO. OF FUNC. EVALS.: 197
 CUMULATIVE NO. OF FUNC. EVALS.:      548             RESET HESSIAN, TYPE I
 NPARAMETR:  4.1792E-06  3.5075E-04  1.5624E-06  1.2613E-04  1.2749E-02
 PARAMETER:  1.4382E-01 -3.1389E-02 -1.4694E-01  3.3217E-01 -9.2986E-01
 GRADIENT:   1.4663E+11  2.4629E+10  1.1293E+10  1.2017E+11  1.7894E-01

0ITERATION NO.:   40    OBJECTIVE VALUE:   596.869780425656        NO. OF FUNC. EVALS.: 187
 CUMULATIVE NO. OF FUNC. EVALS.:      735
 NPARAMETR:  4.1814E-06  3.5087E-04  1.5596E-06  1.2615E-04  1.2731E-02
 PARAMETER:  1.4435E-01 -3.1055E-02 -1.4870E-01  3.3233E-01 -9.3055E-01
 GRADIENT:   1.2923E+08 -5.9460E+06  2.5926E+06 -1.7089E+08 -4.7296E-02

0ITERATION NO.:   50    OBJECTIVE VALUE:   596.869127356231        NO. OF FUNC. EVALS.: 194
 CUMULATIVE NO. OF FUNC. EVALS.:      929
 NPARAMETR:  4.1834E-06  3.5113E-04  1.5592E-06  1.2612E-04  1.2737E-02
 PARAMETER:  1.4483E-01 -3.0320E-02 -1.4896E-01  3.3205E-01 -9.3032E-01
 GRADIENT:   1.3016E+08 -5.9586E+06  2.5962E+06 -1.7033E+08  5.9838E-03

0ITERATION NO.:   60    OBJECTIVE VALUE:   596.868591380753        NO. OF FUNC. EVALS.: 191
 CUMULATIVE NO. OF FUNC. EVALS.:     1120
 NPARAMETR:  4.1852E-06  3.5160E-04  1.5584E-06  1.2610E-04  1.2734E-02
 PARAMETER:  1.4525E-01 -2.8976E-02 -1.4950E-01  3.3189E-01 -9.3045E-01
 GRADIENT:   1.3090E+08 -5.9686E+06  2.6118E+06 -1.6984E+08 -1.8137E-02

0ITERATION NO.:   70    OBJECTIVE VALUE:   596.867938132351        NO. OF FUNC. EVALS.: 199
 CUMULATIVE NO. OF FUNC. EVALS.:     1319
 NPARAMETR:  4.1870E-06  3.5187E-04  1.5586E-06  1.2606E-04  1.2731E-02
 PARAMETER:  1.4568E-01 -2.8192E-02 -1.4936E-01  3.3156E-01 -9.3055E-01
 GRADIENT:   1.3185E+08 -5.9922E+06  2.5949E+06 -1.6908E+08  1.2846E-02

0ITERATION NO.:   80    OBJECTIVE VALUE:   596.867384228427        NO. OF FUNC. EVALS.: 186
 CUMULATIVE NO. OF FUNC. EVALS.:     1505
 NPARAMETR:  4.1887E-06  3.5234E-04  1.5580E-06  1.2603E-04  1.2726E-02
 PARAMETER:  1.4609E-01 -2.6854E-02 -1.4976E-01  3.3137E-01 -9.3077E-01
 GRADIENT:   1.3262E+08 -6.0061E+06  2.6030E+06 -1.6852E+08 -1.3964E-02

0ITERATION NO.:   90    OBJECTIVE VALUE:   596.866767513884        NO. OF FUNC. EVALS.: 189
 CUMULATIVE NO. OF FUNC. EVALS.:     1694
 NPARAMETR:  4.1904E-06  3.5263E-04  1.5582E-06  1.2599E-04  1.2723E-02
 PARAMETER:  1.4651E-01 -2.6058E-02 -1.4963E-01  3.3105E-01 -9.3089E-01
 GRADIENT:   1.3355E+08 -6.0295E+06  2.5868E+06 -1.6778E+08  1.3330E-02

0ITERATION NO.:  100    OBJECTIVE VALUE:   596.866229389605        NO. OF FUNC. EVALS.: 186
 CUMULATIVE NO. OF FUNC. EVALS.:     1880
 NPARAMETR:  4.1921E-06  3.5310E-04  1.5575E-06  1.2597E-04  1.2717E-02
 PARAMETER:  1.4691E-01 -2.4721E-02 -1.5005E-01  3.3086E-01 -9.3111E-01
 GRADIENT:   1.3430E+08 -6.0430E+06  2.5956E+06 -1.6722E+08 -1.5105E-02

0ITERATION NO.:  110    OBJECTIVE VALUE:   596.865607284998        NO. OF FUNC. EVALS.: 189
 CUMULATIVE NO. OF FUNC. EVALS.:     2069
 NPARAMETR:  4.1938E-06  3.5337E-04  1.5577E-06  1.2593E-04  1.2714E-02
 PARAMETER:  1.4732E-01 -2.3936E-02 -1.4992E-01  3.3052E-01 -9.3122E-01
 GRADIENT:   1.3524E+08 -6.0667E+06  2.5793E+06 -1.6647E+08  1.3125E-02

0ITERATION NO.:  120    OBJECTIVE VALUE:   596.865070663883        NO. OF FUNC. EVALS.: 186
 CUMULATIVE NO. OF FUNC. EVALS.:     2255
 NPARAMETR:  4.1955E-06  3.5384E-04  1.5571E-06  1.2590E-04  1.2709E-02
 PARAMETER:  1.4772E-01 -2.2609E-02 -1.5034E-01  3.3033E-01 -9.3144E-01
 GRADIENT:   1.3600E+08 -6.0802E+06  2.5882E+06 -1.6592E+08 -1.4788E-02

0ITERATION NO.:  130    OBJECTIVE VALUE:   596.864455555763        NO. OF FUNC. EVALS.: 189
 CUMULATIVE NO. OF FUNC. EVALS.:     2444
 NPARAMETR:  4.1973E-06  3.5412E-04  1.5573E-06  1.2586E-04  1.2706E-02
 PARAMETER:  1.4814E-01 -2.1826E-02 -1.5022E-01  3.3000E-01 -9.3156E-01
 GRADIENT:   1.3693E+08 -6.1039E+06  2.5722E+06 -1.6517E+08  1.3102E-02

0ITERATION NO.:  140    OBJECTIVE VALUE:   596.863922948348        NO. OF FUNC. EVALS.: 186
 CUMULATIVE NO. OF FUNC. EVALS.:     2630
 NPARAMETR:  4.1989E-06  3.5459E-04  1.5566E-06  1.2583E-04  1.2700E-02
 PARAMETER:  1.4853E-01 -2.0506E-02 -1.5064E-01  3.2980E-01 -9.3177E-01
 GRADIENT:   1.3769E+08 -6.1174E+06  2.5814E+06 -1.6462E+08 -1.4868E-02

0ITERATION NO.:  150    OBJECTIVE VALUE:   596.863311499372        NO. OF FUNC. EVALS.: 189
 CUMULATIVE NO. OF FUNC. EVALS.:     2819
 NPARAMETR:  4.2006E-06  3.5486E-04  1.5568E-06  1.2579E-04  1.2697E-02
 PARAMETER:  1.4894E-01 -1.9727E-02 -1.5053E-01  3.2946E-01 -9.3189E-01
 GRADIENT:   1.3863E+08 -6.1411E+06  2.5657E+06 -1.6388E+08  1.3034E-02

0ITERATION NO.:  160    OBJECTIVE VALUE:   596.862782298096        NO. OF FUNC. EVALS.: 186
 CUMULATIVE NO. OF FUNC. EVALS.:     3005
 NPARAMETR:  4.2023E-06  3.5533E-04  1.5561E-06  1.2577E-04  1.2692E-02
 PARAMETER:  1.4934E-01 -1.8414E-02 -1.5096E-01  3.2926E-01 -9.3210E-01
 GRADIENT:   1.3939E+08 -6.1546E+06  2.5750E+06 -1.6333E+08 -1.4856E-02

0ITERATION NO.:  170    OBJECTIVE VALUE:   596.862175130585        NO. OF FUNC. EVALS.: 189
 CUMULATIVE NO. OF FUNC. EVALS.:     3194
 NPARAMETR:  4.2040E-06  3.5561E-04  1.5563E-06  1.2572E-04  1.2689E-02
 PARAMETER:  1.4975E-01 -1.7639E-02 -1.5085E-01  3.2892E-01 -9.3222E-01
 GRADIENT:   1.4033E+08 -6.1784E+06  2.5595E+06 -1.6258E+08  1.2978E-02

0ITERATION NO.:  180    OBJECTIVE VALUE:   596.861649414846        NO. OF FUNC. EVALS.: 186
 CUMULATIVE NO. OF FUNC. EVALS.:     3380
 NPARAMETR:  4.2057E-06  3.5607E-04  1.5556E-06  1.2570E-04  1.2684E-02
 PARAMETER:  1.5014E-01 -1.6332E-02 -1.5129E-01  3.2871E-01 -9.3243E-01
 GRADIENT:   1.4109E+08 -6.1919E+06  2.5690E+06 -1.6203E+08 -1.4864E-02

0ITERATION NO.:  190    OBJECTIVE VALUE:   596.861046323836        NO. OF FUNC. EVALS.: 189
 CUMULATIVE NO. OF FUNC. EVALS.:     3569
 NPARAMETR:  4.2074E-06  3.5635E-04  1.5558E-06  1.2565E-04  1.2681E-02
 PARAMETER:  1.5054E-01 -1.5560E-02 -1.5119E-01  3.2837E-01 -9.3255E-01
 GRADIENT:   1.4204E+08 -6.2157E+06  2.5538E+06 -1.6129E+08  1.2921E-02

0ITERATION NO.:  200    OBJECTIVE VALUE:   596.860524019200        NO. OF FUNC. EVALS.: 186
 CUMULATIVE NO. OF FUNC. EVALS.:     3755
 NPARAMETR:  4.2090E-06  3.5681E-04  1.5551E-06  1.2563E-04  1.2675E-02
 PARAMETER:  1.5093E-01 -1.4260E-02 -1.5163E-01  3.2815E-01 -9.3276E-01
 GRADIENT:   1.4280E+08 -6.2291E+06  2.5635E+06 -1.6074E+08 -1.4866E-02

0ITERATION NO.:  210    OBJECTIVE VALUE:   596.859925030376        NO. OF FUNC. EVALS.: 189
 CUMULATIVE NO. OF FUNC. EVALS.:     3944
 NPARAMETR:  4.2107E-06  3.5708E-04  1.5552E-06  1.2558E-04  1.2672E-02
 PARAMETER:  1.5134E-01 -1.3492E-02 -1.5153E-01  3.2781E-01 -9.3287E-01
 GRADIENT:   1.4374E+08 -6.2531E+06  2.5486E+06 -1.6001E+08  1.2864E-02

0ITERATION NO.:  220    OBJECTIVE VALUE:   596.859406258426        NO. OF FUNC. EVALS.: 186
 CUMULATIVE NO. OF FUNC. EVALS.:     4130
 NPARAMETR:  4.2123E-06  3.5755E-04  1.5545E-06  1.2556E-04  1.2667E-02
 PARAMETER:  1.5172E-01 -1.2198E-02 -1.5198E-01  3.2759E-01 -9.3309E-01
 GRADIENT:   1.4450E+08 -6.2660E+06  2.5583E+06 -1.5946E+08 -1.4880E-02

0ITERATION NO.:  230    OBJECTIVE VALUE:   596.858811512508        NO. OF FUNC. EVALS.: 189
 CUMULATIVE NO. OF FUNC. EVALS.:     4319
 NPARAMETR:  4.2140E-06  3.5782E-04  1.5547E-06  1.2551E-04  1.2664E-02
 PARAMETER:  1.5213E-01 -1.1435E-02 -1.5189E-01  3.2724E-01 -9.3320E-01
 GRADIENT:   1.4545E+08 -6.2904E+06  2.5437E+06 -1.5872E+08  1.2801E-02

0ITERATION NO.:  240    OBJECTIVE VALUE:   596.858295962784        NO. OF FUNC. EVALS.: 186
 CUMULATIVE NO. OF FUNC. EVALS.:     4505
 NPARAMETR:  4.2156E-06  3.5828E-04  1.5539E-06  1.2549E-04  1.2659E-02
 PARAMETER:  1.5251E-01 -1.0148E-02 -1.5235E-01  3.2702E-01 -9.3341E-01
 GRADIENT:   1.4621E+08 -6.3035E+06  2.5537E+06 -1.5817E+08 -1.4871E-02

0ITERATION NO.:  250    OBJECTIVE VALUE:   596.857705049190        NO. OF FUNC. EVALS.: 189
 CUMULATIVE NO. OF FUNC. EVALS.:     4694
 NPARAMETR:  4.2173E-06  3.5855E-04  1.5541E-06  1.2544E-04  1.2656E-02
 PARAMETER:  1.5291E-01 -9.3872E-03 -1.5226E-01  3.2667E-01 -9.3352E-01
 GRADIENT:   1.4716E+08 -6.3278E+06  2.5393E+06 -1.5744E+08  1.2746E-02

0ITERATION NO.:  260    OBJECTIVE VALUE:   596.857192821673        NO. OF FUNC. EVALS.: 186
 CUMULATIVE NO. OF FUNC. EVALS.:     4880
 NPARAMETR:  4.2189E-06  3.5901E-04  1.5534E-06  1.2541E-04  1.2651E-02
 PARAMETER:  1.5329E-01 -8.1060E-03 -1.5273E-01  3.2644E-01 -9.3373E-01
 GRADIENT:   1.4792E+08 -6.3414E+06  2.5497E+06 -1.5689E+08 -1.4890E-02

0ITERATION NO.:  270    OBJECTIVE VALUE:   596.856605630034        NO. OF FUNC. EVALS.: 187
 CUMULATIVE NO. OF FUNC. EVALS.:     5067
 NPARAMETR:  4.2206E-06  3.5928E-04  1.5535E-06  1.2537E-04  1.2648E-02
 PARAMETER:  1.5369E-01 -7.3494E-03 -1.5264E-01  3.2609E-01 -9.3384E-01
 GRADIENT:   1.4887E+08 -6.3652E+06  2.5353E+06 -1.5616E+08  1.2694E-02

0ITERATION NO.:  280    OBJECTIVE VALUE:   596.856096640139        NO. OF FUNC. EVALS.: 184
 CUMULATIVE NO. OF FUNC. EVALS.:     5251
 NPARAMETR:  4.2222E-06  3.5974E-04  1.5528E-06  1.2534E-04  1.2643E-02
 PARAMETER:  1.5407E-01 -6.0745E-03 -1.5311E-01  3.2586E-01 -9.3405E-01
 GRADIENT:   1.4963E+08 -6.3789E+06  2.5460E+06 -1.5561E+08 -1.4886E-02

0ITERATION NO.:  290    OBJECTIVE VALUE:   596.855513397643        NO. OF FUNC. EVALS.: 185
 CUMULATIVE NO. OF FUNC. EVALS.:     5436
 NPARAMETR:  4.2239E-06  3.6001E-04  1.5529E-06  1.2529E-04  1.2640E-02
 PARAMETER:  1.5446E-01 -5.3216E-03 -1.5304E-01  3.2550E-01 -9.3416E-01
 GRADIENT:   1.5058E+08 -6.4027E+06  2.5317E+06 -1.5488E+08  1.2639E-02

0ITERATION NO.:  300    OBJECTIVE VALUE:   596.855007654014        NO. OF FUNC. EVALS.: 181
 CUMULATIVE NO. OF FUNC. EVALS.:     5617
 NPARAMETR:  4.2255E-06  3.6047E-04  1.5521E-06  1.2527E-04  1.2635E-02
 PARAMETER:  1.5484E-01 -4.0531E-03 -1.5352E-01  3.2526E-01 -9.3437E-01
 GRADIENT:   1.5134E+08 -6.4164E+06  2.5426E+06 -1.5434E+08 -1.4893E-02

0ITERATION NO.:  310    OBJECTIVE VALUE:   596.854428272406        NO. OF FUNC. EVALS.: 182
 CUMULATIVE NO. OF FUNC. EVALS.:     5799
 NPARAMETR:  4.2271E-06  3.6074E-04  1.5522E-06  1.2522E-04  1.2632E-02
 PARAMETER:  1.5523E-01 -3.3038E-03 -1.5345E-01  3.2490E-01 -9.3448E-01
 GRADIENT:   1.5230E+08 -6.4402E+06  2.5286E+06 -1.5361E+08  1.2587E-02

0ITERATION NO.:  320    OBJECTIVE VALUE:   596.853925657217        NO. OF FUNC. EVALS.: 178
 CUMULATIVE NO. OF FUNC. EVALS.:     5977
 NPARAMETR:  4.2287E-06  3.6120E-04  1.5515E-06  1.2519E-04  1.2627E-02
 PARAMETER:  1.5560E-01 -2.0421E-03 -1.5393E-01  3.2466E-01 -9.3468E-01
 GRADIENT:   1.5306E+08 -6.4539E+06  2.5397E+06 -1.5306E+08 -1.4905E-02

0ITERATION NO.:  330    OBJECTIVE VALUE:   596.853350496086        NO. OF FUNC. EVALS.: 179
 CUMULATIVE NO. OF FUNC. EVALS.:     6156
 NPARAMETR:  4.2304E-06  3.6147E-04  1.5516E-06  1.2514E-04  1.2624E-02
 PARAMETER:  1.5599E-01 -1.2967E-03 -1.5386E-01  3.2429E-01 -9.3479E-01
 GRADIENT:   1.5401E+08 -6.4777E+06  2.5258E+06 -1.5234E+08  1.2524E-02

0ITERATION NO.:  340    OBJECTIVE VALUE:   596.852851154832        NO. OF FUNC. EVALS.: 176
 CUMULATIVE NO. OF FUNC. EVALS.:     6332
 NPARAMETR:  4.2319E-06  3.6192E-04  1.5508E-06  1.2511E-04  1.2619E-02
 PARAMETER:  1.5637E-01 -4.1173E-05 -1.5435E-01  3.2405E-01 -9.3500E-01
 GRADIENT:   1.5477E+08 -6.4915E+06  2.5371E+06 -1.5180E+08 -1.4890E-02

0ITERATION NO.:  350    OBJECTIVE VALUE:   596.852333655772        NO. OF FUNC. EVALS.: 176
 CUMULATIVE NO. OF FUNC. EVALS.:     6508
 NPARAMETR:  4.2334E-06  3.6215E-04  1.5509E-06  1.2507E-04  1.2617E-02
 PARAMETER:  1.5671E-01  5.9718E-04 -1.5430E-01  3.2371E-01 -9.3508E-01
 GRADIENT:   1.5563E+08 -6.5121E+06  2.5249E+06 -1.5114E+08  1.1821E-02

0ITERATION NO.:  360    OBJECTIVE VALUE:   596.851823516451        NO. OF FUNC. EVALS.: 176
 CUMULATIVE NO. OF FUNC. EVALS.:     6684
 NPARAMETR:  4.2350E-06  3.6260E-04  1.5502E-06  1.2504E-04  1.2611E-02
 PARAMETER:  1.5709E-01  1.8381E-03 -1.5476E-01  3.2346E-01 -9.3529E-01
 GRADIENT:   1.5641E+08 -6.5275E+06  2.5345E+06 -1.5058E+08 -1.2658E-02

0ITERATION NO.:  370    OBJECTIVE VALUE:   596.851269456385        NO. OF FUNC. EVALS.: 179
 CUMULATIVE NO. OF FUNC. EVALS.:     6863
 NPARAMETR:  4.2366E-06  3.6287E-04  1.5503E-06  1.2499E-04  1.2608E-02
 PARAMETER:  1.5747E-01  2.5870E-03 -1.5472E-01  3.2309E-01 -9.3540E-01
 GRADIENT:   1.5735E+08 -6.5505E+06  2.5217E+06 -1.4987E+08  1.2747E-02

0ITERATION NO.:  380    OBJECTIVE VALUE:   596.850778632586        NO. OF FUNC. EVALS.: 180
 CUMULATIVE NO. OF FUNC. EVALS.:     7043
 NPARAMETR:  4.2382E-06  3.6333E-04  1.5495E-06  1.2496E-04  1.2603E-02
 PARAMETER:  1.5784E-01  3.8343E-03 -1.5523E-01  3.2284E-01 -9.3560E-01
 GRADIENT:   1.5811E+08 -6.5646E+06  2.5338E+06 -1.4933E+08 -1.5355E-02

0ITERATION NO.:  390    OBJECTIVE VALUE:   596.850210779137        NO. OF FUNC. EVALS.: 184
 CUMULATIVE NO. OF FUNC. EVALS.:     7227
 NPARAMETR:  4.2398E-06  3.6359E-04  1.5496E-06  1.2491E-04  1.2601E-02
 PARAMETER:  1.5822E-01  4.5673E-03 -1.5518E-01  3.2246E-01 -9.3571E-01
 GRADIENT:   1.5907E+08 -6.5882E+06  2.5203E+06 -1.4861E+08  1.2310E-02

0ITERATION NO.:  400    OBJECTIVE VALUE:   596.849719986992        NO. OF FUNC. EVALS.: 183
 CUMULATIVE NO. OF FUNC. EVALS.:     7410
 NPARAMETR:  4.2413E-06  3.6404E-04  1.5488E-06  1.2488E-04  1.2596E-02
 PARAMETER:  1.5859E-01  5.8041E-03 -1.5568E-01  3.2221E-01 -9.3591E-01
 GRADIENT:   1.5983E+08 -6.6023E+06  2.5322E+06 -1.4807E+08 -1.4839E-02

0ITERATION NO.:  410    OBJECTIVE VALUE:   596.849159632533        NO. OF FUNC. EVALS.: 188
 CUMULATIVE NO. OF FUNC. EVALS.:     7598
 NPARAMETR:  4.2430E-06  3.6431E-04  1.5488E-06  1.2484E-04  1.2593E-02
 PARAMETER:  1.5897E-01  6.5359E-03 -1.5564E-01  3.2183E-01 -9.3602E-01
 GRADIENT:   1.6079E+08 -6.6259E+06  2.5192E+06 -1.4735E+08  1.2326E-02

0ITERATION NO.:  420    OBJECTIVE VALUE:   596.848672459359        NO. OF FUNC. EVALS.: 186
 CUMULATIVE NO. OF FUNC. EVALS.:     7784
 NPARAMETR:  4.2445E-06  3.6476E-04  1.5480E-06  1.2480E-04  1.2588E-02
 PARAMETER:  1.5933E-01  7.7674E-03 -1.5616E-01  3.2157E-01 -9.3622E-01
 GRADIENT:   1.6155E+08 -6.6398E+06  2.5313E+06 -1.4681E+08 -1.4952E-02

0ITERATION NO.:  430    OBJECTIVE VALUE:   596.848114886537        NO. OF FUNC. EVALS.: 189
 CUMULATIVE NO. OF FUNC. EVALS.:     7973
 NPARAMETR:  4.2461E-06  3.6502E-04  1.5481E-06  1.2476E-04  1.2585E-02
 PARAMETER:  1.5971E-01  8.4952E-03 -1.5612E-01  3.2118E-01 -9.3632E-01
 GRADIENT:   1.6251E+08 -6.6635E+06  2.5184E+06 -1.4610E+08  1.2259E-02

0ITERATION NO.:  440    OBJECTIVE VALUE:   596.847630551599        NO. OF FUNC. EVALS.: 186
 CUMULATIVE NO. OF FUNC. EVALS.:     8159
 NPARAMETR:  4.2476E-06  3.6547E-04  1.5473E-06  1.2472E-04  1.2580E-02
 PARAMETER:  1.6007E-01  9.7205E-03 -1.5664E-01  3.2092E-01 -9.3652E-01
 GRADIENT:   1.6327E+08 -6.6775E+06  2.5308E+06 -1.4556E+08 -1.4940E-02

0ITERATION NO.:  450    OBJECTIVE VALUE:   596.847076618005        NO. OF FUNC. EVALS.: 189
 CUMULATIVE NO. OF FUNC. EVALS.:     8348
 NPARAMETR:  4.2492E-06  3.6574E-04  1.5473E-06  1.2467E-04  1.2578E-02
 PARAMETER:  1.6044E-01  1.0445E-02 -1.5661E-01  3.2053E-01 -9.3663E-01
 GRADIENT:   1.6423E+08 -6.7012E+06  2.5181E+06 -1.4485E+08  1.2209E-02

0ITERATION NO.:  460    OBJECTIVE VALUE:   596.846595253698        NO. OF FUNC. EVALS.: 186
 CUMULATIVE NO. OF FUNC. EVALS.:     8534
 NPARAMETR:  4.2508E-06  3.6618E-04  1.5465E-06  1.2464E-04  1.2573E-02
 PARAMETER:  1.6080E-01  1.1664E-02 -1.5714E-01  3.2026E-01 -9.3683E-01
 GRADIENT:   1.6499E+08 -6.7151E+06  2.5306E+06 -1.4431E+08 -1.4954E-02

0ITERATION NO.:  470    OBJECTIVE VALUE:   596.846044730724        NO. OF FUNC. EVALS.: 189
 CUMULATIVE NO. OF FUNC. EVALS.:     8723
 NPARAMETR:  4.2523E-06  3.6645E-04  1.5466E-06  1.2459E-04  1.2570E-02
 PARAMETER:  1.6118E-01  1.2385E-02 -1.5711E-01  3.1987E-01 -9.3693E-01
 GRADIENT:   1.6595E+08 -6.7389E+06  2.5181E+06 -1.4360E+08  1.2156E-02

0ITERATION NO.:  480    OBJECTIVE VALUE:   596.845566230704        NO. OF FUNC. EVALS.: 186
 CUMULATIVE NO. OF FUNC. EVALS.:     8909
 NPARAMETR:  4.2539E-06  3.6689E-04  1.5457E-06  1.2456E-04  1.2565E-02
 PARAMETER:  1.6153E-01  1.3598E-02 -1.5765E-01  3.1960E-01 -9.3713E-01
 GRADIENT:   1.6671E+08 -6.7528E+06  2.5309E+06 -1.4306E+08 -1.4962E-02

0ITERATION NO.:  490    OBJECTIVE VALUE:   596.845019115151        NO. OF FUNC. EVALS.: 189
 CUMULATIVE NO. OF FUNC. EVALS.:     9098
 NPARAMETR:  4.2554E-06  3.6715E-04  1.5458E-06  1.2451E-04  1.2562E-02
 PARAMETER:  1.6190E-01  1.4315E-02 -1.5763E-01  3.1921E-01 -9.3723E-01
 GRADIENT:   1.6767E+08 -6.7766E+06  2.5186E+06 -1.4236E+08  1.2105E-02

0ITERATION NO.:  500    OBJECTIVE VALUE:   596.844543455033        NO. OF FUNC. EVALS.: 186
 CUMULATIVE NO. OF FUNC. EVALS.:     9284
 NPARAMETR:  4.2569E-06  3.6760E-04  1.5449E-06  1.2447E-04  1.2557E-02
 PARAMETER:  1.6226E-01  1.5523E-02 -1.5817E-01  3.1893E-01 -9.3743E-01
 GRADIENT:   1.6842E+08 -6.7905E+06  2.5315E+06 -1.4182E+08 -1.4972E-02

0ITERATION NO.:  510    OBJECTIVE VALUE:   596.843999689195        NO. OF FUNC. EVALS.: 189
 CUMULATIVE NO. OF FUNC. EVALS.:     9473
 NPARAMETR:  4.2585E-06  3.6786E-04  1.5449E-06  1.2442E-04  1.2555E-02
 PARAMETER:  1.6263E-01  1.6237E-02 -1.5816E-01  3.1853E-01 -9.3753E-01
 GRADIENT:   1.6939E+08 -6.8143E+06  2.5194E+06 -1.4112E+08  1.2054E-02

0ITERATION NO.:  520    OBJECTIVE VALUE:   596.843526846287        NO. OF FUNC. EVALS.: 186
 CUMULATIVE NO. OF FUNC. EVALS.:     9659
 NPARAMETR:  4.2600E-06  3.6830E-04  1.5441E-06  1.2439E-04  1.2550E-02
 PARAMETER:  1.6298E-01  1.7438E-02 -1.5871E-01  3.1825E-01 -9.3773E-01
 GRADIENT:   1.7014E+08 -6.8282E+06  2.5326E+06 -1.4058E+08 -1.5006E-02

0ITERATION NO.:  530    OBJECTIVE VALUE:   596.842986116262        NO. OF FUNC. EVALS.: 189
 CUMULATIVE NO. OF FUNC. EVALS.:     9848
 NPARAMETR:  4.2616E-06  3.6856E-04  1.5441E-06  1.2434E-04  1.2547E-02
 PARAMETER:  1.6334E-01  1.8149E-02 -1.5870E-01  3.1785E-01 -9.3783E-01
 GRADIENT:   1.7111E+08 -6.8520E+06  2.5206E+06 -1.3988E+08  1.2002E-02

0ITERATION NO.:  539    OBJECTIVE VALUE:   596.842515966812        NO. OF FUNC. EVALS.: 174
 CUMULATIVE NO. OF FUNC. EVALS.:    10022
 NPARAMETR:  4.2631E-06  3.6900E-04  1.5433E-06  1.2430E-04  1.2543E-02
 PARAMETER:  1.6369E-01  1.9345E-02 -1.5925E-01  3.1756E-01 -9.3802E-01
 GRADIENT:   1.6984E+11  2.6552E+10  1.1372E+10  1.0745E+11 -1.5001E-02

 #TERM:
0MINIMIZATION TERMINATED
 DUE TO MAX. NO. OF FUNCTION EVALUATIONS EXCEEDED
 NO. OF FUNCTION EVALUATIONS USED:    10022
 NO. OF SIG. DIGITS UNREPORTABLE

 ETABAR IS THE ARITHMETIC MEAN OF THE ETA-ESTIMATES,
 AND THE P-VALUE IS GIVEN FOR THE NULL HYPOTHESIS THAT THE TRUE MEAN IS 0.

 ETABAR:         2.6171E-04  0.0000E+00  0.0000E+00  0.0000E+00
 SE:             1.7935E-02  0.0000E+00  0.0000E+00  0.0000E+00
 N:                      39          39          39          39

 P VAL.:         9.8836E-01  1.0000E+00  1.0000E+00  1.0000E+00

 ETASHRINKSD(%)  1.0000E-10  0.0000E+00  0.0000E+00  0.0000E+00
 ETASHRINKVR(%)  1.0000E-10  0.0000E+00  0.0000E+00  0.0000E+00
 EBVSHRINKSD(%)  2.6368E-10  0.0000E+00  0.0000E+00  0.0000E+00
 EBVSHRINKVR(%)  5.2735E-10  0.0000E+00  0.0000E+00  0.0000E+00
 RELATIVEINF(%)  1.0000E+02  0.0000E+00  0.0000E+00  0.0000E+00
 EPSSHRINKSD(%)  9.9999E+01  1.0000E+02
 EPSSHRINKVR(%)  1.0000E+02  1.0000E+02

  
 TOTAL DATA POINTS NORMALLY DISTRIBUTED (N):           39
 N*LOG(2PI) CONSTANT TO OBJECTIVE FUNCTION:    71.677205589964473     
 OBJECTIVE FUNCTION VALUE WITHOUT CONSTANT:    596.84251596681190     
 OBJECTIVE FUNCTION VALUE WITH CONSTANT:       668.51972155677640     
 REPORTED OBJECTIVE FUNCTION DOES NOT CONTAIN CONSTANT
  
 TOTAL EFFECTIVE ETAS (NIND*NETA):                            39
  
 #TERE:
 Elapsed estimation  time in seconds:     5.02
 Elapsed postprocess time in seconds:     0.00
1
 
 
 
 
 
 
 
 
 
 
 
 
 
 
 
 
 
 
 
 
 ************************************************************************************************************************
 ********************                                                                                ********************
 ********************               FIRST ORDER CONDITIONAL ESTIMATION WITH INTERACTION              ********************
 #OBJT:**************                       MINIMUM VALUE OF OBJECTIVE FUNCTION                      ********************
 ********************                                                                                ********************
 ************************************************************************************************************************
 





 #OBJV:********************************************      596.843       **************************************************
1
 ************************************************************************************************************************
 ********************                                                                                ********************
 ********************               FIRST ORDER CONDITIONAL ESTIMATION WITH INTERACTION              ********************
 ********************                             FINAL PARAMETER ESTIMATE                           ********************
 ********************                                                                                ********************
 ************************************************************************************************************************
 


 THETA - VECTOR OF FIXED EFFECTS PARAMETERS   *********


         TH 1      TH 2      TH 3      TH 4      TH 5      TH 6     
 
         4.26E-06  3.69E-04  1.54E-06  1.24E-04  1.00E-06  1.00E-06
 


 OMEGA - COV MATRIX FOR RANDOM EFFECTS - ETAS  ********


         ETA1      ETA2      ETA3      ETA4     
 
 ETA1
+        1.25E-02
 
 ETA2
+        0.00E+00  0.00E+00
 
 ETA3
+        0.00E+00  0.00E+00  0.00E+00
 
 ETA4
+        0.00E+00  0.00E+00  0.00E+00  0.00E+00
 


 SIGMA - COV MATRIX FOR RANDOM EFFECTS - EPSILONS  ****


         EPS1      EPS2     
 
 EPS1
+        1.00E+00
 
 EPS2
+        0.00E+00  1.00E+00
 
1


 OMEGA - CORR MATRIX FOR RANDOM EFFECTS - ETAS  *******


         ETA1      ETA2      ETA3      ETA4     
 
 ETA1
+        1.12E-01
 
 ETA2
+        0.00E+00  0.00E+00
 
 ETA3
+        0.00E+00  0.00E+00  0.00E+00
 
 ETA4
+        0.00E+00  0.00E+00  0.00E+00  0.00E+00
 


 SIGMA - CORR MATRIX FOR RANDOM EFFECTS - EPSILONS  ***


         EPS1      EPS2     
 
 EPS1
+        1.00E+00
 
 EPS2
+        0.00E+00  1.00E+00
 
 Elapsed finaloutput time in seconds:     0.03
 #CPUT: Total CPU Time in Seconds,        5.438
Stop Time: 
2024-09-19 
오후 05:15
