2024-03-08 
오후 01:42

$PROB Zolpidem PK
;; 1 Depot - 1 Comp
;; ETA (VC, CL) : Dependent

$INPUT ID TIME AMT RATE=DROP DV MDV EVID CMT DVID SEX WT

$DATA ..//PK_Zolpidem_MFDS_COV_1.csv IGNORE=@

$SUBROUTINES ADVAN14 TOL=5

$MODEL
 
 COMP(Depot1, DEFDOSE)
 COMP(Central, DEFOBS)


$PK

 V2     = THETA(1)*EXP(ETA(1))
 CL     = THETA(2)*EXP(ETA(2))
 ALPHA  = THETA(3)*EXP(ETA(3))
 BETA   = THETA(4)*EXP(ETA(4))
 COEF   = THETA(5)*EXP(ETA(5))
 
 ALAG1  = THETA(6)*EXP(ETA(6))


 K      = CL/V2

 S2     = V2/1000

$DES

  WB     = COEF * (1-EXP(-(ALPHA*T)**BETA))
 
 DADT(1) = -WB*A(1)
 DADT(2) = WB*A(1) - K*A(2) 
 
$ERROR
  IPRED   = F
  W       = SQRT(THETA(7)**2 + THETA(8)**2 * IPRED**2)
  IRES    = DV - IPRED
  IWRES   = IRES / W
  Y       = IPRED + W * EPS(1)

$THETA
  (0, 60)          ;1, KA
  (0, 15)        ;2, VC
  (0, 1)          ;3, CL
  (0, 1)          ;3, CL
  (0, 1)        ;4, ALAG1
  (0, 0.3)


   0.000001 FIX   ;5, Additive Residual Variability
  (0, 0.3)       ;6, Proportional Residual Variability
$OMEGA
  1        ;1, KA

$OMEGA BLOCK(2)
  0.02       ;2, VC
  0.01 0.1   ;3, CL
  
$OMEGA
0.01
0 FIX
0 FIX

$SIGMA 1 FIX

$ESTIMATION PRINT=10 MAXEVALS=9999 METHOD=COND INTER SLOW NOABORT 
$COVARIANCE PRINT=E MATRIX=S

$TABLE ID TIME AMT DV MDV EVID CMT DVID SEX WT IWRES IRES IPRED CWRES          NOPRINT ONEHEADER          FILE=sdtab100
$TABLE ID  V2 CL ALPHA BETA COEF ALAG1                                         NOPRINT ONEHEADER NOAPPEND FILE=patab100
$TABLE ID  SEX                                                                 NOPRINT ONEHEADER NOAPPEND FILE=catab100

  
NM-TRAN MESSAGES 
  
 WARNINGS AND ERRORS (IF ANY) FOR PROBLEM    1
             
 (WARNING  2) NM-TRAN INFERS THAT THE DATA ARE POPULATION.
  
Note: Analytical 2nd Derivatives are constructed in FSUBS but are never used.
      You may insert $ABBR DERIV2=NO after the first $PROB to save FSUBS construction and compilation time
  
  
License Registered to: AIMS BioScience Co Ltd
Expiration Date:    14 MAY 2024
Current Date:        8 MAR 2024
Days until program expires :  66
1NONLINEAR MIXED EFFECTS MODEL PROGRAM (NONMEM) VERSION 7.5.1
 ORIGINALLY DEVELOPED BY STUART BEAL, LEWIS SHEINER, AND ALISON BOECKMANN
 CURRENT DEVELOPERS ARE ROBERT BAUER, ICON DEVELOPMENT SOLUTIONS,
 AND ALISON BOECKMANN. IMPLEMENTATION, EFFICIENCY, AND STANDARDIZATION
 PERFORMED BY NOUS INFOSYSTEMS.

 PROBLEM NO.:         1
 Zolpidem PK
0DATA CHECKOUT RUN:              NO
 DATA SET LOCATED ON UNIT NO.:    2
 THIS UNIT TO BE REWOUND:        NO
 NO. OF DATA RECS IN DATA SET:      299
 NO. OF DATA ITEMS IN DATA SET:  10
 ID DATA ITEM IS DATA ITEM NO.:   1
 DEP VARIABLE IS DATA ITEM NO.:   4
 MDV DATA ITEM IS DATA ITEM NO.:  5
0INDICES PASSED TO SUBROUTINE PRED:
   6   2   3   0   0   0   7   0   0   0   0
0LABELS FOR DATA ITEMS:
 ID TIME AMT DV MDV EVID CMT DVID SEX WT
0(NONBLANK) LABELS FOR PRED-DEFINED ITEMS:
 V2 CL ALPHA BETA COEF ALAG1 IPRED IRES IWRES
0FORMAT FOR DATA:
 (E5.0,E12.0,E3.0,E12.0,5E2.0,E5.0)

 TOT. NO. OF OBS RECS:      273
 TOT. NO. OF INDIVIDUALS:       23
0LENGTH OF THETA:   8
0DEFAULT THETA BOUNDARY TEST OMITTED:    NO
0OMEGA HAS BLOCK FORM:
  1
  0  2
  0  2  2
  0  0  0  3
  0  0  0  0  4
  0  0  0  0  0  5
0DEFAULT OMEGA BOUNDARY TEST OMITTED:    NO
0SIGMA HAS SIMPLE DIAGONAL FORM WITH DIMENSION:   1
0DEFAULT SIGMA BOUNDARY TEST OMITTED:    NO
0INITIAL ESTIMATE OF THETA:
 LOWER BOUND    INITIAL EST    UPPER BOUND
  0.0000E+00     0.6000E+02     0.1000E+07
  0.0000E+00     0.1500E+02     0.1000E+07
  0.0000E+00     0.1000E+01     0.1000E+07
  0.0000E+00     0.1000E+01     0.1000E+07
  0.0000E+00     0.1000E+01     0.1000E+07
  0.0000E+00     0.3000E+00     0.1000E+07
  0.1000E-05     0.1000E-05     0.1000E-05
  0.0000E+00     0.3000E+00     0.1000E+07
0INITIAL ESTIMATE OF OMEGA:
 BLOCK SET NO.   BLOCK                                                                    FIXED
        1                                                                                   NO
                  0.1000E+01
        2                                                                                   NO
                  0.2000E-01
                  0.1000E-01   0.1000E+00
        3                                                                                   NO
                  0.1000E-01
        4                                                                                  YES
                  0.0000E+00
        5                                                                                  YES
                  0.0000E+00
0INITIAL ESTIMATE OF SIGMA:
 0.1000E+01
0SIGMA CONSTRAINED TO BE THIS INITIAL ESTIMATE
0COVARIANCE STEP OMITTED:        NO
 R MATRIX SUBSTITUTED:           NO
 S MATRIX SUBSTITUTED:          YES
 EIGENVLS. PRINTED:             YES
 SPECIAL COMPUTATION:            NO
 COMPRESSED FORMAT:              NO
 GRADIENT METHOD USED:       SLOW
 SIGDIGITS ETAHAT (SIGLO):                  -1
 SIGDIGITS GRADIENTS (SIGL):                -1
 EXCLUDE COV FOR FOCE (NOFCOV):              NO
 Cholesky Transposition of R Matrix (CHOLROFF):0
 KNUTHSUMOFF:                                -1
 RESUME COV ANALYSIS (RESUME):               NO
 SIR SAMPLE SIZE (SIRSAMPLE):
 NON-LINEARLY TRANSFORM THETAS DURING COV (THBND): 1
 PRECONDTIONING CYCLES (PRECOND):        0
 PRECONDTIONING TYPES (PRECONDS):        TOS
 FORCED PRECONDTIONING CYCLES (PFCOND):0
 PRECONDTIONING TYPE (PRETYPE):        0
 FORCED POS. DEFINITE SETTING DURING PRECONDITIONING: (FPOSDEF):0
 SIMPLE POS. DEFINITE SETTING: (POSDEF):-1
0TABLES STEP OMITTED:    NO
 NO. OF TABLES:           3
 SEED NUMBER (SEED):    11456
 NPDTYPE:    0
 INTERPTYPE:    0
 RANMETHOD:             3U
 MC SAMPLES (ESAMPLE):    300
 WRES SQUARE ROOT TYPE (WRESCHOL): EIGENVALUE
0-- TABLE   1 --
0RECORDS ONLY:    ALL
04 COLUMNS APPENDED:    YES
 PRINTED:                NO
 HEADER:                YES
 FILE TO BE FORWARDED:   NO
 FORMAT:                S1PE11.4
 IDFORMAT:
 LFORMAT:
 RFORMAT:
 FIXED_EFFECT_ETAS:
0USER-CHOSEN ITEMS:
 ID TIME AMT DV MDV EVID CMT DVID SEX WT IWRES IRES IPRED CWRES
0-- TABLE   2 --
0RECORDS ONLY:    ALL
04 COLUMNS APPENDED:    NO
 PRINTED:                NO
 HEADER:                YES
 FILE TO BE FORWARDED:   NO
 FORMAT:                S1PE11.4
 IDFORMAT:
 LFORMAT:
 RFORMAT:
 FIXED_EFFECT_ETAS:
0USER-CHOSEN ITEMS:
 ID V2 CL ALPHA BETA COEF ALAG1
0-- TABLE   3 --
0RECORDS ONLY:    ALL
04 COLUMNS APPENDED:    NO
 PRINTED:                NO
 HEADER:                YES
 FILE TO BE FORWARDED:   NO
 FORMAT:                S1PE11.4
 IDFORMAT:
 LFORMAT:
 RFORMAT:
 FIXED_EFFECT_ETAS:
0USER-CHOSEN ITEMS:
 ID SEX
1DOUBLE PRECISION PREDPP VERSION 7.5.1

 GENERAL NONLINEAR KINETICS MODEL WITH STIFF/NONSTIFF EQUATIONS (CVODES, ADVAN14)
0MODEL SUBROUTINE USER-SUPPLIED - ID NO. 9999
0MAXIMUM NO. OF BASIC PK PARAMETERS:   4
0COMPARTMENT ATTRIBUTES
 COMPT. NO.   FUNCTION   INITIAL    ON/OFF      DOSE      DEFAULT    DEFAULT
                         STATUS     ALLOWED    ALLOWED    FOR DOSE   FOR OBS.
    1         DEPOT1       ON         YES        YES        YES        NO
    2         CENTRAL      ON         YES        YES        NO         YES
    3         OUTPUT       OFF        YES        NO         NO         NO
 INITIAL (BASE) TOLERANCE SETTINGS:
 NRD (RELATIVE) VALUE(S) OF TOLERANCE:   5
 ANRD (ABSOLUTE) VALUE(S) OF TOLERANCE:  12
1
 ADDITIONAL PK PARAMETERS - ASSIGNMENT OF ROWS IN GG
 COMPT. NO.                             INDICES
              SCALE      BIOAVAIL.   ZERO-ORDER  ZERO-ORDER  ABSORB
                         FRACTION    RATE        DURATION    LAG
    1            *           *           *           *           5
    2            6           *           *           *           *
    3            *           -           -           -           -
             - PARAMETER IS NOT ALLOWED FOR THIS MODEL
             * PARAMETER IS NOT SUPPLIED BY PK SUBROUTINE;
               WILL DEFAULT TO ONE IF APPLICABLE
0DATA ITEM INDICES USED BY PRED ARE:
   EVENT ID DATA ITEM IS DATA ITEM NO.:      6
   TIME DATA ITEM IS DATA ITEM NO.:          2
   DOSE AMOUNT DATA ITEM IS DATA ITEM NO.:   3
   COMPT. NO. DATA ITEM IS DATA ITEM NO.:    7

0PK SUBROUTINE CALLED WITH EVERY EVENT RECORD.
 PK SUBROUTINE NOT CALLED AT NONEVENT (ADDITIONAL OR LAGGED) DOSE TIMES.
0ERROR SUBROUTINE CALLED WITH EVERY EVENT RECORD.
0DES SUBROUTINE USES COMPACT STORAGE MODE.
1


 #TBLN:      1
 #METH: First Order Conditional Estimation with Interaction

 ESTIMATION STEP OMITTED:                 NO
 ANALYSIS TYPE:                           POPULATION
 NUMBER OF SADDLE POINT RESET ITERATIONS:      0
 GRADIENT METHOD USED:               SLOW
 CONDITIONAL ESTIMATES USED:              YES
 CENTERED ETA:                            NO
 EPS-ETA INTERACTION:                     YES
 LAPLACIAN OBJ. FUNC.:                    NO
 NO. OF FUNCT. EVALS. ALLOWED:            9999
 NO. OF SIG. FIGURES REQUIRED:            3
 INTERMEDIATE PRINTOUT:                   YES
 ESTIMATE OUTPUT TO MSF:                  NO
 ABORT WITH PRED EXIT CODE 1:             NO
 IND. OBJ. FUNC. VALUES SORTED:           NO
 NUMERICAL DERIVATIVE
       FILE REQUEST (NUMDER):               NONE
 MAP (ETAHAT) ESTIMATION METHOD (OPTMAP):   0
 ETA HESSIAN EVALUATION METHOD (ETADER):    0
 INITIAL ETA FOR MAP ESTIMATION (MCETA):    0
 SIGDIGITS FOR MAP ESTIMATION (SIGLO):      100
 GRADIENT SIGDIGITS OF
       FIXED EFFECTS PARAMETERS (SIGL):     100
 NOPRIOR SETTING (NOPRIOR):                 0
 NOCOV SETTING (NOCOV):                     OFF
 DERCONT SETTING (DERCONT):                 OFF
 FINAL ETA RE-EVALUATION (FNLETA):          1
 EXCLUDE NON-INFLUENTIAL (NON-INFL.) ETAS
       IN SHRINKAGE (ETASTYPE):             NO
 NON-INFL. ETA CORRECTION (NONINFETA):      0
 RAW OUTPUT FILE (FILE): zpdwb.ext
 EXCLUDE TITLE (NOTITLE):                   NO
 EXCLUDE COLUMN LABELS (NOLABEL):           NO
 FORMAT FOR ADDITIONAL FILES (FORMAT):      S1PE12.5
 PARAMETER ORDER FOR OUTPUTS (ORDER):       TSOL
 KNUTHSUMOFF:                               0
 INCLUDE LNTWOPI:                           NO
 INCLUDE CONSTANT TERM TO PRIOR (PRIORC):   NO
 INCLUDE CONSTANT TERM TO OMEGA (ETA) (OLNTWOPI):NO
 ADDITIONAL CONVERGENCE TEST (CTYPE=4)?:    NO
 EM OR BAYESIAN METHOD USED:                 NONE

 TOLERANCES FOR ESTIMATION/EVALUATION STEP:
 NRD (RELATIVE) VALUE(S) OF TOLERANCE:   5
 ANRD (ABSOLUTE) VALUE(S) OF TOLERANCE:  12
 TOLERANCES FOR COVARIANCE STEP:
 NRD (RELATIVE) VALUE(S) OF TOLERANCE:   5
 ANRD (ABSOLUTE) VALUE(S) OF TOLERANCE:  12
 TOLERANCES FOR TABLE/SCATTER STEP:
 NRD (RELATIVE) VALUE(S) OF TOLERANCE:   5
 ANRD (ABSOLUTE) VALUE(S) OF TOLERANCE:  12

 THE FOLLOWING LABELS ARE EQUIVALENT
 PRED=PREDI
 RES=RESI
 WRES=WRESI
 IWRS=IWRESI
 IPRD=IPREDI
 IRS=IRESI

 MONITORING OF SEARCH:


0ITERATION NO.:    0    OBJECTIVE VALUE:   2110.05781716435        NO. OF FUNC. EVALS.:  13
 CUMULATIVE NO. OF FUNC. EVALS.:       13
 NPARAMETR:  6.0000E+01  1.5000E+01  1.0000E+00  1.0000E+00  1.0000E+00  3.0000E-01  3.0000E-01  1.0000E+00  2.0000E-02  1.0000E-02
             1.0000E-01  1.0000E-02
 PARAMETER:  1.0000E-01  1.0000E-01  1.0000E-01  1.0000E-01  1.0000E-01  1.0000E-01  1.0000E-01  1.0000E-01  1.0000E-01  1.0000E-01
             1.0000E-01  1.0000E-01
 GRADIENT:  -1.1179E+01  5.9772E+02 -4.3611E+02 -9.2416E+01 -7.8692E+02  6.5436E+02 -9.7542E+02  4.3360E+01 -2.7314E+02  6.0481E+02
            -4.8975E+02 -4.6614E+00

0ITERATION NO.:   10    OBJECTIVE VALUE:   1226.56528012486        NO. OF FUNC. EVALS.: 143
 CUMULATIVE NO. OF FUNC. EVALS.:      156
 NPARAMETR:  6.2475E+01  1.5397E+01  6.8037E+00  8.6514E-02  1.1324E+01  9.3380E-02  3.5622E-01  5.0943E-02  5.7267E-02  3.1144E-01
             2.0564E+00  1.3320E-02
 PARAMETER:  1.4042E-01  1.2614E-01  2.0175E+00 -2.3474E+00  2.5269E+00 -1.0671E+00  2.7176E-01 -1.3885E+00  6.2599E-01  1.8405E+00
             7.6979E-01  2.4335E-01
 GRADIENT:   5.7272E+00 -3.2941E+01  1.5828E-01  2.8779E-01  3.0472E+00  1.1175E-01  5.6383E+01  9.9078E+00 -1.6028E+01  4.3967E-01
             2.8308E-03 -7.5330E-03

0ITERATION NO.:   20    OBJECTIVE VALUE:   1217.70797706529        NO. OF FUNC. EVALS.: 148
 CUMULATIVE NO. OF FUNC. EVALS.:      304
 NPARAMETR:  6.0954E+01  1.5897E+01  6.0186E+00  5.5406E-01  6.3796E+00  3.9457E-02  3.1518E-01  4.1304E-02  8.2401E-02  4.2900E-01
             2.3539E+00  1.5285E-02
 PARAMETER:  1.1577E-01  1.5805E-01  1.8949E+00 -4.9048E-01  1.9531E+00 -1.9286E+00  1.4936E-01 -1.4934E+00  8.0793E-01  2.1135E+00
             2.1840E-01  3.1215E-01
 GRADIENT:   2.3732E-01  8.5531E+00 -2.7997E+00  6.1763E-01 -6.7606E+00 -3.2841E-01 -2.4637E+01  6.3769E-01 -2.4514E+00  2.3454E+00
            -1.5212E-01  8.8957E-01

0ITERATION NO.:   30    OBJECTIVE VALUE:   1216.71119479089        NO. OF FUNC. EVALS.: 237
 CUMULATIVE NO. OF FUNC. EVALS.:      541
 NPARAMETR:  6.1036E+01  1.5916E+01  3.3075E+00  5.1059E-01  9.8323E+00  4.0459E-02  3.2536E-01  3.5239E-02  7.5638E-02  4.2528E-01
             2.5054E+00  1.4009E-02
 PARAMETER:  1.1712E-01  1.5931E-01  1.2962E+00 -5.7218E-01  2.3857E+00 -1.9035E+00  1.8116E-01 -1.5728E+00  7.6511E-01  2.1869E+00
             1.9200E-01  2.6856E-01
 GRADIENT:   1.3765E+00  3.8391E+00 -3.0623E-01 -1.6314E+00 -1.0736E+00 -1.2735E-02 -2.7327E+00 -7.8465E-01 -2.5030E-01  5.7559E-01
            -1.4429E-01  4.7305E-02

0ITERATION NO.:   40    OBJECTIVE VALUE:   1216.54881605152        NO. OF FUNC. EVALS.: 264
 CUMULATIVE NO. OF FUNC. EVALS.:      805
 NPARAMETR:  6.0937E+01  1.5879E+01  1.9073E+00  5.5060E-01  1.3379E+01  4.1954E-02  3.2711E-01  3.4567E-02  7.1579E-02  4.0404E-01
             2.4071E+00  1.3059E-02
 PARAMETER:  1.1550E-01  1.5693E-01  7.4566E-01 -4.9675E-01  2.6937E+00 -1.8672E+00  1.8652E-01 -1.5824E+00  7.3753E-01  2.1358E+00
             2.4260E-01  2.3345E-01
 GRADIENT:   1.4200E+00  1.5862E+00  5.8006E-01 -3.4000E-01 -5.2130E-01  2.6340E-01 -1.2483E+00  1.7515E-01 -1.7345E+00  7.7525E-01
             5.4600E-01  2.4134E-01

0ITERATION NO.:   50    OBJECTIVE VALUE:   1216.50848672290        NO. OF FUNC. EVALS.: 197
 CUMULATIVE NO. OF FUNC. EVALS.:     1002
 NPARAMETR:  6.0879E+01  1.5850E+01  1.8924E+00  5.5301E-01  1.3582E+01  4.1203E-02  3.2712E-01  3.4539E-02  7.3030E-02  3.9891E-01
             2.3036E+00  1.2973E-02
 PARAMETER:  1.1454E-01  1.5514E-01  7.3783E-01 -4.9237E-01  2.7087E+00 -1.8853E+00  1.8656E-01 -1.5828E+00  7.4757E-01  2.0876E+00
             2.3563E-01  2.3013E-01
 GRADIENT:  -1.1693E+00 -1.2007E+00  3.1342E-01 -2.2841E+00  1.1113E-01 -6.3150E-02  3.9028E+00 -3.7685E-01  5.1119E-01 -2.7254E-02
             6.3234E-01  2.0662E-01

0ITERATION NO.:   60    OBJECTIVE VALUE:   1216.40868447024        NO. OF FUNC. EVALS.: 267
 CUMULATIVE NO. OF FUNC. EVALS.:     1269
 NPARAMETR:  6.1345E+01  1.5759E+01  1.8855E+00  5.8309E-01  1.1467E+01  3.7837E-02  3.2564E-01  3.7798E-02  7.0361E-02  3.2629E-01
             1.6244E+00  1.2369E-02
 PARAMETER:  1.2217E-01  1.4935E-01  7.3421E-01 -4.3941E-01  2.5395E+00 -1.9705E+00  1.8202E-01 -1.5377E+00  7.2895E-01  1.7396E+00
             1.7886E-01  2.0630E-01
 GRADIENT:   6.0710E+00 -3.8191E+00 -6.2811E-01 -2.9754E+00 -1.0102E+00 -1.9265E-01  1.8865E+00  1.1201E+00 -3.1737E+00  7.0052E-01
            -3.1787E-02 -2.4834E+00

0ITERATION NO.:   70    OBJECTIVE VALUE:   1216.20593543547        NO. OF FUNC. EVALS.: 267
 CUMULATIVE NO. OF FUNC. EVALS.:     1536
 NPARAMETR:  6.1314E+01  1.5859E+01  1.8141E+00  6.1825E-01  1.1549E+01  3.2177E-02  3.2477E-01  3.5285E-02  7.2849E-02  2.9144E-01
             1.2669E+00  1.2337E-02
 PARAMETER:  1.2166E-01  1.5568E-01  6.9557E-01 -3.8087E-01  2.5466E+00 -2.1325E+00  1.7933E-01 -1.5721E+00  7.4633E-01  1.5270E+00
             1.3068E-01  2.0501E-01
 GRADIENT:   3.2892E+00 -4.8066E+00  7.7141E-01 -1.5731E+00  3.1800E-01  2.3747E-01  6.6485E-01 -3.4965E-01  1.2290E-01 -4.2775E-01
             1.0845E+00  1.7015E-01

0ITERATION NO.:   80    OBJECTIVE VALUE:   1216.14538917851        NO. OF FUNC. EVALS.: 223
 CUMULATIVE NO. OF FUNC. EVALS.:     1759
 NPARAMETR:  6.1240E+01  1.5846E+01  1.7990E+00  6.3939E-01  1.1702E+01  3.1447E-02  3.2447E-01  3.3621E-02  6.9988E-02  2.7818E-01
             1.1987E+00  1.2075E-02
 PARAMETER:  1.2046E-01  1.5489E-01  6.8723E-01 -3.4724E-01  2.5598E+00 -2.1555E+00  1.7840E-01 -1.5963E+00  7.2630E-01  1.4871E+00
             8.9205E-02  1.9428E-01
 GRADIENT:   5.4300E+00 -1.1101E+00  3.6779E-01 -1.6812E+00 -2.7092E-01 -7.3988E-02 -3.3399E+00 -9.5566E-01 -1.6093E+00 -5.1061E-01
             1.5940E-01  4.5302E-02

0ITERATION NO.:   90    OBJECTIVE VALUE:   1216.06927023504        NO. OF FUNC. EVALS.: 266
 CUMULATIVE NO. OF FUNC. EVALS.:     2025
 NPARAMETR:  6.1190E+01  1.5891E+01  1.7804E+00  6.4921E-01  1.1638E+01  3.0734E-02  3.2482E-01  3.6306E-02  7.4338E-02  2.9326E-01
             1.2505E+00  1.1945E-02
 PARAMETER:  1.1964E-01  1.5769E-01  6.7681E-01 -3.3200E-01  2.5543E+00 -2.1784E+00  1.7950E-01 -1.5579E+00  7.5644E-01  1.5211E+00
             9.2404E-02  1.8885E-01
 GRADIENT:  -1.6399E-01 -2.1375E+00  7.1932E-01 -3.6803E+00 -2.5120E-01  3.0379E-02 -1.6806E+00  1.5392E-01  6.1317E-01 -1.1601E-01
            -1.5576E+00  1.8433E-01

0ITERATION NO.:   98    OBJECTIVE VALUE:   1216.04318444198        NO. OF FUNC. EVALS.: 192
 CUMULATIVE NO. OF FUNC. EVALS.:     2217
 NPARAMETR:  6.1201E+01  1.5902E+01  1.7803E+00  6.5391E-01  1.1993E+01  3.0587E-02  3.2484E-01  3.4425E-02  7.2649E-02  2.8907E-01
             1.2443E+00  1.1533E-02
 PARAMETER:  1.1982E-01  1.5835E-01  6.7680E-01 -3.2489E-01  2.5828E+00 -2.1830E+00  1.7945E-01 -1.5853E+00  7.4498E-01  1.5168E+00
             9.4869E-02  1.7115E-01
 GRADIENT:   5.4023E-02 -5.9189E+00 -2.5894E-02 -2.7643E+00 -3.4128E-01  5.4497E-02 -1.0286E+00 -3.9078E-01  9.2644E-02  6.3609E-02
            -4.7803E-01 -2.7415E-01
 NUMSIGDIG:         5.2         3.5         5.3         3.5         3.2         4.2         3.3         3.3         4.4         4.6
                    2.9         3.0

 #TERM:
0MINIMIZATION TERMINATED
 DUE TO ROUNDING ERRORS (ERROR=134)
 NO. OF FUNCTION EVALUATIONS USED:     2217
 NO. OF SIG. DIGITS IN FINAL EST.:  3.0

 ETABAR IS THE ARITHMETIC MEAN OF THE ETA-ESTIMATES,
 AND THE P-VALUE IS GIVEN FOR THE NULL HYPOTHESIS THAT THE TRUE MEAN IS 0.

 ETABAR:        -7.6687E-03  2.3303E-03  5.6776E-03  2.0348E-03  0.0000E+00  0.0000E+00
 SE:             3.2243E-02  5.3725E-02  2.1571E-01  1.6703E-03  0.0000E+00  0.0000E+00
 N:                      23          23          23          23          23          23

 P VAL.:         8.1200E-01  9.6540E-01  9.7900E-01  2.2315E-01  1.0000E+00  1.0000E+00

 ETASHRINKSD(%)  1.6590E+01  4.4102E+00  7.2611E+00  9.2539E+01  0.0000E+00  0.0000E+00
 ETASHRINKVR(%)  3.0427E+01  8.6260E+00  1.3995E+01  9.9443E+01  0.0000E+00  0.0000E+00
 EBVSHRINKSD(%)  1.7244E+01  4.2547E+00  7.3922E+00  9.1417E+01  0.0000E+00  0.0000E+00
 EBVSHRINKVR(%)  3.1515E+01  8.3284E+00  1.4238E+01  9.9263E+01  0.0000E+00  0.0000E+00
 RELATIVEINF(%)  6.7617E+01  1.0854E+01  1.7878E-01  7.6415E-02  0.0000E+00  0.0000E+00
 EPSSHRINKSD(%)  1.0239E+01
 EPSSHRINKVR(%)  1.9430E+01

  
 TOTAL DATA POINTS NORMALLY DISTRIBUTED (N):          273
 N*LOG(2PI) CONSTANT TO OBJECTIVE FUNCTION:    501.74043912975128     
 OBJECTIVE FUNCTION VALUE WITHOUT CONSTANT:    1216.0431844419766     
 OBJECTIVE FUNCTION VALUE WITH CONSTANT:       1717.7836235717277     
 REPORTED OBJECTIVE FUNCTION DOES NOT CONTAIN CONSTANT
  
 TOTAL EFFECTIVE ETAS (NIND*NETA):                            92
  
 #TERE:
 Elapsed estimation  time in seconds:  1690.62
 Elapsed postprocess time in seconds:     0.81
1
 
 
 
 
 
 
 
 
 
 
 
 
 
 
 
 
 
 
 
 
 ************************************************************************************************************************
 ********************                                                                                ********************
 ********************               FIRST ORDER CONDITIONAL ESTIMATION WITH INTERACTION              ********************
 #OBJT:**************                       MINIMUM VALUE OF OBJECTIVE FUNCTION                      ********************
 ********************                                                                                ********************
 ************************************************************************************************************************
 





 #OBJV:********************************************     1216.043       **************************************************
1
 ************************************************************************************************************************
 ********************                                                                                ********************
 ********************               FIRST ORDER CONDITIONAL ESTIMATION WITH INTERACTION              ********************
 ********************                             FINAL PARAMETER ESTIMATE                           ********************
 ********************                                                                                ********************
 ************************************************************************************************************************
 


 THETA - VECTOR OF FIXED EFFECTS PARAMETERS   *********


         TH 1      TH 2      TH 3      TH 4      TH 5      TH 6      TH 7      TH 8     
 
         6.12E+01  1.59E+01  1.78E+00  6.54E-01  1.20E+01  3.06E-02  1.00E-06  3.25E-01
 


 OMEGA - COV MATRIX FOR RANDOM EFFECTS - ETAS  ********


         ETA1      ETA2      ETA3      ETA4      ETA5      ETA6     
 
 ETA1
+        3.44E-02
 
 ETA2
+        0.00E+00  7.27E-02
 
 ETA3
+        0.00E+00  2.89E-01  1.24E+00
 
 ETA4
+        0.00E+00  0.00E+00  0.00E+00  1.15E-02
 
 ETA5
+        0.00E+00  0.00E+00  0.00E+00  0.00E+00  0.00E+00
 
 ETA6
+        0.00E+00  0.00E+00  0.00E+00  0.00E+00  0.00E+00  0.00E+00
 


 SIGMA - COV MATRIX FOR RANDOM EFFECTS - EPSILONS  ****


         EPS1     
 
 EPS1
+        1.00E+00
 
1


 OMEGA - CORR MATRIX FOR RANDOM EFFECTS - ETAS  *******


         ETA1      ETA2      ETA3      ETA4      ETA5      ETA6     
 
 ETA1
+        1.85E-01
 
 ETA2
+        0.00E+00  2.70E-01
 
 ETA3
+        0.00E+00  9.61E-01  1.12E+00
 
 ETA4
+        0.00E+00  0.00E+00  0.00E+00  1.07E-01
 
 ETA5
+        0.00E+00  0.00E+00  0.00E+00  0.00E+00  0.00E+00
 
 ETA6
+        0.00E+00  0.00E+00  0.00E+00  0.00E+00  0.00E+00  0.00E+00
 


 SIGMA - CORR MATRIX FOR RANDOM EFFECTS - EPSILONS  ***


         EPS1     
 
 EPS1
+        1.00E+00
 
 Elapsed finaloutput time in seconds:     0.09
 #CPUT: Total CPU Time in Seconds,      234.828
Stop Time: 
2024-03-08 
오후 02:10
